Reading OpenROAD database at '/home/erwann/design_workspace/sky130A/HelloWorld/digital/comp32/runs/RUN_2024-05-09_16-54-40/39-openroad-repairantennas/1-diodeinsertion/comp32.odb'…
Reading library file at '/home/erwann/.volare/volare/sky130/versions/bdc9412b3e468c102d01b7cf6337be06ec6e9c9a/sky130A/libs.ref/sky130_fd_sc_hd/lib/sky130_fd_sc_hd__tt_025C_1v80.lib'…
Reading design constraints file at '/nix/store/hwxq78ix5dm1zxacgmyfrlkgn2vq15hz-python3-3.11.6-env/lib/python3.11/site-packages/openlane/scripts/base.sdc'…
[INFO] Using clock clk…
[INFO] Setting output delay to: 5
[INFO] Setting input delay to: 5
[INFO] Setting load to: 0.033442
[INFO] Setting clock uncertainty to: 0.25
[INFO] Setting clock transition to: 0.1499999999999999944488848768742172978818416595458984375
[INFO] Setting timing derate to: 5%
[INFO ORD-0030] Using 8 thread(s).
[INFO DRT-0149] Reading tech and libs.
[WARNING DRT-0349] LEF58_ENCLOSURE with no CUTCLASS is not supported. Skipping for layer mcon
[WARNING DRT-0349] LEF58_ENCLOSURE with no CUTCLASS is not supported. Skipping for layer mcon
[WARNING DRT-0349] LEF58_ENCLOSURE with no CUTCLASS is not supported. Skipping for layer via
[WARNING DRT-0349] LEF58_ENCLOSURE with no CUTCLASS is not supported. Skipping for layer via
[WARNING DRT-0349] LEF58_ENCLOSURE with no CUTCLASS is not supported. Skipping for layer via2
[WARNING DRT-0349] LEF58_ENCLOSURE with no CUTCLASS is not supported. Skipping for layer via2
[WARNING DRT-0349] LEF58_ENCLOSURE with no CUTCLASS is not supported. Skipping for layer via3
[WARNING DRT-0349] LEF58_ENCLOSURE with no CUTCLASS is not supported. Skipping for layer via3
[WARNING DRT-0349] LEF58_ENCLOSURE with no CUTCLASS is not supported. Skipping for layer via4
[WARNING DRT-0349] LEF58_ENCLOSURE with no CUTCLASS is not supported. Skipping for layer via4

Units:                1000
Number of layers:     13
Number of macros:     441
Number of vias:       28
Number of viarulegen: 25

[INFO DRT-0150] Reading design.

Design:                   comp32
Die area:                 ( 0 0 ) ( 54765 65485 )
Number of track patterns: 12
Number of DEF vias:       0
Number of components:     239
Number of terminals:      68
Number of snets:          2
Number of nets:           245

[INFO DRT-0167] List of default vias:
  Layer via
    default via: M1M2_PR
  Layer via2
    default via: M2M3_PR
  Layer via3
    default via: M3M4_PR
  Layer via4
    default via: M4M5_PR
[INFO DRT-0162] Library cell analysis.
[INFO DRT-0163] Instance analysis.
[INFO DRT-0164] Number of unique instances = 81.
[INFO DRT-0168] Init region query.
[INFO DRT-0024]   Complete FR_MASTERSLICE.
[INFO DRT-0024]   Complete licon.
[INFO DRT-0024]   Complete li1.
[INFO DRT-0024]   Complete mcon.
[INFO DRT-0024]   Complete met1.
[INFO DRT-0024]   Complete via.
[INFO DRT-0024]   Complete met2.
[INFO DRT-0024]   Complete via2.
[INFO DRT-0024]   Complete met3.
[INFO DRT-0024]   Complete via3.
[INFO DRT-0024]   Complete met4.
[INFO DRT-0024]   Complete via4.
[INFO DRT-0024]   Complete met5.
[INFO DRT-0033] FR_MASTERSLICE shape region query size = 0.
[INFO DRT-0033] licon shape region query size = 0.
[INFO DRT-0033] li1 shape region query size = 3895.
[INFO DRT-0033] mcon shape region query size = 0.
[INFO DRT-0033] met1 shape region query size = 520.
[INFO DRT-0033] via shape region query size = 85.
[INFO DRT-0033] met2 shape region query size = 81.
[INFO DRT-0033] via2 shape region query size = 68.
[INFO DRT-0033] met3 shape region query size = 87.
[INFO DRT-0033] via3 shape region query size = 68.
[INFO DRT-0033] met4 shape region query size = 21.
[INFO DRT-0033] via4 shape region query size = 0.
[INFO DRT-0033] met5 shape region query size = 0.
[INFO DRT-0165] Start pin access.
[INFO DRT-0078]   Complete 289 pins.
[INFO DRT-0081]   Complete 75 unique inst patterns.
[INFO DRT-0084]   Complete 84 groups.
#scanned instances     = 239
#unique  instances     = 81
#stdCellGenAp          = 2071
#stdCellValidPlanarAp  = 0
#stdCellValidViaAp     = 1724
#stdCellPinNoAp        = 0
#stdCellPinCnt         = 545
#instTermValidViaApCnt = 0
#macroGenAp            = 0
#macroValidPlanarAp    = 0
#macroValidViaAp       = 0
#macroNoAp             = 0
[INFO DRT-0166] Complete pin access.
[INFO DRT-0267] cpu time = 00:00:12, elapsed time = 00:00:01, memory = 117.54 (MB), peak = 117.54 (MB)

Number of guides:     1178

[INFO DRT-0169] Post process guides.
[INFO DRT-0176] GCELLGRID X 0 DO 7 STEP 6900 ;
[INFO DRT-0177] GCELLGRID Y 0 DO 9 STEP 6900 ;
[INFO DRT-0028]   Complete FR_MASTERSLICE.
[INFO DRT-0028]   Complete licon.
[INFO DRT-0028]   Complete li1.
[INFO DRT-0028]   Complete mcon.
[INFO DRT-0028]   Complete met1.
[INFO DRT-0028]   Complete via.
[INFO DRT-0028]   Complete met2.
[INFO DRT-0028]   Complete via2.
[INFO DRT-0028]   Complete met3.
[INFO DRT-0028]   Complete via3.
[INFO DRT-0028]   Complete met4.
[INFO DRT-0028]   Complete via4.
[INFO DRT-0028]   Complete met5.
[INFO DRT-0178] Init guide query.
[INFO DRT-0035]   Complete FR_MASTERSLICE (guide).
[INFO DRT-0035]   Complete licon (guide).
[INFO DRT-0035]   Complete li1 (guide).
[INFO DRT-0035]   Complete mcon (guide).
[INFO DRT-0035]   Complete met1 (guide).
[INFO DRT-0035]   Complete via (guide).
[INFO DRT-0035]   Complete met2 (guide).
[INFO DRT-0035]   Complete via2 (guide).
[INFO DRT-0035]   Complete met3 (guide).
[INFO DRT-0035]   Complete via3 (guide).
[INFO DRT-0035]   Complete met4 (guide).
[INFO DRT-0035]   Complete via4 (guide).
[INFO DRT-0035]   Complete met5 (guide).
[INFO DRT-0036] FR_MASTERSLICE guide region query size = 0.
[INFO DRT-0036] licon guide region query size = 0.
[INFO DRT-0036] li1 guide region query size = 408.
[INFO DRT-0036] mcon guide region query size = 0.
[INFO DRT-0036] met1 guide region query size = 304.
[INFO DRT-0036] via guide region query size = 0.
[INFO DRT-0036] met2 guide region query size = 174.
[INFO DRT-0036] via2 guide region query size = 0.
[INFO DRT-0036] met3 guide region query size = 44.
[INFO DRT-0036] via3 guide region query size = 0.
[INFO DRT-0036] met4 guide region query size = 3.
[INFO DRT-0036] via4 guide region query size = 0.
[INFO DRT-0036] met5 guide region query size = 0.
[INFO DRT-0179] Init gr pin query.
[INFO DRT-0245] skipped writing guide updates to database.
[INFO DRT-0185] Post process initialize RPin region query.
[INFO DRT-0181] Start track assignment.
[INFO DRT-0184] Done with 585 vertical wires in 1 frboxes and 348 horizontal wires in 1 frboxes.
[INFO DRT-0186] Done with 39 vertical wires in 1 frboxes and 70 horizontal wires in 1 frboxes.
[INFO DRT-0182] Complete track assignment.
[INFO DRT-0267] cpu time = 00:00:00, elapsed time = 00:00:00, memory = 119.21 (MB), peak = 119.21 (MB)
[INFO DRT-0187] Start routing data preparation.
[INFO DRT-0267] cpu time = 00:00:00, elapsed time = 00:00:00, memory = 119.21 (MB), peak = 119.21 (MB)
[INFO DRT-0194] Start detail routing.
[INFO DRT-0195] Start 0th optimization iteration.
    Completing 10% with 0 violations.
    elapsed time = 00:00:00, memory = 129.71 (MB).
    Completing 20% with 14 violations.
    elapsed time = 00:00:00, memory = 131.31 (MB).
[INFO DRT-0199]   Number of violations = 19.
Viol/Layer        met1   met2   met3
Metal Spacing        3      3      5
Short                7      1      0
[INFO DRT-0267] cpu time = 00:00:05, elapsed time = 00:00:01, memory = 482.37 (MB), peak = 482.37 (MB)
Total wire length = 2412 um.
Total wire length on LAYER li1 = 0 um.
Total wire length on LAYER met1 = 924 um.
Total wire length on LAYER met2 = 1148 um.
Total wire length on LAYER met3 = 308 um.
Total wire length on LAYER met4 = 31 um.
Total wire length on LAYER met5 = 0 um.
Total number of vias = 1040.
Up-via summary (total 1040):.

-----------------------
 FR_MASTERSLICE       0
            li1     545
           met1     445
           met2      44
           met3       6
           met4       0
-----------------------
                   1040


[INFO DRT-0195] Start 1st optimization iteration.
    Completing 10% with 19 violations.
    elapsed time = 00:00:00, memory = 493.38 (MB).
    Completing 20% with 20 violations.
    elapsed time = 00:00:00, memory = 493.38 (MB).
    Completing 30% with 18 violations.
    elapsed time = 00:00:00, memory = 493.38 (MB).
    Completing 40% with 17 violations.
    elapsed time = 00:00:00, memory = 493.38 (MB).
[INFO DRT-0199]   Number of violations = 16.
Viol/Layer        met1   met2
Metal Spacing        0      1
Short               13      2
[INFO DRT-0267] cpu time = 00:00:07, elapsed time = 00:00:01, memory = 438.53 (MB), peak = 493.38 (MB)
Total wire length = 2388 um.
Total wire length on LAYER li1 = 0 um.
Total wire length on LAYER met1 = 924 um.
Total wire length on LAYER met2 = 1148 um.
Total wire length on LAYER met3 = 299 um.
Total wire length on LAYER met4 = 16 um.
Total wire length on LAYER met5 = 0 um.
Total number of vias = 1035.
Up-via summary (total 1035):.

-----------------------
 FR_MASTERSLICE       0
            li1     545
           met1     446
           met2      42
           met3       2
           met4       0
-----------------------
                   1035


[INFO DRT-0195] Start 2nd optimization iteration.
    Completing 10% with 16 violations.
    elapsed time = 00:00:00, memory = 438.53 (MB).
    Completing 20% with 16 violations.
    elapsed time = 00:00:00, memory = 438.53 (MB).
    Completing 30% with 12 violations.
    elapsed time = 00:00:00, memory = 438.53 (MB).
    Completing 40% with 12 violations.
    elapsed time = 00:00:00, memory = 464.17 (MB).
[INFO DRT-0199]   Number of violations = 1.
Viol/Layer        met1
Metal Spacing        1
[INFO DRT-0267] cpu time = 00:00:05, elapsed time = 00:00:01, memory = 518.88 (MB), peak = 518.88 (MB)
Total wire length = 2364 um.
Total wire length on LAYER li1 = 0 um.
Total wire length on LAYER met1 = 915 um.
Total wire length on LAYER met2 = 1126 um.
Total wire length on LAYER met3 = 291 um.
Total wire length on LAYER met4 = 30 um.
Total wire length on LAYER met5 = 0 um.
Total number of vias = 1038.
Up-via summary (total 1038):.

-----------------------
 FR_MASTERSLICE       0
            li1     545
           met1     447
           met2      42
           met3       4
           met4       0
-----------------------
                   1038


[INFO DRT-0195] Start 3rd optimization iteration.
    Completing 10% with 1 violations.
    elapsed time = 00:00:00, memory = 529.74 (MB).
    Completing 20% with 0 violations.
    elapsed time = 00:00:00, memory = 529.74 (MB).
[INFO DRT-0199]   Number of violations = 0.
[INFO DRT-0267] cpu time = 00:00:03, elapsed time = 00:00:00, memory = 529.74 (MB), peak = 546.03 (MB)
Total wire length = 2364 um.
Total wire length on LAYER li1 = 0 um.
Total wire length on LAYER met1 = 915 um.
Total wire length on LAYER met2 = 1127 um.
Total wire length on LAYER met3 = 291 um.
Total wire length on LAYER met4 = 30 um.
Total wire length on LAYER met5 = 0 um.
Total number of vias = 1038.
Up-via summary (total 1038):.

-----------------------
 FR_MASTERSLICE       0
            li1     545
           met1     447
           met2      42
           met3       4
           met4       0
-----------------------
                   1038


[INFO DRT-0198] Complete detail routing.
Total wire length = 2364 um.
Total wire length on LAYER li1 = 0 um.
Total wire length on LAYER met1 = 915 um.
Total wire length on LAYER met2 = 1127 um.
Total wire length on LAYER met3 = 291 um.
Total wire length on LAYER met4 = 30 um.
Total wire length on LAYER met5 = 0 um.
Total number of vias = 1038.
Up-via summary (total 1038):.

-----------------------
 FR_MASTERSLICE       0
            li1     545
           met1     447
           met2      42
           met3       4
           met4       0
-----------------------
                   1038


[INFO DRT-0267] cpu time = 00:00:21, elapsed time = 00:00:04, memory = 529.74 (MB), peak = 546.03 (MB)

[INFO DRT-0180] Post processing.
Setting global connections for newly added cells…
[INFO] Setting global connections...
Writing OpenROAD database to '/home/erwann/design_workspace/sky130A/HelloWorld/digital/comp32/runs/RUN_2024-05-09_16-54-40/41-openroad-detailedrouting/comp32.odb'…
Writing netlist to '/home/erwann/design_workspace/sky130A/HelloWorld/digital/comp32/runs/RUN_2024-05-09_16-54-40/41-openroad-detailedrouting/comp32.nl.v'…
Writing powered netlist to '/home/erwann/design_workspace/sky130A/HelloWorld/digital/comp32/runs/RUN_2024-05-09_16-54-40/41-openroad-detailedrouting/comp32.pnl.v'…
Writing layout to '/home/erwann/design_workspace/sky130A/HelloWorld/digital/comp32/runs/RUN_2024-05-09_16-54-40/41-openroad-detailedrouting/comp32.def'…
Writing timing constraints to '/home/erwann/design_workspace/sky130A/HelloWorld/digital/comp32/runs/RUN_2024-05-09_16-54-40/41-openroad-detailedrouting/comp32.sdc'…
