
===========================================================================
report_checks -path_delay min (Hold)
============================================================================
======================= nom_tt_025C_1v80 Corner ===================================

Startpoint: b[16] (input port clocked by clk)
Endpoint: _228_ (rising edge-triggered flip-flop clocked by clk)
Path Group: clk
Path Type: min

Fanout         Cap        Slew       Delay        Time   Description
---------------------------------------------------------------------------------------------
                                  0.000000    0.000000   clock clk (rise edge)
                                  0.000000    0.000000   clock network delay (propagated)
                                  5.000000    5.000000 v input external delay
     1    0.002868    0.008788    0.004535    5.004535 v b[16] (in)
                                                         b[16] (net)
                      0.008788    0.000000    5.004535 v input40/A (sky130_fd_sc_hd__clkbuf_1)
     1    0.004763    0.036624    0.081637    5.086172 v input40/X (sky130_fd_sc_hd__clkbuf_1)
                                                         net40 (net)
                      0.036624    0.000025    5.086197 v _125_/A (sky130_fd_sc_hd__inv_2)
     2    0.005896    0.033942    0.046877    5.133075 ^ _125_/Y (sky130_fd_sc_hd__inv_2)
                                                         _091_ (net)
                      0.033942    0.000095    5.133170 ^ _171_/A (sky130_fd_sc_hd__and2_1)
     1    0.001956    0.040180    0.099494    5.232664 ^ _171_/X (sky130_fd_sc_hd__and2_1)
                                                         _024_ (net)
                      0.040180    0.000007    5.232671 ^ _172_/C (sky130_fd_sc_hd__or4b_1)
     1    0.002964    0.039338    0.094302    5.326973 ^ _172_/X (sky130_fd_sc_hd__or4b_1)
                                                         _025_ (net)
                      0.039338    0.000014    5.326987 ^ _227_/A2 (sky130_fd_sc_hd__o31a_1)
     1    0.002056    0.039482    0.113224    5.440211 ^ _227_/X (sky130_fd_sc_hd__o31a_1)
                                                         _000_ (net)
                      0.039482    0.000008    5.440219 ^ _228_/D (sky130_fd_sc_hd__dfxtp_1)
                                              5.440219   data arrival time

                                  0.000000    0.000000   clock clk (rise edge)
                                  0.000000    0.000000   clock source latency
     1    0.001877    0.016287    0.007062    0.007062 ^ clk (in)
                                                         clk (net)
                      0.016287    0.000000    0.007062 ^ _228_/CLK (sky130_fd_sc_hd__dfxtp_1)
                                  0.250000    0.257062   clock uncertainty
                                  0.000000    0.257062   clock reconvergence pessimism
                                 -0.033896    0.223166   library hold time
                                              0.223166   data required time
---------------------------------------------------------------------------------------------
                                              0.223166   data required time
                                             -5.440219   data arrival time
---------------------------------------------------------------------------------------------
                                              5.217053   slack (MET)


Startpoint: _228_ (rising edge-triggered flip-flop clocked by clk)
Endpoint: z (output port clocked by clk)
Path Group: clk
Path Type: min

Fanout         Cap        Slew       Delay        Time   Description
---------------------------------------------------------------------------------------------
                                  0.000000    0.000000   clock clk (rise edge)
                                  0.000000    0.000000   clock source latency
     1    0.001877    0.016287    0.007062    0.007062 ^ clk (in)
                                                         clk (net)
                      0.016287    0.000000    0.007062 ^ _228_/CLK (sky130_fd_sc_hd__dfxtp_1)
     1    0.005219    0.036556    0.290872    0.297934 v _228_/Q (sky130_fd_sc_hd__dfxtp_1)
                                                         net65 (net)
                      0.036556    0.000141    0.298074 v output65/A (sky130_fd_sc_hd__buf_2)
     1    0.034053    0.088920    0.176398    0.474472 v output65/X (sky130_fd_sc_hd__buf_2)
                                                         z (net)
                      0.088920    0.000236    0.474708 v z (out)
                                              0.474708   data arrival time

                                  0.000000    0.000000   clock clk (rise edge)
                                  0.000000    0.000000   clock network delay (propagated)
                                  0.250000    0.250000   clock uncertainty
                                  0.000000    0.250000   clock reconvergence pessimism
                                 -5.000000   -4.750000   output external delay
                                             -4.750000   data required time
---------------------------------------------------------------------------------------------
                                             -4.750000   data required time
                                             -0.474708   data arrival time
---------------------------------------------------------------------------------------------
                                              5.224708   slack (MET)



