Reading timing models for corner nom_tt_025C_1v80…
Reading cell library for the 'nom_tt_025C_1v80' corner at '/home/erwann/.volare/volare/sky130/versions/bdc9412b3e468c102d01b7cf6337be06ec6e9c9a/sky130A/libs.ref/sky130_fd_sc_hd/lib/sky130_fd_sc_hd__tt_025C_1v80.lib'…
Reading top-level netlist at '/home/erwann/design_workspace/sky130A/HelloWorld/digital/comp32/runs/RUN_2024-04-29_20-13-57/49-openroad-fillinsertion/comp32.nl.v'…
Linking design 'comp32' from netlist…
Warning: /home/erwann/design_workspace/sky130A/HelloWorld/digital/comp32/runs/RUN_2024-04-29_20-13-57/49-openroad-fillinsertion/comp32.nl.v line 639, module sky130_fd_sc_hd__tapvpwrvgnd_1 not found. Creating black box for TAP_TAPCELL_ROW_0_32.
Warning: /home/erwann/design_workspace/sky130A/HelloWorld/digital/comp32/runs/RUN_2024-04-29_20-13-57/49-openroad-fillinsertion/comp32.nl.v line 800, module sky130_fd_sc_hd__fill_1 not found. Creating black box for FILLER_0_0_6.
Warning: /home/erwann/design_workspace/sky130A/HelloWorld/digital/comp32/runs/RUN_2024-04-29_20-13-57/49-openroad-fillinsertion/comp32.nl.v line 801, module sky130_fd_sc_hd__fill_2 not found. Creating black box for FILLER_0_0_20.
Warning: /home/erwann/design_workspace/sky130A/HelloWorld/digital/comp32/runs/RUN_2024-04-29_20-13-57/49-openroad-fillinsertion/comp32.nl.v line 814, module sky130_ef_sc_hd__decap_12 not found. Creating black box for FILLER_0_2_49.
Reading design constraints file at '/nix/store/6kwxhhp4vfqxi9qpnqnwc7xg02y8ymv6-python3-3.11.6-env/lib/python3.11/site-packages/openlane/scripts/base.sdc'…
[INFO] Using clock clk…
[INFO] Setting output delay to: 1
[INFO] Setting input delay to: 1
[INFO] Setting load to: 0.033442
[INFO] Setting clock uncertainty to: 0.25
[INFO] Setting clock transition to: 0.1499999999999999944488848768742172978818416595458984375
[INFO] Setting timing derate to: 5%
Reading top-level design parasitics for the 'nom_tt_025C_1v80' corner at '/home/erwann/design_workspace/sky130A/HelloWorld/digital/comp32/runs/RUN_2024-04-29_20-13-57/50-openroad-rcx/nom/comp32.nom.spef'…
%OL_CREATE_REPORT min.rpt

===========================================================================
report_checks -path_delay min (Hold)
============================================================================
======================= nom_tt_025C_1v80 Corner ===================================

Startpoint: b[16] (input port clocked by clk)
Endpoint: _228_ (rising edge-triggered flip-flop clocked by clk)
Path Group: clk
Path Type: min

Fanout         Cap        Slew       Delay        Time   Description
---------------------------------------------------------------------------------------------
                                  0.000000    0.000000   clock clk (rise edge)
                                  0.000000    0.000000   clock network delay (propagated)
                                  1.000000    1.000000 v input external delay
     1    0.003106    0.009345    0.004951    1.004951 v b[16] (in)
                                                         b[16] (net)
                      0.009345    0.000000    1.004951 v input40/A (sky130_fd_sc_hd__clkbuf_1)
     1    0.005276    0.039400    0.084122    1.089073 v input40/X (sky130_fd_sc_hd__clkbuf_1)
                                                         net40 (net)
                      0.039401    0.000171    1.089244 v _125_/A (sky130_fd_sc_hd__inv_2)
     2    0.005066    0.030630    0.045463    1.134707 ^ _125_/Y (sky130_fd_sc_hd__inv_2)
                                                         _091_ (net)
                      0.030631    0.000102    1.134809 ^ _171_/A (sky130_fd_sc_hd__and2_1)
     1    0.002658    0.044915    0.103725    1.238533 ^ _171_/X (sky130_fd_sc_hd__and2_1)
                                                         _024_ (net)
                      0.044915    0.000076    1.238609 ^ _172_/C (sky130_fd_sc_hd__or4b_1)
     1    0.003498    0.043626    0.099789    1.338398 ^ _172_/X (sky130_fd_sc_hd__or4b_1)
                                                         _025_ (net)
                      0.043627    0.000106    1.338504 ^ _227_/A2 (sky130_fd_sc_hd__o31a_1)
     1    0.002436    0.041547    0.117594    1.456098 ^ _227_/X (sky130_fd_sc_hd__o31a_1)
                                                         _000_ (net)
                      0.041547    0.000071    1.456169 ^ _228_/D (sky130_fd_sc_hd__dfxtp_1)
                                              1.456169   data arrival time

                                  0.000000    0.000000   clock clk (rise edge)
                                  0.000000    0.000000   clock source latency
     1    0.004770    0.028291    0.017143    0.017143 ^ clk (in)
                                                         clk (net)
                      0.028292    0.000000    0.017143 ^ _228_/CLK (sky130_fd_sc_hd__dfxtp_1)
                                  0.250000    0.267143   clock uncertainty
                                  0.000000    0.267143   clock reconvergence pessimism
                                 -0.032748    0.234395   library hold time
                                              0.234395   data required time
---------------------------------------------------------------------------------------------
                                              0.234395   data required time
                                             -1.456169   data arrival time
---------------------------------------------------------------------------------------------
                                              1.221774   slack (MET)


Startpoint: _228_ (rising edge-triggered flip-flop clocked by clk)
Endpoint: z (output port clocked by clk)
Path Group: clk
Path Type: min

Fanout         Cap        Slew       Delay        Time   Description
---------------------------------------------------------------------------------------------
                                  0.000000    0.000000   clock clk (rise edge)
                                  0.000000    0.000000   clock source latency
     1    0.004770    0.028291    0.017143    0.017143 ^ clk (in)
                                                         clk (net)
                      0.028292    0.000000    0.017143 ^ _228_/CLK (sky130_fd_sc_hd__dfxtp_1)
     1    0.005328    0.037017    0.295626    0.312769 v _228_/Q (sky130_fd_sc_hd__dfxtp_1)
                                                         net65 (net)
                      0.037019    0.000201    0.312970 v output65/A (sky130_fd_sc_hd__buf_2)
     1    0.034245    0.089543    0.176615    0.489585 v output65/X (sky130_fd_sc_hd__buf_2)
                                                         z (net)
                      0.089550    0.000659    0.490245 v z (out)
                                              0.490245   data arrival time

                                  0.000000    0.000000   clock clk (rise edge)
                                  0.000000    0.000000   clock network delay (propagated)
                                  0.250000    0.250000   clock uncertainty
                                  0.000000    0.250000   clock reconvergence pessimism
                                 -1.000000   -0.750000   output external delay
                                             -0.750000   data required time
---------------------------------------------------------------------------------------------
                                             -0.750000   data required time
                                             -0.490245   data arrival time
---------------------------------------------------------------------------------------------
                                              1.240245   slack (MET)



%OL_END_REPORT
%OL_CREATE_REPORT max.rpt

===========================================================================
report_checks -path_delay max (Setup)
============================================================================
======================= nom_tt_025C_1v80 Corner ===================================

Startpoint: a[30] (input port clocked by clk)
Endpoint: _228_ (rising edge-triggered flip-flop clocked by clk)
Path Group: clk
Path Type: max

Fanout         Cap        Slew       Delay        Time   Description
---------------------------------------------------------------------------------------------
                                  0.000000    0.000000   clock clk (rise edge)
                                  0.000000    0.000000   clock network delay (propagated)
                                  1.000000    1.000000 ^ input external delay
     1    0.005713    0.032417    0.020172    1.020172 ^ a[30] (in)
                                                         a[30] (net)
                      0.032418    0.000000    1.020172 ^ input24/A (sky130_fd_sc_hd__buf_6)
     2    0.007378    0.028702    0.081632    1.101803 ^ input24/X (sky130_fd_sc_hd__buf_6)
                                                         net24 (net)
                      0.028702    0.000152    1.101956 ^ _133_/A_N (sky130_fd_sc_hd__and2b_1)
     2    0.005376    0.044493    0.174727    1.276683 v _133_/X (sky130_fd_sc_hd__and2b_1)
                                                         _099_ (net)
                      0.044494    0.000144    1.276827 v _137_/B1 (sky130_fd_sc_hd__a2111o_1)
     2    0.004938    0.069722    0.390317    1.667144 v _137_/X (sky130_fd_sc_hd__a2111o_1)
                                                         _103_ (net)
                      0.069722    0.000111    1.667256 v _141_/A (sky130_fd_sc_hd__or4b_4)
     3    0.009555    0.093730    0.554989    2.222244 v _141_/X (sky130_fd_sc_hd__or4b_4)
                                                         _107_ (net)
                      0.093730    0.000270    2.222514 v _152_/A (sky130_fd_sc_hd__or3_4)
     2    0.006261    0.068691    0.401870    2.624385 v _152_/X (sky130_fd_sc_hd__or3_4)
                                                         _005_ (net)
                      0.068691    0.000156    2.624540 v _163_/B (sky130_fd_sc_hd__or2_4)
     1    0.002966    0.043493    0.226327    2.850868 v _163_/X (sky130_fd_sc_hd__or2_4)
                                                         _016_ (net)
                      0.043493    0.000064    2.850932 v _227_/A1 (sky130_fd_sc_hd__o31a_1)
     1    0.002443    0.044966    0.283257    3.134189 v _227_/X (sky130_fd_sc_hd__o31a_1)
                                                         _000_ (net)
                      0.044966    0.000071    3.134260 v _228_/D (sky130_fd_sc_hd__dfxtp_1)
                                              3.134260   data arrival time

                                  5.000000    5.000000   clock clk (rise edge)
                                  0.000000    5.000000   clock source latency
     1    0.004770    0.028291    0.017143    5.017143 ^ clk (in)
                                                         clk (net)
                      0.028292    0.000000    5.017143 ^ _228_/CLK (sky130_fd_sc_hd__dfxtp_1)
                                 -0.250000    4.767143   clock uncertainty
                                  0.000000    4.767143   clock reconvergence pessimism
                                 -0.114419    4.652724   library setup time
                                              4.652724   data required time
---------------------------------------------------------------------------------------------
                                              4.652724   data required time
                                             -3.134260   data arrival time
---------------------------------------------------------------------------------------------
                                              1.518465   slack (MET)


Startpoint: _228_ (rising edge-triggered flip-flop clocked by clk)
Endpoint: z (output port clocked by clk)
Path Group: clk
Path Type: max

Fanout         Cap        Slew       Delay        Time   Description
---------------------------------------------------------------------------------------------
                                  0.000000    0.000000   clock clk (rise edge)
                                  0.000000    0.000000   clock source latency
     1    0.004770    0.028291    0.017143    0.017143 ^ clk (in)
                                                         clk (net)
                      0.028292    0.000000    0.017143 ^ _228_/CLK (sky130_fd_sc_hd__dfxtp_1)
     1    0.005488    0.063376    0.311352    0.328495 ^ _228_/Q (sky130_fd_sc_hd__dfxtp_1)
                                                         net65 (net)
                      0.063377    0.000210    0.328705 ^ output65/A (sky130_fd_sc_hd__buf_2)
     1    0.034245    0.170196    0.204779    0.533484 ^ output65/X (sky130_fd_sc_hd__buf_2)
                                                         z (net)
                      0.170199    0.000660    0.534144 ^ z (out)
                                              0.534144   data arrival time

                                  5.000000    5.000000   clock clk (rise edge)
                                  0.000000    5.000000   clock network delay (propagated)
                                 -0.250000    4.750000   clock uncertainty
                                  0.000000    4.750000   clock reconvergence pessimism
                                 -1.000000    3.750000   output external delay
                                              3.750000   data required time
---------------------------------------------------------------------------------------------
                                              3.750000   data required time
                                             -0.534144   data arrival time
---------------------------------------------------------------------------------------------
                                              3.215856   slack (MET)



%OL_END_REPORT
%OL_CREATE_REPORT checks.rpt

===========================================================================
report_checks -unconstrained
===========================================================================
======================= nom_tt_025C_1v80 Corner ===================================

Startpoint: a[30] (input port clocked by clk)
Endpoint: _228_ (rising edge-triggered flip-flop clocked by clk)
Path Group: clk
Path Type: max

Fanout         Cap        Slew       Delay        Time   Description
---------------------------------------------------------------------------------------------
                                  0.000000    0.000000   clock clk (rise edge)
                                  0.000000    0.000000   clock network delay (propagated)
                                  1.000000    1.000000 ^ input external delay
     1    0.005713    0.032417    0.020172    1.020172 ^ a[30] (in)
                                                         a[30] (net)
                      0.032418    0.000000    1.020172 ^ input24/A (sky130_fd_sc_hd__buf_6)
     2    0.007378    0.028702    0.081632    1.101803 ^ input24/X (sky130_fd_sc_hd__buf_6)
                                                         net24 (net)
                      0.028702    0.000152    1.101956 ^ _133_/A_N (sky130_fd_sc_hd__and2b_1)
     2    0.005376    0.044493    0.174727    1.276683 v _133_/X (sky130_fd_sc_hd__and2b_1)
                                                         _099_ (net)
                      0.044494    0.000144    1.276827 v _137_/B1 (sky130_fd_sc_hd__a2111o_1)
     2    0.004938    0.069722    0.390317    1.667144 v _137_/X (sky130_fd_sc_hd__a2111o_1)
                                                         _103_ (net)
                      0.069722    0.000111    1.667256 v _141_/A (sky130_fd_sc_hd__or4b_4)
     3    0.009555    0.093730    0.554989    2.222244 v _141_/X (sky130_fd_sc_hd__or4b_4)
                                                         _107_ (net)
                      0.093730    0.000270    2.222514 v _152_/A (sky130_fd_sc_hd__or3_4)
     2    0.006261    0.068691    0.401870    2.624385 v _152_/X (sky130_fd_sc_hd__or3_4)
                                                         _005_ (net)
                      0.068691    0.000156    2.624540 v _163_/B (sky130_fd_sc_hd__or2_4)
     1    0.002966    0.043493    0.226327    2.850868 v _163_/X (sky130_fd_sc_hd__or2_4)
                                                         _016_ (net)
                      0.043493    0.000064    2.850932 v _227_/A1 (sky130_fd_sc_hd__o31a_1)
     1    0.002443    0.044966    0.283257    3.134189 v _227_/X (sky130_fd_sc_hd__o31a_1)
                                                         _000_ (net)
                      0.044966    0.000071    3.134260 v _228_/D (sky130_fd_sc_hd__dfxtp_1)
                                              3.134260   data arrival time

                                  5.000000    5.000000   clock clk (rise edge)
                                  0.000000    5.000000   clock source latency
     1    0.004770    0.028291    0.017143    5.017143 ^ clk (in)
                                                         clk (net)
                      0.028292    0.000000    5.017143 ^ _228_/CLK (sky130_fd_sc_hd__dfxtp_1)
                                 -0.250000    4.767143   clock uncertainty
                                  0.000000    4.767143   clock reconvergence pessimism
                                 -0.114419    4.652724   library setup time
                                              4.652724   data required time
---------------------------------------------------------------------------------------------
                                              4.652724   data required time
                                             -3.134260   data arrival time
---------------------------------------------------------------------------------------------
                                              1.518465   slack (MET)




===========================================================================
report_checks --slack_max -0.01
============================================================================
======================= nom_tt_025C_1v80 Corner ===================================

No paths found.


===========================================================================
 report_check_types -max_slew -max_cap -max_fanout -violators
============================================================================
======================= nom_tt_025C_1v80 Corner ===================================



===========================================================================
report_parasitic_annotation -report_unannotated
============================================================================
Found 0 unannotated drivers.
Found 0 partially unannotated drivers.

===========================================================================
max slew violation count 0
%OL_METRIC_I design__max_slew_violation__count__corner:nom_tt_025C_1v80 0
max fanout violation count 0
%OL_METRIC_I design__max_fanout_violation__count__corner:nom_tt_025C_1v80 0
max cap violation count 0
%OL_METRIC_I design__max_cap_violation__count__corner:nom_tt_025C_1v80 0
============================================================================

===========================================================================
check_setup -verbose -unconstrained_endpoints -multiple_clock -no_clock -no_input_delay -loops -generated_clocks
===========================================================================
%OL_END_REPORT
%OL_CREATE_REPORT power.rpt

===========================================================================
 report_power
============================================================================
======================= nom_tt_025C_1v80 Corner ===================================

Group                    Internal    Switching      Leakage        Total
                            Power        Power        Power        Power (Watts)
------------------------------------------------------------------------
Sequential           8.363076e-06 1.203514e-07 8.111877e-12 8.483436e-06   9.2%
Combinational        4.744232e-05 3.642696e-05 4.881942e-10 8.386977e-05  90.8%
Clock                0.000000e+00 0.000000e+00 2.106028e-10 2.106028e-10   0.0%
Macro                0.000000e+00 0.000000e+00 0.000000e+00 0.000000e+00   0.0%
Pad                  0.000000e+00 0.000000e+00 0.000000e+00 0.000000e+00   0.0%
------------------------------------------------------------------------
Total                5.580540e-05 3.654731e-05 7.069093e-10 9.235342e-05 100.0%
                            60.4%        39.6%         0.0%
%OL_METRIC_F power__internal__total 5.5805398005759344e-5
%OL_METRIC_F power__switching__total 3.6547313357004896e-5
%OL_METRIC_F power__leakage__total 7.069092533562582e-10
%OL_METRIC_F power__total 9.235341713065282e-5

%OL_END_REPORT
%OL_CREATE_REPORT skew.min.rpt

===========================================================================
Clock Skew (Hold)
============================================================================
%OL_METRIC_F clock__skew__worst_hold__corner:nom_tt_025C_1v80 0.000000
======================= nom_tt_025C_1v80 Corner ===================================

Clock clk
No launch/capture paths found.

%OL_END_REPORT
%OL_CREATE_REPORT skew.max.rpt

===========================================================================
Clock Skew (Setup)
============================================================================
%OL_METRIC_F clock__skew__worst_setup__corner:nom_tt_025C_1v80 0.000000
======================= nom_tt_025C_1v80 Corner ===================================

Clock clk
No launch/capture paths found.

%OL_END_REPORT
%OL_CREATE_REPORT ws.min.rpt

===========================================================================
Worst Slack (Hold)
============================================================================
%OL_METRIC_F timing__hold__ws__corner:nom_tt_025C_1v80 1.221774
nom_tt_025C_1v80: 1.221774
%OL_END_REPORT
%OL_CREATE_REPORT ws.max.rpt

===========================================================================
Worst Slack (Setup)
============================================================================
%OL_METRIC_F timing__setup__ws__corner:nom_tt_025C_1v80 1.518465
nom_tt_025C_1v80: 1.518465
%OL_END_REPORT
%OL_CREATE_REPORT tns.min.rpt

===========================================================================
Total Negative Slack (Hold)
============================================================================
%OL_METRIC_F timing__hold__tns__corner:nom_tt_025C_1v80 0.000000
nom_tt_025C_1v80: 0.000000
%OL_END_REPORT
%OL_CREATE_REPORT tns.max.rpt

===========================================================================
Total Negative Slack (Setup)
============================================================================
%OL_METRIC_F timing__setup__tns__corner:nom_tt_025C_1v80 0.000000
nom_tt_025C_1v80: 0.000000
%OL_END_REPORT
%OL_CREATE_REPORT wns.min.rpt

===========================================================================
Worst Negative Slack (Hold)
============================================================================
%OL_METRIC_F timing__hold__wns__corner:nom_tt_025C_1v80 0
nom_tt_025C_1v80: 0
%OL_END_REPORT
%OL_CREATE_REPORT wns.max.rpt

===========================================================================
Worst Negative Slack (Setup)
============================================================================
%OL_METRIC_F timing__setup__wns__corner:nom_tt_025C_1v80 0.0
nom_tt_025C_1v80: 0.0
%OL_END_REPORT
%OL_CREATE_REPORT violator_list.rpt

===========================================================================
Violator List
============================================================================
%OL_METRIC_I timing__hold_vio__count__corner:nom_tt_025C_1v80 0
%OL_METRIC_F timing__hold_r2r__ws__corner:nom_tt_025C_1v80 inf
%OL_METRIC_I timing__hold_r2r_vio__count__corner:nom_tt_025C_1v80 0
%OL_METRIC_I timing__setup_vio__count__corner:nom_tt_025C_1v80 0
%OL_METRIC_F timing__setup_r2r__ws__corner:nom_tt_025C_1v80 inf
%OL_METRIC_I timing__setup_r2r_vio__count__corner:nom_tt_025C_1v80 0
%OL_END_REPORT
Writing SDF files for all corners…
Removing Clock latencies before writing libs…
Writing timing models for all corners…
Writing timing models for the nom_tt_025C_1v80 corner to /home/erwann/design_workspace/sky130A/HelloWorld/digital/comp32/runs/RUN_2024-04-29_20-13-57/51-openroad-stapostpnr/nom_tt_025C_1v80/comp32__nom_tt_025C_1v80.lib…
