Reading timing models for corner nom_ss_100C_1v60…
Reading cell library for the 'nom_ss_100C_1v60' corner at '/home/erwann/.volare/volare/sky130/versions/bdc9412b3e468c102d01b7cf6337be06ec6e9c9a/sky130A/libs.ref/sky130_fd_sc_hd/lib/sky130_fd_sc_hd__ss_100C_1v60.lib'…
Reading top-level netlist at '/home/erwann/design_workspace/sky130A/HelloWorld/digital/comp32/runs/RUN_2024-04-30_09-54-31/06-yosys-synthesis/comp32.nl.v'…
Linking design 'comp32' from netlist…
Reading design constraints file at '/nix/store/6kwxhhp4vfqxi9qpnqnwc7xg02y8ymv6-python3-3.11.6-env/lib/python3.11/site-packages/openlane/scripts/base.sdc'…
[INFO] Using clock clk…
[INFO] Setting output delay to: 5
[INFO] Setting input delay to: 5
[INFO] Setting load to: 0.033442
[INFO] Setting clock uncertainty to: 0.25
[INFO] Setting clock transition to: 0.1499999999999999944488848768742172978818416595458984375
[INFO] Setting timing derate to: 5%
%OL_CREATE_REPORT min.rpt

===========================================================================
report_checks -path_delay min (Hold)
============================================================================
======================= nom_ss_100C_1v60 Corner ===================================

Startpoint: a[16] (input port clocked by clk)
Endpoint: _228_ (rising edge-triggered flip-flop clocked by clk)
Path Group: clk
Path Type: min

Fanout         Cap        Slew       Delay        Time   Description
---------------------------------------------------------------------------------------------
                      0.150000    0.000000    0.000000   clock clk (rise edge)
                                  0.000000    0.000000   clock network delay (ideal)
                                  5.000000    5.000000 ^ input external delay
     2    0.003936    0.041352    0.021745    5.021745 ^ a[16] (in)
                                                         a[16] (net)
                      0.041352    0.000000    5.021745 ^ _171_/B (sky130_fd_sc_hd__and2_2)
     1    0.001514    0.058325    0.235252    5.256997 ^ _171_/X (sky130_fd_sc_hd__and2_2)
                                                         _024_ (net)
                      0.058325    0.000000    5.256997 ^ _172_/C (sky130_fd_sc_hd__or4b_2)
     1    0.002504    0.051425    0.178675    5.435672 ^ _172_/X (sky130_fd_sc_hd__or4b_2)
                                                         _025_ (net)
                      0.051425    0.000000    5.435672 ^ _227_/A2 (sky130_fd_sc_hd__o31a_2)
     1    0.001537    0.051112    0.239003    5.674675 ^ _227_/X (sky130_fd_sc_hd__o31a_2)
                                                         _000_ (net)
                      0.051112    0.000000    5.674675 ^ _228_/D (sky130_fd_sc_hd__dfxtp_2)
                                              5.674675   data arrival time

                      0.150000    0.000000    0.000000   clock clk (rise edge)
                                  0.000000    0.000000   clock network delay (ideal)
                                  0.250000    0.250000   clock uncertainty
                                  0.000000    0.250000   clock reconvergence pessimism
                                              0.250000 ^ _228_/CLK (sky130_fd_sc_hd__dfxtp_2)
                                 -0.054859    0.195141   library hold time
                                              0.195141   data required time
---------------------------------------------------------------------------------------------
                                              0.195141   data required time
                                             -5.674675   data arrival time
---------------------------------------------------------------------------------------------
                                              5.479533   slack (MET)


Startpoint: _228_ (rising edge-triggered flip-flop clocked by clk)
Endpoint: z (output port clocked by clk)
Path Group: clk
Path Type: min

Fanout         Cap        Slew       Delay        Time   Description
---------------------------------------------------------------------------------------------
                      0.150000    0.000000    0.000000   clock clk (rise edge)
                                  0.000000    0.000000   clock network delay (ideal)
                      0.150000    0.000000    0.000000 ^ _228_/CLK (sky130_fd_sc_hd__dfxtp_2)
     1    0.033442    0.160622    0.747039    0.747039 v _228_/Q (sky130_fd_sc_hd__dfxtp_2)
                                                         z (net)
                      0.160622    0.000000    0.747039 v z (out)
                                              0.747039   data arrival time

                      0.150000    0.000000    0.000000   clock clk (rise edge)
                                  0.000000    0.000000   clock network delay (ideal)
                                  0.250000    0.250000   clock uncertainty
                                  0.000000    0.250000   clock reconvergence pessimism
                                 -5.000000   -4.750000   output external delay
                                             -4.750000   data required time
---------------------------------------------------------------------------------------------
                                             -4.750000   data required time
                                             -0.747039   data arrival time
---------------------------------------------------------------------------------------------
                                              5.497039   slack (MET)



%OL_END_REPORT
%OL_CREATE_REPORT max.rpt

===========================================================================
report_checks -path_delay max (Setup)
============================================================================
======================= nom_ss_100C_1v60 Corner ===================================

Startpoint: a[30] (input port clocked by clk)
Endpoint: _228_ (rising edge-triggered flip-flop clocked by clk)
Path Group: clk
Path Type: max

Fanout         Cap        Slew       Delay        Time   Description
---------------------------------------------------------------------------------------------
                      0.150000    0.000000    0.000000   clock clk (rise edge)
                                  0.000000    0.000000   clock network delay (ideal)
                                  5.000000    5.000000 ^ input external delay
     2    0.006127    0.056760    0.033128    5.033128 ^ a[30] (in)
                                                         a[30] (net)
                      0.056760    0.000000    5.033128 ^ _133_/A_N (sky130_fd_sc_hd__and2b_2)
     2    0.004488    0.079062    0.441590    5.474719 v _133_/X (sky130_fd_sc_hd__and2b_2)
                                                         _099_ (net)
                      0.079062    0.000000    5.474719 v _137_/B1 (sky130_fd_sc_hd__a2111o_2)
     2    0.003604    0.114782    0.846050    6.320769 v _137_/X (sky130_fd_sc_hd__a2111o_2)
                                                         _103_ (net)
                      0.114782    0.000000    6.320769 v _141_/A (sky130_fd_sc_hd__or4b_2)
     3    0.005015    0.240723    1.610623    7.931392 v _141_/X (sky130_fd_sc_hd__or4b_2)
                                                         _107_ (net)
                      0.240723    0.000000    7.931392 v _152_/A (sky130_fd_sc_hd__or3_2)
     2    0.003622    0.170804    1.166005    9.097397 v _152_/X (sky130_fd_sc_hd__or3_2)
                                                         _005_ (net)
                      0.170804    0.000000    9.097397 v _163_/A (sky130_fd_sc_hd__or2_2)
     1    0.002279    0.108294    0.689260    9.786657 v _163_/X (sky130_fd_sc_hd__or2_2)
                                                         _016_ (net)
                      0.108294    0.000000    9.786657 v _227_/A1 (sky130_fd_sc_hd__o31a_2)
     1    0.001577    0.080636    0.646556   10.433213 v _227_/X (sky130_fd_sc_hd__o31a_2)
                                                         _000_ (net)
                      0.080636    0.000000   10.433213 v _228_/D (sky130_fd_sc_hd__dfxtp_2)
                                             10.433213   data arrival time

                      0.150000   25.000000   25.000000   clock clk (rise edge)
                                  0.000000   25.000000   clock network delay (ideal)
                                 -0.250000   24.750000   clock uncertainty
                                  0.000000   24.750000   clock reconvergence pessimism
                                             24.750000 ^ _228_/CLK (sky130_fd_sc_hd__dfxtp_2)
                                 -0.257136   24.492863   library setup time
                                             24.492863   data required time
---------------------------------------------------------------------------------------------
                                             24.492863   data required time
                                            -10.433213   data arrival time
---------------------------------------------------------------------------------------------
                                             14.059650   slack (MET)


Startpoint: _228_ (rising edge-triggered flip-flop clocked by clk)
Endpoint: z (output port clocked by clk)
Path Group: clk
Path Type: max

Fanout         Cap        Slew       Delay        Time   Description
---------------------------------------------------------------------------------------------
                      0.150000    0.000000    0.000000   clock clk (rise edge)
                                  0.000000    0.000000   clock network delay (ideal)
                      0.150000    0.000000    0.000000 ^ _228_/CLK (sky130_fd_sc_hd__dfxtp_2)
     1    0.033442    0.280322    0.852096    0.852096 ^ _228_/Q (sky130_fd_sc_hd__dfxtp_2)
                                                         z (net)
                      0.280322    0.000000    0.852096 ^ z (out)
                                              0.852096   data arrival time

                      0.150000   25.000000   25.000000   clock clk (rise edge)
                                  0.000000   25.000000   clock network delay (ideal)
                                 -0.250000   24.750000   clock uncertainty
                                  0.000000   24.750000   clock reconvergence pessimism
                                 -5.000000   19.750000   output external delay
                                             19.750000   data required time
---------------------------------------------------------------------------------------------
                                             19.750000   data required time
                                             -0.852096   data arrival time
---------------------------------------------------------------------------------------------
                                             18.897902   slack (MET)



%OL_END_REPORT
%OL_CREATE_REPORT checks.rpt

===========================================================================
report_checks -unconstrained
===========================================================================
======================= nom_ss_100C_1v60 Corner ===================================

Startpoint: a[30] (input port clocked by clk)
Endpoint: _228_ (rising edge-triggered flip-flop clocked by clk)
Path Group: clk
Path Type: max

Fanout         Cap        Slew       Delay        Time   Description
---------------------------------------------------------------------------------------------
                      0.150000    0.000000    0.000000   clock clk (rise edge)
                                  0.000000    0.000000   clock network delay (ideal)
                                  5.000000    5.000000 ^ input external delay
     2    0.006127    0.056760    0.033128    5.033128 ^ a[30] (in)
                                                         a[30] (net)
                      0.056760    0.000000    5.033128 ^ _133_/A_N (sky130_fd_sc_hd__and2b_2)
     2    0.004488    0.079062    0.441590    5.474719 v _133_/X (sky130_fd_sc_hd__and2b_2)
                                                         _099_ (net)
                      0.079062    0.000000    5.474719 v _137_/B1 (sky130_fd_sc_hd__a2111o_2)
     2    0.003604    0.114782    0.846050    6.320769 v _137_/X (sky130_fd_sc_hd__a2111o_2)
                                                         _103_ (net)
                      0.114782    0.000000    6.320769 v _141_/A (sky130_fd_sc_hd__or4b_2)
     3    0.005015    0.240723    1.610623    7.931392 v _141_/X (sky130_fd_sc_hd__or4b_2)
                                                         _107_ (net)
                      0.240723    0.000000    7.931392 v _152_/A (sky130_fd_sc_hd__or3_2)
     2    0.003622    0.170804    1.166005    9.097397 v _152_/X (sky130_fd_sc_hd__or3_2)
                                                         _005_ (net)
                      0.170804    0.000000    9.097397 v _163_/A (sky130_fd_sc_hd__or2_2)
     1    0.002279    0.108294    0.689260    9.786657 v _163_/X (sky130_fd_sc_hd__or2_2)
                                                         _016_ (net)
                      0.108294    0.000000    9.786657 v _227_/A1 (sky130_fd_sc_hd__o31a_2)
     1    0.001577    0.080636    0.646556   10.433213 v _227_/X (sky130_fd_sc_hd__o31a_2)
                                                         _000_ (net)
                      0.080636    0.000000   10.433213 v _228_/D (sky130_fd_sc_hd__dfxtp_2)
                                             10.433213   data arrival time

                      0.150000   25.000000   25.000000   clock clk (rise edge)
                                  0.000000   25.000000   clock network delay (ideal)
                                 -0.250000   24.750000   clock uncertainty
                                  0.000000   24.750000   clock reconvergence pessimism
                                             24.750000 ^ _228_/CLK (sky130_fd_sc_hd__dfxtp_2)
                                 -0.257136   24.492863   library setup time
                                             24.492863   data required time
---------------------------------------------------------------------------------------------
                                             24.492863   data required time
                                            -10.433213   data arrival time
---------------------------------------------------------------------------------------------
                                             14.059650   slack (MET)




===========================================================================
report_checks --slack_max -0.01
============================================================================
======================= nom_ss_100C_1v60 Corner ===================================

No paths found.


===========================================================================
 report_check_types -max_slew -max_cap -max_fanout -violators
============================================================================
======================= nom_ss_100C_1v60 Corner ===================================



===========================================================================
report_parasitic_annotation -report_unannotated
============================================================================
Found 180 unannotated drivers.
 a[0]
 a[10]
 a[11]
 a[12]
 a[13]
 a[14]
 a[15]
 a[16]
 a[17]
 a[18]
 a[19]
 a[1]
 a[20]
 a[21]
 a[22]
 a[23]
 a[24]
 a[25]
 a[26]
 a[27]
 a[28]
 a[29]
 a[2]
 a[30]
 a[31]
 a[3]
 a[4]
 a[5]
 a[6]
 a[7]
 a[8]
 a[9]
 b[0]
 b[10]
 b[11]
 b[12]
 b[13]
 b[14]
 b[15]
 b[16]
 b[17]
 b[18]
 b[19]
 b[1]
 b[20]
 b[21]
 b[22]
 b[23]
 b[24]
 b[25]
 b[26]
 b[27]
 b[28]
 b[29]
 b[2]
 b[30]
 b[31]
 b[3]
 b[4]
 b[5]
 b[6]
 b[7]
 b[8]
 b[9]
 clk
 _114_/Y
 _115_/Y
 _116_/Y
 _117_/Y
 _118_/Y
 _119_/Y
 _120_/Y
 _121_/Y
 _122_/Y
 _123_/Y
 _124_/Y
 _125_/Y
 _126_/Y
 _127_/Y
 _128_/Y
 _129_/Y
 _130_/Y
 _131_/Y
 _132_/Y
 _133_/X
 _134_/X
 _135_/X
 _136_/X
 _137_/X
 _138_/X
 _139_/Y
 _140_/X
 _141_/X
 _142_/X
 _143_/X
 _144_/Y
 _145_/Y
 _146_/X
 _147_/Y
 _148_/X
 _149_/Y
 _150_/Y
 _151_/X
 _152_/X
 _153_/X
 _154_/X
 _155_/Y
 _156_/X
 _157_/X
 _158_/X
 _159_/X
 _160_/X
 _161_/X
 _162_/X
 _163_/X
 _164_/X
 _165_/X
 _166_/X
 _167_/X
 _168_/X
 _169_/X
 _170_/X
 _171_/X
 _172_/X
 _173_/Y
 _174_/Y
 _175_/X
 _176_/Y
 _177_/Y
 _178_/X
 _179_/Y
 _180_/Y
 _181_/X
 _182_/X
 _183_/Y
 _184_/Y
 _185_/X
 _186_/Y
 _187_/Y
 _188_/X
 _189_/Y
 _190_/Y
 _191_/X
 _192_/Y
 _193_/X
 _194_/X
 _195_/Y
 _196_/Y
 _197_/X
 _198_/Y
 _199_/Y
 _200_/X
 _201_/Y
 _202_/X
 _203_/X
 _204_/X
 _205_/Y
 _206_/X
 _207_/X
 _208_/Y
 _209_/Y
 _210_/X
 _211_/X
 _212_/X
 _213_/X
 _214_/Y
 _215_/X
 _216_/Y
 _217_/X
 _218_/X
 _219_/Y
 _220_/X
 _221_/X
 _222_/Y
 _223_/X
 _224_/X
 _225_/X
 _226_/X
 _227_/X
 _228_/Q
Found 0 partially unannotated drivers.

===========================================================================
max slew violation count 0
%OL_METRIC_I design__max_slew_violation__count__corner:nom_ss_100C_1v60 0
max fanout violation count 0
%OL_METRIC_I design__max_fanout_violation__count__corner:nom_ss_100C_1v60 0
max cap violation count 0
%OL_METRIC_I design__max_cap_violation__count__corner:nom_ss_100C_1v60 0
============================================================================

===========================================================================
check_setup -verbose -unconstrained_endpoints -multiple_clock -no_clock -no_input_delay -loops -generated_clocks
===========================================================================
%OL_END_REPORT
%OL_CREATE_REPORT power.rpt

===========================================================================
 report_power
============================================================================
======================= nom_ss_100C_1v60 Corner ===================================

Group                    Internal    Switching      Leakage        Total
                            Power        Power        Power        Power (Watts)
------------------------------------------------------------------------
Sequential           1.286647e-06 1.159019e-07 1.364509e-08 1.416194e-06  11.3%
Combinational        7.640735e-06 2.937288e-06 5.709120e-07 1.114894e-05  88.7%
Clock                0.000000e+00 0.000000e+00 0.000000e+00 0.000000e+00   0.0%
Macro                0.000000e+00 0.000000e+00 0.000000e+00 0.000000e+00   0.0%
Pad                  0.000000e+00 0.000000e+00 0.000000e+00 0.000000e+00   0.0%
------------------------------------------------------------------------
Total                8.927383e-06 3.053190e-06 5.845571e-07 1.256513e-05 100.0%
                            71.0%        24.3%         4.7%
%OL_METRIC_F power__internal__total 8.92738262336934e-6
%OL_METRIC_F power__switching__total 3.053190084756352e-6
%OL_METRIC_F power__leakage__total 5.845570854035032e-7
%OL_METRIC_F power__total 1.25651295093121e-5

%OL_END_REPORT
%OL_CREATE_REPORT skew.min.rpt

===========================================================================
Clock Skew (Hold)
============================================================================
%OL_METRIC_F clock__skew__worst_hold__corner:nom_ss_100C_1v60 0.000000
======================= nom_ss_100C_1v60 Corner ===================================

Clock clk
No launch/capture paths found.

%OL_END_REPORT
%OL_CREATE_REPORT skew.max.rpt

===========================================================================
Clock Skew (Setup)
============================================================================
%OL_METRIC_F clock__skew__worst_setup__corner:nom_ss_100C_1v60 0.000000
======================= nom_ss_100C_1v60 Corner ===================================

Clock clk
No launch/capture paths found.

%OL_END_REPORT
%OL_CREATE_REPORT ws.min.rpt

===========================================================================
Worst Slack (Hold)
============================================================================
%OL_METRIC_F timing__hold__ws__corner:nom_ss_100C_1v60 5.479533
nom_ss_100C_1v60: 5.479533
%OL_END_REPORT
%OL_CREATE_REPORT ws.max.rpt

===========================================================================
Worst Slack (Setup)
============================================================================
%OL_METRIC_F timing__setup__ws__corner:nom_ss_100C_1v60 14.059650
nom_ss_100C_1v60: 14.059650
%OL_END_REPORT
%OL_CREATE_REPORT tns.min.rpt

===========================================================================
Total Negative Slack (Hold)
============================================================================
%OL_METRIC_F timing__hold__tns__corner:nom_ss_100C_1v60 0.000000
nom_ss_100C_1v60: 0.000000
%OL_END_REPORT
%OL_CREATE_REPORT tns.max.rpt

===========================================================================
Total Negative Slack (Setup)
============================================================================
%OL_METRIC_F timing__setup__tns__corner:nom_ss_100C_1v60 0.000000
nom_ss_100C_1v60: 0.000000
%OL_END_REPORT
%OL_CREATE_REPORT wns.min.rpt

===========================================================================
Worst Negative Slack (Hold)
============================================================================
%OL_METRIC_F timing__hold__wns__corner:nom_ss_100C_1v60 0
nom_ss_100C_1v60: 0
%OL_END_REPORT
%OL_CREATE_REPORT wns.max.rpt

===========================================================================
Worst Negative Slack (Setup)
============================================================================
%OL_METRIC_F timing__setup__wns__corner:nom_ss_100C_1v60 0.0
nom_ss_100C_1v60: 0.0
%OL_END_REPORT
%OL_CREATE_REPORT violator_list.rpt

===========================================================================
Violator List
============================================================================
%OL_METRIC_I timing__hold_vio__count__corner:nom_ss_100C_1v60 0
%OL_METRIC_F timing__hold_r2r__ws__corner:nom_ss_100C_1v60 inf
%OL_METRIC_I timing__hold_r2r_vio__count__corner:nom_ss_100C_1v60 0
%OL_METRIC_I timing__setup_vio__count__corner:nom_ss_100C_1v60 0
%OL_METRIC_F timing__setup_r2r__ws__corner:nom_ss_100C_1v60 inf
%OL_METRIC_I timing__setup_r2r_vio__count__corner:nom_ss_100C_1v60 0
%OL_END_REPORT
Writing SDF files for all corners…
