Reading timing models for corner max_ss_100C_1v60…
Reading cell library for the 'max_ss_100C_1v60' corner at '/home/erwann/.volare/volare/sky130/versions/bdc9412b3e468c102d01b7cf6337be06ec6e9c9a/sky130A/libs.ref/sky130_fd_sc_hd/lib/sky130_fd_sc_hd__ss_100C_1v60.lib'…
Reading top-level netlist at '/home/erwann/design_workspace/sky130A/HelloWorld/digital/comp32/runs/RUN_2024-04-29_20-15-20/49-openroad-fillinsertion/comp32.nl.v'…
Linking design 'comp32' from netlist…
Warning: /home/erwann/design_workspace/sky130A/HelloWorld/digital/comp32/runs/RUN_2024-04-29_20-15-20/49-openroad-fillinsertion/comp32.nl.v line 637, module sky130_fd_sc_hd__tapvpwrvgnd_1 not found. Creating black box for TAP_TAPCELL_ROW_0_32.
Warning: /home/erwann/design_workspace/sky130A/HelloWorld/digital/comp32/runs/RUN_2024-04-29_20-15-20/49-openroad-fillinsertion/comp32.nl.v line 794, module sky130_fd_sc_hd__fill_1 not found. Creating black box for FILLER_0_0_6.
Warning: /home/erwann/design_workspace/sky130A/HelloWorld/digital/comp32/runs/RUN_2024-04-29_20-15-20/49-openroad-fillinsertion/comp32.nl.v line 795, module sky130_fd_sc_hd__fill_2 not found. Creating black box for FILLER_0_0_20.
Warning: /home/erwann/design_workspace/sky130A/HelloWorld/digital/comp32/runs/RUN_2024-04-29_20-15-20/49-openroad-fillinsertion/comp32.nl.v line 808, module sky130_ef_sc_hd__decap_12 not found. Creating black box for FILLER_0_2_49.
Reading design constraints file at '/nix/store/6kwxhhp4vfqxi9qpnqnwc7xg02y8ymv6-python3-3.11.6-env/lib/python3.11/site-packages/openlane/scripts/base.sdc'…
[INFO] Using clock clk…
[INFO] Setting output delay to: 5
[INFO] Setting input delay to: 5
[INFO] Setting load to: 0.033442
[INFO] Setting clock uncertainty to: 0.25
[INFO] Setting clock transition to: 0.1499999999999999944488848768742172978818416595458984375
[INFO] Setting timing derate to: 5%
Reading top-level design parasitics for the 'max_ss_100C_1v60' corner at '/home/erwann/design_workspace/sky130A/HelloWorld/digital/comp32/runs/RUN_2024-04-29_20-15-20/50-openroad-rcx/max/comp32.max.spef'…
%OL_CREATE_REPORT min.rpt

===========================================================================
report_checks -path_delay min (Hold)
============================================================================
======================= max_ss_100C_1v60 Corner ===================================

Startpoint: a[16] (input port clocked by clk)
Endpoint: _228_ (rising edge-triggered flip-flop clocked by clk)
Path Group: clk
Path Type: min

Fanout         Cap        Slew       Delay        Time   Description
---------------------------------------------------------------------------------------------
                                  0.000000    0.000000   clock clk (rise edge)
                                  0.000000    0.000000   clock network delay (propagated)
                                  5.000000    5.000000 ^ input external delay
     1    0.002973    0.033388    0.016773    5.016773 ^ a[16] (in)
                                                         a[16] (net)
                      0.033390    0.000000    5.016773 ^ input8/A (sky130_fd_sc_hd__clkbuf_1)
     2    0.006499    0.137862    0.182284    5.199057 ^ input8/X (sky130_fd_sc_hd__clkbuf_1)
                                                         net8 (net)
                      0.137864    0.000368    5.199425 ^ _171_/B (sky130_fd_sc_hd__and2_1)
     1    0.002690    0.077993    0.250181    5.449605 ^ _171_/X (sky130_fd_sc_hd__and2_1)
                                                         _024_ (net)
                      0.077993    0.000164    5.449769 ^ _172_/C (sky130_fd_sc_hd__or4b_1)
     1    0.003620    0.073394    0.183245    5.633015 ^ _172_/X (sky130_fd_sc_hd__or4b_1)
                                                         _025_ (net)
                      0.073395    0.000242    5.633257 ^ _227_/A2 (sky130_fd_sc_hd__o31a_1)
     1    0.002441    0.071725    0.239762    5.873018 ^ _227_/X (sky130_fd_sc_hd__o31a_1)
                                                         _000_ (net)
                      0.071725    0.000174    5.873192 ^ _228_/D (sky130_fd_sc_hd__dfxtp_1)
                                              5.873192   data arrival time

                                  0.000000    0.000000   clock clk (rise edge)
                                  0.000000    0.000000   clock source latency
     1    0.004978    0.047041    0.027363    0.027363 ^ clk (in)
                                                         clk (net)
                      0.047042    0.000000    0.027363 ^ _228_/CLK (sky130_fd_sc_hd__dfxtp_1)
                                  0.250000    0.277363   clock uncertainty
                                  0.000000    0.277363   clock reconvergence pessimism
                                 -0.076071    0.201292   library hold time
                                              0.201292   data required time
---------------------------------------------------------------------------------------------
                                              0.201292   data required time
                                             -5.873192   data arrival time
---------------------------------------------------------------------------------------------
                                              5.671900   slack (MET)


Startpoint: _228_ (rising edge-triggered flip-flop clocked by clk)
Endpoint: z (output port clocked by clk)
Path Group: clk
Path Type: min

Fanout         Cap        Slew       Delay        Time   Description
---------------------------------------------------------------------------------------------
                                  0.000000    0.000000   clock clk (rise edge)
                                  0.000000    0.000000   clock source latency
     1    0.004978    0.047041    0.027363    0.027363 ^ clk (in)
                                                         clk (net)
                      0.047042    0.000000    0.027363 ^ _228_/CLK (sky130_fd_sc_hd__dfxtp_1)
     1    0.006374    0.076199    0.590364    0.617727 v _228_/Q (sky130_fd_sc_hd__dfxtp_1)
                                                         net65 (net)
                      0.076205    0.000570    0.618297 v output65/A (sky130_fd_sc_hd__buf_2)
     1    0.034327    0.166442    0.346919    0.965216 v output65/X (sky130_fd_sc_hd__buf_2)
                                                         z (net)
                      0.166466    0.001652    0.966868 v z (out)
                                              0.966868   data arrival time

                                  0.000000    0.000000   clock clk (rise edge)
                                  0.000000    0.000000   clock network delay (propagated)
                                  0.250000    0.250000   clock uncertainty
                                  0.000000    0.250000   clock reconvergence pessimism
                                 -5.000000   -4.750000   output external delay
                                             -4.750000   data required time
---------------------------------------------------------------------------------------------
                                             -4.750000   data required time
                                             -0.966868   data arrival time
---------------------------------------------------------------------------------------------
                                              5.716867   slack (MET)



%OL_END_REPORT
%OL_CREATE_REPORT max.rpt

===========================================================================
report_checks -path_delay max (Setup)
============================================================================
======================= max_ss_100C_1v60 Corner ===================================

Startpoint: a[30] (input port clocked by clk)
Endpoint: _228_ (rising edge-triggered flip-flop clocked by clk)
Path Group: clk
Path Type: max

Fanout         Cap        Slew       Delay        Time   Description
---------------------------------------------------------------------------------------------
                                  0.000000    0.000000   clock clk (rise edge)
                                  0.000000    0.000000   clock network delay (propagated)
                                  5.000000    5.000000 ^ input external delay
     1    0.003018    0.033689    0.016989    5.016989 ^ a[30] (in)
                                                         a[30] (net)
                      0.033690    0.000000    5.016989 ^ input24/A (sky130_fd_sc_hd__buf_1)
     2    0.007336    0.152947    0.193290    5.210279 ^ input24/X (sky130_fd_sc_hd__buf_1)
                                                         net24 (net)
                      0.152948    0.000380    5.210659 ^ _133_/A_N (sky130_fd_sc_hd__and2b_1)
     2    0.006319    0.094161    0.422082    5.632740 v _133_/X (sky130_fd_sc_hd__and2b_1)
                                                         _099_ (net)
                      0.094164    0.000432    5.633173 v _137_/B1 (sky130_fd_sc_hd__a2111o_1)
     2    0.005463    0.135089    0.777269    6.410442 v _137_/X (sky130_fd_sc_hd__a2111o_1)
                                                         _103_ (net)
                      0.135091    0.000331    6.410773 v _141_/A (sky130_fd_sc_hd__or4b_1)
     3    0.008488    0.243880    1.330213    7.740986 v _141_/X (sky130_fd_sc_hd__or4b_1)
                                                         _107_ (net)
                      0.243881    0.000481    7.741467 v _152_/A (sky130_fd_sc_hd__or3_1)
     2    0.006098    0.169823    0.959105    8.700571 v _152_/X (sky130_fd_sc_hd__or3_1)
                                                         _005_ (net)
                      0.169825    0.000450    8.701021 v _163_/A (sky130_fd_sc_hd__or2_1)
     1    0.002977    0.098501    0.536364    9.237386 v _163_/X (sky130_fd_sc_hd__or2_1)
                                                         _016_ (net)
                      0.098501    0.000144    9.237529 v _227_/A1 (sky130_fd_sc_hd__o31a_1)
     1    0.002525    0.082656    0.556644    9.794174 v _227_/X (sky130_fd_sc_hd__o31a_1)
                                                         _000_ (net)
                      0.082656    0.000180    9.794354 v _228_/D (sky130_fd_sc_hd__dfxtp_1)
                                              9.794354   data arrival time

                                 25.000000   25.000000   clock clk (rise edge)
                                  0.000000   25.000000   clock source latency
     1    0.004978    0.047041    0.027363   25.027363 ^ clk (in)
                                                         clk (net)
                      0.047042    0.000000   25.027363 ^ _228_/CLK (sky130_fd_sc_hd__dfxtp_1)
                                 -0.250000   24.777363   clock uncertainty
                                  0.000000   24.777363   clock reconvergence pessimism
                                 -0.280426   24.496937   library setup time
                                             24.496937   data required time
---------------------------------------------------------------------------------------------
                                             24.496937   data required time
                                             -9.794354   data arrival time
---------------------------------------------------------------------------------------------
                                             14.702582   slack (MET)


Startpoint: _228_ (rising edge-triggered flip-flop clocked by clk)
Endpoint: z (output port clocked by clk)
Path Group: clk
Path Type: max

Fanout         Cap        Slew       Delay        Time   Description
---------------------------------------------------------------------------------------------
                                  0.000000    0.000000   clock clk (rise edge)
                                  0.000000    0.000000   clock source latency
     1    0.004978    0.047041    0.027363    0.027363 ^ clk (in)
                                                         clk (net)
                      0.047042    0.000000    0.027363 ^ _228_/CLK (sky130_fd_sc_hd__dfxtp_1)
     1    0.006502    0.117825    0.653840    0.681203 ^ _228_/Q (sky130_fd_sc_hd__dfxtp_1)
                                                         net65 (net)
                      0.117830    0.000587    0.681790 ^ output65/A (sky130_fd_sc_hd__buf_2)
     1    0.034327    0.272942    0.365452    1.047242 ^ output65/X (sky130_fd_sc_hd__buf_2)
                                                         z (net)
                      0.272956    0.001652    1.048894 ^ z (out)
                                              1.048894   data arrival time

                                 25.000000   25.000000   clock clk (rise edge)
                                  0.000000   25.000000   clock network delay (propagated)
                                 -0.250000   24.750000   clock uncertainty
                                  0.000000   24.750000   clock reconvergence pessimism
                                 -5.000000   19.750000   output external delay
                                             19.750000   data required time
---------------------------------------------------------------------------------------------
                                             19.750000   data required time
                                             -1.048894   data arrival time
---------------------------------------------------------------------------------------------
                                             18.701105   slack (MET)



%OL_END_REPORT
%OL_CREATE_REPORT checks.rpt

===========================================================================
report_checks -unconstrained
===========================================================================
======================= max_ss_100C_1v60 Corner ===================================

Startpoint: a[30] (input port clocked by clk)
Endpoint: _228_ (rising edge-triggered flip-flop clocked by clk)
Path Group: clk
Path Type: max

Fanout         Cap        Slew       Delay        Time   Description
---------------------------------------------------------------------------------------------
                                  0.000000    0.000000   clock clk (rise edge)
                                  0.000000    0.000000   clock network delay (propagated)
                                  5.000000    5.000000 ^ input external delay
     1    0.003018    0.033689    0.016989    5.016989 ^ a[30] (in)
                                                         a[30] (net)
                      0.033690    0.000000    5.016989 ^ input24/A (sky130_fd_sc_hd__buf_1)
     2    0.007336    0.152947    0.193290    5.210279 ^ input24/X (sky130_fd_sc_hd__buf_1)
                                                         net24 (net)
                      0.152948    0.000380    5.210659 ^ _133_/A_N (sky130_fd_sc_hd__and2b_1)
     2    0.006319    0.094161    0.422082    5.632740 v _133_/X (sky130_fd_sc_hd__and2b_1)
                                                         _099_ (net)
                      0.094164    0.000432    5.633173 v _137_/B1 (sky130_fd_sc_hd__a2111o_1)
     2    0.005463    0.135089    0.777269    6.410442 v _137_/X (sky130_fd_sc_hd__a2111o_1)
                                                         _103_ (net)
                      0.135091    0.000331    6.410773 v _141_/A (sky130_fd_sc_hd__or4b_1)
     3    0.008488    0.243880    1.330213    7.740986 v _141_/X (sky130_fd_sc_hd__or4b_1)
                                                         _107_ (net)
                      0.243881    0.000481    7.741467 v _152_/A (sky130_fd_sc_hd__or3_1)
     2    0.006098    0.169823    0.959105    8.700571 v _152_/X (sky130_fd_sc_hd__or3_1)
                                                         _005_ (net)
                      0.169825    0.000450    8.701021 v _163_/A (sky130_fd_sc_hd__or2_1)
     1    0.002977    0.098501    0.536364    9.237386 v _163_/X (sky130_fd_sc_hd__or2_1)
                                                         _016_ (net)
                      0.098501    0.000144    9.237529 v _227_/A1 (sky130_fd_sc_hd__o31a_1)
     1    0.002525    0.082656    0.556644    9.794174 v _227_/X (sky130_fd_sc_hd__o31a_1)
                                                         _000_ (net)
                      0.082656    0.000180    9.794354 v _228_/D (sky130_fd_sc_hd__dfxtp_1)
                                              9.794354   data arrival time

                                 25.000000   25.000000   clock clk (rise edge)
                                  0.000000   25.000000   clock source latency
     1    0.004978    0.047041    0.027363   25.027363 ^ clk (in)
                                                         clk (net)
                      0.047042    0.000000   25.027363 ^ _228_/CLK (sky130_fd_sc_hd__dfxtp_1)
                                 -0.250000   24.777363   clock uncertainty
                                  0.000000   24.777363   clock reconvergence pessimism
                                 -0.280426   24.496937   library setup time
                                             24.496937   data required time
---------------------------------------------------------------------------------------------
                                             24.496937   data required time
                                             -9.794354   data arrival time
---------------------------------------------------------------------------------------------
                                             14.702582   slack (MET)




===========================================================================
report_checks --slack_max -0.01
============================================================================
======================= max_ss_100C_1v60 Corner ===================================

No paths found.


===========================================================================
 report_check_types -max_slew -max_cap -max_fanout -violators
============================================================================
======================= max_ss_100C_1v60 Corner ===================================



===========================================================================
report_parasitic_annotation -report_unannotated
============================================================================
Found 0 unannotated drivers.
Found 0 partially unannotated drivers.

===========================================================================
max slew violation count 0
%OL_METRIC_I design__max_slew_violation__count__corner:max_ss_100C_1v60 0
max fanout violation count 0
%OL_METRIC_I design__max_fanout_violation__count__corner:max_ss_100C_1v60 0
max cap violation count 0
%OL_METRIC_I design__max_cap_violation__count__corner:max_ss_100C_1v60 0
============================================================================

===========================================================================
check_setup -verbose -unconstrained_endpoints -multiple_clock -no_clock -no_input_delay -loops -generated_clocks
===========================================================================
%OL_END_REPORT
%OL_CREATE_REPORT power.rpt

===========================================================================
 report_power
============================================================================
======================= max_ss_100C_1v60 Corner ===================================

Group                    Internal    Switching      Leakage        Total
                            Power        Power        Power        Power (Watts)
------------------------------------------------------------------------
Sequential           1.318291e-06 2.253472e-08 1.351832e-08 1.354344e-06   8.8%
Combinational        7.468714e-06 5.717461e-06 7.976118e-07 1.398379e-05  91.2%
Clock                0.000000e+00 0.000000e+00 2.193723e-10 2.193723e-10   0.0%
Macro                0.000000e+00 0.000000e+00 0.000000e+00 0.000000e+00   0.0%
Pad                  0.000000e+00 0.000000e+00 0.000000e+00 0.000000e+00   0.0%
------------------------------------------------------------------------
Total                8.787006e-06 5.739996e-06 8.113495e-07 1.533835e-05 100.0%
                            57.3%        37.4%         5.3%
%OL_METRIC_F power__internal__total 8.787005754129495e-6
%OL_METRIC_F power__switching__total 5.7399956858716905e-6
%OL_METRIC_F power__leakage__total 8.113495368888834e-7
%OL_METRIC_F power__total 1.5338351659011096e-5

%OL_END_REPORT
%OL_CREATE_REPORT skew.min.rpt

===========================================================================
Clock Skew (Hold)
============================================================================
%OL_METRIC_F clock__skew__worst_hold__corner:max_ss_100C_1v60 0.000000
======================= max_ss_100C_1v60 Corner ===================================

Clock clk
No launch/capture paths found.

%OL_END_REPORT
%OL_CREATE_REPORT skew.max.rpt

===========================================================================
Clock Skew (Setup)
============================================================================
%OL_METRIC_F clock__skew__worst_setup__corner:max_ss_100C_1v60 0.000000
======================= max_ss_100C_1v60 Corner ===================================

Clock clk
No launch/capture paths found.

%OL_END_REPORT
%OL_CREATE_REPORT ws.min.rpt

===========================================================================
Worst Slack (Hold)
============================================================================
%OL_METRIC_F timing__hold__ws__corner:max_ss_100C_1v60 5.671900
max_ss_100C_1v60: 5.671900
%OL_END_REPORT
%OL_CREATE_REPORT ws.max.rpt

===========================================================================
Worst Slack (Setup)
============================================================================
%OL_METRIC_F timing__setup__ws__corner:max_ss_100C_1v60 14.702582
max_ss_100C_1v60: 14.702582
%OL_END_REPORT
%OL_CREATE_REPORT tns.min.rpt

===========================================================================
Total Negative Slack (Hold)
============================================================================
%OL_METRIC_F timing__hold__tns__corner:max_ss_100C_1v60 0.000000
max_ss_100C_1v60: 0.000000
%OL_END_REPORT
%OL_CREATE_REPORT tns.max.rpt

===========================================================================
Total Negative Slack (Setup)
============================================================================
%OL_METRIC_F timing__setup__tns__corner:max_ss_100C_1v60 0.000000
max_ss_100C_1v60: 0.000000
%OL_END_REPORT
%OL_CREATE_REPORT wns.min.rpt

===========================================================================
Worst Negative Slack (Hold)
============================================================================
%OL_METRIC_F timing__hold__wns__corner:max_ss_100C_1v60 0
max_ss_100C_1v60: 0
%OL_END_REPORT
%OL_CREATE_REPORT wns.max.rpt

===========================================================================
Worst Negative Slack (Setup)
============================================================================
%OL_METRIC_F timing__setup__wns__corner:max_ss_100C_1v60 0.0
max_ss_100C_1v60: 0.0
%OL_END_REPORT
%OL_CREATE_REPORT violator_list.rpt

===========================================================================
Violator List
============================================================================
%OL_METRIC_I timing__hold_vio__count__corner:max_ss_100C_1v60 0
%OL_METRIC_F timing__hold_r2r__ws__corner:max_ss_100C_1v60 inf
%OL_METRIC_I timing__hold_r2r_vio__count__corner:max_ss_100C_1v60 0
%OL_METRIC_I timing__setup_vio__count__corner:max_ss_100C_1v60 0
%OL_METRIC_F timing__setup_r2r__ws__corner:max_ss_100C_1v60 inf
%OL_METRIC_I timing__setup_r2r_vio__count__corner:max_ss_100C_1v60 0
%OL_END_REPORT
Writing SDF files for all corners…
Removing Clock latencies before writing libs…
Writing timing models for all corners…
Writing timing models for the max_ss_100C_1v60 corner to /home/erwann/design_workspace/sky130A/HelloWorld/digital/comp32/runs/RUN_2024-04-29_20-15-20/51-openroad-stapostpnr/max_ss_100C_1v60/comp32__max_ss_100C_1v60.lib…
