
===========================================================================
report_checks -unconstrained
===========================================================================
======================= nom_tt_025C_1v80 Corner ===================================

Startpoint: a[30] (input port clocked by clk)
Endpoint: _228_ (rising edge-triggered flip-flop clocked by clk)
Path Group: clk
Path Type: max

Fanout         Cap        Slew       Delay        Time   Description
---------------------------------------------------------------------------------------------
                                  0.000000    0.000000   clock clk (rise edge)
                                  0.000000    0.000000   clock network delay (propagated)
                                  5.000000    5.000000 ^ input external delay
     1    0.002849    0.019942    0.010470    5.010470 ^ a[30] (in)
                                                         a[30] (net)
                      0.019942    0.000000    5.010470 ^ input24/A (sky130_fd_sc_hd__buf_1)
     2    0.006793    0.091049    0.103821    5.114292 ^ input24/X (sky130_fd_sc_hd__buf_1)
                                                         net24 (net)
                      0.091049    0.000026    5.114317 ^ _133_/A_N (sky130_fd_sc_hd__and2b_1)
     2    0.005281    0.044069    0.194005    5.308322 v _133_/X (sky130_fd_sc_hd__and2b_1)
                                                         _099_ (net)
                      0.044069    0.000032    5.308354 v _137_/B1 (sky130_fd_sc_hd__a2111o_1)
     2    0.004132    0.068139    0.384569    5.692923 v _137_/X (sky130_fd_sc_hd__a2111o_1)
                                                         _103_ (net)
                      0.068139    0.000017    5.692940 v _141_/A (sky130_fd_sc_hd__or4b_1)
     3    0.006746    0.107958    0.555656    6.248596 v _141_/X (sky130_fd_sc_hd__or4b_1)
                                                         _107_ (net)
                      0.107958    0.000072    6.248668 v _152_/A (sky130_fd_sc_hd__or3_1)
     2    0.004520    0.074671    0.397122    6.645790 v _152_/X (sky130_fd_sc_hd__or3_1)
                                                         _005_ (net)
                      0.074671    0.000027    6.645817 v _163_/A (sky130_fd_sc_hd__or2_1)
     1    0.002503    0.047426    0.228569    6.874386 v _163_/X (sky130_fd_sc_hd__or2_1)
                                                         _016_ (net)
                      0.047426    0.000007    6.874393 v _227_/A1 (sky130_fd_sc_hd__o31a_1)
     1    0.002134    0.044505    0.282321    7.156714 v _227_/X (sky130_fd_sc_hd__o31a_1)
                                                         _000_ (net)
                      0.044505    0.000010    7.156724 v _228_/D (sky130_fd_sc_hd__dfxtp_1)
                                              7.156724   data arrival time

                                 25.000000   25.000000   clock clk (rise edge)
                                  0.000000   25.000000   clock source latency
     1    0.001877    0.016287    0.007061   25.007061 ^ clk (in)
                                                         clk (net)
                      0.016287    0.000000   25.007061 ^ _228_/CLK (sky130_fd_sc_hd__dfxtp_1)
                                 -0.250000   24.757061   clock uncertainty
                                  0.000000   24.757061   clock reconvergence pessimism
                                 -0.117021   24.640039   library setup time
                                             24.640039   data required time
---------------------------------------------------------------------------------------------
                                             24.640039   data required time
                                             -7.156724   data arrival time
---------------------------------------------------------------------------------------------
                                             17.483316   slack (MET)




===========================================================================
report_checks --slack_max -0.01
============================================================================
======================= nom_tt_025C_1v80 Corner ===================================

No paths found.


===========================================================================
 report_check_types -max_slew -max_cap -max_fanout -violators
============================================================================
======================= nom_tt_025C_1v80 Corner ===================================



===========================================================================
report_parasitic_annotation -report_unannotated
============================================================================
Found 1 unannotated drivers.
 clk
Found 0 partially unannotated drivers.

===========================================================================
max slew violation count 0
Writing metric design__max_slew_violation__count__corner:nom_tt_025C_1v80: 0
max fanout violation count 0
Writing metric design__max_fanout_violation__count__corner:nom_tt_025C_1v80: 0
max cap violation count 0
Writing metric design__max_cap_violation__count__corner:nom_tt_025C_1v80: 0
============================================================================

===========================================================================
check_setup -verbose -unconstrained_endpoints -multiple_clock -no_clock -no_input_delay -loops -generated_clocks
===========================================================================
