Reading OpenROAD database at '/home/erwann/design_workspace/sky130A/HelloWorld/digital/comp32/runs/RUN_2024-05-09_16-54-40/32-openroad-cts/comp32.odb'…
Reading library file at '/home/erwann/.volare/volare/sky130/versions/bdc9412b3e468c102d01b7cf6337be06ec6e9c9a/sky130A/libs.ref/sky130_fd_sc_hd/lib/sky130_fd_sc_hd__tt_025C_1v80.lib'…
Reading design constraints file at '/nix/store/hwxq78ix5dm1zxacgmyfrlkgn2vq15hz-python3-3.11.6-env/lib/python3.11/site-packages/openlane/scripts/base.sdc'…
[INFO] Using clock clk…
[INFO] Setting output delay to: 5
[INFO] Setting input delay to: 5
[INFO] Setting load to: 0.033442
[INFO] Setting clock uncertainty to: 0.25
[INFO] Setting clock transition to: 0.1499999999999999944488848768742172978818416595458984375
[INFO] Setting timing derate to: 5%
[INFO] Setting RC values…
%OL_CREATE_REPORT min.rpt

===========================================================================
report_checks -path_delay min (Hold)
============================================================================
======================= nom_tt_025C_1v80 Corner ===================================

Startpoint: a[16] (input port clocked by clk)
Endpoint: _228_ (rising edge-triggered flip-flop clocked by clk)
Path Group: clk
Path Type: min

Fanout         Cap        Slew       Delay        Time   Description
---------------------------------------------------------------------------------------------
                                  0.000000    0.000000   clock clk (rise edge)
                                  0.000000    0.000000   clock network delay (propagated)
                                  5.000000    5.000000 ^ input external delay
     1    0.002630    0.019007    0.009701    5.009701 ^ a[16] (in)
                                                         a[16] (net)
                      0.019007    0.000000    5.009701 ^ input8/A (sky130_fd_sc_hd__clkbuf_1)
     2    0.005455    0.073465    0.092768    5.102470 ^ input8/X (sky130_fd_sc_hd__clkbuf_1)
                                                         net8 (net)
                      0.073465    0.000069    5.102539 ^ _171_/B (sky130_fd_sc_hd__and2_1)
     1    0.002131    0.040642    0.117709    5.220248 ^ _171_/X (sky130_fd_sc_hd__and2_1)
                                                         _024_ (net)
                      0.040642    0.000011    5.220260 ^ _172_/C (sky130_fd_sc_hd__or4b_1)
     1    0.002961    0.039315    0.094459    5.314718 ^ _172_/X (sky130_fd_sc_hd__or4b_1)
                                                         _025_ (net)
                      0.039315    0.000014    5.314732 ^ _227_/A2 (sky130_fd_sc_hd__o31a_1)
     1    0.002127    0.039964    0.113801    5.428533 ^ _227_/X (sky130_fd_sc_hd__o31a_1)
                                                         _000_ (net)
                      0.039964    0.000010    5.428543 ^ _228_/D (sky130_fd_sc_hd__dfxtp_1)
                                              5.428543   data arrival time

                                  0.000000    0.000000   clock clk (rise edge)
                                  0.000000    0.000000   clock source latency
     1    0.001877    0.016287    0.007062    0.007062 ^ clk (in)
                                                         clk (net)
                      0.016287    0.000000    0.007062 ^ _228_/CLK (sky130_fd_sc_hd__dfxtp_1)
                                  0.250000    0.257062   clock uncertainty
                                  0.000000    0.257062   clock reconvergence pessimism
                                 -0.033997    0.223065   library hold time
                                              0.223065   data required time
---------------------------------------------------------------------------------------------
                                              0.223065   data required time
                                             -5.428543   data arrival time
---------------------------------------------------------------------------------------------
                                              5.205478   slack (MET)


Startpoint: _228_ (rising edge-triggered flip-flop clocked by clk)
Endpoint: z (output port clocked by clk)
Path Group: clk
Path Type: min

Fanout         Cap        Slew       Delay        Time   Description
---------------------------------------------------------------------------------------------
                                  0.000000    0.000000   clock clk (rise edge)
                                  0.000000    0.000000   clock source latency
     1    0.001877    0.016287    0.007062    0.007062 ^ clk (in)
                                                         clk (net)
                      0.016287    0.000000    0.007062 ^ _228_/CLK (sky130_fd_sc_hd__dfxtp_1)
     1    0.003369    0.028799    0.283300    0.290361 v _228_/Q (sky130_fd_sc_hd__dfxtp_1)
                                                         net65 (net)
                      0.028799    0.000049    0.290411 v output65/A (sky130_fd_sc_hd__buf_2)
     1    0.034050    0.088969    0.173052    0.463462 v output65/X (sky130_fd_sc_hd__buf_2)
                                                         z (net)
                      0.088969    0.000235    0.463698 v z (out)
                                              0.463698   data arrival time

                                  0.000000    0.000000   clock clk (rise edge)
                                  0.000000    0.000000   clock network delay (propagated)
                                  0.250000    0.250000   clock uncertainty
                                  0.000000    0.250000   clock reconvergence pessimism
                                 -5.000000   -4.750000   output external delay
                                             -4.750000   data required time
---------------------------------------------------------------------------------------------
                                             -4.750000   data required time
                                             -0.463698   data arrival time
---------------------------------------------------------------------------------------------
                                              5.213697   slack (MET)



%OL_END_REPORT
%OL_CREATE_REPORT max.rpt

===========================================================================
report_checks -path_delay max (Setup)
============================================================================
======================= nom_tt_025C_1v80 Corner ===================================

Startpoint: a[30] (input port clocked by clk)
Endpoint: _228_ (rising edge-triggered flip-flop clocked by clk)
Path Group: clk
Path Type: max

Fanout         Cap        Slew       Delay        Time   Description
---------------------------------------------------------------------------------------------
                                  0.000000    0.000000   clock clk (rise edge)
                                  0.000000    0.000000   clock network delay (propagated)
                                  5.000000    5.000000 ^ input external delay
     1    0.002849    0.019942    0.010470    5.010470 ^ a[30] (in)
                                                         a[30] (net)
                      0.019942    0.000000    5.010470 ^ input24/A (sky130_fd_sc_hd__buf_1)
     2    0.006793    0.091049    0.103821    5.114292 ^ input24/X (sky130_fd_sc_hd__buf_1)
                                                         net24 (net)
                      0.091049    0.000026    5.114317 ^ _133_/A_N (sky130_fd_sc_hd__and2b_1)
     2    0.005281    0.044069    0.194005    5.308322 v _133_/X (sky130_fd_sc_hd__and2b_1)
                                                         _099_ (net)
                      0.044069    0.000032    5.308354 v _137_/B1 (sky130_fd_sc_hd__a2111o_1)
     2    0.004132    0.068139    0.384569    5.692923 v _137_/X (sky130_fd_sc_hd__a2111o_1)
                                                         _103_ (net)
                      0.068139    0.000017    5.692940 v _141_/A (sky130_fd_sc_hd__or4b_1)
     3    0.006746    0.107958    0.555656    6.248596 v _141_/X (sky130_fd_sc_hd__or4b_1)
                                                         _107_ (net)
                      0.107958    0.000072    6.248668 v _152_/A (sky130_fd_sc_hd__or3_1)
     2    0.004520    0.074671    0.397122    6.645790 v _152_/X (sky130_fd_sc_hd__or3_1)
                                                         _005_ (net)
                      0.074671    0.000027    6.645817 v _163_/A (sky130_fd_sc_hd__or2_1)
     1    0.002503    0.047426    0.228569    6.874386 v _163_/X (sky130_fd_sc_hd__or2_1)
                                                         _016_ (net)
                      0.047426    0.000007    6.874393 v _227_/A1 (sky130_fd_sc_hd__o31a_1)
     1    0.002134    0.044505    0.282321    7.156714 v _227_/X (sky130_fd_sc_hd__o31a_1)
                                                         _000_ (net)
                      0.044505    0.000010    7.156724 v _228_/D (sky130_fd_sc_hd__dfxtp_1)
                                              7.156724   data arrival time

                                 25.000000   25.000000   clock clk (rise edge)
                                  0.000000   25.000000   clock source latency
     1    0.001877    0.016287    0.007061   25.007061 ^ clk (in)
                                                         clk (net)
                      0.016287    0.000000   25.007061 ^ _228_/CLK (sky130_fd_sc_hd__dfxtp_1)
                                 -0.250000   24.757061   clock uncertainty
                                  0.000000   24.757061   clock reconvergence pessimism
                                 -0.117021   24.640039   library setup time
                                             24.640039   data required time
---------------------------------------------------------------------------------------------
                                             24.640039   data required time
                                             -7.156724   data arrival time
---------------------------------------------------------------------------------------------
                                             17.483316   slack (MET)


Startpoint: _228_ (rising edge-triggered flip-flop clocked by clk)
Endpoint: z (output port clocked by clk)
Path Group: clk
Path Type: max

Fanout         Cap        Slew       Delay        Time   Description
---------------------------------------------------------------------------------------------
                                  0.000000    0.000000   clock clk (rise edge)
                                  0.000000    0.000000   clock source latency
     1    0.001877    0.016287    0.007062    0.007062 ^ clk (in)
                                                         clk (net)
                      0.016287    0.000000    0.007062 ^ _228_/CLK (sky130_fd_sc_hd__dfxtp_1)
     1    0.003529    0.046595    0.294141    0.301202 ^ _228_/Q (sky130_fd_sc_hd__dfxtp_1)
                                                         net65 (net)
                      0.046595    0.000053    0.301255 ^ output65/A (sky130_fd_sc_hd__buf_2)
     1    0.034050    0.169107    0.198153    0.499408 ^ output65/X (sky130_fd_sc_hd__buf_2)
                                                         z (net)
                      0.169107    0.000235    0.499644 ^ z (out)
                                              0.499644   data arrival time

                                 25.000000   25.000000   clock clk (rise edge)
                                  0.000000   25.000000   clock network delay (propagated)
                                 -0.250000   24.750000   clock uncertainty
                                  0.000000   24.750000   clock reconvergence pessimism
                                 -5.000000   19.750000   output external delay
                                             19.750000   data required time
---------------------------------------------------------------------------------------------
                                             19.750000   data required time
                                             -0.499644   data arrival time
---------------------------------------------------------------------------------------------
                                             19.250357   slack (MET)



%OL_END_REPORT
%OL_CREATE_REPORT checks.rpt

===========================================================================
report_checks -unconstrained
===========================================================================
======================= nom_tt_025C_1v80 Corner ===================================

Startpoint: a[30] (input port clocked by clk)
Endpoint: _228_ (rising edge-triggered flip-flop clocked by clk)
Path Group: clk
Path Type: max

Fanout         Cap        Slew       Delay        Time   Description
---------------------------------------------------------------------------------------------
                                  0.000000    0.000000   clock clk (rise edge)
                                  0.000000    0.000000   clock network delay (propagated)
                                  5.000000    5.000000 ^ input external delay
     1    0.002849    0.019942    0.010470    5.010470 ^ a[30] (in)
                                                         a[30] (net)
                      0.019942    0.000000    5.010470 ^ input24/A (sky130_fd_sc_hd__buf_1)
     2    0.006793    0.091049    0.103821    5.114292 ^ input24/X (sky130_fd_sc_hd__buf_1)
                                                         net24 (net)
                      0.091049    0.000026    5.114317 ^ _133_/A_N (sky130_fd_sc_hd__and2b_1)
     2    0.005281    0.044069    0.194005    5.308322 v _133_/X (sky130_fd_sc_hd__and2b_1)
                                                         _099_ (net)
                      0.044069    0.000032    5.308354 v _137_/B1 (sky130_fd_sc_hd__a2111o_1)
     2    0.004132    0.068139    0.384569    5.692923 v _137_/X (sky130_fd_sc_hd__a2111o_1)
                                                         _103_ (net)
                      0.068139    0.000017    5.692940 v _141_/A (sky130_fd_sc_hd__or4b_1)
     3    0.006746    0.107958    0.555656    6.248596 v _141_/X (sky130_fd_sc_hd__or4b_1)
                                                         _107_ (net)
                      0.107958    0.000072    6.248668 v _152_/A (sky130_fd_sc_hd__or3_1)
     2    0.004520    0.074671    0.397122    6.645790 v _152_/X (sky130_fd_sc_hd__or3_1)
                                                         _005_ (net)
                      0.074671    0.000027    6.645817 v _163_/A (sky130_fd_sc_hd__or2_1)
     1    0.002503    0.047426    0.228569    6.874386 v _163_/X (sky130_fd_sc_hd__or2_1)
                                                         _016_ (net)
                      0.047426    0.000007    6.874393 v _227_/A1 (sky130_fd_sc_hd__o31a_1)
     1    0.002134    0.044505    0.282321    7.156714 v _227_/X (sky130_fd_sc_hd__o31a_1)
                                                         _000_ (net)
                      0.044505    0.000010    7.156724 v _228_/D (sky130_fd_sc_hd__dfxtp_1)
                                              7.156724   data arrival time

                                 25.000000   25.000000   clock clk (rise edge)
                                  0.000000   25.000000   clock source latency
     1    0.001877    0.016287    0.007061   25.007061 ^ clk (in)
                                                         clk (net)
                      0.016287    0.000000   25.007061 ^ _228_/CLK (sky130_fd_sc_hd__dfxtp_1)
                                 -0.250000   24.757061   clock uncertainty
                                  0.000000   24.757061   clock reconvergence pessimism
                                 -0.117021   24.640039   library setup time
                                             24.640039   data required time
---------------------------------------------------------------------------------------------
                                             24.640039   data required time
                                             -7.156724   data arrival time
---------------------------------------------------------------------------------------------
                                             17.483316   slack (MET)




===========================================================================
report_checks --slack_max -0.01
============================================================================
======================= nom_tt_025C_1v80 Corner ===================================

No paths found.


===========================================================================
 report_check_types -max_slew -max_cap -max_fanout -violators
============================================================================
======================= nom_tt_025C_1v80 Corner ===================================



===========================================================================
report_parasitic_annotation -report_unannotated
============================================================================
Found 1 unannotated drivers.
 clk
Found 0 partially unannotated drivers.

===========================================================================
max slew violation count 0
Writing metric design__max_slew_violation__count__corner:nom_tt_025C_1v80: 0
max fanout violation count 0
Writing metric design__max_fanout_violation__count__corner:nom_tt_025C_1v80: 0
max cap violation count 0
Writing metric design__max_cap_violation__count__corner:nom_tt_025C_1v80: 0
============================================================================

===========================================================================
check_setup -verbose -unconstrained_endpoints -multiple_clock -no_clock -no_input_delay -loops -generated_clocks
===========================================================================
%OL_END_REPORT
%OL_CREATE_REPORT power.rpt

===========================================================================
 report_power
============================================================================
======================= nom_tt_025C_1v80 Corner ===================================

Group                    Internal    Switching      Leakage        Total
                            Power        Power        Power        Power (Watts)
------------------------------------------------------------------------
Sequential           1.678998e-06 1.547836e-08 8.111877e-12 1.694485e-06  10.0%
Combinational        9.027936e-06 6.143320e-06 4.664922e-10 1.517172e-05  90.0%
Clock                0.000000e+00 0.000000e+00 1.036812e-10 1.036812e-10   0.0%
Macro                0.000000e+00 0.000000e+00 0.000000e+00 0.000000e+00   0.0%
Pad                  0.000000e+00 0.000000e+00 0.000000e+00 0.000000e+00   0.0%
------------------------------------------------------------------------
Total                1.070694e-05 6.158798e-06 5.782853e-10 1.686631e-05 100.0%
                            63.5%        36.5%         0.0%
Writing metric power__internal__total: 1.0706936336646322e-5
Writing metric power__switching__total: 6.158798441902036e-6
Writing metric power__leakage__total: 5.782853085278816e-10
Writing metric power__total: 1.6866313671926036e-5

%OL_END_REPORT
%OL_CREATE_REPORT skew.min.rpt

===========================================================================
Clock Skew (Hold)
============================================================================
Writing metric clock__skew__worst_hold__corner:nom_tt_025C_1v80: 0.000000
======================= nom_tt_025C_1v80 Corner ===================================

Clock clk
No launch/capture paths found.

%OL_END_REPORT
%OL_CREATE_REPORT skew.max.rpt

===========================================================================
Clock Skew (Setup)
============================================================================
Writing metric clock__skew__worst_setup__corner:nom_tt_025C_1v80: 0.000000
======================= nom_tt_025C_1v80 Corner ===================================

Clock clk
No launch/capture paths found.

%OL_END_REPORT
%OL_CREATE_REPORT ws.min.rpt

===========================================================================
Worst Slack (Hold)
============================================================================
Writing metric timing__hold__ws__corner:nom_tt_025C_1v80: 5.205478
nom_tt_025C_1v80: 5.205478
%OL_END_REPORT
%OL_CREATE_REPORT ws.max.rpt

===========================================================================
Worst Slack (Setup)
============================================================================
Writing metric timing__setup__ws__corner:nom_tt_025C_1v80: 17.483316
nom_tt_025C_1v80: 17.483316
%OL_END_REPORT
%OL_CREATE_REPORT tns.min.rpt

===========================================================================
Total Negative Slack (Hold)
============================================================================
Writing metric timing__hold__tns__corner:nom_tt_025C_1v80: 0.000000
nom_tt_025C_1v80: 0.000000
%OL_END_REPORT
%OL_CREATE_REPORT tns.max.rpt

===========================================================================
Total Negative Slack (Setup)
============================================================================
Writing metric timing__setup__tns__corner:nom_tt_025C_1v80: 0.000000
nom_tt_025C_1v80: 0.000000
%OL_END_REPORT
%OL_CREATE_REPORT wns.min.rpt

===========================================================================
Worst Negative Slack (Hold)
============================================================================
Writing metric timing__hold__wns__corner:nom_tt_025C_1v80: 0
nom_tt_025C_1v80: 0
%OL_END_REPORT
%OL_CREATE_REPORT wns.max.rpt

===========================================================================
Worst Negative Slack (Setup)
============================================================================
Writing metric timing__setup__wns__corner:nom_tt_025C_1v80: 0.0
nom_tt_025C_1v80: 0.0
%OL_END_REPORT
%OL_CREATE_REPORT violator_list.rpt

===========================================================================
Violator List
============================================================================
Writing metric timing__hold_vio__count__corner:nom_tt_025C_1v80: 0
Writing metric timing__hold_r2r__ws__corner:nom_tt_025C_1v80: 1e30
Writing metric timing__hold_r2r_vio__count__corner:nom_tt_025C_1v80: 0
Writing metric timing__setup_vio__count__corner:nom_tt_025C_1v80: 0
Writing metric timing__setup_r2r__ws__corner:nom_tt_025C_1v80: 1e30
Writing metric timing__setup_r2r_vio__count__corner:nom_tt_025C_1v80: 0
%OL_END_REPORT
