
===========================================================================
report_checks -path_delay max (Setup)
============================================================================
======================= nom_tt_025C_1v80 Corner ===================================

Startpoint: a[30] (input port clocked by clk)
Endpoint: _228_ (rising edge-triggered flip-flop clocked by clk)
Path Group: clk
Path Type: max

Fanout         Cap        Slew       Delay        Time   Description
---------------------------------------------------------------------------------------------
                                  0.000000    0.000000   clock clk (rise edge)
                                  0.000000    0.000000   clock network delay (propagated)
                                  5.000000    5.000000 ^ input external delay
     1    0.003527    0.022884    0.012877    5.012877 ^ a[30] (in)
                                                         a[30] (net)
                      0.022892    0.000000    5.012877 ^ input24/A (sky130_fd_sc_hd__buf_1)
     2    0.007374    0.094998    0.109380    5.122257 ^ input24/X (sky130_fd_sc_hd__buf_1)
                                                         net24 (net)
                      0.095028    0.000139    5.122397 ^ _133_/A_N (sky130_fd_sc_hd__and2b_1)
     2    0.005845    0.046431    0.197741    5.320138 v _133_/X (sky130_fd_sc_hd__and2b_1)
                                                         _099_ (net)
                      0.046431    0.000125    5.320263 v _137_/B1 (sky130_fd_sc_hd__a2111o_1)
     2    0.005602    0.072940    0.395553    5.715816 v _137_/X (sky130_fd_sc_hd__a2111o_1)
                                                         _103_ (net)
                      0.072940    0.000128    5.715944 v _141_/A (sky130_fd_sc_hd__or4b_1)
     3    0.007322    0.111813    0.562388    6.278333 v _141_/X (sky130_fd_sc_hd__or4b_1)
                                                         _107_ (net)
                      0.111813    0.000222    6.278555 v _152_/A (sky130_fd_sc_hd__or3_1)
     2    0.006363    0.084726    0.412432    6.690987 v _152_/X (sky130_fd_sc_hd__or3_1)
                                                         _005_ (net)
                      0.084726    0.000180    6.691167 v _163_/A (sky130_fd_sc_hd__or2_1)
     1    0.002899    0.048425    0.235405    6.926572 v _163_/X (sky130_fd_sc_hd__or2_1)
                                                         _016_ (net)
                      0.048425    0.000065    6.926637 v _227_/A1 (sky130_fd_sc_hd__o31a_1)
     1    0.002895    0.047483    0.288738    7.215375 v _227_/X (sky130_fd_sc_hd__o31a_1)
                                                         _000_ (net)
                      0.047483    0.000094    7.215469 v _228_/D (sky130_fd_sc_hd__dfxtp_1)
                                              7.215469   data arrival time

                                 25.000000   25.000000   clock clk (rise edge)
                                  0.000000   25.000000   clock source latency
     2    0.003383    0.022255    0.012323   25.012321 ^ clk (in)
                                                         clk (net)
                      0.022255    0.000000   25.012321 ^ _228_/CLK (sky130_fd_sc_hd__dfxtp_1)
                                 -0.250000   24.762323   clock uncertainty
                                  0.000000   24.762323   clock reconvergence pessimism
                                 -0.116935   24.645388   library setup time
                                             24.645388   data required time
---------------------------------------------------------------------------------------------
                                             24.645388   data required time
                                             -7.215469   data arrival time
---------------------------------------------------------------------------------------------
                                             17.429918   slack (MET)


Startpoint: _228_ (rising edge-triggered flip-flop clocked by clk)
Endpoint: z (output port clocked by clk)
Path Group: clk
Path Type: max

Fanout         Cap        Slew       Delay        Time   Description
---------------------------------------------------------------------------------------------
                                  0.000000    0.000000   clock clk (rise edge)
                                  0.000000    0.000000   clock source latency
     2    0.003383    0.022255    0.012323    0.012323 ^ clk (in)
                                                         clk (net)
                      0.022255    0.000000    0.012323 ^ _228_/CLK (sky130_fd_sc_hd__dfxtp_1)
     1    0.002551    0.038837    0.289276    0.301599 ^ _228_/Q (sky130_fd_sc_hd__dfxtp_1)
                                                         net65 (net)
                      0.038837    0.000000    0.301599 ^ output65/A (sky130_fd_sc_hd__buf_2)
     1    0.034781    0.172591    0.197186    0.498785 ^ output65/X (sky130_fd_sc_hd__buf_2)
                                                         z (net)
                      0.172645    0.000837    0.499621 ^ z (out)
                                              0.499621   data arrival time

                                 25.000000   25.000000   clock clk (rise edge)
                                  0.000000   25.000000   clock network delay (propagated)
                                 -0.250000   24.750000   clock uncertainty
                                  0.000000   24.750000   clock reconvergence pessimism
                                 -5.000000   19.750000   output external delay
                                             19.750000   data required time
---------------------------------------------------------------------------------------------
                                             19.750000   data required time
                                             -0.499621   data arrival time
---------------------------------------------------------------------------------------------
                                             19.250378   slack (MET)



