Reading OpenROAD database at '/home/erwann/design_workspace/sky130A/HelloWorld/digital/comp32/runs/RUN_2024-05-09_16-58-12/39-openroad-repairantennas/1-diodeinsertion/comp32.odb'…
Reading library file at '/home/erwann/.volare/volare/sky130/versions/bdc9412b3e468c102d01b7cf6337be06ec6e9c9a/sky130A/libs.ref/sky130_fd_sc_hd/lib/sky130_fd_sc_hd__tt_025C_1v80.lib'…
Reading design constraints file at '/nix/store/hwxq78ix5dm1zxacgmyfrlkgn2vq15hz-python3-3.11.6-env/lib/python3.11/site-packages/openlane/scripts/base.sdc'…
[INFO] Using clock clk…
[INFO] Setting output delay to: 5
[INFO] Setting input delay to: 5
[INFO] Setting load to: 0.033442
[INFO] Setting clock uncertainty to: 0.25
[INFO] Setting clock transition to: 0.1499999999999999944488848768742172978818416595458984375
[INFO] Setting timing derate to: 5%
[INFO] Setting RC values…
%OL_CREATE_REPORT min.rpt

===========================================================================
report_checks -path_delay min (Hold)
============================================================================
======================= nom_tt_025C_1v80 Corner ===================================

Startpoint: a[16] (input port clocked by clk)
Endpoint: _228_ (rising edge-triggered flip-flop clocked by clk)
Path Group: clk
Path Type: min

Fanout         Cap        Slew       Delay        Time   Description
---------------------------------------------------------------------------------------------
                                  0.000000    0.000000   clock clk (rise edge)
                                  0.000000    0.000000   clock network delay (propagated)
                                  5.000000    5.000000 ^ input external delay
     1    0.003226    0.021574    0.011820    5.011820 ^ a[16] (in)
                                                         a[16] (net)
                      0.021574    0.000000    5.011820 ^ input8/A (sky130_fd_sc_hd__buf_1)
     2    0.004052    0.059856    0.082604    5.094424 ^ input8/X (sky130_fd_sc_hd__buf_1)
                                                         net8 (net)
                      0.059856    0.000000    5.094424 ^ _171_/B (sky130_fd_sc_hd__and2_1)
     1    0.002562    0.044089    0.117138    5.211562 ^ _171_/X (sky130_fd_sc_hd__and2_1)
                                                         _024_ (net)
                      0.044089    0.000079    5.211641 ^ _172_/C (sky130_fd_sc_hd__or4b_1)
     1    0.003397    0.042799    0.098776    5.310416 ^ _172_/X (sky130_fd_sc_hd__or4b_1)
                                                         _025_ (net)
                      0.042799    0.000112    5.310528 ^ _227_/A2 (sky130_fd_sc_hd__o31a_1)
     1    0.002888    0.045927    0.121015    5.431543 ^ _227_/X (sky130_fd_sc_hd__o31a_1)
                                                         _000_ (net)
                      0.045929    0.000094    5.431637 ^ _228_/D (sky130_fd_sc_hd__dfxtp_1)
                                              5.431637   data arrival time

                                  0.000000    0.000000   clock clk (rise edge)
                                  0.000000    0.000000   clock source latency
     2    0.003383    0.022255    0.012323    0.012323 ^ clk (in)
                                                         clk (net)
                      0.022255    0.000000    0.012323 ^ _228_/CLK (sky130_fd_sc_hd__dfxtp_1)
                                  0.250000    0.262323   clock uncertainty
                                  0.000000    0.262323   clock reconvergence pessimism
                                 -0.034464    0.227859   library hold time
                                              0.227859   data required time
---------------------------------------------------------------------------------------------
                                              0.227859   data required time
                                             -5.431637   data arrival time
---------------------------------------------------------------------------------------------
                                              5.203778   slack (MET)


Startpoint: _228_ (rising edge-triggered flip-flop clocked by clk)
Endpoint: z (output port clocked by clk)
Path Group: clk
Path Type: min

Fanout         Cap        Slew       Delay        Time   Description
---------------------------------------------------------------------------------------------
                                  0.000000    0.000000   clock clk (rise edge)
                                  0.000000    0.000000   clock source latency
     2    0.003383    0.022255    0.012323    0.012323 ^ clk (in)
                                                         clk (net)
                      0.022255    0.000000    0.012323 ^ _228_/CLK (sky130_fd_sc_hd__dfxtp_1)
     1    0.002551    0.025186    0.281204    0.293527 v _228_/Q (sky130_fd_sc_hd__dfxtp_1)
                                                         net65 (net)
                      0.025186    0.000000    0.293527 v output65/A (sky130_fd_sc_hd__buf_2)
     1    0.034781    0.090840    0.172380    0.465907 v output65/X (sky130_fd_sc_hd__buf_2)
                                                         z (net)
                      0.090848    0.000836    0.466744 v z (out)
                                              0.466744   data arrival time

                                  0.000000    0.000000   clock clk (rise edge)
                                  0.000000    0.000000   clock network delay (propagated)
                                  0.250000    0.250000   clock uncertainty
                                  0.000000    0.250000   clock reconvergence pessimism
                                 -5.000000   -4.750000   output external delay
                                             -4.750000   data required time
---------------------------------------------------------------------------------------------
                                             -4.750000   data required time
                                             -0.466744   data arrival time
---------------------------------------------------------------------------------------------
                                              5.216743   slack (MET)



%OL_END_REPORT
%OL_CREATE_REPORT max.rpt

===========================================================================
report_checks -path_delay max (Setup)
============================================================================
======================= nom_tt_025C_1v80 Corner ===================================

Startpoint: a[30] (input port clocked by clk)
Endpoint: _228_ (rising edge-triggered flip-flop clocked by clk)
Path Group: clk
Path Type: max

Fanout         Cap        Slew       Delay        Time   Description
---------------------------------------------------------------------------------------------
                                  0.000000    0.000000   clock clk (rise edge)
                                  0.000000    0.000000   clock network delay (propagated)
                                  5.000000    5.000000 ^ input external delay
     1    0.003527    0.022884    0.012877    5.012877 ^ a[30] (in)
                                                         a[30] (net)
                      0.022892    0.000000    5.012877 ^ input24/A (sky130_fd_sc_hd__buf_1)
     2    0.007374    0.094998    0.109380    5.122257 ^ input24/X (sky130_fd_sc_hd__buf_1)
                                                         net24 (net)
                      0.095028    0.000139    5.122397 ^ _133_/A_N (sky130_fd_sc_hd__and2b_1)
     2    0.005845    0.046431    0.197741    5.320138 v _133_/X (sky130_fd_sc_hd__and2b_1)
                                                         _099_ (net)
                      0.046431    0.000125    5.320263 v _137_/B1 (sky130_fd_sc_hd__a2111o_1)
     2    0.005602    0.072940    0.395553    5.715816 v _137_/X (sky130_fd_sc_hd__a2111o_1)
                                                         _103_ (net)
                      0.072940    0.000128    5.715944 v _141_/A (sky130_fd_sc_hd__or4b_1)
     3    0.007322    0.111813    0.562388    6.278333 v _141_/X (sky130_fd_sc_hd__or4b_1)
                                                         _107_ (net)
                      0.111813    0.000222    6.278555 v _152_/A (sky130_fd_sc_hd__or3_1)
     2    0.006363    0.084726    0.412432    6.690987 v _152_/X (sky130_fd_sc_hd__or3_1)
                                                         _005_ (net)
                      0.084726    0.000180    6.691167 v _163_/A (sky130_fd_sc_hd__or2_1)
     1    0.002899    0.048425    0.235405    6.926572 v _163_/X (sky130_fd_sc_hd__or2_1)
                                                         _016_ (net)
                      0.048425    0.000065    6.926637 v _227_/A1 (sky130_fd_sc_hd__o31a_1)
     1    0.002895    0.047483    0.288738    7.215375 v _227_/X (sky130_fd_sc_hd__o31a_1)
                                                         _000_ (net)
                      0.047483    0.000094    7.215469 v _228_/D (sky130_fd_sc_hd__dfxtp_1)
                                              7.215469   data arrival time

                                 25.000000   25.000000   clock clk (rise edge)
                                  0.000000   25.000000   clock source latency
     2    0.003383    0.022255    0.012323   25.012321 ^ clk (in)
                                                         clk (net)
                      0.022255    0.000000   25.012321 ^ _228_/CLK (sky130_fd_sc_hd__dfxtp_1)
                                 -0.250000   24.762323   clock uncertainty
                                  0.000000   24.762323   clock reconvergence pessimism
                                 -0.116935   24.645388   library setup time
                                             24.645388   data required time
---------------------------------------------------------------------------------------------
                                             24.645388   data required time
                                             -7.215469   data arrival time
---------------------------------------------------------------------------------------------
                                             17.429918   slack (MET)


Startpoint: _228_ (rising edge-triggered flip-flop clocked by clk)
Endpoint: z (output port clocked by clk)
Path Group: clk
Path Type: max

Fanout         Cap        Slew       Delay        Time   Description
---------------------------------------------------------------------------------------------
                                  0.000000    0.000000   clock clk (rise edge)
                                  0.000000    0.000000   clock source latency
     2    0.003383    0.022255    0.012323    0.012323 ^ clk (in)
                                                         clk (net)
                      0.022255    0.000000    0.012323 ^ _228_/CLK (sky130_fd_sc_hd__dfxtp_1)
     1    0.002551    0.038837    0.289276    0.301599 ^ _228_/Q (sky130_fd_sc_hd__dfxtp_1)
                                                         net65 (net)
                      0.038837    0.000000    0.301599 ^ output65/A (sky130_fd_sc_hd__buf_2)
     1    0.034781    0.172591    0.197186    0.498785 ^ output65/X (sky130_fd_sc_hd__buf_2)
                                                         z (net)
                      0.172645    0.000837    0.499621 ^ z (out)
                                              0.499621   data arrival time

                                 25.000000   25.000000   clock clk (rise edge)
                                  0.000000   25.000000   clock network delay (propagated)
                                 -0.250000   24.750000   clock uncertainty
                                  0.000000   24.750000   clock reconvergence pessimism
                                 -5.000000   19.750000   output external delay
                                             19.750000   data required time
---------------------------------------------------------------------------------------------
                                             19.750000   data required time
                                             -0.499621   data arrival time
---------------------------------------------------------------------------------------------
                                             19.250378   slack (MET)



%OL_END_REPORT
%OL_CREATE_REPORT checks.rpt

===========================================================================
report_checks -unconstrained
===========================================================================
======================= nom_tt_025C_1v80 Corner ===================================

Startpoint: a[30] (input port clocked by clk)
Endpoint: _228_ (rising edge-triggered flip-flop clocked by clk)
Path Group: clk
Path Type: max

Fanout         Cap        Slew       Delay        Time   Description
---------------------------------------------------------------------------------------------
                                  0.000000    0.000000   clock clk (rise edge)
                                  0.000000    0.000000   clock network delay (propagated)
                                  5.000000    5.000000 ^ input external delay
     1    0.003527    0.022884    0.012877    5.012877 ^ a[30] (in)
                                                         a[30] (net)
                      0.022892    0.000000    5.012877 ^ input24/A (sky130_fd_sc_hd__buf_1)
     2    0.007374    0.094998    0.109380    5.122257 ^ input24/X (sky130_fd_sc_hd__buf_1)
                                                         net24 (net)
                      0.095028    0.000139    5.122397 ^ _133_/A_N (sky130_fd_sc_hd__and2b_1)
     2    0.005845    0.046431    0.197741    5.320138 v _133_/X (sky130_fd_sc_hd__and2b_1)
                                                         _099_ (net)
                      0.046431    0.000125    5.320263 v _137_/B1 (sky130_fd_sc_hd__a2111o_1)
     2    0.005602    0.072940    0.395553    5.715816 v _137_/X (sky130_fd_sc_hd__a2111o_1)
                                                         _103_ (net)
                      0.072940    0.000128    5.715944 v _141_/A (sky130_fd_sc_hd__or4b_1)
     3    0.007322    0.111813    0.562388    6.278333 v _141_/X (sky130_fd_sc_hd__or4b_1)
                                                         _107_ (net)
                      0.111813    0.000222    6.278555 v _152_/A (sky130_fd_sc_hd__or3_1)
     2    0.006363    0.084726    0.412432    6.690987 v _152_/X (sky130_fd_sc_hd__or3_1)
                                                         _005_ (net)
                      0.084726    0.000180    6.691167 v _163_/A (sky130_fd_sc_hd__or2_1)
     1    0.002899    0.048425    0.235405    6.926572 v _163_/X (sky130_fd_sc_hd__or2_1)
                                                         _016_ (net)
                      0.048425    0.000065    6.926637 v _227_/A1 (sky130_fd_sc_hd__o31a_1)
     1    0.002895    0.047483    0.288738    7.215375 v _227_/X (sky130_fd_sc_hd__o31a_1)
                                                         _000_ (net)
                      0.047483    0.000094    7.215469 v _228_/D (sky130_fd_sc_hd__dfxtp_1)
                                              7.215469   data arrival time

                                 25.000000   25.000000   clock clk (rise edge)
                                  0.000000   25.000000   clock source latency
     2    0.003383    0.022255    0.012323   25.012321 ^ clk (in)
                                                         clk (net)
                      0.022255    0.000000   25.012321 ^ _228_/CLK (sky130_fd_sc_hd__dfxtp_1)
                                 -0.250000   24.762323   clock uncertainty
                                  0.000000   24.762323   clock reconvergence pessimism
                                 -0.116935   24.645388   library setup time
                                             24.645388   data required time
---------------------------------------------------------------------------------------------
                                             24.645388   data required time
                                             -7.215469   data arrival time
---------------------------------------------------------------------------------------------
                                             17.429918   slack (MET)




===========================================================================
report_checks --slack_max -0.01
============================================================================
======================= nom_tt_025C_1v80 Corner ===================================

No paths found.


===========================================================================
 report_check_types -max_slew -max_cap -max_fanout -violators
============================================================================
======================= nom_tt_025C_1v80 Corner ===================================



===========================================================================
report_parasitic_annotation -report_unannotated
============================================================================
Found 0 unannotated drivers.
Found 31 partially unannotated drivers.
 clk
 _119_/Y
 _121_/Y
 _130_/Y
 _131_/Y
 _220_/X
 _228_/Q
 input1/X
 input10/X
 input11/X
 input12/X
 input13/X
 input14/X
 input16/X
 input18/X
 input19/X
 input2/X
 input21/X
 input23/X
 input26/X
 input29/X
 input3/X
 input30/X
 input31/X
 input4/X
 input5/X
 input6/X
 input60/X
 input7/X
 input8/X
 input9/X

===========================================================================
max slew violation count 0
Writing metric design__max_slew_violation__count__corner:nom_tt_025C_1v80: 0
max fanout violation count 0
Writing metric design__max_fanout_violation__count__corner:nom_tt_025C_1v80: 0
max cap violation count 0
Writing metric design__max_cap_violation__count__corner:nom_tt_025C_1v80: 0
============================================================================

===========================================================================
check_setup -verbose -unconstrained_endpoints -multiple_clock -no_clock -no_input_delay -loops -generated_clocks
===========================================================================
%OL_END_REPORT
%OL_CREATE_REPORT power.rpt

===========================================================================
 report_power
============================================================================
======================= nom_tt_025C_1v80 Corner ===================================

Group                    Internal    Switching      Leakage        Total
                            Power        Power        Power        Power (Watts)
------------------------------------------------------------------------
Sequential           1.674670e-06 1.118854e-08 8.111877e-12 1.685866e-06   9.2%
Combinational        9.061562e-06 7.483187e-06 4.664922e-10 1.654521e-05  90.8%
Clock                -3.443824e-11 0.000000e+00 1.425680e-10 1.081298e-10   0.0%
Macro                0.000000e+00 0.000000e+00 0.000000e+00 0.000000e+00   0.0%
Pad                  0.000000e+00 0.000000e+00 0.000000e+00 0.000000e+00   0.0%
------------------------------------------------------------------------
Total                1.073620e-05 7.494375e-06 6.171719e-10 1.823119e-05 100.0%
                            58.9%        41.1%         0.0%
Writing metric power__internal__total: 1.0736197509686463e-5
Writing metric power__switching__total: 7.4943754952983e-6
Writing metric power__leakage__total: 6.171718691660999e-10
Writing metric power__total: 1.8231190551887266e-5

%OL_END_REPORT
%OL_CREATE_REPORT skew.min.rpt

===========================================================================
Clock Skew (Hold)
============================================================================
Writing metric clock__skew__worst_hold__corner:nom_tt_025C_1v80: 0.000000
======================= nom_tt_025C_1v80 Corner ===================================

Clock clk
No launch/capture paths found.

%OL_END_REPORT
%OL_CREATE_REPORT skew.max.rpt

===========================================================================
Clock Skew (Setup)
============================================================================
Writing metric clock__skew__worst_setup__corner:nom_tt_025C_1v80: 0.000000
======================= nom_tt_025C_1v80 Corner ===================================

Clock clk
No launch/capture paths found.

%OL_END_REPORT
%OL_CREATE_REPORT ws.min.rpt

===========================================================================
Worst Slack (Hold)
============================================================================
Writing metric timing__hold__ws__corner:nom_tt_025C_1v80: 5.203778
nom_tt_025C_1v80: 5.203778
%OL_END_REPORT
%OL_CREATE_REPORT ws.max.rpt

===========================================================================
Worst Slack (Setup)
============================================================================
Writing metric timing__setup__ws__corner:nom_tt_025C_1v80: 17.429918
nom_tt_025C_1v80: 17.429918
%OL_END_REPORT
%OL_CREATE_REPORT tns.min.rpt

===========================================================================
Total Negative Slack (Hold)
============================================================================
Writing metric timing__hold__tns__corner:nom_tt_025C_1v80: 0.000000
nom_tt_025C_1v80: 0.000000
%OL_END_REPORT
%OL_CREATE_REPORT tns.max.rpt

===========================================================================
Total Negative Slack (Setup)
============================================================================
Writing metric timing__setup__tns__corner:nom_tt_025C_1v80: 0.000000
nom_tt_025C_1v80: 0.000000
%OL_END_REPORT
%OL_CREATE_REPORT wns.min.rpt

===========================================================================
Worst Negative Slack (Hold)
============================================================================
Writing metric timing__hold__wns__corner:nom_tt_025C_1v80: 0
nom_tt_025C_1v80: 0
%OL_END_REPORT
%OL_CREATE_REPORT wns.max.rpt

===========================================================================
Worst Negative Slack (Setup)
============================================================================
Writing metric timing__setup__wns__corner:nom_tt_025C_1v80: 0.0
nom_tt_025C_1v80: 0.0
%OL_END_REPORT
%OL_CREATE_REPORT violator_list.rpt

===========================================================================
Violator List
============================================================================
Writing metric timing__hold_vio__count__corner:nom_tt_025C_1v80: 0
Writing metric timing__hold_r2r__ws__corner:nom_tt_025C_1v80: 1e30
Writing metric timing__hold_r2r_vio__count__corner:nom_tt_025C_1v80: 0
Writing metric timing__setup_vio__count__corner:nom_tt_025C_1v80: 0
Writing metric timing__setup_r2r__ws__corner:nom_tt_025C_1v80: 1e30
Writing metric timing__setup_r2r_vio__count__corner:nom_tt_025C_1v80: 0
%OL_END_REPORT
