Reading timing models for corner nom_ss_100C_1v60…
Reading cell library for the 'nom_ss_100C_1v60' corner at '/home/erwann/.volare/volare/sky130/versions/bdc9412b3e468c102d01b7cf6337be06ec6e9c9a/sky130A/libs.ref/sky130_fd_sc_hd/lib/sky130_fd_sc_hd__ss_100C_1v60.lib'…
Reading top-level netlist at '/home/erwann/design_workspace/sky130A/HelloWorld/digital/comp32/runs/RUN_2024-04-30_09-54-31/49-openroad-fillinsertion/comp32.nl.v'…
Linking design 'comp32' from netlist…
Warning: /home/erwann/design_workspace/sky130A/HelloWorld/digital/comp32/runs/RUN_2024-04-30_09-54-31/49-openroad-fillinsertion/comp32.nl.v line 637, module sky130_fd_sc_hd__tapvpwrvgnd_1 not found. Creating black box for TAP_TAPCELL_ROW_0_32.
Warning: /home/erwann/design_workspace/sky130A/HelloWorld/digital/comp32/runs/RUN_2024-04-30_09-54-31/49-openroad-fillinsertion/comp32.nl.v line 794, module sky130_fd_sc_hd__fill_1 not found. Creating black box for FILLER_0_0_6.
Warning: /home/erwann/design_workspace/sky130A/HelloWorld/digital/comp32/runs/RUN_2024-04-30_09-54-31/49-openroad-fillinsertion/comp32.nl.v line 795, module sky130_fd_sc_hd__fill_2 not found. Creating black box for FILLER_0_0_20.
Warning: /home/erwann/design_workspace/sky130A/HelloWorld/digital/comp32/runs/RUN_2024-04-30_09-54-31/49-openroad-fillinsertion/comp32.nl.v line 808, module sky130_ef_sc_hd__decap_12 not found. Creating black box for FILLER_0_2_49.
Reading design constraints file at '/nix/store/6kwxhhp4vfqxi9qpnqnwc7xg02y8ymv6-python3-3.11.6-env/lib/python3.11/site-packages/openlane/scripts/base.sdc'…
[INFO] Using clock clk…
[INFO] Setting output delay to: 5
[INFO] Setting input delay to: 5
[INFO] Setting load to: 0.033442
[INFO] Setting clock uncertainty to: 0.25
[INFO] Setting clock transition to: 0.1499999999999999944488848768742172978818416595458984375
[INFO] Setting timing derate to: 5%
Reading top-level design parasitics for the 'nom_ss_100C_1v60' corner at '/home/erwann/design_workspace/sky130A/HelloWorld/digital/comp32/runs/RUN_2024-04-30_09-54-31/50-openroad-rcx/nom/comp32.nom.spef'…
%OL_CREATE_REPORT min.rpt

===========================================================================
report_checks -path_delay min (Hold)
============================================================================
======================= nom_ss_100C_1v60 Corner ===================================

Startpoint: a[16] (input port clocked by clk)
Endpoint: _228_ (rising edge-triggered flip-flop clocked by clk)
Path Group: clk
Path Type: min

Fanout         Cap        Slew       Delay        Time   Description
---------------------------------------------------------------------------------------------
                                  0.000000    0.000000   clock clk (rise edge)
                                  0.000000    0.000000   clock network delay (propagated)
                                  5.000000    5.000000 ^ input external delay
     1    0.002900    0.032912    0.016329    5.016329 ^ a[16] (in)
                                                         a[16] (net)
                      0.032912    0.000000    5.016329 ^ input8/A (sky130_fd_sc_hd__clkbuf_1)
     2    0.006312    0.134472    0.179731    5.196060 ^ input8/X (sky130_fd_sc_hd__clkbuf_1)
                                                         net8 (net)
                      0.134472    0.000181    5.196240 ^ _171_/B (sky130_fd_sc_hd__and2_1)
     1    0.002571    0.076505    0.247434    5.443674 ^ _171_/X (sky130_fd_sc_hd__and2_1)
                                                         _024_ (net)
                      0.076505    0.000073    5.443747 ^ _172_/C (sky130_fd_sc_hd__or4b_1)
     1    0.003495    0.071791    0.181200    5.624947 ^ _172_/X (sky130_fd_sc_hd__or4b_1)
                                                         _025_ (net)
                      0.071791    0.000107    5.625053 ^ _227_/A2 (sky130_fd_sc_hd__o31a_1)
     1    0.002384    0.070959    0.238345    5.863399 ^ _227_/X (sky130_fd_sc_hd__o31a_1)
                                                         _000_ (net)
                      0.070959    0.000068    5.863466 ^ _228_/D (sky130_fd_sc_hd__dfxtp_1)
                                              5.863466   data arrival time

                                  0.000000    0.000000   clock clk (rise edge)
                                  0.000000    0.000000   clock source latency
     1    0.004655    0.044835    0.025615    0.025615 ^ clk (in)
                                                         clk (net)
                      0.044836    0.000000    0.025615 ^ _228_/CLK (sky130_fd_sc_hd__dfxtp_1)
                                  0.250000    0.275615   clock uncertainty
                                  0.000000    0.275615   clock reconvergence pessimism
                                 -0.076243    0.199371   library hold time
                                              0.199371   data required time
---------------------------------------------------------------------------------------------
                                              0.199371   data required time
                                             -5.863466   data arrival time
---------------------------------------------------------------------------------------------
                                              5.664094   slack (MET)


Startpoint: _228_ (rising edge-triggered flip-flop clocked by clk)
Endpoint: z (output port clocked by clk)
Path Group: clk
Path Type: min

Fanout         Cap        Slew       Delay        Time   Description
---------------------------------------------------------------------------------------------
                                  0.000000    0.000000   clock clk (rise edge)
                                  0.000000    0.000000   clock source latency
     1    0.004655    0.044835    0.025615    0.025615 ^ clk (in)
                                                         clk (net)
                      0.044836    0.000000    0.025615 ^ _228_/CLK (sky130_fd_sc_hd__dfxtp_1)
     1    0.005995    0.073175    0.586866    0.612481 v _228_/Q (sky130_fd_sc_hd__dfxtp_1)
                                                         net65 (net)
                      0.073176    0.000250    0.612730 v output65/A (sky130_fd_sc_hd__buf_2)
     1    0.034245    0.165850    0.345954    0.958685 v output65/X (sky130_fd_sc_hd__buf_2)
                                                         z (net)
                      0.165854    0.000659    0.959344 v z (out)
                                              0.959344   data arrival time

                                  0.000000    0.000000   clock clk (rise edge)
                                  0.000000    0.000000   clock network delay (propagated)
                                  0.250000    0.250000   clock uncertainty
                                  0.000000    0.250000   clock reconvergence pessimism
                                 -5.000000   -4.750000   output external delay
                                             -4.750000   data required time
---------------------------------------------------------------------------------------------
                                             -4.750000   data required time
                                             -0.959344   data arrival time
---------------------------------------------------------------------------------------------
                                              5.709344   slack (MET)



%OL_END_REPORT
%OL_CREATE_REPORT max.rpt

===========================================================================
report_checks -path_delay max (Setup)
============================================================================
======================= nom_ss_100C_1v60 Corner ===================================

Startpoint: a[30] (input port clocked by clk)
Endpoint: _228_ (rising edge-triggered flip-flop clocked by clk)
Path Group: clk
Path Type: max

Fanout         Cap        Slew       Delay        Time   Description
---------------------------------------------------------------------------------------------
                                  0.000000    0.000000   clock clk (rise edge)
                                  0.000000    0.000000   clock network delay (propagated)
                                  5.000000    5.000000 ^ input external delay
     1    0.002959    0.033301    0.016628    5.016628 ^ a[30] (in)
                                                         a[30] (net)
                      0.033301    0.000000    5.016628 ^ input24/A (sky130_fd_sc_hd__buf_1)
     2    0.007212    0.150689    0.191684    5.208312 ^ input24/X (sky130_fd_sc_hd__buf_1)
                                                         net24 (net)
                      0.150689    0.000148    5.208460 ^ _133_/A_N (sky130_fd_sc_hd__and2b_1)
     2    0.006162    0.092864    0.419975    5.628435 v _133_/X (sky130_fd_sc_hd__and2b_1)
                                                         _099_ (net)
                      0.092864    0.000176    5.628612 v _137_/B1 (sky130_fd_sc_hd__a2111o_1)
     2    0.005238    0.133225    0.774210    6.402821 v _137_/X (sky130_fd_sc_hd__a2111o_1)
                                                         _103_ (net)
                      0.133225    0.000138    6.402959 v _141_/A (sky130_fd_sc_hd__or4b_1)
     3    0.008230    0.240756    1.325432    7.728391 v _141_/X (sky130_fd_sc_hd__or4b_1)
                                                         _107_ (net)
                      0.240756    0.000214    7.728605 v _152_/A (sky130_fd_sc_hd__or3_1)
     2    0.005873    0.167776    0.954978    8.683583 v _152_/X (sky130_fd_sc_hd__or3_1)
                                                         _005_ (net)
                      0.167776    0.000196    8.683780 v _163_/A (sky130_fd_sc_hd__or2_1)
     1    0.002950    0.098240    0.535150    9.218929 v _163_/X (sky130_fd_sc_hd__or2_1)
                                                         _016_ (net)
                      0.098240    0.000063    9.218992 v _227_/A1 (sky130_fd_sc_hd__o31a_1)
     1    0.002468    0.082177    0.555797    9.774789 v _227_/X (sky130_fd_sc_hd__o31a_1)
                                                         _000_ (net)
                      0.082177    0.000070    9.774859 v _228_/D (sky130_fd_sc_hd__dfxtp_1)
                                              9.774859   data arrival time

                                 25.000000   25.000000   clock clk (rise edge)
                                  0.000000   25.000000   clock source latency
     1    0.004655    0.044835    0.025615   25.025614 ^ clk (in)
                                                         clk (net)
                      0.044836    0.000000   25.025614 ^ _228_/CLK (sky130_fd_sc_hd__dfxtp_1)
                                 -0.250000   24.775616   clock uncertainty
                                  0.000000   24.775616   clock reconvergence pessimism
                                 -0.280821   24.494795   library setup time
                                             24.494795   data required time
---------------------------------------------------------------------------------------------
                                             24.494795   data required time
                                             -9.774859   data arrival time
---------------------------------------------------------------------------------------------
                                             14.719935   slack (MET)


Startpoint: _228_ (rising edge-triggered flip-flop clocked by clk)
Endpoint: z (output port clocked by clk)
Path Group: clk
Path Type: max

Fanout         Cap        Slew       Delay        Time   Description
---------------------------------------------------------------------------------------------
                                  0.000000    0.000000   clock clk (rise edge)
                                  0.000000    0.000000   clock source latency
     1    0.004655    0.044835    0.025615    0.025615 ^ clk (in)
                                                         clk (net)
                      0.044836    0.000000    0.025615 ^ _228_/CLK (sky130_fd_sc_hd__dfxtp_1)
     1    0.006123    0.112608    0.648993    0.674607 ^ _228_/Q (sky130_fd_sc_hd__dfxtp_1)
                                                         net65 (net)
                      0.112608    0.000257    0.674864 ^ output65/A (sky130_fd_sc_hd__buf_2)
     1    0.034245    0.272123    0.363268    1.038132 ^ output65/X (sky130_fd_sc_hd__buf_2)
                                                         z (net)
                      0.272125    0.000660    1.038792 ^ z (out)
                                              1.038792   data arrival time

                                 25.000000   25.000000   clock clk (rise edge)
                                  0.000000   25.000000   clock network delay (propagated)
                                 -0.250000   24.750000   clock uncertainty
                                  0.000000   24.750000   clock reconvergence pessimism
                                 -5.000000   19.750000   output external delay
                                             19.750000   data required time
---------------------------------------------------------------------------------------------
                                             19.750000   data required time
                                             -1.038792   data arrival time
---------------------------------------------------------------------------------------------
                                             18.711206   slack (MET)



%OL_END_REPORT
%OL_CREATE_REPORT checks.rpt

===========================================================================
report_checks -unconstrained
===========================================================================
======================= nom_ss_100C_1v60 Corner ===================================

Startpoint: a[30] (input port clocked by clk)
Endpoint: _228_ (rising edge-triggered flip-flop clocked by clk)
Path Group: clk
Path Type: max

Fanout         Cap        Slew       Delay        Time   Description
---------------------------------------------------------------------------------------------
                                  0.000000    0.000000   clock clk (rise edge)
                                  0.000000    0.000000   clock network delay (propagated)
                                  5.000000    5.000000 ^ input external delay
     1    0.002959    0.033301    0.016628    5.016628 ^ a[30] (in)
                                                         a[30] (net)
                      0.033301    0.000000    5.016628 ^ input24/A (sky130_fd_sc_hd__buf_1)
     2    0.007212    0.150689    0.191684    5.208312 ^ input24/X (sky130_fd_sc_hd__buf_1)
                                                         net24 (net)
                      0.150689    0.000148    5.208460 ^ _133_/A_N (sky130_fd_sc_hd__and2b_1)
     2    0.006162    0.092864    0.419975    5.628435 v _133_/X (sky130_fd_sc_hd__and2b_1)
                                                         _099_ (net)
                      0.092864    0.000176    5.628612 v _137_/B1 (sky130_fd_sc_hd__a2111o_1)
     2    0.005238    0.133225    0.774210    6.402821 v _137_/X (sky130_fd_sc_hd__a2111o_1)
                                                         _103_ (net)
                      0.133225    0.000138    6.402959 v _141_/A (sky130_fd_sc_hd__or4b_1)
     3    0.008230    0.240756    1.325432    7.728391 v _141_/X (sky130_fd_sc_hd__or4b_1)
                                                         _107_ (net)
                      0.240756    0.000214    7.728605 v _152_/A (sky130_fd_sc_hd__or3_1)
     2    0.005873    0.167776    0.954978    8.683583 v _152_/X (sky130_fd_sc_hd__or3_1)
                                                         _005_ (net)
                      0.167776    0.000196    8.683780 v _163_/A (sky130_fd_sc_hd__or2_1)
     1    0.002950    0.098240    0.535150    9.218929 v _163_/X (sky130_fd_sc_hd__or2_1)
                                                         _016_ (net)
                      0.098240    0.000063    9.218992 v _227_/A1 (sky130_fd_sc_hd__o31a_1)
     1    0.002468    0.082177    0.555797    9.774789 v _227_/X (sky130_fd_sc_hd__o31a_1)
                                                         _000_ (net)
                      0.082177    0.000070    9.774859 v _228_/D (sky130_fd_sc_hd__dfxtp_1)
                                              9.774859   data arrival time

                                 25.000000   25.000000   clock clk (rise edge)
                                  0.000000   25.000000   clock source latency
     1    0.004655    0.044835    0.025615   25.025614 ^ clk (in)
                                                         clk (net)
                      0.044836    0.000000   25.025614 ^ _228_/CLK (sky130_fd_sc_hd__dfxtp_1)
                                 -0.250000   24.775616   clock uncertainty
                                  0.000000   24.775616   clock reconvergence pessimism
                                 -0.280821   24.494795   library setup time
                                             24.494795   data required time
---------------------------------------------------------------------------------------------
                                             24.494795   data required time
                                             -9.774859   data arrival time
---------------------------------------------------------------------------------------------
                                             14.719935   slack (MET)




===========================================================================
report_checks --slack_max -0.01
============================================================================
======================= nom_ss_100C_1v60 Corner ===================================

No paths found.


===========================================================================
 report_check_types -max_slew -max_cap -max_fanout -violators
============================================================================
======================= nom_ss_100C_1v60 Corner ===================================



===========================================================================
report_parasitic_annotation -report_unannotated
============================================================================
Found 0 unannotated drivers.
Found 0 partially unannotated drivers.

===========================================================================
max slew violation count 0
%OL_METRIC_I design__max_slew_violation__count__corner:nom_ss_100C_1v60 0
max fanout violation count 0
%OL_METRIC_I design__max_fanout_violation__count__corner:nom_ss_100C_1v60 0
max cap violation count 0
%OL_METRIC_I design__max_cap_violation__count__corner:nom_ss_100C_1v60 0
============================================================================

===========================================================================
check_setup -verbose -unconstrained_endpoints -multiple_clock -no_clock -no_input_delay -loops -generated_clocks
===========================================================================
%OL_END_REPORT
%OL_CREATE_REPORT power.rpt

===========================================================================
 report_power
============================================================================
======================= nom_ss_100C_1v60 Corner ===================================

Group                    Internal    Switching      Leakage        Total
                            Power        Power        Power        Power (Watts)
------------------------------------------------------------------------
Sequential           1.320035e-06 2.122193e-08 1.351832e-08 1.354775e-06   8.9%
Combinational        7.466501e-06 5.572778e-06 7.976118e-07 1.383689e-05  91.1%
Clock                0.000000e+00 0.000000e+00 2.193723e-10 2.193723e-10   0.0%
Macro                0.000000e+00 0.000000e+00 0.000000e+00 0.000000e+00   0.0%
Pad                  0.000000e+00 0.000000e+00 0.000000e+00 0.000000e+00   0.0%
------------------------------------------------------------------------
Total                8.786536e-06 5.594000e-06 8.113495e-07 1.519189e-05 100.0%
                            57.8%        36.8%         5.3%
%OL_METRIC_F power__internal__total 8.78653645486338e-6
%OL_METRIC_F power__switching__total 5.593999958364293e-6
%OL_METRIC_F power__leakage__total 8.113495368888834e-7
%OL_METRIC_F power__total 1.5191885722742882e-5

%OL_END_REPORT
%OL_CREATE_REPORT skew.min.rpt

===========================================================================
Clock Skew (Hold)
============================================================================
%OL_METRIC_F clock__skew__worst_hold__corner:nom_ss_100C_1v60 0.000000
======================= nom_ss_100C_1v60 Corner ===================================

Clock clk
No launch/capture paths found.

%OL_END_REPORT
%OL_CREATE_REPORT skew.max.rpt

===========================================================================
Clock Skew (Setup)
============================================================================
%OL_METRIC_F clock__skew__worst_setup__corner:nom_ss_100C_1v60 0.000000
======================= nom_ss_100C_1v60 Corner ===================================

Clock clk
No launch/capture paths found.

%OL_END_REPORT
%OL_CREATE_REPORT ws.min.rpt

===========================================================================
Worst Slack (Hold)
============================================================================
%OL_METRIC_F timing__hold__ws__corner:nom_ss_100C_1v60 5.664094
nom_ss_100C_1v60: 5.664094
%OL_END_REPORT
%OL_CREATE_REPORT ws.max.rpt

===========================================================================
Worst Slack (Setup)
============================================================================
%OL_METRIC_F timing__setup__ws__corner:nom_ss_100C_1v60 14.719935
nom_ss_100C_1v60: 14.719935
%OL_END_REPORT
%OL_CREATE_REPORT tns.min.rpt

===========================================================================
Total Negative Slack (Hold)
============================================================================
%OL_METRIC_F timing__hold__tns__corner:nom_ss_100C_1v60 0.000000
nom_ss_100C_1v60: 0.000000
%OL_END_REPORT
%OL_CREATE_REPORT tns.max.rpt

===========================================================================
Total Negative Slack (Setup)
============================================================================
%OL_METRIC_F timing__setup__tns__corner:nom_ss_100C_1v60 0.000000
nom_ss_100C_1v60: 0.000000
%OL_END_REPORT
%OL_CREATE_REPORT wns.min.rpt

===========================================================================
Worst Negative Slack (Hold)
============================================================================
%OL_METRIC_F timing__hold__wns__corner:nom_ss_100C_1v60 0
nom_ss_100C_1v60: 0
%OL_END_REPORT
%OL_CREATE_REPORT wns.max.rpt

===========================================================================
Worst Negative Slack (Setup)
============================================================================
%OL_METRIC_F timing__setup__wns__corner:nom_ss_100C_1v60 0.0
nom_ss_100C_1v60: 0.0
%OL_END_REPORT
%OL_CREATE_REPORT violator_list.rpt

===========================================================================
Violator List
============================================================================
%OL_METRIC_I timing__hold_vio__count__corner:nom_ss_100C_1v60 0
%OL_METRIC_F timing__hold_r2r__ws__corner:nom_ss_100C_1v60 inf
%OL_METRIC_I timing__hold_r2r_vio__count__corner:nom_ss_100C_1v60 0
%OL_METRIC_I timing__setup_vio__count__corner:nom_ss_100C_1v60 0
%OL_METRIC_F timing__setup_r2r__ws__corner:nom_ss_100C_1v60 inf
%OL_METRIC_I timing__setup_r2r_vio__count__corner:nom_ss_100C_1v60 0
%OL_END_REPORT
Writing SDF files for all corners…
Removing Clock latencies before writing libs…
Writing timing models for all corners…
Writing timing models for the nom_ss_100C_1v60 corner to /home/erwann/design_workspace/sky130A/HelloWorld/digital/comp32/runs/RUN_2024-04-30_09-54-31/51-openroad-stapostpnr/nom_ss_100C_1v60/comp32__nom_ss_100C_1v60.lib…
