
===========================================================================
report_checks -unconstrained
===========================================================================
======================= max_tt_025C_1v80 Corner ===================================

Startpoint: a[30] (input port clocked by clk)
Endpoint: _228_ (rising edge-triggered flip-flop clocked by clk)
Path Group: clk
Path Type: max

Fanout         Cap        Slew       Delay        Time   Description
---------------------------------------------------------------------------------------------
                                  0.000000    0.000000   clock clk (rise edge)
                                  0.000000    0.000000   clock network delay (propagated)
                                  5.000000    5.000000 ^ input external delay
     1    0.003545    0.022969    0.012976    5.012976 ^ a[30] (in)
                                                         a[30] (net)
                      0.022971    0.000000    5.012976 ^ input24/A (sky130_fd_sc_hd__buf_1)
     2    0.007800    0.099779    0.112693    5.125669 ^ input24/X (sky130_fd_sc_hd__buf_1)
                                                         net24 (net)
                      0.099780    0.000327    5.125996 ^ _133_/A_N (sky130_fd_sc_hd__and2b_1)
     2    0.005841    0.046514    0.198955    5.324951 v _133_/X (sky130_fd_sc_hd__and2b_1)
                                                         _099_ (net)
                      0.046516    0.000363    5.325314 v _137_/B1 (sky130_fd_sc_hd__a2111o_1)
     2    0.005282    0.071278    0.393248    5.718562 v _137_/X (sky130_fd_sc_hd__a2111o_1)
                                                         _103_ (net)
                      0.071323    0.000308    5.718870 v _141_/A (sky130_fd_sc_hd__or4b_1)
     3    0.007733    0.114972    0.565501    6.284371 v _141_/X (sky130_fd_sc_hd__or4b_1)
                                                         _107_ (net)
                      0.114972    0.000445    6.284816 v _152_/A (sky130_fd_sc_hd__or3_1)
     2    0.007700    0.093121    0.423541    6.708357 v _152_/X (sky130_fd_sc_hd__or3_1)
                                                         _005_ (net)
                      0.093122    0.000499    6.708856 v _163_/A (sky130_fd_sc_hd__or2_1)
     1    0.002750    0.047580    0.237322    6.946178 v _163_/X (sky130_fd_sc_hd__or2_1)
                                                         _016_ (net)
                      0.047580    0.000128    6.946306 v _227_/A1 (sky130_fd_sc_hd__o31a_1)
     1    0.002283    0.044140    0.283515    7.229821 v _227_/X (sky130_fd_sc_hd__o31a_1)
                                                         _000_ (net)
                      0.044140    0.000161    7.229982 v _228_/D (sky130_fd_sc_hd__dfxtp_1)
                                              7.229982   data arrival time

                                 25.000000   25.000000   clock clk (rise edge)
                                  0.000000   25.000000   clock source latency
     2    0.008747    0.045842    0.030074   25.030073 ^ clk (in)
                                                         clk (net)
                      0.045845    0.000000   25.030073 ^ _228_/CLK (sky130_fd_sc_hd__dfxtp_1)
                                 -0.250000   24.780073   clock uncertainty
                                  0.000000   24.780073   clock reconvergence pessimism
                                 -0.109956   24.670118   library setup time
                                             24.670118   data required time
---------------------------------------------------------------------------------------------
                                             24.670118   data required time
                                             -7.229982   data arrival time
---------------------------------------------------------------------------------------------
                                             17.440138   slack (MET)




===========================================================================
report_checks --slack_max -0.01
============================================================================
======================= max_tt_025C_1v80 Corner ===================================

No paths found.


===========================================================================
 report_check_types -max_slew -max_cap -max_fanout -violators
============================================================================
======================= max_tt_025C_1v80 Corner ===================================



===========================================================================
report_parasitic_annotation -report_unannotated
============================================================================
Found 0 unannotated drivers.
Found 0 partially unannotated drivers.

===========================================================================
max slew violation count 0
max fanout violation count 0
max cap violation count 0
============================================================================

===========================================================================
check_setup -verbose -unconstrained_endpoints -multiple_clock -no_clock -no_input_delay -loops -generated_clocks
===========================================================================
