[WARNING ORD-0039] .openroad ignored with -python
Top-level design name: comp32
Block boundaries: 0 0 90870 81630
Horizontal Tracks Origin: 340, Count: 120, Step: 680
Vertical Tracks Origin: 230, Count: 197, Step: 460
Placement details for the N side
Virtual pin count:  0
Actual pin count:  32
Total pin count:  32
Tracks count:  197
Tracks per pin:  6
Used tracks count:  187
Unused track count:  10
Starting track index:  5
Placement details for the E side
Virtual pin count:  1
Actual pin count:  1
Total pin count:  2
Tracks count:  60
Tracks per pin:  30
Used tracks count:  31
Unused track count:  29
Starting track index:  14
Placement details for the W side
Virtual pin count:  0
Actual pin count:  1
Total pin count:  1
Tracks count:  60
Tracks per pin:  60
Used tracks count:  1
Unused track count:  59
Starting track index:  29
Placement details for the S side
Virtual pin count:  0
Actual pin count:  32
Total pin count:  32
Tracks count:  40
Tracks per pin:  1
Used tracks count:  32
Unused track count:  8
Starting track index:  4
