Reading OpenROAD database at '/home/erwann/design_workspace/sky130A/HelloWorld/digital/comp32/runs/RUN_2024-05-09_16-56-29/23-openroad-ioplacement/comp32.odb'…
Reading library file at '/home/erwann/.volare/volare/sky130/versions/bdc9412b3e468c102d01b7cf6337be06ec6e9c9a/sky130A/libs.ref/sky130_fd_sc_hd/lib/sky130_fd_sc_hd__tt_025C_1v80.lib'…
Reading design constraints file at '/nix/store/hwxq78ix5dm1zxacgmyfrlkgn2vq15hz-python3-3.11.6-env/lib/python3.11/site-packages/openlane/scripts/base.sdc'…
[INFO] Using clock clk…
[INFO] Setting output delay to: 5
[INFO] Setting input delay to: 5
[INFO] Setting load to: 0.033442
[INFO] Setting clock uncertainty to: 0.25
[INFO] Setting clock transition to: 0.1499999999999999944488848768742172978818416595458984375
[INFO] Setting timing derate to: 5%
[INFO] Setting RC values…
[INFO] Setting signal min routing layer to: met1 and clock min routing layer to met1. 
[INFO] Setting signal max routing layer to: met5 and clock max routing layer to met5. 
{*}-density 0.217972 -timing_driven -routability_driven -pad_right 0 -pad_left 0 -init_wirelength_coef 0.25
[INFO GPL-0002] DBU: 1000
[INFO GPL-0003] SiteSize: 460 2720
[INFO GPL-0004] CoreAreaLxLy: 5520 10880
[INFO GPL-0005] CoreAreaUxUy: 118220 95200
[INFO GPL-0006] NumInstances: 309
[INFO GPL-0007] NumPlaceInstances: 115
[INFO GPL-0008] NumFixedInstances: 194
[INFO GPL-0009] NumDummyInstances: 0
[INFO GPL-0010] NumNets: 180
[INFO GPL-0011] NumPins: 481
[INFO GPL-0012] DieAreaLxLy: 0 0
[INFO GPL-0013] DieAreaUxUy: 123935 106430
[INFO GPL-0014] CoreAreaLxLy: 5520 10880
[INFO GPL-0015] CoreAreaUxUy: 118220 95200
[INFO GPL-0016] CoreArea: 9502864000
[INFO GPL-0017] NonPlaceInstsArea: 397881600
[INFO GPL-0018] PlaceInstsArea: 955916800
[INFO GPL-0019] Util(%): 10.50
[INFO GPL-0020] StdInstsArea: 955916800
[INFO GPL-0021] MacroInstsArea: 0
[InitialPlace]  Iter: 1 CG residual: 0.00000006 HPWL: 4101576
[InitialPlace]  Iter: 2 CG residual: 0.00000007 HPWL: 4599871
[InitialPlace]  Iter: 3 CG residual: 0.00000005 HPWL: 3921477
[InitialPlace]  Iter: 4 CG residual: 0.00000010 HPWL: 3402621
[InitialPlace]  Iter: 5 CG residual: 0.00000012 HPWL: 3102575
[INFO GPL-0031] FillerInit: NumGCells: 240
[INFO GPL-0032] FillerInit: NumGNets: 180
[INFO GPL-0033] FillerInit: NumGPins: 481
[INFO GPL-0023] TargetDensity: 0.22
[INFO GPL-0024] AveragePlaceInstArea: 8312320
[INFO GPL-0025] IdealBinArea: 38134808
[INFO GPL-0026] IdealBinCnt: 249
[INFO GPL-0027] TotalBinArea: 9502864000
[INFO GPL-0028] BinCnt: 8 8
[INFO GPL-0029] BinSize: 14088 10540
[INFO GPL-0030] NumBins: 64
[NesterovSolve] Iter: 1 overflow: 0.129335 HPWL: 2483972
[INFO GPL-0100] worst slack 1.76e-08
[INFO GPL-0103] Weighted 17 nets.
[NesterovSolve] Snapshot saved at iter = 0
[INFO GPL-0075] Routability numCall: 1 inflationIterCnt: 1 bloatIterCnt: 0
[INFO GPL-0036] TileLxLy: 0 0
[INFO GPL-0037] TileSize: 6900 6900
[INFO GPL-0038] TileCnt: 17 15
[INFO GPL-0039] numRoutingLayers: 6
[INFO GPL-0040] NumTiles: 255
[INFO GPL-0063] TotalRouteOverflowH2: 0
[INFO GPL-0064] TotalRouteOverflowV2: 0
[INFO GPL-0065] OverflowTileCnt2: 0
[INFO GPL-0066] 0.5%RC: 0.875
[INFO GPL-0067] 1.0%RC: 0.8375000059604645
[INFO GPL-0068] 2.0%RC: 0.7781249992549419
[INFO GPL-0069] 5.0%RC: 0.6666666773649362
[INFO GPL-0070] 0.5rcK: 1
[INFO GPL-0071] 1.0rcK: 1
[INFO GPL-0072] 2.0rcK: 0
[INFO GPL-0073] 5.0rcK: 0
[INFO GPL-0074] FinalRC: 0.85625
[NesterovSolve] Iter: 10 overflow: 0.118113 HPWL: 2492452
[NesterovSolve] Iter: 20 overflow: 0.134164 HPWL: 2500947
[NesterovSolve] Iter: 30 overflow: 0.145573 HPWL: 2510518
[NesterovSolve] Iter: 40 overflow: 0.146118 HPWL: 2515073
[NesterovSolve] Iter: 50 overflow: 0.142974 HPWL: 2510925
[NesterovSolve] Iter: 60 overflow: 0.142707 HPWL: 2508992
[NesterovSolve] Iter: 70 overflow: 0.143905 HPWL: 2510812
[NesterovSolve] Iter: 80 overflow: 0.144028 HPWL: 2511479
[NesterovSolve] Iter: 90 overflow: 0.143329 HPWL: 2510791
[NesterovSolve] Iter: 100 overflow: 0.143098 HPWL: 2510384
[NesterovSolve] Iter: 110 overflow: 0.143223 HPWL: 2510870
[NesterovSolve] Iter: 120 overflow: 0.143055 HPWL: 2511520
[NesterovSolve] Iter: 130 overflow: 0.142796 HPWL: 2511770
[NesterovSolve] Iter: 140 overflow: 0.142697 HPWL: 2511736
[NesterovSolve] Iter: 150 overflow: 0.142711 HPWL: 2511646
[NesterovSolve] Iter: 160 overflow: 0.142596 HPWL: 2511787
[NesterovSolve] Iter: 170 overflow: 0.141984 HPWL: 2512399
[NesterovSolve] Iter: 180 overflow: 0.140311 HPWL: 2511537
[NesterovSolve] Iter: 190 overflow: 0.13724 HPWL: 2508533
[NesterovSolve] Iter: 200 overflow: 0.134515 HPWL: 2506629
[NesterovSolve] Iter: 210 overflow: 0.13307 HPWL: 2507907
[NesterovSolve] Iter: 220 overflow: 0.128691 HPWL: 2506577
[NesterovSolve] Iter: 230 overflow: 0.122131 HPWL: 2503536
[NesterovSolve] Iter: 240 overflow: 0.11417 HPWL: 2501399
[NesterovSolve] Iter: 250 overflow: 0.1038 HPWL: 2496421
[NesterovSolve] Finished with Overflow: 0.099791
[INFO] Setting RC values…
Setting global connections for newly added cells…
[INFO] Setting global connections...
Writing OpenROAD database to '/home/erwann/design_workspace/sky130A/HelloWorld/digital/comp32/runs/RUN_2024-05-09_16-56-29/26-openroad-globalplacement/comp32.odb'…
Writing netlist to '/home/erwann/design_workspace/sky130A/HelloWorld/digital/comp32/runs/RUN_2024-05-09_16-56-29/26-openroad-globalplacement/comp32.nl.v'…
Writing powered netlist to '/home/erwann/design_workspace/sky130A/HelloWorld/digital/comp32/runs/RUN_2024-05-09_16-56-29/26-openroad-globalplacement/comp32.pnl.v'…
Writing layout to '/home/erwann/design_workspace/sky130A/HelloWorld/digital/comp32/runs/RUN_2024-05-09_16-56-29/26-openroad-globalplacement/comp32.def'…
Writing timing constraints to '/home/erwann/design_workspace/sky130A/HelloWorld/digital/comp32/runs/RUN_2024-05-09_16-56-29/26-openroad-globalplacement/comp32.sdc'…
