
===========================================================================
report_checks -path_delay max (Setup)
============================================================================
======================= min_tt_025C_1v80 Corner ===================================

Startpoint: a[30] (input port clocked by clk)
Endpoint: _228_ (rising edge-triggered flip-flop clocked by clk)
Path Group: clk
Path Type: max

Fanout         Cap        Slew       Delay        Time   Description
---------------------------------------------------------------------------------------------
                                  0.000000    0.000000   clock clk (rise edge)
                                  0.000000    0.000000   clock network delay (propagated)
                                  1.000000    1.000000 ^ input external delay
     1    0.005655    0.032160    0.019949    1.019949 ^ a[30] (in)
                                                         a[30] (net)
                      0.032160    0.000000    1.019949 ^ input24/A (sky130_fd_sc_hd__buf_6)
     2    0.007263    0.028517    0.081396    1.101345 ^ input24/X (sky130_fd_sc_hd__buf_6)
                                                         net24 (net)
                      0.028517    0.000052    1.101398 ^ _133_/A_N (sky130_fd_sc_hd__and2b_1)
     2    0.005211    0.043779    0.173938    1.275336 v _133_/X (sky130_fd_sc_hd__and2b_1)
                                                         _099_ (net)
                      0.043779    0.000051    1.275388 v _137_/B1 (sky130_fd_sc_hd__a2111o_1)
     2    0.004801    0.069076    0.389166    1.664554 v _137_/X (sky130_fd_sc_hd__a2111o_1)
                                                         _103_ (net)
                      0.069076    0.000039    1.664593 v _141_/A (sky130_fd_sc_hd__or4b_4)
     3    0.009199    0.093086    0.553515    2.218108 v _141_/X (sky130_fd_sc_hd__or4b_4)
                                                         _107_ (net)
                      0.093086    0.000127    2.218235 v _152_/A (sky130_fd_sc_hd__or3_4)
     2    0.006065    0.068378    0.401053    2.619287 v _152_/X (sky130_fd_sc_hd__or3_4)
                                                         _005_ (net)
                      0.068378    0.000059    2.619347 v _163_/B (sky130_fd_sc_hd__or2_4)
     1    0.002890    0.043346    0.225952    2.845299 v _163_/X (sky130_fd_sc_hd__or2_4)
                                                         _016_ (net)
                      0.043346    0.000018    2.845317 v _227_/A1 (sky130_fd_sc_hd__o31a_1)
     1    0.002373    0.044581    0.282658    3.127975 v _227_/X (sky130_fd_sc_hd__o31a_1)
                                                         _000_ (net)
                      0.044581    0.000024    3.127999 v _228_/D (sky130_fd_sc_hd__dfxtp_1)
                                              3.127999   data arrival time

                                  5.000000    5.000000   clock clk (rise edge)
                                  0.000000    5.000000   clock source latency
     1    0.004520    0.027205    0.016306    5.016306 ^ clk (in)
                                                         clk (net)
                      0.027205    0.000000    5.016306 ^ _228_/CLK (sky130_fd_sc_hd__dfxtp_1)
                                 -0.250000    4.766306   clock uncertainty
                                  0.000000    4.766306   clock reconvergence pessimism
                                 -0.114504    4.651802   library setup time
                                              4.651802   data required time
---------------------------------------------------------------------------------------------
                                              4.651802   data required time
                                             -3.127999   data arrival time
---------------------------------------------------------------------------------------------
                                              1.523803   slack (MET)


Startpoint: _228_ (rising edge-triggered flip-flop clocked by clk)
Endpoint: z (output port clocked by clk)
Path Group: clk
Path Type: max

Fanout         Cap        Slew       Delay        Time   Description
---------------------------------------------------------------------------------------------
                                  0.000000    0.000000   clock clk (rise edge)
                                  0.000000    0.000000   clock source latency
     1    0.004520    0.027205    0.016306    0.016306 ^ clk (in)
                                                         clk (net)
                      0.027205    0.000000    0.016306 ^ _228_/CLK (sky130_fd_sc_hd__dfxtp_1)
     1    0.005075    0.059802    0.308268    0.324574 ^ _228_/Q (sky130_fd_sc_hd__dfxtp_1)
                                                         net65 (net)
                      0.059802    0.000108    0.324681 ^ output65/A (sky130_fd_sc_hd__buf_2)
     1    0.034181    0.169780    0.203575    0.528256 ^ output65/X (sky130_fd_sc_hd__buf_2)
                                                         z (net)
                      0.169780    0.000201    0.528458 ^ z (out)
                                              0.528458   data arrival time

                                  5.000000    5.000000   clock clk (rise edge)
                                  0.000000    5.000000   clock network delay (propagated)
                                 -0.250000    4.750000   clock uncertainty
                                  0.000000    4.750000   clock reconvergence pessimism
                                 -1.000000    3.750000   output external delay
                                              3.750000   data required time
---------------------------------------------------------------------------------------------
                                              3.750000   data required time
                                             -0.528458   data arrival time
---------------------------------------------------------------------------------------------
                                              3.221542   slack (MET)



