
===========================================================================
report_checks -path_delay min (Hold)
============================================================================
======================= min_tt_025C_1v80 Corner ===================================

Startpoint: b[16] (input port clocked by clk)
Endpoint: _228_ (rising edge-triggered flip-flop clocked by clk)
Path Group: clk
Path Type: min

Fanout         Cap        Slew       Delay        Time   Description
---------------------------------------------------------------------------------------------
                                  0.000000    0.000000   clock clk (rise edge)
                                  0.000000    0.000000   clock network delay (propagated)
                                  1.000000    1.000000 v input external delay
     1    0.003029    0.009166    0.004803    1.004803 v b[16] (in)
                                                         b[16] (net)
                      0.009166    0.000000    1.004803 v input40/A (sky130_fd_sc_hd__clkbuf_1)
     1    0.005195    0.038944    0.083746    1.088549 v input40/X (sky130_fd_sc_hd__clkbuf_1)
                                                         net40 (net)
                      0.038944    0.000064    1.088613 v _125_/A (sky130_fd_sc_hd__inv_2)
     2    0.004957    0.030157    0.044943    1.133556 ^ _125_/Y (sky130_fd_sc_hd__inv_2)
                                                         _091_ (net)
                      0.030157    0.000036    1.133592 ^ _171_/A (sky130_fd_sc_hd__and2_1)
     1    0.002549    0.044013    0.102731    1.236323 ^ _171_/X (sky130_fd_sc_hd__and2_1)
                                                         _024_ (net)
                      0.044013    0.000028    1.236351 ^ _172_/C (sky130_fd_sc_hd__or4b_1)
     1    0.003398    0.042828    0.098783    1.335133 ^ _172_/X (sky130_fd_sc_hd__or4b_1)
                                                         _025_ (net)
                      0.042828    0.000038    1.335171 ^ _227_/A2 (sky130_fd_sc_hd__o31a_1)
     1    0.002366    0.040922    0.116800    1.451971 ^ _227_/X (sky130_fd_sc_hd__o31a_1)
                                                         _000_ (net)
                      0.040922    0.000024    1.451995 ^ _228_/D (sky130_fd_sc_hd__dfxtp_1)
                                              1.451995   data arrival time

                                  0.000000    0.000000   clock clk (rise edge)
                                  0.000000    0.000000   clock source latency
     1    0.004520    0.027205    0.016306    0.016306 ^ clk (in)
                                                         clk (net)
                      0.027205    0.000000    0.016306 ^ _228_/CLK (sky130_fd_sc_hd__dfxtp_1)
                                  0.250000    0.266306   clock uncertainty
                                  0.000000    0.266306   clock reconvergence pessimism
                                 -0.032760    0.233545   library hold time
                                              0.233545   data required time
---------------------------------------------------------------------------------------------
                                              0.233545   data required time
                                             -1.451995   data arrival time
---------------------------------------------------------------------------------------------
                                              1.218450   slack (MET)


Startpoint: _228_ (rising edge-triggered flip-flop clocked by clk)
Endpoint: z (output port clocked by clk)
Path Group: clk
Path Type: min

Fanout         Cap        Slew       Delay        Time   Description
---------------------------------------------------------------------------------------------
                                  0.000000    0.000000   clock clk (rise edge)
                                  0.000000    0.000000   clock source latency
     1    0.004520    0.027205    0.016306    0.016306 ^ clk (in)
                                                         clk (net)
                      0.027205    0.000000    0.016306 ^ _228_/CLK (sky130_fd_sc_hd__dfxtp_1)
     1    0.004915    0.035293    0.293586    0.309892 v _228_/Q (sky130_fd_sc_hd__dfxtp_1)
                                                         net65 (net)
                      0.035293    0.000103    0.309995 v output65/A (sky130_fd_sc_hd__buf_2)
     1    0.034181    0.089205    0.176122    0.486117 v output65/X (sky130_fd_sc_hd__buf_2)
                                                         z (net)
                      0.089206    0.000201    0.486318 v z (out)
                                              0.486318   data arrival time

                                  0.000000    0.000000   clock clk (rise edge)
                                  0.000000    0.000000   clock network delay (propagated)
                                  0.250000    0.250000   clock uncertainty
                                  0.000000    0.250000   clock reconvergence pessimism
                                 -1.000000   -0.750000   output external delay
                                             -0.750000   data required time
---------------------------------------------------------------------------------------------
                                             -0.750000   data required time
                                             -0.486318   data arrival time
---------------------------------------------------------------------------------------------
                                              1.236318   slack (MET)



