Reading timing models for corner min_tt_025C_1v80…
Reading cell library for the 'min_tt_025C_1v80' corner at '/home/erwann/.volare/volare/sky130/versions/bdc9412b3e468c102d01b7cf6337be06ec6e9c9a/sky130A/libs.ref/sky130_fd_sc_hd/lib/sky130_fd_sc_hd__tt_025C_1v80.lib'…
Reading top-level netlist at '/home/erwann/design_workspace/sky130A/HelloWorld/digital/comp32/runs/RUN_2024-04-29_20-13-57/49-openroad-fillinsertion/comp32.nl.v'…
Linking design 'comp32' from netlist…
Warning: /home/erwann/design_workspace/sky130A/HelloWorld/digital/comp32/runs/RUN_2024-04-29_20-13-57/49-openroad-fillinsertion/comp32.nl.v line 639, module sky130_fd_sc_hd__tapvpwrvgnd_1 not found. Creating black box for TAP_TAPCELL_ROW_0_32.
Warning: /home/erwann/design_workspace/sky130A/HelloWorld/digital/comp32/runs/RUN_2024-04-29_20-13-57/49-openroad-fillinsertion/comp32.nl.v line 800, module sky130_fd_sc_hd__fill_1 not found. Creating black box for FILLER_0_0_6.
Warning: /home/erwann/design_workspace/sky130A/HelloWorld/digital/comp32/runs/RUN_2024-04-29_20-13-57/49-openroad-fillinsertion/comp32.nl.v line 801, module sky130_fd_sc_hd__fill_2 not found. Creating black box for FILLER_0_0_20.
Warning: /home/erwann/design_workspace/sky130A/HelloWorld/digital/comp32/runs/RUN_2024-04-29_20-13-57/49-openroad-fillinsertion/comp32.nl.v line 814, module sky130_ef_sc_hd__decap_12 not found. Creating black box for FILLER_0_2_49.
Reading design constraints file at '/nix/store/6kwxhhp4vfqxi9qpnqnwc7xg02y8ymv6-python3-3.11.6-env/lib/python3.11/site-packages/openlane/scripts/base.sdc'…
[INFO] Using clock clk…
[INFO] Setting output delay to: 1
[INFO] Setting input delay to: 1
[INFO] Setting load to: 0.033442
[INFO] Setting clock uncertainty to: 0.25
[INFO] Setting clock transition to: 0.1499999999999999944488848768742172978818416595458984375
[INFO] Setting timing derate to: 5%
Reading top-level design parasitics for the 'min_tt_025C_1v80' corner at '/home/erwann/design_workspace/sky130A/HelloWorld/digital/comp32/runs/RUN_2024-04-29_20-13-57/50-openroad-rcx/min/comp32.min.spef'…
%OL_CREATE_REPORT min.rpt

===========================================================================
report_checks -path_delay min (Hold)
============================================================================
======================= min_tt_025C_1v80 Corner ===================================

Startpoint: b[16] (input port clocked by clk)
Endpoint: _228_ (rising edge-triggered flip-flop clocked by clk)
Path Group: clk
Path Type: min

Fanout         Cap        Slew       Delay        Time   Description
---------------------------------------------------------------------------------------------
                                  0.000000    0.000000   clock clk (rise edge)
                                  0.000000    0.000000   clock network delay (propagated)
                                  1.000000    1.000000 v input external delay
     1    0.003029    0.009166    0.004803    1.004803 v b[16] (in)
                                                         b[16] (net)
                      0.009166    0.000000    1.004803 v input40/A (sky130_fd_sc_hd__clkbuf_1)
     1    0.005195    0.038944    0.083746    1.088549 v input40/X (sky130_fd_sc_hd__clkbuf_1)
                                                         net40 (net)
                      0.038944    0.000064    1.088613 v _125_/A (sky130_fd_sc_hd__inv_2)
     2    0.004957    0.030157    0.044943    1.133556 ^ _125_/Y (sky130_fd_sc_hd__inv_2)
                                                         _091_ (net)
                      0.030157    0.000036    1.133592 ^ _171_/A (sky130_fd_sc_hd__and2_1)
     1    0.002549    0.044013    0.102731    1.236323 ^ _171_/X (sky130_fd_sc_hd__and2_1)
                                                         _024_ (net)
                      0.044013    0.000028    1.236351 ^ _172_/C (sky130_fd_sc_hd__or4b_1)
     1    0.003398    0.042828    0.098783    1.335133 ^ _172_/X (sky130_fd_sc_hd__or4b_1)
                                                         _025_ (net)
                      0.042828    0.000038    1.335171 ^ _227_/A2 (sky130_fd_sc_hd__o31a_1)
     1    0.002366    0.040922    0.116800    1.451971 ^ _227_/X (sky130_fd_sc_hd__o31a_1)
                                                         _000_ (net)
                      0.040922    0.000024    1.451995 ^ _228_/D (sky130_fd_sc_hd__dfxtp_1)
                                              1.451995   data arrival time

                                  0.000000    0.000000   clock clk (rise edge)
                                  0.000000    0.000000   clock source latency
     1    0.004520    0.027205    0.016306    0.016306 ^ clk (in)
                                                         clk (net)
                      0.027205    0.000000    0.016306 ^ _228_/CLK (sky130_fd_sc_hd__dfxtp_1)
                                  0.250000    0.266306   clock uncertainty
                                  0.000000    0.266306   clock reconvergence pessimism
                                 -0.032760    0.233545   library hold time
                                              0.233545   data required time
---------------------------------------------------------------------------------------------
                                              0.233545   data required time
                                             -1.451995   data arrival time
---------------------------------------------------------------------------------------------
                                              1.218450   slack (MET)


Startpoint: _228_ (rising edge-triggered flip-flop clocked by clk)
Endpoint: z (output port clocked by clk)
Path Group: clk
Path Type: min

Fanout         Cap        Slew       Delay        Time   Description
---------------------------------------------------------------------------------------------
                                  0.000000    0.000000   clock clk (rise edge)
                                  0.000000    0.000000   clock source latency
     1    0.004520    0.027205    0.016306    0.016306 ^ clk (in)
                                                         clk (net)
                      0.027205    0.000000    0.016306 ^ _228_/CLK (sky130_fd_sc_hd__dfxtp_1)
     1    0.004915    0.035293    0.293586    0.309892 v _228_/Q (sky130_fd_sc_hd__dfxtp_1)
                                                         net65 (net)
                      0.035293    0.000103    0.309995 v output65/A (sky130_fd_sc_hd__buf_2)
     1    0.034181    0.089205    0.176122    0.486117 v output65/X (sky130_fd_sc_hd__buf_2)
                                                         z (net)
                      0.089206    0.000201    0.486318 v z (out)
                                              0.486318   data arrival time

                                  0.000000    0.000000   clock clk (rise edge)
                                  0.000000    0.000000   clock network delay (propagated)
                                  0.250000    0.250000   clock uncertainty
                                  0.000000    0.250000   clock reconvergence pessimism
                                 -1.000000   -0.750000   output external delay
                                             -0.750000   data required time
---------------------------------------------------------------------------------------------
                                             -0.750000   data required time
                                             -0.486318   data arrival time
---------------------------------------------------------------------------------------------
                                              1.236318   slack (MET)



%OL_END_REPORT
%OL_CREATE_REPORT max.rpt

===========================================================================
report_checks -path_delay max (Setup)
============================================================================
======================= min_tt_025C_1v80 Corner ===================================

Startpoint: a[30] (input port clocked by clk)
Endpoint: _228_ (rising edge-triggered flip-flop clocked by clk)
Path Group: clk
Path Type: max

Fanout         Cap        Slew       Delay        Time   Description
---------------------------------------------------------------------------------------------
                                  0.000000    0.000000   clock clk (rise edge)
                                  0.000000    0.000000   clock network delay (propagated)
                                  1.000000    1.000000 ^ input external delay
     1    0.005655    0.032160    0.019949    1.019949 ^ a[30] (in)
                                                         a[30] (net)
                      0.032160    0.000000    1.019949 ^ input24/A (sky130_fd_sc_hd__buf_6)
     2    0.007263    0.028517    0.081396    1.101345 ^ input24/X (sky130_fd_sc_hd__buf_6)
                                                         net24 (net)
                      0.028517    0.000052    1.101398 ^ _133_/A_N (sky130_fd_sc_hd__and2b_1)
     2    0.005211    0.043779    0.173938    1.275336 v _133_/X (sky130_fd_sc_hd__and2b_1)
                                                         _099_ (net)
                      0.043779    0.000051    1.275388 v _137_/B1 (sky130_fd_sc_hd__a2111o_1)
     2    0.004801    0.069076    0.389166    1.664554 v _137_/X (sky130_fd_sc_hd__a2111o_1)
                                                         _103_ (net)
                      0.069076    0.000039    1.664593 v _141_/A (sky130_fd_sc_hd__or4b_4)
     3    0.009199    0.093086    0.553515    2.218108 v _141_/X (sky130_fd_sc_hd__or4b_4)
                                                         _107_ (net)
                      0.093086    0.000127    2.218235 v _152_/A (sky130_fd_sc_hd__or3_4)
     2    0.006065    0.068378    0.401053    2.619287 v _152_/X (sky130_fd_sc_hd__or3_4)
                                                         _005_ (net)
                      0.068378    0.000059    2.619347 v _163_/B (sky130_fd_sc_hd__or2_4)
     1    0.002890    0.043346    0.225952    2.845299 v _163_/X (sky130_fd_sc_hd__or2_4)
                                                         _016_ (net)
                      0.043346    0.000018    2.845317 v _227_/A1 (sky130_fd_sc_hd__o31a_1)
     1    0.002373    0.044581    0.282658    3.127975 v _227_/X (sky130_fd_sc_hd__o31a_1)
                                                         _000_ (net)
                      0.044581    0.000024    3.127999 v _228_/D (sky130_fd_sc_hd__dfxtp_1)
                                              3.127999   data arrival time

                                  5.000000    5.000000   clock clk (rise edge)
                                  0.000000    5.000000   clock source latency
     1    0.004520    0.027205    0.016306    5.016306 ^ clk (in)
                                                         clk (net)
                      0.027205    0.000000    5.016306 ^ _228_/CLK (sky130_fd_sc_hd__dfxtp_1)
                                 -0.250000    4.766306   clock uncertainty
                                  0.000000    4.766306   clock reconvergence pessimism
                                 -0.114504    4.651802   library setup time
                                              4.651802   data required time
---------------------------------------------------------------------------------------------
                                              4.651802   data required time
                                             -3.127999   data arrival time
---------------------------------------------------------------------------------------------
                                              1.523803   slack (MET)


Startpoint: _228_ (rising edge-triggered flip-flop clocked by clk)
Endpoint: z (output port clocked by clk)
Path Group: clk
Path Type: max

Fanout         Cap        Slew       Delay        Time   Description
---------------------------------------------------------------------------------------------
                                  0.000000    0.000000   clock clk (rise edge)
                                  0.000000    0.000000   clock source latency
     1    0.004520    0.027205    0.016306    0.016306 ^ clk (in)
                                                         clk (net)
                      0.027205    0.000000    0.016306 ^ _228_/CLK (sky130_fd_sc_hd__dfxtp_1)
     1    0.005075    0.059802    0.308268    0.324574 ^ _228_/Q (sky130_fd_sc_hd__dfxtp_1)
                                                         net65 (net)
                      0.059802    0.000108    0.324681 ^ output65/A (sky130_fd_sc_hd__buf_2)
     1    0.034181    0.169780    0.203575    0.528256 ^ output65/X (sky130_fd_sc_hd__buf_2)
                                                         z (net)
                      0.169780    0.000201    0.528458 ^ z (out)
                                              0.528458   data arrival time

                                  5.000000    5.000000   clock clk (rise edge)
                                  0.000000    5.000000   clock network delay (propagated)
                                 -0.250000    4.750000   clock uncertainty
                                  0.000000    4.750000   clock reconvergence pessimism
                                 -1.000000    3.750000   output external delay
                                              3.750000   data required time
---------------------------------------------------------------------------------------------
                                              3.750000   data required time
                                             -0.528458   data arrival time
---------------------------------------------------------------------------------------------
                                              3.221542   slack (MET)



%OL_END_REPORT
%OL_CREATE_REPORT checks.rpt

===========================================================================
report_checks -unconstrained
===========================================================================
======================= min_tt_025C_1v80 Corner ===================================

Startpoint: a[30] (input port clocked by clk)
Endpoint: _228_ (rising edge-triggered flip-flop clocked by clk)
Path Group: clk
Path Type: max

Fanout         Cap        Slew       Delay        Time   Description
---------------------------------------------------------------------------------------------
                                  0.000000    0.000000   clock clk (rise edge)
                                  0.000000    0.000000   clock network delay (propagated)
                                  1.000000    1.000000 ^ input external delay
     1    0.005655    0.032160    0.019949    1.019949 ^ a[30] (in)
                                                         a[30] (net)
                      0.032160    0.000000    1.019949 ^ input24/A (sky130_fd_sc_hd__buf_6)
     2    0.007263    0.028517    0.081396    1.101345 ^ input24/X (sky130_fd_sc_hd__buf_6)
                                                         net24 (net)
                      0.028517    0.000052    1.101398 ^ _133_/A_N (sky130_fd_sc_hd__and2b_1)
     2    0.005211    0.043779    0.173938    1.275336 v _133_/X (sky130_fd_sc_hd__and2b_1)
                                                         _099_ (net)
                      0.043779    0.000051    1.275388 v _137_/B1 (sky130_fd_sc_hd__a2111o_1)
     2    0.004801    0.069076    0.389166    1.664554 v _137_/X (sky130_fd_sc_hd__a2111o_1)
                                                         _103_ (net)
                      0.069076    0.000039    1.664593 v _141_/A (sky130_fd_sc_hd__or4b_4)
     3    0.009199    0.093086    0.553515    2.218108 v _141_/X (sky130_fd_sc_hd__or4b_4)
                                                         _107_ (net)
                      0.093086    0.000127    2.218235 v _152_/A (sky130_fd_sc_hd__or3_4)
     2    0.006065    0.068378    0.401053    2.619287 v _152_/X (sky130_fd_sc_hd__or3_4)
                                                         _005_ (net)
                      0.068378    0.000059    2.619347 v _163_/B (sky130_fd_sc_hd__or2_4)
     1    0.002890    0.043346    0.225952    2.845299 v _163_/X (sky130_fd_sc_hd__or2_4)
                                                         _016_ (net)
                      0.043346    0.000018    2.845317 v _227_/A1 (sky130_fd_sc_hd__o31a_1)
     1    0.002373    0.044581    0.282658    3.127975 v _227_/X (sky130_fd_sc_hd__o31a_1)
                                                         _000_ (net)
                      0.044581    0.000024    3.127999 v _228_/D (sky130_fd_sc_hd__dfxtp_1)
                                              3.127999   data arrival time

                                  5.000000    5.000000   clock clk (rise edge)
                                  0.000000    5.000000   clock source latency
     1    0.004520    0.027205    0.016306    5.016306 ^ clk (in)
                                                         clk (net)
                      0.027205    0.000000    5.016306 ^ _228_/CLK (sky130_fd_sc_hd__dfxtp_1)
                                 -0.250000    4.766306   clock uncertainty
                                  0.000000    4.766306   clock reconvergence pessimism
                                 -0.114504    4.651802   library setup time
                                              4.651802   data required time
---------------------------------------------------------------------------------------------
                                              4.651802   data required time
                                             -3.127999   data arrival time
---------------------------------------------------------------------------------------------
                                              1.523803   slack (MET)




===========================================================================
report_checks --slack_max -0.01
============================================================================
======================= min_tt_025C_1v80 Corner ===================================

No paths found.


===========================================================================
 report_check_types -max_slew -max_cap -max_fanout -violators
============================================================================
======================= min_tt_025C_1v80 Corner ===================================



===========================================================================
report_parasitic_annotation -report_unannotated
============================================================================
Found 0 unannotated drivers.
Found 0 partially unannotated drivers.

===========================================================================
max slew violation count 0
%OL_METRIC_I design__max_slew_violation__count__corner:min_tt_025C_1v80 0
max fanout violation count 0
%OL_METRIC_I design__max_fanout_violation__count__corner:min_tt_025C_1v80 0
max cap violation count 0
%OL_METRIC_I design__max_cap_violation__count__corner:min_tt_025C_1v80 0
============================================================================

===========================================================================
check_setup -verbose -unconstrained_endpoints -multiple_clock -no_clock -no_input_delay -loops -generated_clocks
===========================================================================
%OL_END_REPORT
%OL_CREATE_REPORT power.rpt

===========================================================================
 report_power
============================================================================
======================= min_tt_025C_1v80 Corner ===================================

Group                    Internal    Switching      Leakage        Total
                            Power        Power        Power        Power (Watts)
------------------------------------------------------------------------
Sequential           8.365591e-06 1.113029e-07 8.111877e-12 8.476903e-06   9.3%
Combinational        4.742379e-05 3.541092e-05 4.881942e-10 8.283520e-05  90.7%
Clock                0.000000e+00 0.000000e+00 2.106028e-10 2.106028e-10   0.0%
Macro                0.000000e+00 0.000000e+00 0.000000e+00 0.000000e+00   0.0%
Pad                  0.000000e+00 0.000000e+00 0.000000e+00 0.000000e+00   0.0%
------------------------------------------------------------------------
Total                5.578938e-05 3.552222e-05 7.069093e-10 9.131230e-05 100.0%
                            61.1%        38.9%         0.0%
%OL_METRIC_F power__internal__total 5.578937634709291e-5
%OL_METRIC_F power__switching__total 3.552222187863663e-5
%OL_METRIC_F power__leakage__total 7.069092533562582e-10
%OL_METRIC_F power__total 9.131230035563931e-5

%OL_END_REPORT
%OL_CREATE_REPORT skew.min.rpt

===========================================================================
Clock Skew (Hold)
============================================================================
%OL_METRIC_F clock__skew__worst_hold__corner:min_tt_025C_1v80 0.000000
======================= min_tt_025C_1v80 Corner ===================================

Clock clk
No launch/capture paths found.

%OL_END_REPORT
%OL_CREATE_REPORT skew.max.rpt

===========================================================================
Clock Skew (Setup)
============================================================================
%OL_METRIC_F clock__skew__worst_setup__corner:min_tt_025C_1v80 0.000000
======================= min_tt_025C_1v80 Corner ===================================

Clock clk
No launch/capture paths found.

%OL_END_REPORT
%OL_CREATE_REPORT ws.min.rpt

===========================================================================
Worst Slack (Hold)
============================================================================
%OL_METRIC_F timing__hold__ws__corner:min_tt_025C_1v80 1.218450
min_tt_025C_1v80: 1.218450
%OL_END_REPORT
%OL_CREATE_REPORT ws.max.rpt

===========================================================================
Worst Slack (Setup)
============================================================================
%OL_METRIC_F timing__setup__ws__corner:min_tt_025C_1v80 1.523803
min_tt_025C_1v80: 1.523803
%OL_END_REPORT
%OL_CREATE_REPORT tns.min.rpt

===========================================================================
Total Negative Slack (Hold)
============================================================================
%OL_METRIC_F timing__hold__tns__corner:min_tt_025C_1v80 0.000000
min_tt_025C_1v80: 0.000000
%OL_END_REPORT
%OL_CREATE_REPORT tns.max.rpt

===========================================================================
Total Negative Slack (Setup)
============================================================================
%OL_METRIC_F timing__setup__tns__corner:min_tt_025C_1v80 0.000000
min_tt_025C_1v80: 0.000000
%OL_END_REPORT
%OL_CREATE_REPORT wns.min.rpt

===========================================================================
Worst Negative Slack (Hold)
============================================================================
%OL_METRIC_F timing__hold__wns__corner:min_tt_025C_1v80 0
min_tt_025C_1v80: 0
%OL_END_REPORT
%OL_CREATE_REPORT wns.max.rpt

===========================================================================
Worst Negative Slack (Setup)
============================================================================
%OL_METRIC_F timing__setup__wns__corner:min_tt_025C_1v80 0.0
min_tt_025C_1v80: 0.0
%OL_END_REPORT
%OL_CREATE_REPORT violator_list.rpt

===========================================================================
Violator List
============================================================================
%OL_METRIC_I timing__hold_vio__count__corner:min_tt_025C_1v80 0
%OL_METRIC_F timing__hold_r2r__ws__corner:min_tt_025C_1v80 inf
%OL_METRIC_I timing__hold_r2r_vio__count__corner:min_tt_025C_1v80 0
%OL_METRIC_I timing__setup_vio__count__corner:min_tt_025C_1v80 0
%OL_METRIC_F timing__setup_r2r__ws__corner:min_tt_025C_1v80 inf
%OL_METRIC_I timing__setup_r2r_vio__count__corner:min_tt_025C_1v80 0
%OL_END_REPORT
Writing SDF files for all corners…
Removing Clock latencies before writing libs…
Writing timing models for all corners…
Writing timing models for the min_tt_025C_1v80 corner to /home/erwann/design_workspace/sky130A/HelloWorld/digital/comp32/runs/RUN_2024-04-29_20-13-57/51-openroad-stapostpnr/min_tt_025C_1v80/comp32__min_tt_025C_1v80.lib…
