Reading timing models for corner min_tt_025C_1v80…
Reading cell library for the 'min_tt_025C_1v80' corner at '/home/erwann/.volare/volare/sky130/versions/bdc9412b3e468c102d01b7cf6337be06ec6e9c9a/sky130A/libs.ref/sky130_fd_sc_hd/lib/sky130_fd_sc_hd__tt_025C_1v80.lib'…
Reading top-level netlist at '/home/erwann/design_workspace/sky130A/HelloWorld/digital/comp32/runs/RUN_2024-05-09_16-54-40/49-openroad-fillinsertion/comp32.nl.v'…
Linking design 'comp32' from netlist…
Warning: /home/erwann/design_workspace/sky130A/HelloWorld/digital/comp32/runs/RUN_2024-05-09_16-54-40/49-openroad-fillinsertion/comp32.nl.v line 637, module sky130_fd_sc_hd__tapvpwrvgnd_1 not found. Creating black box for TAP_TAPCELL_ROW_0_32.
Warning: /home/erwann/design_workspace/sky130A/HelloWorld/digital/comp32/runs/RUN_2024-05-09_16-54-40/49-openroad-fillinsertion/comp32.nl.v line 794, module sky130_fd_sc_hd__fill_1 not found. Creating black box for FILLER_0_0_6.
Warning: /home/erwann/design_workspace/sky130A/HelloWorld/digital/comp32/runs/RUN_2024-05-09_16-54-40/49-openroad-fillinsertion/comp32.nl.v line 795, module sky130_fd_sc_hd__fill_2 not found. Creating black box for FILLER_0_0_20.
Warning: /home/erwann/design_workspace/sky130A/HelloWorld/digital/comp32/runs/RUN_2024-05-09_16-54-40/49-openroad-fillinsertion/comp32.nl.v line 808, module sky130_ef_sc_hd__decap_12 not found. Creating black box for FILLER_0_2_49.
Reading design constraints file at '/nix/store/hwxq78ix5dm1zxacgmyfrlkgn2vq15hz-python3-3.11.6-env/lib/python3.11/site-packages/openlane/scripts/base.sdc'…
[INFO] Using clock clk…
[INFO] Setting output delay to: 5
[INFO] Setting input delay to: 5
[INFO] Setting load to: 0.033442
[INFO] Setting clock uncertainty to: 0.25
[INFO] Setting clock transition to: 0.1499999999999999944488848768742172978818416595458984375
[INFO] Setting timing derate to: 5%
Reading top-level design parasitics for the 'min_tt_025C_1v80' corner at '/home/erwann/design_workspace/sky130A/HelloWorld/digital/comp32/runs/RUN_2024-05-09_16-54-40/50-openroad-rcx/min/comp32.min.spef'…
%OL_CREATE_REPORT min.rpt

===========================================================================
report_checks -path_delay min (Hold)
============================================================================
======================= min_tt_025C_1v80 Corner ===================================

Startpoint: a[16] (input port clocked by clk)
Endpoint: _228_ (rising edge-triggered flip-flop clocked by clk)
Path Group: clk
Path Type: min

Fanout         Cap        Slew       Delay        Time   Description
---------------------------------------------------------------------------------------------
                                  0.000000    0.000000   clock clk (rise edge)
                                  0.000000    0.000000   clock network delay (propagated)
                                  5.000000    5.000000 ^ input external delay
     1    0.002722    0.019397    0.010024    5.010024 ^ a[16] (in)
                                                         a[16] (net)
                      0.019397    0.000000    5.010024 ^ input8/A (sky130_fd_sc_hd__clkbuf_1)
     2    0.006451    0.084647    0.100809    5.110833 ^ input8/X (sky130_fd_sc_hd__clkbuf_1)
                                                         net8 (net)
                      0.084647    0.000091    5.110924 ^ _171_/B (sky130_fd_sc_hd__and2_1)
     1    0.002551    0.044034    0.124091    5.235015 ^ _171_/X (sky130_fd_sc_hd__and2_1)
                                                         _024_ (net)
                      0.044034    0.000028    5.235042 ^ _172_/C (sky130_fd_sc_hd__or4b_1)
     1    0.003102    0.040439    0.096726    5.331768 ^ _172_/X (sky130_fd_sc_hd__or4b_1)
                                                         _025_ (net)
                      0.040439    0.000031    5.331799 ^ _227_/A2 (sky130_fd_sc_hd__o31a_1)
     1    0.002468    0.041791    0.116908    5.448707 ^ _227_/X (sky130_fd_sc_hd__o31a_1)
                                                         _000_ (net)
                      0.041791    0.000026    5.448732 ^ _228_/D (sky130_fd_sc_hd__dfxtp_1)
                                              5.448732   data arrival time

                                  0.000000    0.000000   clock clk (rise edge)
                                  0.000000    0.000000   clock source latency
     1    0.004569    0.027415    0.016465    0.016465 ^ clk (in)
                                                         clk (net)
                      0.027415    0.000000    0.016465 ^ _228_/CLK (sky130_fd_sc_hd__dfxtp_1)
                                  0.250000    0.266465   clock uncertainty
                                  0.000000    0.266465   clock reconvergence pessimism
                                 -0.032915    0.233551   library hold time
                                              0.233551   data required time
---------------------------------------------------------------------------------------------
                                              0.233551   data required time
                                             -5.448732   data arrival time
---------------------------------------------------------------------------------------------
                                              5.215182   slack (MET)


Startpoint: _228_ (rising edge-triggered flip-flop clocked by clk)
Endpoint: z (output port clocked by clk)
Path Group: clk
Path Type: min

Fanout         Cap        Slew       Delay        Time   Description
---------------------------------------------------------------------------------------------
                                  0.000000    0.000000   clock clk (rise edge)
                                  0.000000    0.000000   clock source latency
     1    0.004569    0.027415    0.016465    0.016465 ^ clk (in)
                                                         clk (net)
                      0.027415    0.000000    0.016465 ^ _228_/CLK (sky130_fd_sc_hd__dfxtp_1)
     1    0.004823    0.034882    0.293294    0.309760 v _228_/Q (sky130_fd_sc_hd__dfxtp_1)
                                                         net65 (net)
                      0.034882    0.000089    0.309849 v output65/A (sky130_fd_sc_hd__buf_2)
     1    0.034259    0.089374    0.176065    0.485913 v output65/X (sky130_fd_sc_hd__buf_2)
                                                         z (net)
                      0.089374    0.000234    0.486147 v z (out)
                                              0.486147   data arrival time

                                  0.000000    0.000000   clock clk (rise edge)
                                  0.000000    0.000000   clock network delay (propagated)
                                  0.250000    0.250000   clock uncertainty
                                  0.000000    0.250000   clock reconvergence pessimism
                                 -5.000000   -4.750000   output external delay
                                             -4.750000   data required time
---------------------------------------------------------------------------------------------
                                             -4.750000   data required time
                                             -0.486147   data arrival time
---------------------------------------------------------------------------------------------
                                              5.236147   slack (MET)



%OL_END_REPORT
%OL_CREATE_REPORT max.rpt

===========================================================================
report_checks -path_delay max (Setup)
============================================================================
======================= min_tt_025C_1v80 Corner ===================================

Startpoint: a[30] (input port clocked by clk)
Endpoint: _228_ (rising edge-triggered flip-flop clocked by clk)
Path Group: clk
Path Type: max

Fanout         Cap        Slew       Delay        Time   Description
---------------------------------------------------------------------------------------------
                                  0.000000    0.000000   clock clk (rise edge)
                                  0.000000    0.000000   clock network delay (propagated)
                                  5.000000    5.000000 ^ input external delay
     1    0.002976    0.020491    0.010918    5.010919 ^ a[30] (in)
                                                         a[30] (net)
                      0.020491    0.000000    5.010919 ^ input24/A (sky130_fd_sc_hd__buf_1)
     2    0.007032    0.091157    0.105872    5.116791 ^ input24/X (sky130_fd_sc_hd__buf_1)
                                                         net24 (net)
                      0.091157    0.000051    5.116842 ^ _133_/A_N (sky130_fd_sc_hd__and2b_1)
     2    0.005873    0.046593    0.196774    5.313615 v _133_/X (sky130_fd_sc_hd__and2b_1)
                                                         _099_ (net)
                      0.046593    0.000070    5.313685 v _137_/B1 (sky130_fd_sc_hd__a2111o_1)
     2    0.004565    0.067929    0.388360    5.702045 v _137_/X (sky130_fd_sc_hd__a2111o_1)
                                                         _103_ (net)
                      0.067929    0.000044    5.702089 v _141_/A (sky130_fd_sc_hd__or4b_1)
     3    0.007701    0.114584    0.564313    6.266403 v _141_/X (sky130_fd_sc_hd__or4b_1)
                                                         _107_ (net)
                      0.114584    0.000105    6.266508 v _152_/A (sky130_fd_sc_hd__or3_1)
     2    0.005785    0.081315    0.408990    6.675498 v _152_/X (sky130_fd_sc_hd__or3_1)
                                                         _005_ (net)
                      0.081315    0.000084    6.675581 v _163_/A (sky130_fd_sc_hd__or2_1)
     1    0.002752    0.047546    0.232996    6.908577 v _163_/X (sky130_fd_sc_hd__or2_1)
                                                         _016_ (net)
                      0.047546    0.000016    6.908593 v _227_/A1 (sky130_fd_sc_hd__o31a_1)
     1    0.002475    0.045137    0.285078    7.193671 v _227_/X (sky130_fd_sc_hd__o31a_1)
                                                         _000_ (net)
                      0.045137    0.000026    7.193697 v _228_/D (sky130_fd_sc_hd__dfxtp_1)
                                              7.193697   data arrival time

                                 25.000000   25.000000   clock clk (rise edge)
                                  0.000000   25.000000   clock source latency
     1    0.004569    0.027415    0.016465   25.016464 ^ clk (in)
                                                         clk (net)
                      0.027415    0.000000   25.016464 ^ _228_/CLK (sky130_fd_sc_hd__dfxtp_1)
                                 -0.250000   24.766464   clock uncertainty
                                  0.000000   24.766464   clock reconvergence pessimism
                                 -0.114699   24.651766   library setup time
                                             24.651766   data required time
---------------------------------------------------------------------------------------------
                                             24.651766   data required time
                                             -7.193697   data arrival time
---------------------------------------------------------------------------------------------
                                             17.458069   slack (MET)


Startpoint: _228_ (rising edge-triggered flip-flop clocked by clk)
Endpoint: z (output port clocked by clk)
Path Group: clk
Path Type: max

Fanout         Cap        Slew       Delay        Time   Description
---------------------------------------------------------------------------------------------
                                  0.000000    0.000000   clock clk (rise edge)
                                  0.000000    0.000000   clock source latency
     1    0.004569    0.027415    0.016465    0.016465 ^ clk (in)
                                                         clk (net)
                      0.027415    0.000000    0.016465 ^ _228_/CLK (sky130_fd_sc_hd__dfxtp_1)
     1    0.004983    0.059007    0.307743    0.324208 ^ _228_/Q (sky130_fd_sc_hd__dfxtp_1)
                                                         net65 (net)
                      0.059007    0.000093    0.324301 ^ output65/A (sky130_fd_sc_hd__buf_2)
     1    0.034259    0.170102    0.203519    0.527820 ^ output65/X (sky130_fd_sc_hd__buf_2)
                                                         z (net)
                      0.170102    0.000234    0.528054 ^ z (out)
                                              0.528054   data arrival time

                                 25.000000   25.000000   clock clk (rise edge)
                                  0.000000   25.000000   clock network delay (propagated)
                                 -0.250000   24.750000   clock uncertainty
                                  0.000000   24.750000   clock reconvergence pessimism
                                 -5.000000   19.750000   output external delay
                                             19.750000   data required time
---------------------------------------------------------------------------------------------
                                             19.750000   data required time
                                             -0.528054   data arrival time
---------------------------------------------------------------------------------------------
                                             19.221945   slack (MET)



%OL_END_REPORT
%OL_CREATE_REPORT checks.rpt

===========================================================================
report_checks -unconstrained
===========================================================================
======================= min_tt_025C_1v80 Corner ===================================

Startpoint: a[30] (input port clocked by clk)
Endpoint: _228_ (rising edge-triggered flip-flop clocked by clk)
Path Group: clk
Path Type: max

Fanout         Cap        Slew       Delay        Time   Description
---------------------------------------------------------------------------------------------
                                  0.000000    0.000000   clock clk (rise edge)
                                  0.000000    0.000000   clock network delay (propagated)
                                  5.000000    5.000000 ^ input external delay
     1    0.002976    0.020491    0.010918    5.010919 ^ a[30] (in)
                                                         a[30] (net)
                      0.020491    0.000000    5.010919 ^ input24/A (sky130_fd_sc_hd__buf_1)
     2    0.007032    0.091157    0.105872    5.116791 ^ input24/X (sky130_fd_sc_hd__buf_1)
                                                         net24 (net)
                      0.091157    0.000051    5.116842 ^ _133_/A_N (sky130_fd_sc_hd__and2b_1)
     2    0.005873    0.046593    0.196774    5.313615 v _133_/X (sky130_fd_sc_hd__and2b_1)
                                                         _099_ (net)
                      0.046593    0.000070    5.313685 v _137_/B1 (sky130_fd_sc_hd__a2111o_1)
     2    0.004565    0.067929    0.388360    5.702045 v _137_/X (sky130_fd_sc_hd__a2111o_1)
                                                         _103_ (net)
                      0.067929    0.000044    5.702089 v _141_/A (sky130_fd_sc_hd__or4b_1)
     3    0.007701    0.114584    0.564313    6.266403 v _141_/X (sky130_fd_sc_hd__or4b_1)
                                                         _107_ (net)
                      0.114584    0.000105    6.266508 v _152_/A (sky130_fd_sc_hd__or3_1)
     2    0.005785    0.081315    0.408990    6.675498 v _152_/X (sky130_fd_sc_hd__or3_1)
                                                         _005_ (net)
                      0.081315    0.000084    6.675581 v _163_/A (sky130_fd_sc_hd__or2_1)
     1    0.002752    0.047546    0.232996    6.908577 v _163_/X (sky130_fd_sc_hd__or2_1)
                                                         _016_ (net)
                      0.047546    0.000016    6.908593 v _227_/A1 (sky130_fd_sc_hd__o31a_1)
     1    0.002475    0.045137    0.285078    7.193671 v _227_/X (sky130_fd_sc_hd__o31a_1)
                                                         _000_ (net)
                      0.045137    0.000026    7.193697 v _228_/D (sky130_fd_sc_hd__dfxtp_1)
                                              7.193697   data arrival time

                                 25.000000   25.000000   clock clk (rise edge)
                                  0.000000   25.000000   clock source latency
     1    0.004569    0.027415    0.016465   25.016464 ^ clk (in)
                                                         clk (net)
                      0.027415    0.000000   25.016464 ^ _228_/CLK (sky130_fd_sc_hd__dfxtp_1)
                                 -0.250000   24.766464   clock uncertainty
                                  0.000000   24.766464   clock reconvergence pessimism
                                 -0.114699   24.651766   library setup time
                                             24.651766   data required time
---------------------------------------------------------------------------------------------
                                             24.651766   data required time
                                             -7.193697   data arrival time
---------------------------------------------------------------------------------------------
                                             17.458069   slack (MET)




===========================================================================
report_checks --slack_max -0.01
============================================================================
======================= min_tt_025C_1v80 Corner ===================================

No paths found.


===========================================================================
 report_check_types -max_slew -max_cap -max_fanout -violators
============================================================================
======================= min_tt_025C_1v80 Corner ===================================



===========================================================================
report_parasitic_annotation -report_unannotated
============================================================================
Found 0 unannotated drivers.
Found 0 partially unannotated drivers.

===========================================================================
max slew violation count 0
%OL_METRIC_I design__max_slew_violation__count__corner:min_tt_025C_1v80 0
max fanout violation count 0
%OL_METRIC_I design__max_fanout_violation__count__corner:min_tt_025C_1v80 0
max cap violation count 0
%OL_METRIC_I design__max_cap_violation__count__corner:min_tt_025C_1v80 0
============================================================================

===========================================================================
check_setup -verbose -unconstrained_endpoints -multiple_clock -no_clock -no_input_delay -loops -generated_clocks
===========================================================================
%OL_END_REPORT
%OL_CREATE_REPORT power.rpt

===========================================================================
 report_power
============================================================================
======================= min_tt_025C_1v80 Corner ===================================

Group                    Internal    Switching      Leakage        Total
                            Power        Power        Power        Power (Watts)
------------------------------------------------------------------------
Sequential           1.672973e-06 2.185561e-08 8.111877e-12 1.694837e-06   9.6%
Combinational        9.048057e-06 6.888819e-06 4.664922e-10 1.593734e-05  90.4%
Clock                0.000000e+00 0.000000e+00 2.268031e-10 2.268031e-10   0.0%
Macro                0.000000e+00 0.000000e+00 0.000000e+00 0.000000e+00   0.0%
Pad                  0.000000e+00 0.000000e+00 0.000000e+00 0.000000e+00   0.0%
------------------------------------------------------------------------
Total                1.072103e-05 6.910675e-06 7.014075e-10 1.763241e-05 100.0%
                            60.8%        39.2%         0.0%
%OL_METRIC_F power__internal__total 1.0721028957050294e-5
%OL_METRIC_F power__switching__total 6.910675438120961e-6
%OL_METRIC_F power__leakage__total 7.014075431577282e-10
%OL_METRIC_F power__total 1.7632406525081024e-5

%OL_END_REPORT
%OL_CREATE_REPORT skew.min.rpt

===========================================================================
Clock Skew (Hold)
============================================================================
%OL_METRIC_F clock__skew__worst_hold__corner:min_tt_025C_1v80 0.000000
======================= min_tt_025C_1v80 Corner ===================================

Clock clk
No launch/capture paths found.

%OL_END_REPORT
%OL_CREATE_REPORT skew.max.rpt

===========================================================================
Clock Skew (Setup)
============================================================================
%OL_METRIC_F clock__skew__worst_setup__corner:min_tt_025C_1v80 0.000000
======================= min_tt_025C_1v80 Corner ===================================

Clock clk
No launch/capture paths found.

%OL_END_REPORT
%OL_CREATE_REPORT ws.min.rpt

===========================================================================
Worst Slack (Hold)
============================================================================
%OL_METRIC_F timing__hold__ws__corner:min_tt_025C_1v80 5.215182
min_tt_025C_1v80: 5.215182
%OL_END_REPORT
%OL_CREATE_REPORT ws.max.rpt

===========================================================================
Worst Slack (Setup)
============================================================================
%OL_METRIC_F timing__setup__ws__corner:min_tt_025C_1v80 17.458069
min_tt_025C_1v80: 17.458069
%OL_END_REPORT
%OL_CREATE_REPORT tns.min.rpt

===========================================================================
Total Negative Slack (Hold)
============================================================================
%OL_METRIC_F timing__hold__tns__corner:min_tt_025C_1v80 0.000000
min_tt_025C_1v80: 0.000000
%OL_END_REPORT
%OL_CREATE_REPORT tns.max.rpt

===========================================================================
Total Negative Slack (Setup)
============================================================================
%OL_METRIC_F timing__setup__tns__corner:min_tt_025C_1v80 0.000000
min_tt_025C_1v80: 0.000000
%OL_END_REPORT
%OL_CREATE_REPORT wns.min.rpt

===========================================================================
Worst Negative Slack (Hold)
============================================================================
%OL_METRIC_F timing__hold__wns__corner:min_tt_025C_1v80 0
min_tt_025C_1v80: 0
%OL_END_REPORT
%OL_CREATE_REPORT wns.max.rpt

===========================================================================
Worst Negative Slack (Setup)
============================================================================
%OL_METRIC_F timing__setup__wns__corner:min_tt_025C_1v80 0.0
min_tt_025C_1v80: 0.0
%OL_END_REPORT
%OL_CREATE_REPORT violator_list.rpt

===========================================================================
Violator List
============================================================================
%OL_METRIC_I timing__hold_vio__count__corner:min_tt_025C_1v80 0
%OL_METRIC_F timing__hold_r2r__ws__corner:min_tt_025C_1v80 inf
%OL_METRIC_I timing__hold_r2r_vio__count__corner:min_tt_025C_1v80 0
%OL_METRIC_I timing__setup_vio__count__corner:min_tt_025C_1v80 0
%OL_METRIC_F timing__setup_r2r__ws__corner:min_tt_025C_1v80 inf
%OL_METRIC_I timing__setup_r2r_vio__count__corner:min_tt_025C_1v80 0
%OL_END_REPORT
Writing SDF files for all corners…
Removing Clock latencies before writing libs…
Writing timing models for all corners…
Writing timing models for the min_tt_025C_1v80 corner to /home/erwann/design_workspace/sky130A/HelloWorld/digital/comp32/runs/RUN_2024-05-09_16-54-40/51-openroad-stapostpnr/min_tt_025C_1v80/comp32__min_tt_025C_1v80.lib…
