
===========================================================================
report_checks -path_delay max (Setup)
============================================================================
======================= nom_ss_100C_1v60 Corner ===================================

Startpoint: a[30] (input port clocked by clk)
Endpoint: _228_ (rising edge-triggered flip-flop clocked by clk)
Path Group: clk
Path Type: max

Fanout         Cap        Slew       Delay        Time   Description
---------------------------------------------------------------------------------------------
                                  0.000000    0.000000   clock clk (rise edge)
                                  0.000000    0.000000   clock network delay (propagated)
                                  5.000000    5.000000 ^ input external delay
     1    0.002803    0.032274    0.015808    5.015808 ^ a[30] (in)
                                                         a[30] (net)
                      0.032274    0.000000    5.015808 ^ input24/A (sky130_fd_sc_hd__buf_1)
     2    0.008352    0.171222    0.205960    5.221768 ^ input24/X (sky130_fd_sc_hd__buf_1)
                                                         net24 (net)
                      0.171222    0.000194    5.221961 ^ _133_/A_N (sky130_fd_sc_hd__and2b_1)
     2    0.005860    0.090557    0.426334    5.648295 v _133_/X (sky130_fd_sc_hd__and2b_1)
                                                         _099_ (net)
                      0.090557    0.000125    5.648420 v _137_/B1 (sky130_fd_sc_hd__a2111o_1)
     2    0.007473    0.152638    0.799446    6.447866 v _137_/X (sky130_fd_sc_hd__a2111o_1)
                                                         _103_ (net)
                      0.152638    0.000184    6.448050 v _141_/A (sky130_fd_sc_hd__or4b_1)
     3    0.009771    0.259446    1.357830    7.805881 v _141_/X (sky130_fd_sc_hd__or4b_1)
                                                         _107_ (net)
                      0.259446    0.000360    7.806240 v _152_/A (sky130_fd_sc_hd__or3_1)
     2    0.004320    0.153617    0.939912    8.746153 v _152_/X (sky130_fd_sc_hd__or3_1)
                                                         _005_ (net)
                      0.153617    0.000077    8.746230 v _163_/A (sky130_fd_sc_hd__or2_1)
     1    0.003018    0.098867    0.530253    9.276483 v _163_/X (sky130_fd_sc_hd__or2_1)
                                                         _016_ (net)
                      0.098867    0.000065    9.276547 v _227_/A1 (sky130_fd_sc_hd__o31a_1)
     1    0.002293    0.080534    0.553660    9.830208 v _227_/X (sky130_fd_sc_hd__o31a_1)
                                                         _000_ (net)
                      0.080534    0.000069    9.830277 v _228_/D (sky130_fd_sc_hd__dfxtp_1)
                                              9.830277   data arrival time

                                 25.000000   25.000000   clock clk (rise edge)
                                  0.000000   25.000000   clock source latency
     1    0.005882    0.053172    0.031985   25.031984 ^ clk (in)
                                                         clk (net)
                      0.053172    0.000000   25.031984 ^ _228_/CLK (sky130_fd_sc_hd__dfxtp_1)
                                 -0.250000   24.781984   clock uncertainty
                                  0.000000   24.781984   clock reconvergence pessimism
                                 -0.277892   24.504093   library setup time
                                             24.504093   data required time
---------------------------------------------------------------------------------------------
                                             24.504093   data required time
                                             -9.830277   data arrival time
---------------------------------------------------------------------------------------------
                                             14.673817   slack (MET)


Startpoint: _228_ (rising edge-triggered flip-flop clocked by clk)
Endpoint: z (output port clocked by clk)
Path Group: clk
Path Type: max

Fanout         Cap        Slew       Delay        Time   Description
---------------------------------------------------------------------------------------------
                                  0.000000    0.000000   clock clk (rise edge)
                                  0.000000    0.000000   clock source latency
     1    0.005882    0.053172    0.031986    0.031986 ^ clk (in)
                                                         clk (net)
                      0.053172    0.000000    0.031986 ^ _228_/CLK (sky130_fd_sc_hd__dfxtp_1)
     1    0.006787    0.121726    0.659787    0.691773 ^ _228_/Q (sky130_fd_sc_hd__dfxtp_1)
                                                         net65 (net)
                      0.121726    0.000263    0.692036 ^ output65/A (sky130_fd_sc_hd__buf_2)
     1    0.034388    0.273149    0.368247    1.060283 ^ output65/X (sky130_fd_sc_hd__buf_2)
                                                         z (net)
                      0.273149    0.000748    1.061031 ^ z (out)
                                              1.061031   data arrival time

                                 25.000000   25.000000   clock clk (rise edge)
                                  0.000000   25.000000   clock network delay (propagated)
                                 -0.250000   24.750000   clock uncertainty
                                  0.000000   24.750000   clock reconvergence pessimism
                                 -5.000000   19.750000   output external delay
                                             19.750000   data required time
---------------------------------------------------------------------------------------------
                                             19.750000   data required time
                                             -1.061031   data arrival time
---------------------------------------------------------------------------------------------
                                             18.688969   slack (MET)



