Reading timing models for corner nom_ss_100C_1v60…
Reading cell library for the 'nom_ss_100C_1v60' corner at '/home/erwann/.volare/volare/sky130/versions/bdc9412b3e468c102d01b7cf6337be06ec6e9c9a/sky130A/libs.ref/sky130_fd_sc_hd/lib/sky130_fd_sc_hd__ss_100C_1v60.lib'…
Reading top-level netlist at '/home/erwann/design_workspace/sky130A/HelloWorld/digital/comp32/runs/RUN_2024-05-09_16-56-29/49-openroad-fillinsertion/comp32.nl.v'…
Linking design 'comp32' from netlist…
Warning: /home/erwann/design_workspace/sky130A/HelloWorld/digital/comp32/runs/RUN_2024-05-09_16-56-29/49-openroad-fillinsertion/comp32.nl.v line 667, module sky130_fd_sc_hd__tapvpwrvgnd_1 not found. Creating black box for TAP_TAPCELL_ROW_0_62.
Warning: /home/erwann/design_workspace/sky130A/HelloWorld/digital/comp32/runs/RUN_2024-05-09_16-56-29/49-openroad-fillinsertion/comp32.nl.v line 929, module sky130_ef_sc_hd__decap_12 not found. Creating black box for FILLER_0_0_3.
Warning: /home/erwann/design_workspace/sky130A/HelloWorld/digital/comp32/runs/RUN_2024-05-09_16-56-29/49-openroad-fillinsertion/comp32.nl.v line 931, module sky130_fd_sc_hd__fill_1 not found. Creating black box for FILLER_0_0_27.
Warning: /home/erwann/design_workspace/sky130A/HelloWorld/digital/comp32/runs/RUN_2024-05-09_16-56-29/49-openroad-fillinsertion/comp32.nl.v line 935, module sky130_fd_sc_hd__fill_2 not found. Creating black box for FILLER_0_0_57.
Reading design constraints file at '/nix/store/hwxq78ix5dm1zxacgmyfrlkgn2vq15hz-python3-3.11.6-env/lib/python3.11/site-packages/openlane/scripts/base.sdc'…
[INFO] Using clock clk…
[INFO] Setting output delay to: 5
[INFO] Setting input delay to: 5
[INFO] Setting load to: 0.033442
[INFO] Setting clock uncertainty to: 0.25
[INFO] Setting clock transition to: 0.1499999999999999944488848768742172978818416595458984375
[INFO] Setting timing derate to: 5%
Reading top-level design parasitics for the 'nom_ss_100C_1v60' corner at '/home/erwann/design_workspace/sky130A/HelloWorld/digital/comp32/runs/RUN_2024-05-09_16-56-29/50-openroad-rcx/nom/comp32.nom.spef'…
%OL_CREATE_REPORT min.rpt

===========================================================================
report_checks -path_delay min (Hold)
============================================================================
======================= nom_ss_100C_1v60 Corner ===================================

Startpoint: _228_ (rising edge-triggered flip-flop clocked by clk)
Endpoint: z (output port clocked by clk)
Path Group: clk
Path Type: min

Fanout         Cap        Slew       Delay        Time   Description
---------------------------------------------------------------------------------------------
                                  0.000000    0.000000   clock clk (rise edge)
                                  0.000000    0.000000   clock source latency
     1    0.005882    0.053172    0.031986    0.031986 ^ clk (in)
                                                         clk (net)
                      0.053172    0.000000    0.031986 ^ _228_/CLK (sky130_fd_sc_hd__dfxtp_1)
     1    0.006659    0.078314    0.595303    0.627289 v _228_/Q (sky130_fd_sc_hd__dfxtp_1)
                                                         net65 (net)
                      0.078314    0.000255    0.627544 v output65/A (sky130_fd_sc_hd__buf_2)
     1    0.034388    0.166371    0.348710    0.976254 v output65/X (sky130_fd_sc_hd__buf_2)
                                                         z (net)
                      0.166372    0.000748    0.977001 v z (out)
                                              0.977001   data arrival time

                                  0.000000    0.000000   clock clk (rise edge)
                                  0.000000    0.000000   clock network delay (propagated)
                                  0.250000    0.250000   clock uncertainty
                                  0.000000    0.250000   clock reconvergence pessimism
                                 -5.000000   -4.750000   output external delay
                                             -4.750000   data required time
---------------------------------------------------------------------------------------------
                                             -4.750000   data required time
                                             -0.977001   data arrival time
---------------------------------------------------------------------------------------------
                                              5.727001   slack (MET)


Startpoint: a[17] (input port clocked by clk)
Endpoint: _228_ (rising edge-triggered flip-flop clocked by clk)
Path Group: clk
Path Type: min

Fanout         Cap        Slew       Delay        Time   Description
---------------------------------------------------------------------------------------------
                                  0.000000    0.000000   clock clk (rise edge)
                                  0.000000    0.000000   clock network delay (propagated)
                                  5.000000    5.000000 ^ input external delay
     1    0.003102    0.034248    0.017387    5.017387 ^ a[17] (in)
                                                         a[17] (net)
                      0.034248    0.000000    5.017387 ^ input9/A (sky130_fd_sc_hd__clkbuf_1)
     2    0.005877    0.126639    0.174713    5.192101 ^ input9/X (sky130_fd_sc_hd__clkbuf_1)
                                                         net9 (net)
                      0.126639    0.000145    5.192245 ^ _168_/A (sky130_fd_sc_hd__and2_1)
     2    0.005068    0.109371    0.266258    5.458503 ^ _168_/X (sky130_fd_sc_hd__and2_1)
                                                         _021_ (net)
                      0.109371    0.000112    5.458615 ^ _172_/B (sky130_fd_sc_hd__or4b_1)
     1    0.006332    0.109097    0.229997    5.688612 ^ _172_/X (sky130_fd_sc_hd__or4b_1)
                                                         _025_ (net)
                      0.109097    0.000275    5.688887 ^ _227_/A2 (sky130_fd_sc_hd__o31a_1)
     1    0.002209    0.069899    0.250376    5.939263 ^ _227_/X (sky130_fd_sc_hd__o31a_1)
                                                         _000_ (net)
                      0.069899    0.000066    5.939329 ^ _228_/D (sky130_fd_sc_hd__dfxtp_1)
                                              5.939329   data arrival time

                                  0.000000    0.000000   clock clk (rise edge)
                                  0.000000    0.000000   clock source latency
     1    0.005882    0.053172    0.031986    0.031986 ^ clk (in)
                                                         clk (net)
                      0.053172    0.000000    0.031986 ^ _228_/CLK (sky130_fd_sc_hd__dfxtp_1)
                                  0.250000    0.281986   clock uncertainty
                                  0.000000    0.281986   clock reconvergence pessimism
                                 -0.074672    0.207314   library hold time
                                              0.207314   data required time
---------------------------------------------------------------------------------------------
                                              0.207314   data required time
                                             -5.939329   data arrival time
---------------------------------------------------------------------------------------------
                                              5.732015   slack (MET)



%OL_END_REPORT
%OL_CREATE_REPORT max.rpt

===========================================================================
report_checks -path_delay max (Setup)
============================================================================
======================= nom_ss_100C_1v60 Corner ===================================

Startpoint: a[30] (input port clocked by clk)
Endpoint: _228_ (rising edge-triggered flip-flop clocked by clk)
Path Group: clk
Path Type: max

Fanout         Cap        Slew       Delay        Time   Description
---------------------------------------------------------------------------------------------
                                  0.000000    0.000000   clock clk (rise edge)
                                  0.000000    0.000000   clock network delay (propagated)
                                  5.000000    5.000000 ^ input external delay
     1    0.002803    0.032274    0.015808    5.015808 ^ a[30] (in)
                                                         a[30] (net)
                      0.032274    0.000000    5.015808 ^ input24/A (sky130_fd_sc_hd__buf_1)
     2    0.008352    0.171222    0.205960    5.221768 ^ input24/X (sky130_fd_sc_hd__buf_1)
                                                         net24 (net)
                      0.171222    0.000194    5.221961 ^ _133_/A_N (sky130_fd_sc_hd__and2b_1)
     2    0.005860    0.090557    0.426334    5.648295 v _133_/X (sky130_fd_sc_hd__and2b_1)
                                                         _099_ (net)
                      0.090557    0.000125    5.648420 v _137_/B1 (sky130_fd_sc_hd__a2111o_1)
     2    0.007473    0.152638    0.799446    6.447866 v _137_/X (sky130_fd_sc_hd__a2111o_1)
                                                         _103_ (net)
                      0.152638    0.000184    6.448050 v _141_/A (sky130_fd_sc_hd__or4b_1)
     3    0.009771    0.259446    1.357830    7.805881 v _141_/X (sky130_fd_sc_hd__or4b_1)
                                                         _107_ (net)
                      0.259446    0.000360    7.806240 v _152_/A (sky130_fd_sc_hd__or3_1)
     2    0.004320    0.153617    0.939912    8.746153 v _152_/X (sky130_fd_sc_hd__or3_1)
                                                         _005_ (net)
                      0.153617    0.000077    8.746230 v _163_/A (sky130_fd_sc_hd__or2_1)
     1    0.003018    0.098867    0.530253    9.276483 v _163_/X (sky130_fd_sc_hd__or2_1)
                                                         _016_ (net)
                      0.098867    0.000065    9.276547 v _227_/A1 (sky130_fd_sc_hd__o31a_1)
     1    0.002293    0.080534    0.553660    9.830208 v _227_/X (sky130_fd_sc_hd__o31a_1)
                                                         _000_ (net)
                      0.080534    0.000069    9.830277 v _228_/D (sky130_fd_sc_hd__dfxtp_1)
                                              9.830277   data arrival time

                                 25.000000   25.000000   clock clk (rise edge)
                                  0.000000   25.000000   clock source latency
     1    0.005882    0.053172    0.031985   25.031984 ^ clk (in)
                                                         clk (net)
                      0.053172    0.000000   25.031984 ^ _228_/CLK (sky130_fd_sc_hd__dfxtp_1)
                                 -0.250000   24.781984   clock uncertainty
                                  0.000000   24.781984   clock reconvergence pessimism
                                 -0.277892   24.504093   library setup time
                                             24.504093   data required time
---------------------------------------------------------------------------------------------
                                             24.504093   data required time
                                             -9.830277   data arrival time
---------------------------------------------------------------------------------------------
                                             14.673817   slack (MET)


Startpoint: _228_ (rising edge-triggered flip-flop clocked by clk)
Endpoint: z (output port clocked by clk)
Path Group: clk
Path Type: max

Fanout         Cap        Slew       Delay        Time   Description
---------------------------------------------------------------------------------------------
                                  0.000000    0.000000   clock clk (rise edge)
                                  0.000000    0.000000   clock source latency
     1    0.005882    0.053172    0.031986    0.031986 ^ clk (in)
                                                         clk (net)
                      0.053172    0.000000    0.031986 ^ _228_/CLK (sky130_fd_sc_hd__dfxtp_1)
     1    0.006787    0.121726    0.659787    0.691773 ^ _228_/Q (sky130_fd_sc_hd__dfxtp_1)
                                                         net65 (net)
                      0.121726    0.000263    0.692036 ^ output65/A (sky130_fd_sc_hd__buf_2)
     1    0.034388    0.273149    0.368247    1.060283 ^ output65/X (sky130_fd_sc_hd__buf_2)
                                                         z (net)
                      0.273149    0.000748    1.061031 ^ z (out)
                                              1.061031   data arrival time

                                 25.000000   25.000000   clock clk (rise edge)
                                  0.000000   25.000000   clock network delay (propagated)
                                 -0.250000   24.750000   clock uncertainty
                                  0.000000   24.750000   clock reconvergence pessimism
                                 -5.000000   19.750000   output external delay
                                             19.750000   data required time
---------------------------------------------------------------------------------------------
                                             19.750000   data required time
                                             -1.061031   data arrival time
---------------------------------------------------------------------------------------------
                                             18.688969   slack (MET)



%OL_END_REPORT
%OL_CREATE_REPORT checks.rpt

===========================================================================
report_checks -unconstrained
===========================================================================
======================= nom_ss_100C_1v60 Corner ===================================

Startpoint: a[30] (input port clocked by clk)
Endpoint: _228_ (rising edge-triggered flip-flop clocked by clk)
Path Group: clk
Path Type: max

Fanout         Cap        Slew       Delay        Time   Description
---------------------------------------------------------------------------------------------
                                  0.000000    0.000000   clock clk (rise edge)
                                  0.000000    0.000000   clock network delay (propagated)
                                  5.000000    5.000000 ^ input external delay
     1    0.002803    0.032274    0.015808    5.015808 ^ a[30] (in)
                                                         a[30] (net)
                      0.032274    0.000000    5.015808 ^ input24/A (sky130_fd_sc_hd__buf_1)
     2    0.008352    0.171222    0.205960    5.221768 ^ input24/X (sky130_fd_sc_hd__buf_1)
                                                         net24 (net)
                      0.171222    0.000194    5.221961 ^ _133_/A_N (sky130_fd_sc_hd__and2b_1)
     2    0.005860    0.090557    0.426334    5.648295 v _133_/X (sky130_fd_sc_hd__and2b_1)
                                                         _099_ (net)
                      0.090557    0.000125    5.648420 v _137_/B1 (sky130_fd_sc_hd__a2111o_1)
     2    0.007473    0.152638    0.799446    6.447866 v _137_/X (sky130_fd_sc_hd__a2111o_1)
                                                         _103_ (net)
                      0.152638    0.000184    6.448050 v _141_/A (sky130_fd_sc_hd__or4b_1)
     3    0.009771    0.259446    1.357830    7.805881 v _141_/X (sky130_fd_sc_hd__or4b_1)
                                                         _107_ (net)
                      0.259446    0.000360    7.806240 v _152_/A (sky130_fd_sc_hd__or3_1)
     2    0.004320    0.153617    0.939912    8.746153 v _152_/X (sky130_fd_sc_hd__or3_1)
                                                         _005_ (net)
                      0.153617    0.000077    8.746230 v _163_/A (sky130_fd_sc_hd__or2_1)
     1    0.003018    0.098867    0.530253    9.276483 v _163_/X (sky130_fd_sc_hd__or2_1)
                                                         _016_ (net)
                      0.098867    0.000065    9.276547 v _227_/A1 (sky130_fd_sc_hd__o31a_1)
     1    0.002293    0.080534    0.553660    9.830208 v _227_/X (sky130_fd_sc_hd__o31a_1)
                                                         _000_ (net)
                      0.080534    0.000069    9.830277 v _228_/D (sky130_fd_sc_hd__dfxtp_1)
                                              9.830277   data arrival time

                                 25.000000   25.000000   clock clk (rise edge)
                                  0.000000   25.000000   clock source latency
     1    0.005882    0.053172    0.031985   25.031984 ^ clk (in)
                                                         clk (net)
                      0.053172    0.000000   25.031984 ^ _228_/CLK (sky130_fd_sc_hd__dfxtp_1)
                                 -0.250000   24.781984   clock uncertainty
                                  0.000000   24.781984   clock reconvergence pessimism
                                 -0.277892   24.504093   library setup time
                                             24.504093   data required time
---------------------------------------------------------------------------------------------
                                             24.504093   data required time
                                             -9.830277   data arrival time
---------------------------------------------------------------------------------------------
                                             14.673817   slack (MET)




===========================================================================
report_checks --slack_max -0.01
============================================================================
======================= nom_ss_100C_1v60 Corner ===================================

No paths found.


===========================================================================
 report_check_types -max_slew -max_cap -max_fanout -violators
============================================================================
======================= nom_ss_100C_1v60 Corner ===================================



===========================================================================
report_parasitic_annotation -report_unannotated
============================================================================
Found 0 unannotated drivers.
Found 0 partially unannotated drivers.

===========================================================================
max slew violation count 0
%OL_METRIC_I design__max_slew_violation__count__corner:nom_ss_100C_1v60 0
max fanout violation count 0
%OL_METRIC_I design__max_fanout_violation__count__corner:nom_ss_100C_1v60 0
max cap violation count 0
%OL_METRIC_I design__max_cap_violation__count__corner:nom_ss_100C_1v60 0
============================================================================

===========================================================================
check_setup -verbose -unconstrained_endpoints -multiple_clock -no_clock -no_input_delay -loops -generated_clocks
===========================================================================
%OL_END_REPORT
%OL_CREATE_REPORT power.rpt

===========================================================================
 report_power
============================================================================
======================= nom_ss_100C_1v60 Corner ===================================

Group                    Internal    Switching      Leakage        Total
                            Power        Power        Power        Power (Watts)
------------------------------------------------------------------------
Sequential           1.313550e-06 2.352307e-08 1.351832e-08 1.350591e-06   8.6%
Combinational        7.494605e-06 6.062542e-06 7.976118e-07 1.435476e-05  91.4%
Clock                0.000000e+00 0.000000e+00 7.830284e-10 7.830284e-10   0.0%
Macro                0.000000e+00 0.000000e+00 0.000000e+00 0.000000e+00   0.0%
Pad                  0.000000e+00 0.000000e+00 0.000000e+00 0.000000e+00   0.0%
------------------------------------------------------------------------
Total                8.808156e-06 6.086065e-06 8.119132e-07 1.570613e-05 100.0%
                            56.1%        38.7%         5.2%
%OL_METRIC_F power__internal__total 8.808156053419225e-6
%OL_METRIC_F power__switching__total 6.086064786359202e-6
%OL_METRIC_F power__leakage__total 8.119131962303072e-7
%OL_METRIC_F power__total 1.5706133126514032e-5

%OL_END_REPORT
%OL_CREATE_REPORT skew.min.rpt

===========================================================================
Clock Skew (Hold)
============================================================================
%OL_METRIC_F clock__skew__worst_hold__corner:nom_ss_100C_1v60 0.000000
======================= nom_ss_100C_1v60 Corner ===================================

Clock clk
No launch/capture paths found.

%OL_END_REPORT
%OL_CREATE_REPORT skew.max.rpt

===========================================================================
Clock Skew (Setup)
============================================================================
%OL_METRIC_F clock__skew__worst_setup__corner:nom_ss_100C_1v60 0.000000
======================= nom_ss_100C_1v60 Corner ===================================

Clock clk
No launch/capture paths found.

%OL_END_REPORT
%OL_CREATE_REPORT ws.min.rpt

===========================================================================
Worst Slack (Hold)
============================================================================
%OL_METRIC_F timing__hold__ws__corner:nom_ss_100C_1v60 5.727001
nom_ss_100C_1v60: 5.727001
%OL_END_REPORT
%OL_CREATE_REPORT ws.max.rpt

===========================================================================
Worst Slack (Setup)
============================================================================
%OL_METRIC_F timing__setup__ws__corner:nom_ss_100C_1v60 14.673817
nom_ss_100C_1v60: 14.673817
%OL_END_REPORT
%OL_CREATE_REPORT tns.min.rpt

===========================================================================
Total Negative Slack (Hold)
============================================================================
%OL_METRIC_F timing__hold__tns__corner:nom_ss_100C_1v60 0.000000
nom_ss_100C_1v60: 0.000000
%OL_END_REPORT
%OL_CREATE_REPORT tns.max.rpt

===========================================================================
Total Negative Slack (Setup)
============================================================================
%OL_METRIC_F timing__setup__tns__corner:nom_ss_100C_1v60 0.000000
nom_ss_100C_1v60: 0.000000
%OL_END_REPORT
%OL_CREATE_REPORT wns.min.rpt

===========================================================================
Worst Negative Slack (Hold)
============================================================================
%OL_METRIC_F timing__hold__wns__corner:nom_ss_100C_1v60 0
nom_ss_100C_1v60: 0
%OL_END_REPORT
%OL_CREATE_REPORT wns.max.rpt

===========================================================================
Worst Negative Slack (Setup)
============================================================================
%OL_METRIC_F timing__setup__wns__corner:nom_ss_100C_1v60 0.0
nom_ss_100C_1v60: 0.0
%OL_END_REPORT
%OL_CREATE_REPORT violator_list.rpt

===========================================================================
Violator List
============================================================================
%OL_METRIC_I timing__hold_vio__count__corner:nom_ss_100C_1v60 0
%OL_METRIC_F timing__hold_r2r__ws__corner:nom_ss_100C_1v60 inf
%OL_METRIC_I timing__hold_r2r_vio__count__corner:nom_ss_100C_1v60 0
%OL_METRIC_I timing__setup_vio__count__corner:nom_ss_100C_1v60 0
%OL_METRIC_F timing__setup_r2r__ws__corner:nom_ss_100C_1v60 inf
%OL_METRIC_I timing__setup_r2r_vio__count__corner:nom_ss_100C_1v60 0
%OL_END_REPORT
Writing SDF files for all corners…
Removing Clock latencies before writing libs…
Writing timing models for all corners…
Writing timing models for the nom_ss_100C_1v60 corner to /home/erwann/design_workspace/sky130A/HelloWorld/digital/comp32/runs/RUN_2024-05-09_16-56-29/51-openroad-stapostpnr/nom_ss_100C_1v60/comp32__nom_ss_100C_1v60.lib…
