
===========================================================================
report_checks -unconstrained
===========================================================================
======================= nom_tt_025C_1v80 Corner ===================================

Startpoint: a[30] (input port clocked by clk)
Endpoint: _228_ (rising edge-triggered flip-flop clocked by clk)
Path Group: clk
Path Type: max

Fanout         Cap        Slew       Delay        Time   Description
---------------------------------------------------------------------------------------------
                                  0.000000    0.000000   clock clk (rise edge)
                                  0.000000    0.000000   clock network delay (propagated)
                                  5.000000    5.000000 ^ input external delay
     2    0.007345    0.039614    0.025418    5.025418 ^ a[30] (in)
                                                         a[30] (net)
                      0.039614    0.000000    5.025418 ^ _133_/A_N (sky130_fd_sc_hd__and2b_2)
     2    0.004771    0.040913    0.208810    5.234228 v _133_/X (sky130_fd_sc_hd__and2b_2)
                                                         _099_ (net)
                      0.040913    0.000014    5.234242 v _137_/B1 (sky130_fd_sc_hd__a2111o_2)
     2    0.004201    0.066473    0.437163    5.671405 v _137_/X (sky130_fd_sc_hd__a2111o_2)
                                                         _103_ (net)
                      0.066473    0.000019    5.671424 v _141_/A (sky130_fd_sc_hd__or4b_2)
     3    0.007739    0.119211    0.699818    6.371242 v _141_/X (sky130_fd_sc_hd__or4b_2)
                                                         _107_ (net)
                      0.119211    0.000171    6.371412 v _152_/A (sky130_fd_sc_hd__or3_2)
     2    0.004187    0.081926    0.499162    6.870574 v _152_/X (sky130_fd_sc_hd__or3_2)
                                                         _005_ (net)
                      0.081926    0.000020    6.870593 v _163_/A (sky130_fd_sc_hd__or2_2)
     1    0.002556    0.053786    0.298400    7.168993 v _163_/X (sky130_fd_sc_hd__or2_2)
                                                         _016_ (net)
                      0.053786    0.000009    7.169003 v _227_/A1 (sky130_fd_sc_hd__o31a_2)
     1    0.002236    0.048066    0.332467    7.501469 v _227_/X (sky130_fd_sc_hd__o31a_2)
                                                         _000_ (net)
                      0.048066    0.000012    7.501482 v _228_/D (sky130_fd_sc_hd__dfxtp_2)
                                              7.501482   data arrival time

                                 25.000000   25.000000   clock clk (rise edge)
                                  0.000000   25.000000   clock source latency
     1    0.001877    0.016287    0.007061   25.007061 ^ clk (in)
                                                         clk (net)
                      0.016287    0.000000   25.007061 ^ _228_/CLK (sky130_fd_sc_hd__dfxtp_2)
                                 -0.250000   24.757061   clock uncertainty
                                  0.000000   24.757061   clock reconvergence pessimism
                                 -0.120933   24.636129   library setup time
                                             24.636129   data required time
---------------------------------------------------------------------------------------------
                                             24.636129   data required time
                                             -7.501482   data arrival time
---------------------------------------------------------------------------------------------
                                             17.134645   slack (MET)




===========================================================================
report_checks --slack_max -0.01
============================================================================
======================= nom_tt_025C_1v80 Corner ===================================

No paths found.


===========================================================================
 report_check_types -max_slew -max_cap -max_fanout -violators
============================================================================
======================= nom_tt_025C_1v80 Corner ===================================



===========================================================================
report_parasitic_annotation -report_unannotated
============================================================================
Found 1 unannotated drivers.
 clk
Found 0 partially unannotated drivers.

===========================================================================
max slew violation count 0
Writing metric design__max_slew_violation__count__corner:nom_tt_025C_1v80: 0
max fanout violation count 0
Writing metric design__max_fanout_violation__count__corner:nom_tt_025C_1v80: 0
max cap violation count 0
Writing metric design__max_cap_violation__count__corner:nom_tt_025C_1v80: 0
============================================================================

===========================================================================
check_setup -verbose -unconstrained_endpoints -multiple_clock -no_clock -no_input_delay -loops -generated_clocks
===========================================================================
