
===========================================================================
report_checks -path_delay min (Hold)
============================================================================
======================= nom_tt_025C_1v80 Corner ===================================

Startpoint: _228_ (rising edge-triggered flip-flop clocked by clk)
Endpoint: z (output port clocked by clk)
Path Group: clk
Path Type: min

Fanout         Cap        Slew       Delay        Time   Description
---------------------------------------------------------------------------------------------
                                  0.000000    0.000000   clock clk (rise edge)
                                  0.000000    0.000000   clock source latency
     1    0.001877    0.016287    0.007062    0.007062 ^ clk (in)
                                                         clk (net)
                      0.016287    0.000000    0.007062 ^ _228_/CLK (sky130_fd_sc_hd__dfxtp_2)
     1    0.037368    0.093229    0.363289    0.370350 v _228_/Q (sky130_fd_sc_hd__dfxtp_2)
                                                         z (net)
                      0.093259    0.001590    0.371941 v z (out)
                                              0.371941   data arrival time

                                  0.000000    0.000000   clock clk (rise edge)
                                  0.000000    0.000000   clock network delay (propagated)
                                  0.250000    0.250000   clock uncertainty
                                  0.000000    0.250000   clock reconvergence pessimism
                                 -5.000000   -4.750000   output external delay
                                             -4.750000   data required time
---------------------------------------------------------------------------------------------
                                             -4.750000   data required time
                                             -0.371941   data arrival time
---------------------------------------------------------------------------------------------
                                              5.121941   slack (MET)


Startpoint: a[16] (input port clocked by clk)
Endpoint: _228_ (rising edge-triggered flip-flop clocked by clk)
Path Group: clk
Path Type: min

Fanout         Cap        Slew       Delay        Time   Description
---------------------------------------------------------------------------------------------
                                  0.000000    0.000000   clock clk (rise edge)
                                  0.000000    0.000000   clock network delay (propagated)
                                  5.000000    5.000000 ^ input external delay
     2    0.008511    0.044805    0.029310    5.029310 ^ a[16] (in)
                                                         a[16] (net)
                      0.044808    0.000000    5.029310 ^ _171_/B (sky130_fd_sc_hd__and2_2)
     1    0.002003    0.033363    0.123428    5.152739 ^ _171_/X (sky130_fd_sc_hd__and2_2)
                                                         _024_ (net)
                      0.033363    0.000008    5.152747 ^ _172_/C (sky130_fd_sc_hd__or4b_2)
     1    0.005377    0.044335    0.110472    5.263219 ^ _172_/X (sky130_fd_sc_hd__or4b_2)
                                                         _025_ (net)
                      0.044335    0.000130    5.263349 ^ _227_/A2 (sky130_fd_sc_hd__o31a_2)
     1    0.002229    0.030398    0.122425    5.385773 ^ _227_/X (sky130_fd_sc_hd__o31a_2)
                                                         _000_ (net)
                      0.030398    0.000012    5.385786 ^ _228_/D (sky130_fd_sc_hd__dfxtp_2)
                                              5.385786   data arrival time

                                  0.000000    0.000000   clock clk (rise edge)
                                  0.000000    0.000000   clock source latency
     1    0.001877    0.016287    0.007062    0.007062 ^ clk (in)
                                                         clk (net)
                      0.016287    0.000000    0.007062 ^ _228_/CLK (sky130_fd_sc_hd__dfxtp_2)
                                  0.250000    0.257062   clock uncertainty
                                  0.000000    0.257062   clock reconvergence pessimism
                                 -0.031935    0.225127   library hold time
                                              0.225127   data required time
---------------------------------------------------------------------------------------------
                                              0.225127   data required time
                                             -5.385786   data arrival time
---------------------------------------------------------------------------------------------
                                              5.160659   slack (MET)



