
===========================================================================
report_checks -path_delay max (Setup)
============================================================================
======================= nom_ss_100C_1v60 Corner ===================================

Startpoint: a[30] (input port clocked by clk)
Endpoint: _228_ (rising edge-triggered flip-flop clocked by clk)
Path Group: clk
Path Type: max

Fanout         Cap        Slew       Delay        Time   Description
---------------------------------------------------------------------------------------------
                      0.150000    0.000000    0.000000   clock clk (rise edge)
                                  0.000000    0.000000   clock network delay (ideal)
                                  5.000000    5.000000 ^ input external delay
     2    0.006127    0.056760    0.033128    5.033128 ^ a[30] (in)
                                                         a[30] (net)
                      0.056760    0.000000    5.033128 ^ _133_/A_N (sky130_fd_sc_hd__and2b_2)
     2    0.004488    0.079062    0.441590    5.474719 v _133_/X (sky130_fd_sc_hd__and2b_2)
                                                         _099_ (net)
                      0.079062    0.000000    5.474719 v _137_/B1 (sky130_fd_sc_hd__a2111o_2)
     2    0.003604    0.114782    0.846050    6.320769 v _137_/X (sky130_fd_sc_hd__a2111o_2)
                                                         _103_ (net)
                      0.114782    0.000000    6.320769 v _141_/A (sky130_fd_sc_hd__or4b_2)
     3    0.005015    0.240723    1.610623    7.931392 v _141_/X (sky130_fd_sc_hd__or4b_2)
                                                         _107_ (net)
                      0.240723    0.000000    7.931392 v _152_/A (sky130_fd_sc_hd__or3_2)
     2    0.003622    0.170804    1.166005    9.097397 v _152_/X (sky130_fd_sc_hd__or3_2)
                                                         _005_ (net)
                      0.170804    0.000000    9.097397 v _163_/A (sky130_fd_sc_hd__or2_2)
     1    0.002279    0.108294    0.689260    9.786657 v _163_/X (sky130_fd_sc_hd__or2_2)
                                                         _016_ (net)
                      0.108294    0.000000    9.786657 v _227_/A1 (sky130_fd_sc_hd__o31a_2)
     1    0.001577    0.080636    0.646556   10.433213 v _227_/X (sky130_fd_sc_hd__o31a_2)
                                                         _000_ (net)
                      0.080636    0.000000   10.433213 v _228_/D (sky130_fd_sc_hd__dfxtp_2)
                                             10.433213   data arrival time

                      0.150000   25.000000   25.000000   clock clk (rise edge)
                                  0.000000   25.000000   clock network delay (ideal)
                                 -0.250000   24.750000   clock uncertainty
                                  0.000000   24.750000   clock reconvergence pessimism
                                             24.750000 ^ _228_/CLK (sky130_fd_sc_hd__dfxtp_2)
                                 -0.257136   24.492863   library setup time
                                             24.492863   data required time
---------------------------------------------------------------------------------------------
                                             24.492863   data required time
                                            -10.433213   data arrival time
---------------------------------------------------------------------------------------------
                                             14.059650   slack (MET)


Startpoint: _228_ (rising edge-triggered flip-flop clocked by clk)
Endpoint: z (output port clocked by clk)
Path Group: clk
Path Type: max

Fanout         Cap        Slew       Delay        Time   Description
---------------------------------------------------------------------------------------------
                      0.150000    0.000000    0.000000   clock clk (rise edge)
                                  0.000000    0.000000   clock network delay (ideal)
                      0.150000    0.000000    0.000000 ^ _228_/CLK (sky130_fd_sc_hd__dfxtp_2)
     1    0.033442    0.280322    0.852096    0.852096 ^ _228_/Q (sky130_fd_sc_hd__dfxtp_2)
                                                         z (net)
                      0.280322    0.000000    0.852096 ^ z (out)
                                              0.852096   data arrival time

                      0.150000   25.000000   25.000000   clock clk (rise edge)
                                  0.000000   25.000000   clock network delay (ideal)
                                 -0.250000   24.750000   clock uncertainty
                                  0.000000   24.750000   clock reconvergence pessimism
                                 -5.000000   19.750000   output external delay
                                             19.750000   data required time
---------------------------------------------------------------------------------------------
                                             19.750000   data required time
                                             -0.852096   data arrival time
---------------------------------------------------------------------------------------------
                                             18.897902   slack (MET)



