
===========================================================================
report_checks -path_delay max (Setup)
============================================================================
======================= nom_tt_025C_1v80 Corner ===================================

Startpoint: a[30] (input port clocked by clk)
Endpoint: _228_ (rising edge-triggered flip-flop clocked by clk)
Path Group: clk
Path Type: max

Fanout         Cap        Slew       Delay        Time   Description
---------------------------------------------------------------------------------------------
                                  0.000000    0.000000   clock clk (rise edge)
                                  0.000000    0.000000   clock network delay (propagated)
                                  5.000000    5.000000 ^ input external delay
     2    0.008229    0.043539    0.028310    5.028310 ^ a[30] (in)
                                                         a[30] (net)
                      0.043540    0.000000    5.028310 ^ _133_/A_N (sky130_fd_sc_hd__and2b_2)
     2    0.004993    0.041311    0.210946    5.239256 v _133_/X (sky130_fd_sc_hd__and2b_2)
                                                         _099_ (net)
                      0.041311    0.000029    5.239285 v _137_/B1 (sky130_fd_sc_hd__a2111o_2)
     2    0.004188    0.067574    0.437198    5.676484 v _137_/X (sky130_fd_sc_hd__a2111o_2)
                                                         _103_ (net)
                      0.067574    0.000016    5.676499 v _141_/A (sky130_fd_sc_hd__or4b_2)
     3    0.005903    0.112519    0.687343    6.363842 v _141_/X (sky130_fd_sc_hd__or4b_2)
                                                         _107_ (net)
                      0.112519    0.000043    6.363885 v _152_/A (sky130_fd_sc_hd__or3_2)
     2    0.005217    0.085150    0.502880    6.866765 v _152_/X (sky130_fd_sc_hd__or3_2)
                                                         _005_ (net)
                      0.085150    0.000075    6.866840 v _163_/A (sky130_fd_sc_hd__or2_2)
     1    0.002598    0.053947    0.299848    7.166688 v _163_/X (sky130_fd_sc_hd__or2_2)
                                                         _016_ (net)
                      0.053947    0.000010    7.166698 v _227_/A1 (sky130_fd_sc_hd__o31a_2)
     1    0.001943    0.047704    0.330769    7.497467 v _227_/X (sky130_fd_sc_hd__o31a_2)
                                                         _000_ (net)
                      0.047704    0.000005    7.497472 v _228_/D (sky130_fd_sc_hd__dfxtp_2)
                                              7.497472   data arrival time

                                 25.000000   25.000000   clock clk (rise edge)
                                  0.000000   25.000000   clock source latency
     1    0.001877    0.016287    0.007061   25.007061 ^ clk (in)
                                                         clk (net)
                      0.016287    0.000000   25.007061 ^ _228_/CLK (sky130_fd_sc_hd__dfxtp_2)
                                 -0.250000   24.757061   clock uncertainty
                                  0.000000   24.757061   clock reconvergence pessimism
                                 -0.120775   24.636286   library setup time
                                             24.636286   data required time
---------------------------------------------------------------------------------------------
                                             24.636286   data required time
                                             -7.497472   data arrival time
---------------------------------------------------------------------------------------------
                                             17.138813   slack (MET)


Startpoint: _228_ (rising edge-triggered flip-flop clocked by clk)
Endpoint: z (output port clocked by clk)
Path Group: clk
Path Type: max

Fanout         Cap        Slew       Delay        Time   Description
---------------------------------------------------------------------------------------------
                                  0.000000    0.000000   clock clk (rise edge)
                                  0.000000    0.000000   clock source latency
     1    0.001877    0.016287    0.007062    0.007062 ^ clk (in)
                                                         clk (net)
                      0.016287    0.000000    0.007062 ^ _228_/CLK (sky130_fd_sc_hd__dfxtp_2)
     1    0.037769    0.193939    0.417224    0.424285 ^ _228_/Q (sky130_fd_sc_hd__dfxtp_2)
                                                         z (net)
                      0.193952    0.001765    0.426050 ^ z (out)
                                              0.426050   data arrival time

                                 25.000000   25.000000   clock clk (rise edge)
                                  0.000000   25.000000   clock network delay (propagated)
                                 -0.250000   24.750000   clock uncertainty
                                  0.000000   24.750000   clock reconvergence pessimism
                                 -5.000000   19.750000   output external delay
                                             19.750000   data required time
---------------------------------------------------------------------------------------------
                                             19.750000   data required time
                                             -0.426050   data arrival time
---------------------------------------------------------------------------------------------
                                             19.323950   slack (MET)



