Reading OpenROAD database at '/home/erwann/design_workspace/sky130A/HelloWorld/digital/comp32/runs/RUN_2024-05-09_16-58-12/26-openroad-globalplacement/comp32.odb'…
Reading library file at '/home/erwann/.volare/volare/sky130/versions/bdc9412b3e468c102d01b7cf6337be06ec6e9c9a/sky130A/libs.ref/sky130_fd_sc_hd/lib/sky130_fd_sc_hd__tt_025C_1v80.lib'…
Reading design constraints file at '/nix/store/hwxq78ix5dm1zxacgmyfrlkgn2vq15hz-python3-3.11.6-env/lib/python3.11/site-packages/openlane/scripts/base.sdc'…
[INFO] Using clock clk…
[INFO] Setting output delay to: 5
[INFO] Setting input delay to: 5
[INFO] Setting load to: 0.033442
[INFO] Setting clock uncertainty to: 0.25
[INFO] Setting clock transition to: 0.1499999999999999944488848768742172978818416595458984375
[INFO] Setting timing derate to: 5%
[INFO] Setting RC values…
%OL_CREATE_REPORT min.rpt

===========================================================================
report_checks -path_delay min (Hold)
============================================================================
======================= nom_tt_025C_1v80 Corner ===================================

Startpoint: _228_ (rising edge-triggered flip-flop clocked by clk)
Endpoint: z (output port clocked by clk)
Path Group: clk
Path Type: min

Fanout         Cap        Slew       Delay        Time   Description
---------------------------------------------------------------------------------------------
                                  0.000000    0.000000   clock clk (rise edge)
                                  0.000000    0.000000   clock source latency
     1    0.001877    0.016287    0.007062    0.007062 ^ clk (in)
                                                         clk (net)
                      0.016287    0.000000    0.007062 ^ _228_/CLK (sky130_fd_sc_hd__dfxtp_2)
     1    0.037769    0.094096    0.363841    0.370902 v _228_/Q (sky130_fd_sc_hd__dfxtp_2)
                                                         z (net)
                      0.094134    0.001763    0.372665 v z (out)
                                              0.372665   data arrival time

                                  0.000000    0.000000   clock clk (rise edge)
                                  0.000000    0.000000   clock network delay (propagated)
                                  0.250000    0.250000   clock uncertainty
                                  0.000000    0.250000   clock reconvergence pessimism
                                 -5.000000   -4.750000   output external delay
                                             -4.750000   data required time
---------------------------------------------------------------------------------------------
                                             -4.750000   data required time
                                             -0.372665   data arrival time
---------------------------------------------------------------------------------------------
                                              5.122664   slack (MET)


Startpoint: a[16] (input port clocked by clk)
Endpoint: _228_ (rising edge-triggered flip-flop clocked by clk)
Path Group: clk
Path Type: min

Fanout         Cap        Slew       Delay        Time   Description
---------------------------------------------------------------------------------------------
                                  0.000000    0.000000   clock clk (rise edge)
                                  0.000000    0.000000   clock network delay (propagated)
                                  5.000000    5.000000 ^ input external delay
     2    0.007735    0.041358    0.026781    5.026782 ^ a[16] (in)
                                                         a[16] (net)
                      0.041360    0.000000    5.026782 ^ _171_/B (sky130_fd_sc_hd__and2_2)
     1    0.001846    0.033128    0.121581    5.148362 ^ _171_/X (sky130_fd_sc_hd__and2_2)
                                                         _024_ (net)
                      0.033128    0.000005    5.148367 ^ _172_/C (sky130_fd_sc_hd__or4b_2)
     1    0.002994    0.032323    0.099589    5.247956 ^ _172_/X (sky130_fd_sc_hd__or4b_2)
                                                         _025_ (net)
                      0.032323    0.000015    5.247971 ^ _227_/A2 (sky130_fd_sc_hd__o31a_2)
     1    0.001936    0.029510    0.117284    5.365255 ^ _227_/X (sky130_fd_sc_hd__o31a_2)
                                                         _000_ (net)
                      0.029510    0.000005    5.365261 ^ _228_/D (sky130_fd_sc_hd__dfxtp_2)
                                              5.365261   data arrival time

                                  0.000000    0.000000   clock clk (rise edge)
                                  0.000000    0.000000   clock source latency
     1    0.001877    0.016287    0.007062    0.007062 ^ clk (in)
                                                         clk (net)
                      0.016287    0.000000    0.007062 ^ _228_/CLK (sky130_fd_sc_hd__dfxtp_2)
                                  0.250000    0.257062   clock uncertainty
                                  0.000000    0.257062   clock reconvergence pessimism
                                 -0.031750    0.225311   library hold time
                                              0.225311   data required time
---------------------------------------------------------------------------------------------
                                              0.225311   data required time
                                             -5.365261   data arrival time
---------------------------------------------------------------------------------------------
                                              5.139949   slack (MET)



%OL_END_REPORT
%OL_CREATE_REPORT max.rpt

===========================================================================
report_checks -path_delay max (Setup)
============================================================================
======================= nom_tt_025C_1v80 Corner ===================================

Startpoint: a[30] (input port clocked by clk)
Endpoint: _228_ (rising edge-triggered flip-flop clocked by clk)
Path Group: clk
Path Type: max

Fanout         Cap        Slew       Delay        Time   Description
---------------------------------------------------------------------------------------------
                                  0.000000    0.000000   clock clk (rise edge)
                                  0.000000    0.000000   clock network delay (propagated)
                                  5.000000    5.000000 ^ input external delay
     2    0.008229    0.043539    0.028310    5.028310 ^ a[30] (in)
                                                         a[30] (net)
                      0.043540    0.000000    5.028310 ^ _133_/A_N (sky130_fd_sc_hd__and2b_2)
     2    0.004993    0.041311    0.210946    5.239256 v _133_/X (sky130_fd_sc_hd__and2b_2)
                                                         _099_ (net)
                      0.041311    0.000029    5.239285 v _137_/B1 (sky130_fd_sc_hd__a2111o_2)
     2    0.004188    0.067574    0.437198    5.676484 v _137_/X (sky130_fd_sc_hd__a2111o_2)
                                                         _103_ (net)
                      0.067574    0.000016    5.676499 v _141_/A (sky130_fd_sc_hd__or4b_2)
     3    0.005903    0.112519    0.687343    6.363842 v _141_/X (sky130_fd_sc_hd__or4b_2)
                                                         _107_ (net)
                      0.112519    0.000043    6.363885 v _152_/A (sky130_fd_sc_hd__or3_2)
     2    0.005217    0.085150    0.502880    6.866765 v _152_/X (sky130_fd_sc_hd__or3_2)
                                                         _005_ (net)
                      0.085150    0.000075    6.866840 v _163_/A (sky130_fd_sc_hd__or2_2)
     1    0.002598    0.053947    0.299848    7.166688 v _163_/X (sky130_fd_sc_hd__or2_2)
                                                         _016_ (net)
                      0.053947    0.000010    7.166698 v _227_/A1 (sky130_fd_sc_hd__o31a_2)
     1    0.001943    0.047704    0.330769    7.497467 v _227_/X (sky130_fd_sc_hd__o31a_2)
                                                         _000_ (net)
                      0.047704    0.000005    7.497472 v _228_/D (sky130_fd_sc_hd__dfxtp_2)
                                              7.497472   data arrival time

                                 25.000000   25.000000   clock clk (rise edge)
                                  0.000000   25.000000   clock source latency
     1    0.001877    0.016287    0.007061   25.007061 ^ clk (in)
                                                         clk (net)
                      0.016287    0.000000   25.007061 ^ _228_/CLK (sky130_fd_sc_hd__dfxtp_2)
                                 -0.250000   24.757061   clock uncertainty
                                  0.000000   24.757061   clock reconvergence pessimism
                                 -0.120775   24.636286   library setup time
                                             24.636286   data required time
---------------------------------------------------------------------------------------------
                                             24.636286   data required time
                                             -7.497472   data arrival time
---------------------------------------------------------------------------------------------
                                             17.138813   slack (MET)


Startpoint: _228_ (rising edge-triggered flip-flop clocked by clk)
Endpoint: z (output port clocked by clk)
Path Group: clk
Path Type: max

Fanout         Cap        Slew       Delay        Time   Description
---------------------------------------------------------------------------------------------
                                  0.000000    0.000000   clock clk (rise edge)
                                  0.000000    0.000000   clock source latency
     1    0.001877    0.016287    0.007062    0.007062 ^ clk (in)
                                                         clk (net)
                      0.016287    0.000000    0.007062 ^ _228_/CLK (sky130_fd_sc_hd__dfxtp_2)
     1    0.037769    0.193939    0.417224    0.424285 ^ _228_/Q (sky130_fd_sc_hd__dfxtp_2)
                                                         z (net)
                      0.193952    0.001765    0.426050 ^ z (out)
                                              0.426050   data arrival time

                                 25.000000   25.000000   clock clk (rise edge)
                                  0.000000   25.000000   clock network delay (propagated)
                                 -0.250000   24.750000   clock uncertainty
                                  0.000000   24.750000   clock reconvergence pessimism
                                 -5.000000   19.750000   output external delay
                                             19.750000   data required time
---------------------------------------------------------------------------------------------
                                             19.750000   data required time
                                             -0.426050   data arrival time
---------------------------------------------------------------------------------------------
                                             19.323950   slack (MET)



%OL_END_REPORT
%OL_CREATE_REPORT checks.rpt

===========================================================================
report_checks -unconstrained
===========================================================================
======================= nom_tt_025C_1v80 Corner ===================================

Startpoint: a[30] (input port clocked by clk)
Endpoint: _228_ (rising edge-triggered flip-flop clocked by clk)
Path Group: clk
Path Type: max

Fanout         Cap        Slew       Delay        Time   Description
---------------------------------------------------------------------------------------------
                                  0.000000    0.000000   clock clk (rise edge)
                                  0.000000    0.000000   clock network delay (propagated)
                                  5.000000    5.000000 ^ input external delay
     2    0.008229    0.043539    0.028310    5.028310 ^ a[30] (in)
                                                         a[30] (net)
                      0.043540    0.000000    5.028310 ^ _133_/A_N (sky130_fd_sc_hd__and2b_2)
     2    0.004993    0.041311    0.210946    5.239256 v _133_/X (sky130_fd_sc_hd__and2b_2)
                                                         _099_ (net)
                      0.041311    0.000029    5.239285 v _137_/B1 (sky130_fd_sc_hd__a2111o_2)
     2    0.004188    0.067574    0.437198    5.676484 v _137_/X (sky130_fd_sc_hd__a2111o_2)
                                                         _103_ (net)
                      0.067574    0.000016    5.676499 v _141_/A (sky130_fd_sc_hd__or4b_2)
     3    0.005903    0.112519    0.687343    6.363842 v _141_/X (sky130_fd_sc_hd__or4b_2)
                                                         _107_ (net)
                      0.112519    0.000043    6.363885 v _152_/A (sky130_fd_sc_hd__or3_2)
     2    0.005217    0.085150    0.502880    6.866765 v _152_/X (sky130_fd_sc_hd__or3_2)
                                                         _005_ (net)
                      0.085150    0.000075    6.866840 v _163_/A (sky130_fd_sc_hd__or2_2)
     1    0.002598    0.053947    0.299848    7.166688 v _163_/X (sky130_fd_sc_hd__or2_2)
                                                         _016_ (net)
                      0.053947    0.000010    7.166698 v _227_/A1 (sky130_fd_sc_hd__o31a_2)
     1    0.001943    0.047704    0.330769    7.497467 v _227_/X (sky130_fd_sc_hd__o31a_2)
                                                         _000_ (net)
                      0.047704    0.000005    7.497472 v _228_/D (sky130_fd_sc_hd__dfxtp_2)
                                              7.497472   data arrival time

                                 25.000000   25.000000   clock clk (rise edge)
                                  0.000000   25.000000   clock source latency
     1    0.001877    0.016287    0.007061   25.007061 ^ clk (in)
                                                         clk (net)
                      0.016287    0.000000   25.007061 ^ _228_/CLK (sky130_fd_sc_hd__dfxtp_2)
                                 -0.250000   24.757061   clock uncertainty
                                  0.000000   24.757061   clock reconvergence pessimism
                                 -0.120775   24.636286   library setup time
                                             24.636286   data required time
---------------------------------------------------------------------------------------------
                                             24.636286   data required time
                                             -7.497472   data arrival time
---------------------------------------------------------------------------------------------
                                             17.138813   slack (MET)




===========================================================================
report_checks --slack_max -0.01
============================================================================
======================= nom_tt_025C_1v80 Corner ===================================

No paths found.


===========================================================================
 report_check_types -max_slew -max_cap -max_fanout -violators
============================================================================
======================= nom_tt_025C_1v80 Corner ===================================



===========================================================================
report_parasitic_annotation -report_unannotated
============================================================================
Found 1 unannotated drivers.
 clk
Found 0 partially unannotated drivers.

===========================================================================
max slew violation count 0
Writing metric design__max_slew_violation__count__corner:nom_tt_025C_1v80: 0
max fanout violation count 0
Writing metric design__max_fanout_violation__count__corner:nom_tt_025C_1v80: 0
max cap violation count 0
Writing metric design__max_cap_violation__count__corner:nom_tt_025C_1v80: 0
============================================================================

===========================================================================
check_setup -verbose -unconstrained_endpoints -multiple_clock -no_clock -no_input_delay -loops -generated_clocks
===========================================================================
%OL_END_REPORT
%OL_CREATE_REPORT power.rpt

===========================================================================
 report_power
============================================================================
======================= nom_tt_025C_1v80 Corner ===================================

Group                    Internal    Switching      Leakage        Total
                            Power        Power        Power        Power (Watts)
------------------------------------------------------------------------
Sequential           1.693295e-06 1.656688e-07 7.616781e-12 1.858971e-06  11.9%
Combinational        9.377818e-06 4.429530e-06 3.893822e-10 1.380774e-05  88.1%
Clock                0.000000e+00 0.000000e+00 1.425617e-10 1.425617e-10   0.0%
Macro                0.000000e+00 0.000000e+00 0.000000e+00 0.000000e+00   0.0%
Pad                  0.000000e+00 0.000000e+00 0.000000e+00 0.000000e+00   0.0%
------------------------------------------------------------------------
Total                1.107111e-05 4.595199e-06 5.395604e-10 1.566685e-05 100.0%
                            70.7%        29.3%         0.0%
Writing metric power__internal__total: 1.1071113476646133e-5
Writing metric power__switching__total: 4.595199243340176e-6
Writing metric power__leakage__total: 5.395603963620488e-10
Writing metric power__total: 1.566685205034446e-5

%OL_END_REPORT
%OL_CREATE_REPORT skew.min.rpt

===========================================================================
Clock Skew (Hold)
============================================================================
Writing metric clock__skew__worst_hold__corner:nom_tt_025C_1v80: 0.000000
======================= nom_tt_025C_1v80 Corner ===================================

Clock clk
No launch/capture paths found.

%OL_END_REPORT
%OL_CREATE_REPORT skew.max.rpt

===========================================================================
Clock Skew (Setup)
============================================================================
Writing metric clock__skew__worst_setup__corner:nom_tt_025C_1v80: 0.000000
======================= nom_tt_025C_1v80 Corner ===================================

Clock clk
No launch/capture paths found.

%OL_END_REPORT
%OL_CREATE_REPORT ws.min.rpt

===========================================================================
Worst Slack (Hold)
============================================================================
Writing metric timing__hold__ws__corner:nom_tt_025C_1v80: 5.122664
nom_tt_025C_1v80: 5.122664
%OL_END_REPORT
%OL_CREATE_REPORT ws.max.rpt

===========================================================================
Worst Slack (Setup)
============================================================================
Writing metric timing__setup__ws__corner:nom_tt_025C_1v80: 17.138813
nom_tt_025C_1v80: 17.138813
%OL_END_REPORT
%OL_CREATE_REPORT tns.min.rpt

===========================================================================
Total Negative Slack (Hold)
============================================================================
Writing metric timing__hold__tns__corner:nom_tt_025C_1v80: 0.000000
nom_tt_025C_1v80: 0.000000
%OL_END_REPORT
%OL_CREATE_REPORT tns.max.rpt

===========================================================================
Total Negative Slack (Setup)
============================================================================
Writing metric timing__setup__tns__corner:nom_tt_025C_1v80: 0.000000
nom_tt_025C_1v80: 0.000000
%OL_END_REPORT
%OL_CREATE_REPORT wns.min.rpt

===========================================================================
Worst Negative Slack (Hold)
============================================================================
Writing metric timing__hold__wns__corner:nom_tt_025C_1v80: 0
nom_tt_025C_1v80: 0
%OL_END_REPORT
%OL_CREATE_REPORT wns.max.rpt

===========================================================================
Worst Negative Slack (Setup)
============================================================================
Writing metric timing__setup__wns__corner:nom_tt_025C_1v80: 0.0
nom_tt_025C_1v80: 0.0
%OL_END_REPORT
%OL_CREATE_REPORT violator_list.rpt

===========================================================================
Violator List
============================================================================
Writing metric timing__hold_vio__count__corner:nom_tt_025C_1v80: 0
Writing metric timing__hold_r2r__ws__corner:nom_tt_025C_1v80: 1e30
Writing metric timing__hold_r2r_vio__count__corner:nom_tt_025C_1v80: 0
Writing metric timing__setup_vio__count__corner:nom_tt_025C_1v80: 0
Writing metric timing__setup_r2r__ws__corner:nom_tt_025C_1v80: 1e30
Writing metric timing__setup_r2r_vio__count__corner:nom_tt_025C_1v80: 0
%OL_END_REPORT
