
===========================================================================
report_checks -unconstrained
===========================================================================
======================= nom_ss_100C_1v60 Corner ===================================

Startpoint: a[29] (input port clocked by clk)
Endpoint: _228_ (rising edge-triggered flip-flop clocked by clk)
Path Group: clk
Path Type: max

Fanout         Cap        Slew       Delay        Time   Description
---------------------------------------------------------------------------------------------
                                  0.000000    0.000000   clock clk (rise edge)
                                  0.000000    0.000000   clock network delay (propagated)
                                  1.000000    1.000000 ^ input external delay
     1    0.004213    0.041792    0.023257    1.023257 ^ a[29] (in)
                                                         a[29] (net)
                      0.041792    0.000000    1.023257 ^ input22/A (sky130_fd_sc_hd__buf_1)
     2    0.008250    0.169395    0.208952    1.232208 ^ input22/X (sky130_fd_sc_hd__buf_1)
                                                         net22 (net)
                      0.169396    0.000170    1.232379 ^ _135_/A_N (sky130_fd_sc_hd__and2b_1)
     1    0.002696    0.064874    0.394354    1.626733 v _135_/X (sky130_fd_sc_hd__and2b_1)
                                                         _101_ (net)
                      0.064874    0.000079    1.626812 v _137_/C1 (sky130_fd_sc_hd__a2111o_1)
     2    0.004910    0.130628    0.693332    2.320144 v _137_/X (sky130_fd_sc_hd__a2111o_1)
                                                         _103_ (net)
                      0.130628    0.000112    2.320256 v _141_/A (sky130_fd_sc_hd__or4b_4)
     3    0.009576    0.172557    1.107554    3.427809 v _141_/X (sky130_fd_sc_hd__or4b_4)
                                                         _107_ (net)
                      0.172557    0.000271    3.428081 v _152_/A (sky130_fd_sc_hd__or3_4)
     2    0.006368    0.125436    0.800917    4.228998 v _152_/X (sky130_fd_sc_hd__or3_4)
                                                         _005_ (net)
                      0.125436    0.000159    4.229156 v _163_/B (sky130_fd_sc_hd__or2_4)
     1    0.003006    0.076317    0.444556    4.673713 v _163_/X (sky130_fd_sc_hd__or2_4)
                                                         _016_ (net)
                      0.076317    0.000065    4.673778 v _227_/A1 (sky130_fd_sc_hd__o31a_1)
     1    0.002382    0.081464    0.545642    5.219420 v _227_/X (sky130_fd_sc_hd__o31a_1)
                                                         _000_ (net)
                      0.081464    0.000069    5.219489 v _228_/D (sky130_fd_sc_hd__dfxtp_1)
                                              5.219489   data arrival time

                                  5.000000    5.000000   clock clk (rise edge)
                                  0.000000    5.000000   clock source latency
     1    0.004611    0.044530    0.025374    5.025374 ^ clk (in)
                                                         clk (net)
                      0.044530    0.000000    5.025374 ^ _228_/CLK (sky130_fd_sc_hd__dfxtp_1)
                                 -0.250000    4.775374   clock uncertainty
                                  0.000000    4.775374   clock reconvergence pessimism
                                 -0.280607    4.494767   library setup time
                                              4.494767   data required time
---------------------------------------------------------------------------------------------
                                              4.494767   data required time
                                             -5.219489   data arrival time
---------------------------------------------------------------------------------------------
                                             -0.724722   slack (VIOLATED)




===========================================================================
report_checks --slack_max -0.01
============================================================================
======================= nom_ss_100C_1v60 Corner ===================================

Startpoint: a[29] (input port clocked by clk)
Endpoint: _228_ (rising edge-triggered flip-flop clocked by clk)
Path Group: clk
Path Type: max

Fanout         Cap        Slew       Delay        Time   Description
---------------------------------------------------------------------------------------------
                                  0.000000    0.000000   clock clk (rise edge)
                                  0.000000    0.000000   clock network delay (propagated)
                                  1.000000    1.000000 ^ input external delay
     1    0.004213    0.041792    0.023257    1.023257 ^ a[29] (in)
                                                         a[29] (net)
                      0.041792    0.000000    1.023257 ^ input22/A (sky130_fd_sc_hd__buf_1)
     2    0.008250    0.169395    0.208952    1.232208 ^ input22/X (sky130_fd_sc_hd__buf_1)
                                                         net22 (net)
                      0.169396    0.000170    1.232379 ^ _135_/A_N (sky130_fd_sc_hd__and2b_1)
     1    0.002696    0.064874    0.394354    1.626733 v _135_/X (sky130_fd_sc_hd__and2b_1)
                                                         _101_ (net)
                      0.064874    0.000079    1.626812 v _137_/C1 (sky130_fd_sc_hd__a2111o_1)
     2    0.004910    0.130628    0.693332    2.320144 v _137_/X (sky130_fd_sc_hd__a2111o_1)
                                                         _103_ (net)
                      0.130628    0.000112    2.320256 v _141_/A (sky130_fd_sc_hd__or4b_4)
     3    0.009576    0.172557    1.107554    3.427809 v _141_/X (sky130_fd_sc_hd__or4b_4)
                                                         _107_ (net)
                      0.172557    0.000271    3.428081 v _152_/A (sky130_fd_sc_hd__or3_4)
     2    0.006368    0.125436    0.800917    4.228998 v _152_/X (sky130_fd_sc_hd__or3_4)
                                                         _005_ (net)
                      0.125436    0.000159    4.229156 v _163_/B (sky130_fd_sc_hd__or2_4)
     1    0.003006    0.076317    0.444556    4.673713 v _163_/X (sky130_fd_sc_hd__or2_4)
                                                         _016_ (net)
                      0.076317    0.000065    4.673778 v _227_/A1 (sky130_fd_sc_hd__o31a_1)
     1    0.002382    0.081464    0.545642    5.219420 v _227_/X (sky130_fd_sc_hd__o31a_1)
                                                         _000_ (net)
                      0.081464    0.000069    5.219489 v _228_/D (sky130_fd_sc_hd__dfxtp_1)
                                              5.219489   data arrival time

                                  5.000000    5.000000   clock clk (rise edge)
                                  0.000000    5.000000   clock source latency
     1    0.004611    0.044530    0.025374    5.025374 ^ clk (in)
                                                         clk (net)
                      0.044530    0.000000    5.025374 ^ _228_/CLK (sky130_fd_sc_hd__dfxtp_1)
                                 -0.250000    4.775374   clock uncertainty
                                  0.000000    4.775374   clock reconvergence pessimism
                                 -0.280607    4.494767   library setup time
                                              4.494767   data required time
---------------------------------------------------------------------------------------------
                                              4.494767   data required time
                                             -5.219489   data arrival time
---------------------------------------------------------------------------------------------
                                             -0.724722   slack (VIOLATED)




===========================================================================
 report_check_types -max_slew -max_cap -max_fanout -violators
============================================================================
======================= nom_ss_100C_1v60 Corner ===================================



===========================================================================
report_parasitic_annotation -report_unannotated
============================================================================
Found 0 unannotated drivers.
Found 0 partially unannotated drivers.

===========================================================================
max slew violation count 0
max fanout violation count 0
max cap violation count 0
============================================================================

===========================================================================
check_setup -verbose -unconstrained_endpoints -multiple_clock -no_clock -no_input_delay -loops -generated_clocks
===========================================================================
