
===========================================================================
report_checks -path_delay min (Hold)
============================================================================
======================= nom_ss_100C_1v60 Corner ===================================

Startpoint: b[16] (input port clocked by clk)
Endpoint: _228_ (rising edge-triggered flip-flop clocked by clk)
Path Group: clk
Path Type: min

Fanout         Cap        Slew       Delay        Time   Description
---------------------------------------------------------------------------------------------
                                  0.000000    0.000000   clock clk (rise edge)
                                  0.000000    0.000000   clock network delay (propagated)
                                  1.000000    1.000000 v input external delay
     1    0.003087    0.019562    0.010137    1.010137 v b[16] (in)
                                                         b[16] (net)
                      0.019563    0.000000    1.010137 v input40/A (sky130_fd_sc_hd__clkbuf_1)
     1    0.005300    0.075640    0.159884    1.170021 v input40/X (sky130_fd_sc_hd__clkbuf_1)
                                                         net40 (net)
                      0.075641    0.000172    1.170193 v _125_/A (sky130_fd_sc_hd__inv_2)
     2    0.004992    0.048449    0.080498    1.250691 ^ _125_/Y (sky130_fd_sc_hd__inv_2)
                                                         _091_ (net)
                      0.048450    0.000099    1.250791 ^ _171_/A (sky130_fd_sc_hd__and2_1)
     1    0.002575    0.076558    0.202831    1.453622 ^ _171_/X (sky130_fd_sc_hd__and2_1)
                                                         _024_ (net)
                      0.076558    0.000073    1.453695 ^ _172_/C (sky130_fd_sc_hd__or4b_1)
     1    0.003487    0.071697    0.181145    1.634840 ^ _172_/X (sky130_fd_sc_hd__or4b_1)
                                                         _025_ (net)
                      0.071697    0.000105    1.634945 ^ _227_/A2 (sky130_fd_sc_hd__o31a_1)
     1    0.002298    0.069802    0.237160    1.872105 ^ _227_/X (sky130_fd_sc_hd__o31a_1)
                                                         _000_ (net)
                      0.069802    0.000066    1.872171 ^ _228_/D (sky130_fd_sc_hd__dfxtp_1)
                                              1.872171   data arrival time

                                  0.000000    0.000000   clock clk (rise edge)
                                  0.000000    0.000000   clock source latency
     1    0.004611    0.044530    0.025375    0.025375 ^ clk (in)
                                                         clk (net)
                      0.044530    0.000000    0.025375 ^ _228_/CLK (sky130_fd_sc_hd__dfxtp_1)
                                  0.250000    0.275375   clock uncertainty
                                  0.000000    0.275375   clock reconvergence pessimism
                                 -0.076023    0.199352   library hold time
                                              0.199352   data required time
---------------------------------------------------------------------------------------------
                                              0.199352   data required time
                                             -1.872171   data arrival time
---------------------------------------------------------------------------------------------
                                              1.672819   slack (MET)


Startpoint: _228_ (rising edge-triggered flip-flop clocked by clk)
Endpoint: z (output port clocked by clk)
Path Group: clk
Path Type: min

Fanout         Cap        Slew       Delay        Time   Description
---------------------------------------------------------------------------------------------
                                  0.000000    0.000000   clock clk (rise edge)
                                  0.000000    0.000000   clock source latency
     1    0.004611    0.044530    0.025375    0.025375 ^ clk (in)
                                                         clk (net)
                      0.044530    0.000000    0.025375 ^ _228_/CLK (sky130_fd_sc_hd__dfxtp_1)
     1    0.005306    0.067804    0.581959    0.607333 v _228_/Q (sky130_fd_sc_hd__dfxtp_1)
                                                         net65 (net)
                      0.067805    0.000200    0.607534 v output65/A (sky130_fd_sc_hd__buf_2)
     1    0.034245    0.165876    0.343493    0.951026 v output65/X (sky130_fd_sc_hd__buf_2)
                                                         z (net)
                      0.165880    0.000659    0.951686 v z (out)
                                              0.951686   data arrival time

                                  0.000000    0.000000   clock clk (rise edge)
                                  0.000000    0.000000   clock network delay (propagated)
                                  0.250000    0.250000   clock uncertainty
                                  0.000000    0.250000   clock reconvergence pessimism
                                 -1.000000   -0.750000   output external delay
                                             -0.750000   data required time
---------------------------------------------------------------------------------------------
                                             -0.750000   data required time
                                             -0.951686   data arrival time
---------------------------------------------------------------------------------------------
                                              1.701686   slack (MET)



