Reading timing models for corner nom_ss_100C_1v60…
Reading cell library for the 'nom_ss_100C_1v60' corner at '/home/erwann/.volare/volare/sky130/versions/bdc9412b3e468c102d01b7cf6337be06ec6e9c9a/sky130A/libs.ref/sky130_fd_sc_hd/lib/sky130_fd_sc_hd__ss_100C_1v60.lib'…
Reading top-level netlist at '/home/erwann/design_workspace/sky130A/HelloWorld/digital/comp32/runs/RUN_2024-04-29_20-13-57/49-openroad-fillinsertion/comp32.nl.v'…
Linking design 'comp32' from netlist…
Warning: /home/erwann/design_workspace/sky130A/HelloWorld/digital/comp32/runs/RUN_2024-04-29_20-13-57/49-openroad-fillinsertion/comp32.nl.v line 639, module sky130_fd_sc_hd__tapvpwrvgnd_1 not found. Creating black box for TAP_TAPCELL_ROW_0_32.
Warning: /home/erwann/design_workspace/sky130A/HelloWorld/digital/comp32/runs/RUN_2024-04-29_20-13-57/49-openroad-fillinsertion/comp32.nl.v line 800, module sky130_fd_sc_hd__fill_1 not found. Creating black box for FILLER_0_0_6.
Warning: /home/erwann/design_workspace/sky130A/HelloWorld/digital/comp32/runs/RUN_2024-04-29_20-13-57/49-openroad-fillinsertion/comp32.nl.v line 801, module sky130_fd_sc_hd__fill_2 not found. Creating black box for FILLER_0_0_20.
Warning: /home/erwann/design_workspace/sky130A/HelloWorld/digital/comp32/runs/RUN_2024-04-29_20-13-57/49-openroad-fillinsertion/comp32.nl.v line 814, module sky130_ef_sc_hd__decap_12 not found. Creating black box for FILLER_0_2_49.
Reading design constraints file at '/nix/store/6kwxhhp4vfqxi9qpnqnwc7xg02y8ymv6-python3-3.11.6-env/lib/python3.11/site-packages/openlane/scripts/base.sdc'…
[INFO] Using clock clk…
[INFO] Setting output delay to: 1
[INFO] Setting input delay to: 1
[INFO] Setting load to: 0.033442
[INFO] Setting clock uncertainty to: 0.25
[INFO] Setting clock transition to: 0.1499999999999999944488848768742172978818416595458984375
[INFO] Setting timing derate to: 5%
Reading top-level design parasitics for the 'nom_ss_100C_1v60' corner at '/home/erwann/design_workspace/sky130A/HelloWorld/digital/comp32/runs/RUN_2024-04-29_20-13-57/50-openroad-rcx/nom/comp32.nom.spef'…
%OL_CREATE_REPORT min.rpt

===========================================================================
report_checks -path_delay min (Hold)
============================================================================
======================= nom_ss_100C_1v60 Corner ===================================

Startpoint: b[16] (input port clocked by clk)
Endpoint: _228_ (rising edge-triggered flip-flop clocked by clk)
Path Group: clk
Path Type: min

Fanout         Cap        Slew       Delay        Time   Description
---------------------------------------------------------------------------------------------
                                  0.000000    0.000000   clock clk (rise edge)
                                  0.000000    0.000000   clock network delay (propagated)
                                  1.000000    1.000000 v input external delay
     1    0.003087    0.019562    0.010137    1.010137 v b[16] (in)
                                                         b[16] (net)
                      0.019563    0.000000    1.010137 v input40/A (sky130_fd_sc_hd__clkbuf_1)
     1    0.005300    0.075640    0.159884    1.170021 v input40/X (sky130_fd_sc_hd__clkbuf_1)
                                                         net40 (net)
                      0.075641    0.000172    1.170193 v _125_/A (sky130_fd_sc_hd__inv_2)
     2    0.004992    0.048449    0.080498    1.250691 ^ _125_/Y (sky130_fd_sc_hd__inv_2)
                                                         _091_ (net)
                      0.048450    0.000099    1.250791 ^ _171_/A (sky130_fd_sc_hd__and2_1)
     1    0.002575    0.076558    0.202831    1.453622 ^ _171_/X (sky130_fd_sc_hd__and2_1)
                                                         _024_ (net)
                      0.076558    0.000073    1.453695 ^ _172_/C (sky130_fd_sc_hd__or4b_1)
     1    0.003487    0.071697    0.181145    1.634840 ^ _172_/X (sky130_fd_sc_hd__or4b_1)
                                                         _025_ (net)
                      0.071697    0.000105    1.634945 ^ _227_/A2 (sky130_fd_sc_hd__o31a_1)
     1    0.002298    0.069802    0.237160    1.872105 ^ _227_/X (sky130_fd_sc_hd__o31a_1)
                                                         _000_ (net)
                      0.069802    0.000066    1.872171 ^ _228_/D (sky130_fd_sc_hd__dfxtp_1)
                                              1.872171   data arrival time

                                  0.000000    0.000000   clock clk (rise edge)
                                  0.000000    0.000000   clock source latency
     1    0.004611    0.044530    0.025375    0.025375 ^ clk (in)
                                                         clk (net)
                      0.044530    0.000000    0.025375 ^ _228_/CLK (sky130_fd_sc_hd__dfxtp_1)
                                  0.250000    0.275375   clock uncertainty
                                  0.000000    0.275375   clock reconvergence pessimism
                                 -0.076023    0.199352   library hold time
                                              0.199352   data required time
---------------------------------------------------------------------------------------------
                                              0.199352   data required time
                                             -1.872171   data arrival time
---------------------------------------------------------------------------------------------
                                              1.672819   slack (MET)


Startpoint: _228_ (rising edge-triggered flip-flop clocked by clk)
Endpoint: z (output port clocked by clk)
Path Group: clk
Path Type: min

Fanout         Cap        Slew       Delay        Time   Description
---------------------------------------------------------------------------------------------
                                  0.000000    0.000000   clock clk (rise edge)
                                  0.000000    0.000000   clock source latency
     1    0.004611    0.044530    0.025375    0.025375 ^ clk (in)
                                                         clk (net)
                      0.044530    0.000000    0.025375 ^ _228_/CLK (sky130_fd_sc_hd__dfxtp_1)
     1    0.005306    0.067804    0.581959    0.607333 v _228_/Q (sky130_fd_sc_hd__dfxtp_1)
                                                         net65 (net)
                      0.067805    0.000200    0.607534 v output65/A (sky130_fd_sc_hd__buf_2)
     1    0.034245    0.165876    0.343493    0.951026 v output65/X (sky130_fd_sc_hd__buf_2)
                                                         z (net)
                      0.165880    0.000659    0.951686 v z (out)
                                              0.951686   data arrival time

                                  0.000000    0.000000   clock clk (rise edge)
                                  0.000000    0.000000   clock network delay (propagated)
                                  0.250000    0.250000   clock uncertainty
                                  0.000000    0.250000   clock reconvergence pessimism
                                 -1.000000   -0.750000   output external delay
                                             -0.750000   data required time
---------------------------------------------------------------------------------------------
                                             -0.750000   data required time
                                             -0.951686   data arrival time
---------------------------------------------------------------------------------------------
                                              1.701686   slack (MET)



%OL_END_REPORT
%OL_CREATE_REPORT max.rpt

===========================================================================
report_checks -path_delay max (Setup)
============================================================================
======================= nom_ss_100C_1v60 Corner ===================================

Startpoint: a[29] (input port clocked by clk)
Endpoint: _228_ (rising edge-triggered flip-flop clocked by clk)
Path Group: clk
Path Type: max

Fanout         Cap        Slew       Delay        Time   Description
---------------------------------------------------------------------------------------------
                                  0.000000    0.000000   clock clk (rise edge)
                                  0.000000    0.000000   clock network delay (propagated)
                                  1.000000    1.000000 ^ input external delay
     1    0.004213    0.041792    0.023257    1.023257 ^ a[29] (in)
                                                         a[29] (net)
                      0.041792    0.000000    1.023257 ^ input22/A (sky130_fd_sc_hd__buf_1)
     2    0.008250    0.169395    0.208952    1.232208 ^ input22/X (sky130_fd_sc_hd__buf_1)
                                                         net22 (net)
                      0.169396    0.000170    1.232379 ^ _135_/A_N (sky130_fd_sc_hd__and2b_1)
     1    0.002696    0.064874    0.394354    1.626733 v _135_/X (sky130_fd_sc_hd__and2b_1)
                                                         _101_ (net)
                      0.064874    0.000079    1.626812 v _137_/C1 (sky130_fd_sc_hd__a2111o_1)
     2    0.004910    0.130628    0.693332    2.320144 v _137_/X (sky130_fd_sc_hd__a2111o_1)
                                                         _103_ (net)
                      0.130628    0.000112    2.320256 v _141_/A (sky130_fd_sc_hd__or4b_4)
     3    0.009576    0.172557    1.107554    3.427809 v _141_/X (sky130_fd_sc_hd__or4b_4)
                                                         _107_ (net)
                      0.172557    0.000271    3.428081 v _152_/A (sky130_fd_sc_hd__or3_4)
     2    0.006368    0.125436    0.800917    4.228998 v _152_/X (sky130_fd_sc_hd__or3_4)
                                                         _005_ (net)
                      0.125436    0.000159    4.229156 v _163_/B (sky130_fd_sc_hd__or2_4)
     1    0.003006    0.076317    0.444556    4.673713 v _163_/X (sky130_fd_sc_hd__or2_4)
                                                         _016_ (net)
                      0.076317    0.000065    4.673778 v _227_/A1 (sky130_fd_sc_hd__o31a_1)
     1    0.002382    0.081464    0.545642    5.219420 v _227_/X (sky130_fd_sc_hd__o31a_1)
                                                         _000_ (net)
                      0.081464    0.000069    5.219489 v _228_/D (sky130_fd_sc_hd__dfxtp_1)
                                              5.219489   data arrival time

                                  5.000000    5.000000   clock clk (rise edge)
                                  0.000000    5.000000   clock source latency
     1    0.004611    0.044530    0.025374    5.025374 ^ clk (in)
                                                         clk (net)
                      0.044530    0.000000    5.025374 ^ _228_/CLK (sky130_fd_sc_hd__dfxtp_1)
                                 -0.250000    4.775374   clock uncertainty
                                  0.000000    4.775374   clock reconvergence pessimism
                                 -0.280607    4.494767   library setup time
                                              4.494767   data required time
---------------------------------------------------------------------------------------------
                                              4.494767   data required time
                                             -5.219489   data arrival time
---------------------------------------------------------------------------------------------
                                             -0.724722   slack (VIOLATED)


Startpoint: _228_ (rising edge-triggered flip-flop clocked by clk)
Endpoint: z (output port clocked by clk)
Path Group: clk
Path Type: max

Fanout         Cap        Slew       Delay        Time   Description
---------------------------------------------------------------------------------------------
                                  0.000000    0.000000   clock clk (rise edge)
                                  0.000000    0.000000   clock source latency
     1    0.004611    0.044530    0.025375    0.025375 ^ clk (in)
                                                         clk (net)
                      0.044530    0.000000    0.025375 ^ _228_/CLK (sky130_fd_sc_hd__dfxtp_1)
     1    0.005434    0.103204    0.641610    0.666984 ^ _228_/Q (sky130_fd_sc_hd__dfxtp_1)
                                                         net65 (net)
                      0.103204    0.000207    0.667192 ^ output65/A (sky130_fd_sc_hd__buf_2)
     1    0.034245    0.272105    0.358857    1.026048 ^ output65/X (sky130_fd_sc_hd__buf_2)
                                                         z (net)
                      0.272107    0.000660    1.026708 ^ z (out)
                                              1.026708   data arrival time

                                  5.000000    5.000000   clock clk (rise edge)
                                  0.000000    5.000000   clock network delay (propagated)
                                 -0.250000    4.750000   clock uncertainty
                                  0.000000    4.750000   clock reconvergence pessimism
                                 -1.000000    3.750000   output external delay
                                              3.750000   data required time
---------------------------------------------------------------------------------------------
                                              3.750000   data required time
                                             -1.026708   data arrival time
---------------------------------------------------------------------------------------------
                                              2.723292   slack (MET)



%OL_END_REPORT
%OL_CREATE_REPORT checks.rpt

===========================================================================
report_checks -unconstrained
===========================================================================
======================= nom_ss_100C_1v60 Corner ===================================

Startpoint: a[29] (input port clocked by clk)
Endpoint: _228_ (rising edge-triggered flip-flop clocked by clk)
Path Group: clk
Path Type: max

Fanout         Cap        Slew       Delay        Time   Description
---------------------------------------------------------------------------------------------
                                  0.000000    0.000000   clock clk (rise edge)
                                  0.000000    0.000000   clock network delay (propagated)
                                  1.000000    1.000000 ^ input external delay
     1    0.004213    0.041792    0.023257    1.023257 ^ a[29] (in)
                                                         a[29] (net)
                      0.041792    0.000000    1.023257 ^ input22/A (sky130_fd_sc_hd__buf_1)
     2    0.008250    0.169395    0.208952    1.232208 ^ input22/X (sky130_fd_sc_hd__buf_1)
                                                         net22 (net)
                      0.169396    0.000170    1.232379 ^ _135_/A_N (sky130_fd_sc_hd__and2b_1)
     1    0.002696    0.064874    0.394354    1.626733 v _135_/X (sky130_fd_sc_hd__and2b_1)
                                                         _101_ (net)
                      0.064874    0.000079    1.626812 v _137_/C1 (sky130_fd_sc_hd__a2111o_1)
     2    0.004910    0.130628    0.693332    2.320144 v _137_/X (sky130_fd_sc_hd__a2111o_1)
                                                         _103_ (net)
                      0.130628    0.000112    2.320256 v _141_/A (sky130_fd_sc_hd__or4b_4)
     3    0.009576    0.172557    1.107554    3.427809 v _141_/X (sky130_fd_sc_hd__or4b_4)
                                                         _107_ (net)
                      0.172557    0.000271    3.428081 v _152_/A (sky130_fd_sc_hd__or3_4)
     2    0.006368    0.125436    0.800917    4.228998 v _152_/X (sky130_fd_sc_hd__or3_4)
                                                         _005_ (net)
                      0.125436    0.000159    4.229156 v _163_/B (sky130_fd_sc_hd__or2_4)
     1    0.003006    0.076317    0.444556    4.673713 v _163_/X (sky130_fd_sc_hd__or2_4)
                                                         _016_ (net)
                      0.076317    0.000065    4.673778 v _227_/A1 (sky130_fd_sc_hd__o31a_1)
     1    0.002382    0.081464    0.545642    5.219420 v _227_/X (sky130_fd_sc_hd__o31a_1)
                                                         _000_ (net)
                      0.081464    0.000069    5.219489 v _228_/D (sky130_fd_sc_hd__dfxtp_1)
                                              5.219489   data arrival time

                                  5.000000    5.000000   clock clk (rise edge)
                                  0.000000    5.000000   clock source latency
     1    0.004611    0.044530    0.025374    5.025374 ^ clk (in)
                                                         clk (net)
                      0.044530    0.000000    5.025374 ^ _228_/CLK (sky130_fd_sc_hd__dfxtp_1)
                                 -0.250000    4.775374   clock uncertainty
                                  0.000000    4.775374   clock reconvergence pessimism
                                 -0.280607    4.494767   library setup time
                                              4.494767   data required time
---------------------------------------------------------------------------------------------
                                              4.494767   data required time
                                             -5.219489   data arrival time
---------------------------------------------------------------------------------------------
                                             -0.724722   slack (VIOLATED)




===========================================================================
report_checks --slack_max -0.01
============================================================================
======================= nom_ss_100C_1v60 Corner ===================================

Startpoint: a[29] (input port clocked by clk)
Endpoint: _228_ (rising edge-triggered flip-flop clocked by clk)
Path Group: clk
Path Type: max

Fanout         Cap        Slew       Delay        Time   Description
---------------------------------------------------------------------------------------------
                                  0.000000    0.000000   clock clk (rise edge)
                                  0.000000    0.000000   clock network delay (propagated)
                                  1.000000    1.000000 ^ input external delay
     1    0.004213    0.041792    0.023257    1.023257 ^ a[29] (in)
                                                         a[29] (net)
                      0.041792    0.000000    1.023257 ^ input22/A (sky130_fd_sc_hd__buf_1)
     2    0.008250    0.169395    0.208952    1.232208 ^ input22/X (sky130_fd_sc_hd__buf_1)
                                                         net22 (net)
                      0.169396    0.000170    1.232379 ^ _135_/A_N (sky130_fd_sc_hd__and2b_1)
     1    0.002696    0.064874    0.394354    1.626733 v _135_/X (sky130_fd_sc_hd__and2b_1)
                                                         _101_ (net)
                      0.064874    0.000079    1.626812 v _137_/C1 (sky130_fd_sc_hd__a2111o_1)
     2    0.004910    0.130628    0.693332    2.320144 v _137_/X (sky130_fd_sc_hd__a2111o_1)
                                                         _103_ (net)
                      0.130628    0.000112    2.320256 v _141_/A (sky130_fd_sc_hd__or4b_4)
     3    0.009576    0.172557    1.107554    3.427809 v _141_/X (sky130_fd_sc_hd__or4b_4)
                                                         _107_ (net)
                      0.172557    0.000271    3.428081 v _152_/A (sky130_fd_sc_hd__or3_4)
     2    0.006368    0.125436    0.800917    4.228998 v _152_/X (sky130_fd_sc_hd__or3_4)
                                                         _005_ (net)
                      0.125436    0.000159    4.229156 v _163_/B (sky130_fd_sc_hd__or2_4)
     1    0.003006    0.076317    0.444556    4.673713 v _163_/X (sky130_fd_sc_hd__or2_4)
                                                         _016_ (net)
                      0.076317    0.000065    4.673778 v _227_/A1 (sky130_fd_sc_hd__o31a_1)
     1    0.002382    0.081464    0.545642    5.219420 v _227_/X (sky130_fd_sc_hd__o31a_1)
                                                         _000_ (net)
                      0.081464    0.000069    5.219489 v _228_/D (sky130_fd_sc_hd__dfxtp_1)
                                              5.219489   data arrival time

                                  5.000000    5.000000   clock clk (rise edge)
                                  0.000000    5.000000   clock source latency
     1    0.004611    0.044530    0.025374    5.025374 ^ clk (in)
                                                         clk (net)
                      0.044530    0.000000    5.025374 ^ _228_/CLK (sky130_fd_sc_hd__dfxtp_1)
                                 -0.250000    4.775374   clock uncertainty
                                  0.000000    4.775374   clock reconvergence pessimism
                                 -0.280607    4.494767   library setup time
                                              4.494767   data required time
---------------------------------------------------------------------------------------------
                                              4.494767   data required time
                                             -5.219489   data arrival time
---------------------------------------------------------------------------------------------
                                             -0.724722   slack (VIOLATED)




===========================================================================
 report_check_types -max_slew -max_cap -max_fanout -violators
============================================================================
======================= nom_ss_100C_1v60 Corner ===================================



===========================================================================
report_parasitic_annotation -report_unannotated
============================================================================
Found 0 unannotated drivers.
Found 0 partially unannotated drivers.

===========================================================================
max slew violation count 0
%OL_METRIC_I design__max_slew_violation__count__corner:nom_ss_100C_1v60 0
max fanout violation count 0
%OL_METRIC_I design__max_fanout_violation__count__corner:nom_ss_100C_1v60 0
max cap violation count 0
%OL_METRIC_I design__max_cap_violation__count__corner:nom_ss_100C_1v60 0
============================================================================

===========================================================================
check_setup -verbose -unconstrained_endpoints -multiple_clock -no_clock -no_input_delay -loops -generated_clocks
===========================================================================
%OL_END_REPORT
%OL_CREATE_REPORT power.rpt

===========================================================================
 report_power
============================================================================
======================= nom_ss_100C_1v60 Corner ===================================

Group                    Internal    Switching      Leakage        Total
                            Power        Power        Power        Power (Watts)
------------------------------------------------------------------------
Sequential           6.601149e-06 9.415670e-08 1.351832e-08 6.708824e-06   8.9%
Combinational        3.912685e-05 2.844871e-05 8.308733e-07 6.840644e-05  91.1%
Clock                0.000000e+00 0.000000e+00 2.030039e-10 2.030039e-10   0.0%
Macro                0.000000e+00 0.000000e+00 0.000000e+00 0.000000e+00   0.0%
Pad                  0.000000e+00 0.000000e+00 0.000000e+00 0.000000e+00   0.0%
------------------------------------------------------------------------
Total                4.572800e-05 2.854287e-05 8.445946e-07 7.511546e-05 100.0%
                            60.9%        38.0%         1.1%
%OL_METRIC_F power__internal__total 4.572799662128091e-5
%OL_METRIC_F power__switching__total 2.8542866857605986e-5
%OL_METRIC_F power__leakage__total 8.445945809398836e-7
%OL_METRIC_F power__total 7.511545845773071e-5

%OL_END_REPORT
%OL_CREATE_REPORT skew.min.rpt

===========================================================================
Clock Skew (Hold)
============================================================================
%OL_METRIC_F clock__skew__worst_hold__corner:nom_ss_100C_1v60 0.000000
======================= nom_ss_100C_1v60 Corner ===================================

Clock clk
No launch/capture paths found.

%OL_END_REPORT
%OL_CREATE_REPORT skew.max.rpt

===========================================================================
Clock Skew (Setup)
============================================================================
%OL_METRIC_F clock__skew__worst_setup__corner:nom_ss_100C_1v60 0.000000
======================= nom_ss_100C_1v60 Corner ===================================

Clock clk
No launch/capture paths found.

%OL_END_REPORT
%OL_CREATE_REPORT ws.min.rpt

===========================================================================
Worst Slack (Hold)
============================================================================
%OL_METRIC_F timing__hold__ws__corner:nom_ss_100C_1v60 1.672819
nom_ss_100C_1v60: 1.672819
%OL_END_REPORT
%OL_CREATE_REPORT ws.max.rpt

===========================================================================
Worst Slack (Setup)
============================================================================
%OL_METRIC_F timing__setup__ws__corner:nom_ss_100C_1v60 -0.724722
nom_ss_100C_1v60: -0.724722
%OL_END_REPORT
%OL_CREATE_REPORT tns.min.rpt

===========================================================================
Total Negative Slack (Hold)
============================================================================
%OL_METRIC_F timing__hold__tns__corner:nom_ss_100C_1v60 0.000000
nom_ss_100C_1v60: 0.000000
%OL_END_REPORT
%OL_CREATE_REPORT tns.max.rpt

===========================================================================
Total Negative Slack (Setup)
============================================================================
%OL_METRIC_F timing__setup__tns__corner:nom_ss_100C_1v60 -0.724722
nom_ss_100C_1v60: -0.724722
%OL_END_REPORT
%OL_CREATE_REPORT wns.min.rpt

===========================================================================
Worst Negative Slack (Hold)
============================================================================
%OL_METRIC_F timing__hold__wns__corner:nom_ss_100C_1v60 0
nom_ss_100C_1v60: 0
%OL_END_REPORT
%OL_CREATE_REPORT wns.max.rpt

===========================================================================
Worst Negative Slack (Setup)
============================================================================
%OL_METRIC_F timing__setup__wns__corner:nom_ss_100C_1v60 -0.724722
nom_ss_100C_1v60: -0.724722
%OL_END_REPORT
%OL_CREATE_REPORT violator_list.rpt

===========================================================================
Violator List
============================================================================
[setup in-reg] a[29] -> _228_/D : -0.724722
%OL_METRIC_I timing__hold_vio__count__corner:nom_ss_100C_1v60 0
%OL_METRIC_F timing__hold_r2r__ws__corner:nom_ss_100C_1v60 inf
%OL_METRIC_I timing__hold_r2r_vio__count__corner:nom_ss_100C_1v60 0
%OL_METRIC_I timing__setup_vio__count__corner:nom_ss_100C_1v60 1
%OL_METRIC_F timing__setup_r2r__ws__corner:nom_ss_100C_1v60 inf
%OL_METRIC_I timing__setup_r2r_vio__count__corner:nom_ss_100C_1v60 0
%OL_END_REPORT
Writing SDF files for all corners…
Removing Clock latencies before writing libs…
Writing timing models for all corners…
Writing timing models for the nom_ss_100C_1v60 corner to /home/erwann/design_workspace/sky130A/HelloWorld/digital/comp32/runs/RUN_2024-04-29_20-13-57/51-openroad-stapostpnr/nom_ss_100C_1v60/comp32__nom_ss_100C_1v60.lib…
