[INFO PSM-0040] All shapes on net vdd are connected.
########## IR report #################
Net              : vdd
Corner           : nom_tt_025C_1v80
Supply voltage   : 1.80e+00 V
Worstcase voltage: 1.80e+00 V
Average voltage  : 1.80e+00 V
Average IR drop  : 4.60e-06 V
Worstcase IR drop: 1.76e-05 V
Percentage drop  : 0.00 %
######################################
[INFO PSM-0040] All shapes on net vss are connected.
########## IR report #################
Net              : vss
Corner           : nom_tt_025C_1v80
Supply voltage   : 0.00e+00 V
Worstcase voltage: 1.46e-05 V
Average voltage  : 4.20e-06 V
Average IR drop  : 4.20e-06 V
Worstcase IR drop: 1.46e-05 V
Percentage drop  : 0.00 %
######################################
