
===========================================================================
report_checks -unconstrained
===========================================================================
======================= max_ss_100C_1v60 Corner ===================================

Startpoint: a[30] (input port clocked by clk)
Endpoint: _228_ (rising edge-triggered flip-flop clocked by clk)
Path Group: clk
Path Type: max

Fanout         Cap        Slew       Delay        Time   Description
---------------------------------------------------------------------------------------------
                                  0.000000    0.000000   clock clk (rise edge)
                                  0.000000    0.000000   clock network delay (propagated)
                                  5.000000    5.000000 ^ input external delay
     1    0.002857    0.032625    0.016140    5.016140 ^ a[30] (in)
                                                         a[30] (net)
                      0.032625    0.000000    5.016140 ^ input24/A (sky130_fd_sc_hd__buf_1)
     2    0.008515    0.174201    0.208130    5.224270 ^ input24/X (sky130_fd_sc_hd__buf_1)
                                                         net24 (net)
                      0.174201    0.000379    5.224650 ^ _133_/A_N (sky130_fd_sc_hd__and2b_1)
     2    0.006005    0.091696    0.428670    5.653320 v _133_/X (sky130_fd_sc_hd__and2b_1)
                                                         _099_ (net)
                      0.091696    0.000326    5.653646 v _137_/B1 (sky130_fd_sc_hd__a2111o_1)
     2    0.007721    0.155110    0.802658    6.456304 v _137_/X (sky130_fd_sc_hd__a2111o_1)
                                                         _103_ (net)
                      0.155110    0.000432    6.456736 v _141_/A (sky130_fd_sc_hd__or4b_1)
     3    0.010291    0.266292    1.367122    7.823857 v _141_/X (sky130_fd_sc_hd__or4b_1)
                                                         _107_ (net)
                      0.266292    0.000755    7.824612 v _152_/A (sky130_fd_sc_hd__or3_1)
     2    0.004398    0.154804    0.944061    8.768673 v _152_/X (sky130_fd_sc_hd__or3_1)
                                                         _005_ (net)
                      0.154804    0.000188    8.768862 v _163_/A (sky130_fd_sc_hd__or2_1)
     1    0.003062    0.099260    0.531380    9.300241 v _163_/X (sky130_fd_sc_hd__or2_1)
                                                         _016_ (net)
                      0.099260    0.000132    9.300374 v _227_/A1 (sky130_fd_sc_hd__o31a_1)
     1    0.002375    0.081010    0.554916    9.855290 v _227_/X (sky130_fd_sc_hd__o31a_1)
                                                         _000_ (net)
                      0.081010    0.000160    9.855450 v _228_/D (sky130_fd_sc_hd__dfxtp_1)
                                              9.855450   data arrival time

                                 25.000000   25.000000   clock clk (rise edge)
                                  0.000000   25.000000   clock source latency
     1    0.006255    0.055679    0.033891   25.033890 ^ clk (in)
                                                         clk (net)
                      0.055680    0.000000   25.033890 ^ _228_/CLK (sky130_fd_sc_hd__dfxtp_1)
                                 -0.250000   24.783892   clock uncertainty
                                  0.000000   24.783892   clock reconvergence pessimism
                                 -0.277414   24.506477   library setup time
                                             24.506477   data required time
---------------------------------------------------------------------------------------------
                                             24.506477   data required time
                                             -9.855450   data arrival time
---------------------------------------------------------------------------------------------
                                             14.651028   slack (MET)




===========================================================================
report_checks --slack_max -0.01
============================================================================
======================= max_ss_100C_1v60 Corner ===================================

No paths found.


===========================================================================
 report_check_types -max_slew -max_cap -max_fanout -violators
============================================================================
======================= max_ss_100C_1v60 Corner ===================================



===========================================================================
report_parasitic_annotation -report_unannotated
============================================================================
Found 0 unannotated drivers.
Found 0 partially unannotated drivers.

===========================================================================
max slew violation count 0
max fanout violation count 0
max cap violation count 0
============================================================================

===========================================================================
check_setup -verbose -unconstrained_endpoints -multiple_clock -no_clock -no_input_delay -loops -generated_clocks
===========================================================================
