[INFO GRT-0043] No OR_DEFAULT vias defined.
Net: clk
  Pin: _228_/CLK (sky130_fd_sc_hd__dfxtp_1)
    Layer: met3
      Partial area ratio:   73.55
      Required ratio:    0.00 (Gate area) 
      Partial area ratio:  404.33
      Required ratio:  400.00 (Side area) (VIOLATED)
      Cumulative area ratio:   83.31
      Required ratio:    0.00 (Cumulative area) 
      Cumulative area ratio:  454.98
      Required ratio:    0.00 (Cumulative side area) 

    Layer: met2
      Partial area ratio:    0.00
      Required ratio:    0.00 (Gate area) 
      Partial area ratio:    0.00
      Required ratio:  400.00 (Side area) 
      Cumulative area ratio:    9.76
      Required ratio:    0.00 (Cumulative area) 
      Cumulative area ratio:   50.65
      Required ratio:    0.00 (Cumulative side area) 

    Layer: met1
      Partial area ratio:    9.76
      Required ratio:    0.00 (Gate area) 
      Partial area ratio:   50.65
      Required ratio:  400.00 (Side area) 
      Cumulative area ratio:    9.76
      Required ratio:    0.00 (Cumulative area) 
      Cumulative area ratio:   50.65
      Required ratio:    0.00 (Cumulative side area) 

    Layer: li1
      Partial area ratio:    0.00
      Required ratio:    0.00 (Gate area) 
      Partial area ratio:    0.00
      Required ratio:   75.00 (Side area) 
      Cumulative area ratio:    0.00
      Required ratio:    0.00 (Cumulative area) 
      Cumulative area ratio:    0.00
      Required ratio:    0.00 (Cumulative side area) 

    Via: M2M3_PR
      Partial area ratio:    0.25
      Required ratio:    6.00 (Gate area) 
      Cumulative area ratio:    0.72
      Required ratio:    0.00 (Cumulative area) 

    Via: M1M2_PR
      Partial area ratio:    0.28
      Required ratio:    6.00 (Gate area) 
      Cumulative area ratio:    0.46
      Required ratio:    0.00 (Cumulative area) 

    Via: L1M1_PR
      Partial area ratio:    0.18
      Required ratio:    3.00 (Gate area) 
      Cumulative area ratio:    0.18
      Required ratio:    0.00 (Cumulative area) 


[INFO ANT-0002] Found 1 net violations.
[INFO ANT-0001] Found 1 pin violations.
