61. Printing statistics.

=== comp32 ===

   Number of wires:                118
   Number of wire bits:            180
   Number of public wires:           4
   Number of public wire bits:      66
   Number of memories:               0
   Number of memory bits:            0
   Number of processes:              0
   Number of cells:                115
     sky130_fd_sc_hd__a2111o_2       1
     sky130_fd_sc_hd__a21boi_2       3
     sky130_fd_sc_hd__a21o_2         3
     sky130_fd_sc_hd__a21oi_2        3
     sky130_fd_sc_hd__a22o_2         4
     sky130_fd_sc_hd__a22oi_2        2
     sky130_fd_sc_hd__a311o_2        1
     sky130_fd_sc_hd__a31o_2         2
     sky130_fd_sc_hd__a41o_2         1
     sky130_fd_sc_hd__a41oi_2        1
     sky130_fd_sc_hd__and2_2         6
     sky130_fd_sc_hd__and2b_2       12
     sky130_fd_sc_hd__and3_2         2
     sky130_fd_sc_hd__and3b_2        1
     sky130_fd_sc_hd__and4_2         3
     sky130_fd_sc_hd__dfxtp_2        1
     sky130_fd_sc_hd__inv_2         19
     sky130_fd_sc_hd__nand2_2        1
     sky130_fd_sc_hd__nand2b_2      18
     sky130_fd_sc_hd__nor2_2         3
     sky130_fd_sc_hd__o2111a_2       1
     sky130_fd_sc_hd__o211a_2        1
     sky130_fd_sc_hd__o21a_2         2
     sky130_fd_sc_hd__o21ai_2        1
     sky130_fd_sc_hd__o21ba_2        1
     sky130_fd_sc_hd__o221a_2        1
     sky130_fd_sc_hd__o22a_2         4
     sky130_fd_sc_hd__o311a_2        1
     sky130_fd_sc_hd__o31a_2         1
     sky130_fd_sc_hd__o32a_2         2
     sky130_fd_sc_hd__or2_2          6
     sky130_fd_sc_hd__or3_2          1
     sky130_fd_sc_hd__or3b_2         1
     sky130_fd_sc_hd__or4_2          2
     sky130_fd_sc_hd__or4b_2         3

   Chip area for module '\comp32': 955.916800

