
===========================================================================
report_checks -path_delay max (Setup)
============================================================================
======================= nom_tt_025C_1v80 Corner ===================================

Startpoint: a[30] (input port clocked by clk)
Endpoint: _228_ (rising edge-triggered flip-flop clocked by clk)
Path Group: clk
Path Type: max

Fanout         Cap        Slew       Delay        Time   Description
---------------------------------------------------------------------------------------------
                                  0.000000    0.000000   clock clk (rise edge)
                                  0.000000    0.000000   clock network delay (propagated)
                                  1.000000    1.000000 ^ input external delay
     1    0.005550    0.031701    0.019608    1.019608 ^ a[30] (in)
                                                         a[30] (net)
                      0.031701    0.000000    1.019608 ^ input24/A (sky130_fd_sc_hd__buf_6)
     2    0.006766    0.027690    0.080464    1.100072 ^ input24/X (sky130_fd_sc_hd__buf_6)
                                                         net24 (net)
                      0.027690    0.000022    1.100093 ^ _133_/A_N (sky130_fd_sc_hd__and2b_1)
     2    0.004547    0.041042    0.170554    1.270648 v _133_/X (sky130_fd_sc_hd__and2b_1)
                                                         _099_ (net)
                      0.041042    0.000024    1.270672 v _137_/B1 (sky130_fd_sc_hd__a2111o_1)
     2    0.004305    0.069012    0.384868    1.655540 v _137_/X (sky130_fd_sc_hd__a2111o_1)
                                                         _103_ (net)
                      0.069012    0.000019    1.655559 v _141_/A (sky130_fd_sc_hd__or4b_4)
     3    0.007641    0.090342    0.547906    2.203465 v _141_/X (sky130_fd_sc_hd__or4b_4)
                                                         _107_ (net)
                      0.090342    0.000081    2.203546 v _152_/A (sky130_fd_sc_hd__or3_4)
     2    0.005159    0.066962    0.397283    2.600829 v _152_/X (sky130_fd_sc_hd__or3_4)
                                                         _005_ (net)
                      0.066962    0.000026    2.600856 v _163_/B (sky130_fd_sc_hd__or2_4)
     1    0.002535    0.042690    0.224189    2.825045 v _163_/X (sky130_fd_sc_hd__or2_4)
                                                         _016_ (net)
                      0.042690    0.000008    2.825053 v _227_/A1 (sky130_fd_sc_hd__o31a_1)
     1    0.002134    0.044505    0.280510    3.105562 v _227_/X (sky130_fd_sc_hd__o31a_1)
                                                         _000_ (net)
                      0.044505    0.000010    3.105572 v _228_/D (sky130_fd_sc_hd__dfxtp_1)
                                              3.105572   data arrival time

                                  5.000000    5.000000   clock clk (rise edge)
                                  0.000000    5.000000   clock source latency
     1    0.001877    0.016287    0.007061    5.007061 ^ clk (in)
                                                         clk (net)
                      0.016287    0.000000    5.007061 ^ _228_/CLK (sky130_fd_sc_hd__dfxtp_1)
                                 -0.250000    4.757061   clock uncertainty
                                  0.000000    4.757061   clock reconvergence pessimism
                                 -0.117021    4.640040   library setup time
                                              4.640040   data required time
---------------------------------------------------------------------------------------------
                                              4.640040   data required time
                                             -3.105572   data arrival time
---------------------------------------------------------------------------------------------
                                              1.534468   slack (MET)


Startpoint: _228_ (rising edge-triggered flip-flop clocked by clk)
Endpoint: z (output port clocked by clk)
Path Group: clk
Path Type: max

Fanout         Cap        Slew       Delay        Time   Description
---------------------------------------------------------------------------------------------
                                  0.000000    0.000000   clock clk (rise edge)
                                  0.000000    0.000000   clock source latency
     1    0.001877    0.016287    0.007062    0.007062 ^ clk (in)
                                                         clk (net)
                      0.016287    0.000000    0.007062 ^ _228_/CLK (sky130_fd_sc_hd__dfxtp_1)
     1    0.003529    0.046617    0.294141    0.301202 ^ _228_/Q (sky130_fd_sc_hd__dfxtp_1)
                                                         net65 (net)
                      0.046617    0.000053    0.301255 ^ output65/A (sky130_fd_sc_hd__buf_2)
     1    0.034050    0.169152    0.198162    0.499417 ^ output65/X (sky130_fd_sc_hd__buf_2)
                                                         z (net)
                      0.169153    0.000235    0.499652 ^ z (out)
                                              0.499652   data arrival time

                                  5.000000    5.000000   clock clk (rise edge)
                                  0.000000    5.000000   clock network delay (propagated)
                                 -0.250000    4.750000   clock uncertainty
                                  0.000000    4.750000   clock reconvergence pessimism
                                 -1.000000    3.750000   output external delay
                                              3.750000   data required time
---------------------------------------------------------------------------------------------
                                              3.750000   data required time
                                             -0.499652   data arrival time
---------------------------------------------------------------------------------------------
                                              3.250348   slack (MET)



