
===========================================================================
report_checks -unconstrained
===========================================================================
======================= nom_tt_025C_1v80 Corner ===================================

Startpoint: a[30] (input port clocked by clk)
Endpoint: _228_ (rising edge-triggered flip-flop clocked by clk)
Path Group: clk
Path Type: max

Fanout         Cap        Slew       Delay        Time   Description
---------------------------------------------------------------------------------------------
                                  0.000000    0.000000   clock clk (rise edge)
                                  0.000000    0.000000   clock network delay (propagated)
                                  5.000000    5.000000 ^ input external delay
     1    0.002869    0.020029    0.010560    5.010561 ^ a[30] (in)
                                                         a[30] (net)
                      0.020029    0.000000    5.010561 ^ input24/A (sky130_fd_sc_hd__buf_1)
     2    0.008481    0.107426    0.117114    5.127675 ^ input24/X (sky130_fd_sc_hd__buf_1)
                                                         net24 (net)
                      0.107427    0.000198    5.127872 ^ _133_/A_N (sky130_fd_sc_hd__and2b_1)
     2    0.005752    0.046056    0.200892    5.328764 v _133_/X (sky130_fd_sc_hd__and2b_1)
                                                         _099_ (net)
                      0.046056    0.000122    5.328887 v _137_/B1 (sky130_fd_sc_hd__a2111o_1)
     2    0.007487    0.083624    0.408599    5.737485 v _137_/X (sky130_fd_sc_hd__a2111o_1)
                                                         _103_ (net)
                      0.083624    0.000185    5.737670 v _141_/A (sky130_fd_sc_hd__or4b_1)
     3    0.009839    0.125858    0.586873    6.324543 v _141_/X (sky130_fd_sc_hd__or4b_1)
                                                         _107_ (net)
                      0.125858    0.000364    6.324907 v _152_/A (sky130_fd_sc_hd__or3_1)
     2    0.004327    0.073830    0.401633    6.726540 v _152_/X (sky130_fd_sc_hd__or3_1)
                                                         _005_ (net)
                      0.073830    0.000079    6.726619 v _163_/A (sky130_fd_sc_hd__or2_1)
     1    0.002978    0.048865    0.231992    6.958611 v _163_/X (sky130_fd_sc_hd__or2_1)
                                                         _016_ (net)
                      0.048865    0.000064    6.958675 v _227_/A1 (sky130_fd_sc_hd__o31a_1)
     1    0.002354    0.044464    0.284598    7.243273 v _227_/X (sky130_fd_sc_hd__o31a_1)
                                                         _000_ (net)
                      0.044464    0.000071    7.243344 v _228_/D (sky130_fd_sc_hd__dfxtp_1)
                                              7.243344   data arrival time

                                 25.000000   25.000000   clock clk (rise edge)
                                  0.000000   25.000000   clock source latency
     1    0.006041    0.033860    0.021243   25.021242 ^ clk (in)
                                                         clk (net)
                      0.033861    0.000000   25.021242 ^ _228_/CLK (sky130_fd_sc_hd__dfxtp_1)
                                 -0.250000   24.771244   clock uncertainty
                                  0.000000   24.771244   clock reconvergence pessimism
                                 -0.112898   24.658346   library setup time
                                             24.658346   data required time
---------------------------------------------------------------------------------------------
                                             24.658346   data required time
                                             -7.243344   data arrival time
---------------------------------------------------------------------------------------------
                                             17.415001   slack (MET)




===========================================================================
report_checks --slack_max -0.01
============================================================================
======================= nom_tt_025C_1v80 Corner ===================================

No paths found.


===========================================================================
 report_check_types -max_slew -max_cap -max_fanout -violators
============================================================================
======================= nom_tt_025C_1v80 Corner ===================================



===========================================================================
report_parasitic_annotation -report_unannotated
============================================================================
Found 0 unannotated drivers.
Found 0 partially unannotated drivers.

===========================================================================
max slew violation count 0
max fanout violation count 0
max cap violation count 0
============================================================================

===========================================================================
check_setup -verbose -unconstrained_endpoints -multiple_clock -no_clock -no_input_delay -loops -generated_clocks
===========================================================================
