Reading timing models for corner nom_tt_025C_1v80…
Reading cell library for the 'nom_tt_025C_1v80' corner at '/home/erwann/.volare/volare/sky130/versions/bdc9412b3e468c102d01b7cf6337be06ec6e9c9a/sky130A/libs.ref/sky130_fd_sc_hd/lib/sky130_fd_sc_hd__tt_025C_1v80.lib'…
Reading top-level netlist at '/home/erwann/design_workspace/sky130A/HelloWorld/digital/comp32/runs/RUN_2024-05-09_16-56-29/49-openroad-fillinsertion/comp32.nl.v'…
Linking design 'comp32' from netlist…
Warning: /home/erwann/design_workspace/sky130A/HelloWorld/digital/comp32/runs/RUN_2024-05-09_16-56-29/49-openroad-fillinsertion/comp32.nl.v line 667, module sky130_fd_sc_hd__tapvpwrvgnd_1 not found. Creating black box for TAP_TAPCELL_ROW_0_62.
Warning: /home/erwann/design_workspace/sky130A/HelloWorld/digital/comp32/runs/RUN_2024-05-09_16-56-29/49-openroad-fillinsertion/comp32.nl.v line 929, module sky130_ef_sc_hd__decap_12 not found. Creating black box for FILLER_0_0_3.
Warning: /home/erwann/design_workspace/sky130A/HelloWorld/digital/comp32/runs/RUN_2024-05-09_16-56-29/49-openroad-fillinsertion/comp32.nl.v line 931, module sky130_fd_sc_hd__fill_1 not found. Creating black box for FILLER_0_0_27.
Warning: /home/erwann/design_workspace/sky130A/HelloWorld/digital/comp32/runs/RUN_2024-05-09_16-56-29/49-openroad-fillinsertion/comp32.nl.v line 935, module sky130_fd_sc_hd__fill_2 not found. Creating black box for FILLER_0_0_57.
Reading design constraints file at '/nix/store/hwxq78ix5dm1zxacgmyfrlkgn2vq15hz-python3-3.11.6-env/lib/python3.11/site-packages/openlane/scripts/base.sdc'…
[INFO] Using clock clk…
[INFO] Setting output delay to: 5
[INFO] Setting input delay to: 5
[INFO] Setting load to: 0.033442
[INFO] Setting clock uncertainty to: 0.25
[INFO] Setting clock transition to: 0.1499999999999999944488848768742172978818416595458984375
[INFO] Setting timing derate to: 5%
Reading top-level design parasitics for the 'nom_tt_025C_1v80' corner at '/home/erwann/design_workspace/sky130A/HelloWorld/digital/comp32/runs/RUN_2024-05-09_16-56-29/50-openroad-rcx/nom/comp32.nom.spef'…
%OL_CREATE_REPORT min.rpt

===========================================================================
report_checks -path_delay min (Hold)
============================================================================
======================= nom_tt_025C_1v80 Corner ===================================

Startpoint: _228_ (rising edge-triggered flip-flop clocked by clk)
Endpoint: z (output port clocked by clk)
Path Group: clk
Path Type: min

Fanout         Cap        Slew       Delay        Time   Description
---------------------------------------------------------------------------------------------
                                  0.000000    0.000000   clock clk (rise edge)
                                  0.000000    0.000000   clock source latency
     1    0.006041    0.033860    0.021244    0.021244 ^ clk (in)
                                                         clk (net)
                      0.033861    0.000000    0.021244 ^ _228_/CLK (sky130_fd_sc_hd__dfxtp_1)
     1    0.006681    0.042721    0.303159    0.324403 v _228_/Q (sky130_fd_sc_hd__dfxtp_1)
                                                         net65 (net)
                      0.042721    0.000256    0.324659 v output65/A (sky130_fd_sc_hd__buf_2)
     1    0.034388    0.089829    0.179273    0.503932 v output65/X (sky130_fd_sc_hd__buf_2)
                                                         z (net)
                      0.089834    0.000747    0.504679 v z (out)
                                              0.504679   data arrival time

                                  0.000000    0.000000   clock clk (rise edge)
                                  0.000000    0.000000   clock network delay (propagated)
                                  0.250000    0.250000   clock uncertainty
                                  0.000000    0.250000   clock reconvergence pessimism
                                 -5.000000   -4.750000   output external delay
                                             -4.750000   data required time
---------------------------------------------------------------------------------------------
                                             -4.750000   data required time
                                             -0.504679   data arrival time
---------------------------------------------------------------------------------------------
                                              5.254679   slack (MET)


Startpoint: a[17] (input port clocked by clk)
Endpoint: _228_ (rising edge-triggered flip-flop clocked by clk)
Path Group: clk
Path Type: min

Fanout         Cap        Slew       Delay        Time   Description
---------------------------------------------------------------------------------------------
                                  0.000000    0.000000   clock clk (rise edge)
                                  0.000000    0.000000   clock network delay (propagated)
                                  5.000000    5.000000 ^ input external delay
     1    0.003168    0.021319    0.011611    5.011611 ^ a[17] (in)
                                                         a[17] (net)
                      0.021319    0.000000    5.011611 ^ input9/A (sky130_fd_sc_hd__clkbuf_1)
     2    0.005951    0.079047    0.097463    5.109074 ^ input9/X (sky130_fd_sc_hd__clkbuf_1)
                                                         net9 (net)
                      0.079047    0.000147    5.109221 ^ _168_/A (sky130_fd_sc_hd__and2_1)
     2    0.005160    0.066114    0.138193    5.247415 ^ _168_/X (sky130_fd_sc_hd__and2_1)
                                                         _021_ (net)
                      0.066114    0.000115    5.247530 ^ _172_/B (sky130_fd_sc_hd__or4b_1)
     1    0.006343    0.067826    0.128692    5.376221 ^ _172_/X (sky130_fd_sc_hd__or4b_1)
                                                         _025_ (net)
                      0.067826    0.000275    5.376497 ^ _227_/A2 (sky130_fd_sc_hd__o31a_1)
     1    0.002347    0.041821    0.123691    5.500187 ^ _227_/X (sky130_fd_sc_hd__o31a_1)
                                                         _000_ (net)
                      0.041821    0.000071    5.500258 ^ _228_/D (sky130_fd_sc_hd__dfxtp_1)
                                              5.500258   data arrival time

                                  0.000000    0.000000   clock clk (rise edge)
                                  0.000000    0.000000   clock source latency
     1    0.006041    0.033860    0.021244    0.021244 ^ clk (in)
                                                         clk (net)
                      0.033861    0.000000    0.021244 ^ _228_/CLK (sky130_fd_sc_hd__dfxtp_1)
                                  0.250000    0.271244   clock uncertainty
                                  0.000000    0.271244   clock reconvergence pessimism
                                 -0.032072    0.239171   library hold time
                                              0.239171   data required time
---------------------------------------------------------------------------------------------
                                              0.239171   data required time
                                             -5.500258   data arrival time
---------------------------------------------------------------------------------------------
                                              5.261087   slack (MET)



%OL_END_REPORT
%OL_CREATE_REPORT max.rpt

===========================================================================
report_checks -path_delay max (Setup)
============================================================================
======================= nom_tt_025C_1v80 Corner ===================================

Startpoint: a[30] (input port clocked by clk)
Endpoint: _228_ (rising edge-triggered flip-flop clocked by clk)
Path Group: clk
Path Type: max

Fanout         Cap        Slew       Delay        Time   Description
---------------------------------------------------------------------------------------------
                                  0.000000    0.000000   clock clk (rise edge)
                                  0.000000    0.000000   clock network delay (propagated)
                                  5.000000    5.000000 ^ input external delay
     1    0.002869    0.020029    0.010560    5.010561 ^ a[30] (in)
                                                         a[30] (net)
                      0.020029    0.000000    5.010561 ^ input24/A (sky130_fd_sc_hd__buf_1)
     2    0.008481    0.107426    0.117114    5.127675 ^ input24/X (sky130_fd_sc_hd__buf_1)
                                                         net24 (net)
                      0.107427    0.000198    5.127872 ^ _133_/A_N (sky130_fd_sc_hd__and2b_1)
     2    0.005752    0.046056    0.200892    5.328764 v _133_/X (sky130_fd_sc_hd__and2b_1)
                                                         _099_ (net)
                      0.046056    0.000122    5.328887 v _137_/B1 (sky130_fd_sc_hd__a2111o_1)
     2    0.007487    0.083624    0.408599    5.737485 v _137_/X (sky130_fd_sc_hd__a2111o_1)
                                                         _103_ (net)
                      0.083624    0.000185    5.737670 v _141_/A (sky130_fd_sc_hd__or4b_1)
     3    0.009839    0.125858    0.586873    6.324543 v _141_/X (sky130_fd_sc_hd__or4b_1)
                                                         _107_ (net)
                      0.125858    0.000364    6.324907 v _152_/A (sky130_fd_sc_hd__or3_1)
     2    0.004327    0.073830    0.401633    6.726540 v _152_/X (sky130_fd_sc_hd__or3_1)
                                                         _005_ (net)
                      0.073830    0.000079    6.726619 v _163_/A (sky130_fd_sc_hd__or2_1)
     1    0.002978    0.048865    0.231992    6.958611 v _163_/X (sky130_fd_sc_hd__or2_1)
                                                         _016_ (net)
                      0.048865    0.000064    6.958675 v _227_/A1 (sky130_fd_sc_hd__o31a_1)
     1    0.002354    0.044464    0.284598    7.243273 v _227_/X (sky130_fd_sc_hd__o31a_1)
                                                         _000_ (net)
                      0.044464    0.000071    7.243344 v _228_/D (sky130_fd_sc_hd__dfxtp_1)
                                              7.243344   data arrival time

                                 25.000000   25.000000   clock clk (rise edge)
                                  0.000000   25.000000   clock source latency
     1    0.006041    0.033860    0.021243   25.021242 ^ clk (in)
                                                         clk (net)
                      0.033861    0.000000   25.021242 ^ _228_/CLK (sky130_fd_sc_hd__dfxtp_1)
                                 -0.250000   24.771244   clock uncertainty
                                  0.000000   24.771244   clock reconvergence pessimism
                                 -0.112898   24.658346   library setup time
                                             24.658346   data required time
---------------------------------------------------------------------------------------------
                                             24.658346   data required time
                                             -7.243344   data arrival time
---------------------------------------------------------------------------------------------
                                             17.415001   slack (MET)


Startpoint: _228_ (rising edge-triggered flip-flop clocked by clk)
Endpoint: z (output port clocked by clk)
Path Group: clk
Path Type: max

Fanout         Cap        Slew       Delay        Time   Description
---------------------------------------------------------------------------------------------
                                  0.000000    0.000000   clock clk (rise edge)
                                  0.000000    0.000000   clock source latency
     1    0.006041    0.033860    0.021244    0.021244 ^ clk (in)
                                                         clk (net)
                      0.033861    0.000000    0.021244 ^ _228_/CLK (sky130_fd_sc_hd__dfxtp_1)
     1    0.006841    0.075182    0.322315    0.343559 ^ _228_/Q (sky130_fd_sc_hd__dfxtp_1)
                                                         net65 (net)
                      0.075182    0.000267    0.343826 ^ output65/A (sky130_fd_sc_hd__buf_2)
     1    0.034388    0.170902    0.209546    0.553372 ^ output65/X (sky130_fd_sc_hd__buf_2)
                                                         z (net)
                      0.170903    0.000748    0.554119 ^ z (out)
                                              0.554119   data arrival time

                                 25.000000   25.000000   clock clk (rise edge)
                                  0.000000   25.000000   clock network delay (propagated)
                                 -0.250000   24.750000   clock uncertainty
                                  0.000000   24.750000   clock reconvergence pessimism
                                 -5.000000   19.750000   output external delay
                                             19.750000   data required time
---------------------------------------------------------------------------------------------
                                             19.750000   data required time
                                             -0.554119   data arrival time
---------------------------------------------------------------------------------------------
                                             19.195881   slack (MET)



%OL_END_REPORT
%OL_CREATE_REPORT checks.rpt

===========================================================================
report_checks -unconstrained
===========================================================================
======================= nom_tt_025C_1v80 Corner ===================================

Startpoint: a[30] (input port clocked by clk)
Endpoint: _228_ (rising edge-triggered flip-flop clocked by clk)
Path Group: clk
Path Type: max

Fanout         Cap        Slew       Delay        Time   Description
---------------------------------------------------------------------------------------------
                                  0.000000    0.000000   clock clk (rise edge)
                                  0.000000    0.000000   clock network delay (propagated)
                                  5.000000    5.000000 ^ input external delay
     1    0.002869    0.020029    0.010560    5.010561 ^ a[30] (in)
                                                         a[30] (net)
                      0.020029    0.000000    5.010561 ^ input24/A (sky130_fd_sc_hd__buf_1)
     2    0.008481    0.107426    0.117114    5.127675 ^ input24/X (sky130_fd_sc_hd__buf_1)
                                                         net24 (net)
                      0.107427    0.000198    5.127872 ^ _133_/A_N (sky130_fd_sc_hd__and2b_1)
     2    0.005752    0.046056    0.200892    5.328764 v _133_/X (sky130_fd_sc_hd__and2b_1)
                                                         _099_ (net)
                      0.046056    0.000122    5.328887 v _137_/B1 (sky130_fd_sc_hd__a2111o_1)
     2    0.007487    0.083624    0.408599    5.737485 v _137_/X (sky130_fd_sc_hd__a2111o_1)
                                                         _103_ (net)
                      0.083624    0.000185    5.737670 v _141_/A (sky130_fd_sc_hd__or4b_1)
     3    0.009839    0.125858    0.586873    6.324543 v _141_/X (sky130_fd_sc_hd__or4b_1)
                                                         _107_ (net)
                      0.125858    0.000364    6.324907 v _152_/A (sky130_fd_sc_hd__or3_1)
     2    0.004327    0.073830    0.401633    6.726540 v _152_/X (sky130_fd_sc_hd__or3_1)
                                                         _005_ (net)
                      0.073830    0.000079    6.726619 v _163_/A (sky130_fd_sc_hd__or2_1)
     1    0.002978    0.048865    0.231992    6.958611 v _163_/X (sky130_fd_sc_hd__or2_1)
                                                         _016_ (net)
                      0.048865    0.000064    6.958675 v _227_/A1 (sky130_fd_sc_hd__o31a_1)
     1    0.002354    0.044464    0.284598    7.243273 v _227_/X (sky130_fd_sc_hd__o31a_1)
                                                         _000_ (net)
                      0.044464    0.000071    7.243344 v _228_/D (sky130_fd_sc_hd__dfxtp_1)
                                              7.243344   data arrival time

                                 25.000000   25.000000   clock clk (rise edge)
                                  0.000000   25.000000   clock source latency
     1    0.006041    0.033860    0.021243   25.021242 ^ clk (in)
                                                         clk (net)
                      0.033861    0.000000   25.021242 ^ _228_/CLK (sky130_fd_sc_hd__dfxtp_1)
                                 -0.250000   24.771244   clock uncertainty
                                  0.000000   24.771244   clock reconvergence pessimism
                                 -0.112898   24.658346   library setup time
                                             24.658346   data required time
---------------------------------------------------------------------------------------------
                                             24.658346   data required time
                                             -7.243344   data arrival time
---------------------------------------------------------------------------------------------
                                             17.415001   slack (MET)




===========================================================================
report_checks --slack_max -0.01
============================================================================
======================= nom_tt_025C_1v80 Corner ===================================

No paths found.


===========================================================================
 report_check_types -max_slew -max_cap -max_fanout -violators
============================================================================
======================= nom_tt_025C_1v80 Corner ===================================



===========================================================================
report_parasitic_annotation -report_unannotated
============================================================================
Found 0 unannotated drivers.
Found 0 partially unannotated drivers.

===========================================================================
max slew violation count 0
%OL_METRIC_I design__max_slew_violation__count__corner:nom_tt_025C_1v80 0
max fanout violation count 0
%OL_METRIC_I design__max_fanout_violation__count__corner:nom_tt_025C_1v80 0
max cap violation count 0
%OL_METRIC_I design__max_cap_violation__count__corner:nom_tt_025C_1v80 0
============================================================================

===========================================================================
check_setup -verbose -unconstrained_endpoints -multiple_clock -no_clock -no_input_delay -loops -generated_clocks
===========================================================================
%OL_END_REPORT
%OL_CREATE_REPORT power.rpt

===========================================================================
 report_power
============================================================================
======================= nom_tt_025C_1v80 Corner ===================================

Group                    Internal    Switching      Leakage        Total
                            Power        Power        Power        Power (Watts)
------------------------------------------------------------------------
Sequential           1.669885e-06 3.000825e-08 8.111877e-12 1.699901e-06   9.2%
Combinational        9.088952e-06 7.760479e-06 4.664922e-10 1.684990e-05  90.8%
Clock                0.000000e+00 0.000000e+00 7.970513e-10 7.970513e-10   0.0%
Macro                0.000000e+00 0.000000e+00 0.000000e+00 0.000000e+00   0.0%
Pad                  0.000000e+00 0.000000e+00 0.000000e+00 0.000000e+00   0.0%
------------------------------------------------------------------------
Total                1.075884e-05 7.790489e-06 1.271659e-09 1.855060e-05 100.0%
                            58.0%        42.0%         0.0%
%OL_METRIC_F power__internal__total 1.0758836651802994e-5
%OL_METRIC_F power__switching__total 7.79048878030153e-6
%OL_METRIC_F power__leakage__total 1.271659000323666e-9
%OL_METRIC_F power__total 1.8550597815192305e-5

%OL_END_REPORT
%OL_CREATE_REPORT skew.min.rpt

===========================================================================
Clock Skew (Hold)
============================================================================
%OL_METRIC_F clock__skew__worst_hold__corner:nom_tt_025C_1v80 0.000000
======================= nom_tt_025C_1v80 Corner ===================================

Clock clk
No launch/capture paths found.

%OL_END_REPORT
%OL_CREATE_REPORT skew.max.rpt

===========================================================================
Clock Skew (Setup)
============================================================================
%OL_METRIC_F clock__skew__worst_setup__corner:nom_tt_025C_1v80 0.000000
======================= nom_tt_025C_1v80 Corner ===================================

Clock clk
No launch/capture paths found.

%OL_END_REPORT
%OL_CREATE_REPORT ws.min.rpt

===========================================================================
Worst Slack (Hold)
============================================================================
%OL_METRIC_F timing__hold__ws__corner:nom_tt_025C_1v80 5.254679
nom_tt_025C_1v80: 5.254679
%OL_END_REPORT
%OL_CREATE_REPORT ws.max.rpt

===========================================================================
Worst Slack (Setup)
============================================================================
%OL_METRIC_F timing__setup__ws__corner:nom_tt_025C_1v80 17.415001
nom_tt_025C_1v80: 17.415001
%OL_END_REPORT
%OL_CREATE_REPORT tns.min.rpt

===========================================================================
Total Negative Slack (Hold)
============================================================================
%OL_METRIC_F timing__hold__tns__corner:nom_tt_025C_1v80 0.000000
nom_tt_025C_1v80: 0.000000
%OL_END_REPORT
%OL_CREATE_REPORT tns.max.rpt

===========================================================================
Total Negative Slack (Setup)
============================================================================
%OL_METRIC_F timing__setup__tns__corner:nom_tt_025C_1v80 0.000000
nom_tt_025C_1v80: 0.000000
%OL_END_REPORT
%OL_CREATE_REPORT wns.min.rpt

===========================================================================
Worst Negative Slack (Hold)
============================================================================
%OL_METRIC_F timing__hold__wns__corner:nom_tt_025C_1v80 0
nom_tt_025C_1v80: 0
%OL_END_REPORT
%OL_CREATE_REPORT wns.max.rpt

===========================================================================
Worst Negative Slack (Setup)
============================================================================
%OL_METRIC_F timing__setup__wns__corner:nom_tt_025C_1v80 0.0
nom_tt_025C_1v80: 0.0
%OL_END_REPORT
%OL_CREATE_REPORT violator_list.rpt

===========================================================================
Violator List
============================================================================
%OL_METRIC_I timing__hold_vio__count__corner:nom_tt_025C_1v80 0
%OL_METRIC_F timing__hold_r2r__ws__corner:nom_tt_025C_1v80 inf
%OL_METRIC_I timing__hold_r2r_vio__count__corner:nom_tt_025C_1v80 0
%OL_METRIC_I timing__setup_vio__count__corner:nom_tt_025C_1v80 0
%OL_METRIC_F timing__setup_r2r__ws__corner:nom_tt_025C_1v80 inf
%OL_METRIC_I timing__setup_r2r_vio__count__corner:nom_tt_025C_1v80 0
%OL_END_REPORT
Writing SDF files for all corners…
Removing Clock latencies before writing libs…
Writing timing models for all corners…
Writing timing models for the nom_tt_025C_1v80 corner to /home/erwann/design_workspace/sky130A/HelloWorld/digital/comp32/runs/RUN_2024-05-09_16-56-29/51-openroad-stapostpnr/nom_tt_025C_1v80/comp32__nom_tt_025C_1v80.lib…
