Reading OpenROAD database at '/home/erwann/design_workspace/sky130A/HelloWorld/digital/comp32/runs/RUN_2024-05-09_16-54-40/19-openroad-generatepdn/comp32.odb'…
Reading library file at '/home/erwann/.volare/volare/sky130/versions/bdc9412b3e468c102d01b7cf6337be06ec6e9c9a/sky130A/libs.ref/sky130_fd_sc_hd/lib/sky130_fd_sc_hd__tt_025C_1v80.lib'…
Reading design constraints file at '/nix/store/hwxq78ix5dm1zxacgmyfrlkgn2vq15hz-python3-3.11.6-env/lib/python3.11/site-packages/openlane/scripts/base.sdc'…
[INFO] Using clock clk…
[INFO] Setting output delay to: 5
[INFO] Setting input delay to: 5
[INFO] Setting load to: 0.033442
[INFO] Setting clock uncertainty to: 0.25
[INFO] Setting clock transition to: 0.1499999999999999944488848768742172978818416595458984375
[INFO] Setting timing derate to: 5%
{*}-density 0.6203949999999999 -skip_io -pad_right 0 -pad_left 0 -init_wirelength_coef 0.25
[INFO GPL-0002] DBU: 1000
[INFO GPL-0003] SiteSize: 460 2720
[INFO GPL-0004] CoreAreaLxLy: 5520 10880
[INFO GPL-0005] CoreAreaUxUy: 49220 54400
[INFO GPL-0006] NumInstances: 174
[INFO GPL-0007] NumPlaceInstances: 115
[INFO GPL-0008] NumFixedInstances: 59
[INFO GPL-0009] NumDummyInstances: 0
[INFO GPL-0010] NumNets: 180
[INFO GPL-0011] NumPins: 415
[INFO GPL-0012] DieAreaLxLy: 0 0
[INFO GPL-0013] DieAreaUxUy: 54765 65485
[INFO GPL-0014] CoreAreaLxLy: 5520 10880
[INFO GPL-0015] CoreAreaUxUy: 49220 54400
[INFO GPL-0016] CoreArea: 1901824000
[INFO GPL-0017] NonPlaceInstsArea: 153897600
[INFO GPL-0018] PlaceInstsArea: 955916800
[INFO GPL-0019] Util(%): 54.69
[INFO GPL-0020] StdInstsArea: 955916800
[INFO GPL-0021] MacroInstsArea: 0
[INFO GPL-0031] FillerInit: NumGCells: 130
[INFO GPL-0032] FillerInit: NumGNets: 180
[INFO GPL-0033] FillerInit: NumGPins: 415
[INFO GPL-0023] TargetDensity: 0.62
[INFO GPL-0024] AveragePlaceInstArea: 8312320
[INFO GPL-0025] IdealBinArea: 13398432
[INFO GPL-0026] IdealBinCnt: 141
[INFO GPL-0027] TotalBinArea: 1901824000
[INFO GPL-0028] BinCnt: 8 8
[INFO GPL-0029] BinSize: 5463 5440
[INFO GPL-0030] NumBins: 64
[NesterovSolve] Iter: 1 overflow: 0.924068 HPWL: 280609
[NesterovSolve] Iter: 10 overflow: 0.92184 HPWL: 228807
[NesterovSolve] Iter: 20 overflow: 0.916751 HPWL: 226735
[NesterovSolve] Iter: 30 overflow: 0.911878 HPWL: 226284
[NesterovSolve] Iter: 40 overflow: 0.911628 HPWL: 225773
[NesterovSolve] Iter: 50 overflow: 0.911129 HPWL: 225565
[NesterovSolve] Iter: 60 overflow: 0.908314 HPWL: 225673
[NesterovSolve] Iter: 70 overflow: 0.904703 HPWL: 226239
[NesterovSolve] Iter: 80 overflow: 0.900551 HPWL: 226779
[NesterovSolve] Iter: 90 overflow: 0.894101 HPWL: 227504
[NesterovSolve] Iter: 100 overflow: 0.881187 HPWL: 228306
[NesterovSolve] Iter: 110 overflow: 0.859023 HPWL: 230047
[NesterovSolve] Iter: 120 overflow: 0.848156 HPWL: 234589
[NesterovSolve] Iter: 130 overflow: 0.821323 HPWL: 243677
[NesterovSolve] Iter: 140 overflow: 0.768451 HPWL: 253218
[NesterovSolve] Iter: 150 overflow: 0.73896 HPWL: 257029
[NesterovSolve] Iter: 160 overflow: 0.703661 HPWL: 263411
[NesterovSolve] Iter: 170 overflow: 0.679788 HPWL: 276634
[NesterovSolve] Iter: 180 overflow: 0.610686 HPWL: 302450
[NesterovSolve] Iter: 190 overflow: 0.575056 HPWL: 316927
[NesterovSolve] Iter: 200 overflow: 0.536935 HPWL: 328349
[NesterovSolve] Iter: 210 overflow: 0.473606 HPWL: 364317
[NesterovSolve] Iter: 220 overflow: 0.425518 HPWL: 398322
[NesterovSolve] Iter: 230 overflow: 0.400482 HPWL: 394552
[NesterovSolve] Iter: 240 overflow: 0.375797 HPWL: 419558
[NesterovSolve] Iter: 250 overflow: 0.357633 HPWL: 437165
[NesterovSolve] Iter: 260 overflow: 0.319334 HPWL: 452860
[NesterovSolve] Iter: 270 overflow: 0.291794 HPWL: 471695
[NesterovSolve] Iter: 280 overflow: 0.271053 HPWL: 483708
[NesterovSolve] Iter: 290 overflow: 0.239904 HPWL: 498191
[NesterovSolve] Iter: 300 overflow: 0.215874 HPWL: 503924
[NesterovSolve] Iter: 310 overflow: 0.192392 HPWL: 513255
[NesterovSolve] Iter: 320 overflow: 0.161862 HPWL: 523110
[NesterovSolve] Iter: 330 overflow: 0.12539 HPWL: 526023
[NesterovSolve] Iter: 340 overflow: 0.113037 HPWL: 545831
[NesterovSolve] Finished with Overflow: 0.098464
[INFO] Setting RC values…
Setting global connections for newly added cells…
[INFO] Setting global connections...
Writing OpenROAD database to '/home/erwann/design_workspace/sky130A/HelloWorld/digital/comp32/runs/RUN_2024-05-09_16-54-40/22-openroad-globalplacementskipio/comp32.odb'…
Writing netlist to '/home/erwann/design_workspace/sky130A/HelloWorld/digital/comp32/runs/RUN_2024-05-09_16-54-40/22-openroad-globalplacementskipio/comp32.nl.v'…
Writing powered netlist to '/home/erwann/design_workspace/sky130A/HelloWorld/digital/comp32/runs/RUN_2024-05-09_16-54-40/22-openroad-globalplacementskipio/comp32.pnl.v'…
Writing layout to '/home/erwann/design_workspace/sky130A/HelloWorld/digital/comp32/runs/RUN_2024-05-09_16-54-40/22-openroad-globalplacementskipio/comp32.def'…
Writing timing constraints to '/home/erwann/design_workspace/sky130A/HelloWorld/digital/comp32/runs/RUN_2024-05-09_16-54-40/22-openroad-globalplacementskipio/comp32.sdc'…
