Reading OpenROAD database at '/home/erwann/design_workspace/sky130A/HelloWorld/digital/comp32/runs/RUN_2024-05-09_16-58-12/24-odb-customioplacement/comp32.odb'…
Reading library file at '/home/erwann/.volare/volare/sky130/versions/bdc9412b3e468c102d01b7cf6337be06ec6e9c9a/sky130A/libs.ref/sky130_fd_sc_hd/lib/sky130_fd_sc_hd__tt_025C_1v80.lib'…
Reading design constraints file at '/nix/store/hwxq78ix5dm1zxacgmyfrlkgn2vq15hz-python3-3.11.6-env/lib/python3.11/site-packages/openlane/scripts/base.sdc'…
[INFO] Using clock clk…
[INFO] Setting output delay to: 5
[INFO] Setting input delay to: 5
[INFO] Setting load to: 0.033442
[INFO] Setting clock uncertainty to: 0.25
[INFO] Setting clock transition to: 0.1499999999999999944488848768742172978818416595458984375
[INFO] Setting timing derate to: 5%
[INFO] Setting RC values…
[INFO] Setting signal min routing layer to: met1 and clock min routing layer to met1. 
[INFO] Setting signal max routing layer to: met5 and clock max routing layer to met5. 
{*}-density 0.31965299999999996 -timing_driven -routability_driven -pad_right 0 -pad_left 0 -init_wirelength_coef 0.25
[INFO GPL-0002] DBU: 1000
[INFO GPL-0003] SiteSize: 460 2720
[INFO GPL-0004] CoreAreaLxLy: 5520 10880
[INFO GPL-0005] CoreAreaUxUy: 85100 70720
[INFO GPL-0006] NumInstances: 231
[INFO GPL-0007] NumPlaceInstances: 115
[INFO GPL-0008] NumFixedInstances: 116
[INFO GPL-0009] NumDummyInstances: 0
[INFO GPL-0010] NumNets: 180
[INFO GPL-0011] NumPins: 481
[INFO GPL-0012] DieAreaLxLy: 0 0
[INFO GPL-0013] DieAreaUxUy: 90870 81630
[INFO GPL-0014] CoreAreaLxLy: 5520 10880
[INFO GPL-0015] CoreAreaUxUy: 85100 70720
[INFO GPL-0016] CoreArea: 4762067200
[INFO GPL-0017] NonPlaceInstsArea: 255244800
[INFO GPL-0018] PlaceInstsArea: 955916800
[INFO GPL-0019] Util(%): 21.21
[INFO GPL-0020] StdInstsArea: 955916800
[INFO GPL-0021] MacroInstsArea: 0
[InitialPlace]  Iter: 1 CG residual: 0.00000012 HPWL: 6398558
[InitialPlace]  Iter: 2 CG residual: 0.00000010 HPWL: 4345613
[InitialPlace]  Iter: 3 CG residual: 0.00000009 HPWL: 4114661
[InitialPlace]  Iter: 4 CG residual: 0.00000011 HPWL: 4088704
[InitialPlace]  Iter: 5 CG residual: 0.00000011 HPWL: 4086468
[INFO GPL-0031] FillerInit: NumGCells: 174
[INFO GPL-0032] FillerInit: NumGNets: 180
[INFO GPL-0033] FillerInit: NumGPins: 481
[INFO GPL-0023] TargetDensity: 0.32
[INFO GPL-0024] AveragePlaceInstArea: 8312320
[INFO GPL-0025] IdealBinArea: 26004198
[INFO GPL-0026] IdealBinCnt: 183
[INFO GPL-0027] TotalBinArea: 4762067200
[INFO GPL-0028] BinCnt: 8 8
[INFO GPL-0029] BinSize: 9948 7480
[INFO GPL-0030] NumBins: 64
[NesterovSolve] Iter: 1 overflow: 0.482791 HPWL: 3315262
[INFO GPL-0100] worst slack 1.76e-08
[INFO GPL-0103] Weighted 17 nets.
[NesterovSolve] Snapshot saved at iter = 0
[NesterovSolve] Iter: 10 overflow: 0.439086 HPWL: 3278807
[NesterovSolve] Iter: 20 overflow: 0.446103 HPWL: 3274599
[NesterovSolve] Iter: 30 overflow: 0.446456 HPWL: 3276070
[NesterovSolve] Iter: 40 overflow: 0.444541 HPWL: 3274415
[NesterovSolve] Iter: 50 overflow: 0.444714 HPWL: 3274827
[NesterovSolve] Iter: 60 overflow: 0.445662 HPWL: 3275442
[NesterovSolve] Iter: 70 overflow: 0.444923 HPWL: 3275082
[NesterovSolve] Iter: 80 overflow: 0.444884 HPWL: 3275267
[NesterovSolve] Iter: 90 overflow: 0.445139 HPWL: 3275872
[NesterovSolve] Iter: 100 overflow: 0.44493 HPWL: 3276312
[NesterovSolve] Iter: 110 overflow: 0.445116 HPWL: 3277166
[NesterovSolve] Iter: 120 overflow: 0.445562 HPWL: 3278876
[NesterovSolve] Iter: 130 overflow: 0.446328 HPWL: 3280780
[NesterovSolve] Iter: 140 overflow: 0.44731 HPWL: 3284824
[NesterovSolve] Iter: 150 overflow: 0.442081 HPWL: 3286852
[NesterovSolve] Iter: 160 overflow: 0.425999 HPWL: 3283286
[NesterovSolve] Iter: 170 overflow: 0.383908 HPWL: 3268170
[NesterovSolve] Iter: 180 overflow: 0.360283 HPWL: 3310431
[NesterovSolve] Iter: 190 overflow: 0.322073 HPWL: 3306148
[NesterovSolve] Iter: 200 overflow: 0.296406 HPWL: 3326285
[NesterovSolve] Iter: 210 overflow: 0.288553 HPWL: 3341912
[INFO GPL-0100] worst slack 1.76e-08
[INFO GPL-0103] Weighted 17 nets.
[NesterovSolve] Iter: 220 overflow: 0.265134 HPWL: 3353115
[NesterovSolve] Iter: 230 overflow: 0.243433 HPWL: 3357441
[NesterovSolve] Iter: 240 overflow: 0.221275 HPWL: 3371163
[INFO GPL-0100] worst slack 1.76e-08
[INFO GPL-0103] Weighted 17 nets.
[NesterovSolve] Iter: 250 overflow: 0.202026 HPWL: 3395086
[INFO GPL-0075] Routability numCall: 1 inflationIterCnt: 1 bloatIterCnt: 0
[INFO GPL-0036] TileLxLy: 0 0
[INFO GPL-0037] TileSize: 6900 6900
[INFO GPL-0038] TileCnt: 13 11
[INFO GPL-0039] numRoutingLayers: 6
[INFO GPL-0040] NumTiles: 143
[INFO GPL-0063] TotalRouteOverflowH2: 0
[INFO GPL-0064] TotalRouteOverflowV2: 0
[INFO GPL-0065] OverflowTileCnt2: 0
[INFO GPL-0066] 0.5%RC: 0.9666666587193807
[INFO GPL-0067] 1.0%RC: 0.9200000047683716
[INFO GPL-0068] 2.0%RC: 0.8277777764532301
[INFO GPL-0069] 5.0%RC: 0.7333333492279053
[INFO GPL-0070] 0.5rcK: 1
[INFO GPL-0071] 1.0rcK: 1
[INFO GPL-0072] 2.0rcK: 0
[INFO GPL-0073] 5.0rcK: 0
[INFO GPL-0074] FinalRC: 0.9433333
[NesterovSolve] Iter: 260 overflow: 0.18288 HPWL: 3416333
[NesterovSolve] Iter: 270 overflow: 0.162038 HPWL: 3443521
[NesterovSolve] Iter: 280 overflow: 0.143101 HPWL: 3478209
[INFO GPL-0100] worst slack 1.76e-08
[INFO GPL-0103] Weighted 17 nets.
[NesterovSolve] Iter: 290 overflow: 0.117512 HPWL: 3504592
[NesterovSolve] Finished with Overflow: 0.099766
[INFO] Setting RC values…
Setting global connections for newly added cells…
[INFO] Setting global connections...
Writing OpenROAD database to '/home/erwann/design_workspace/sky130A/HelloWorld/digital/comp32/runs/RUN_2024-05-09_16-58-12/26-openroad-globalplacement/comp32.odb'…
Writing netlist to '/home/erwann/design_workspace/sky130A/HelloWorld/digital/comp32/runs/RUN_2024-05-09_16-58-12/26-openroad-globalplacement/comp32.nl.v'…
Writing powered netlist to '/home/erwann/design_workspace/sky130A/HelloWorld/digital/comp32/runs/RUN_2024-05-09_16-58-12/26-openroad-globalplacement/comp32.pnl.v'…
Writing layout to '/home/erwann/design_workspace/sky130A/HelloWorld/digital/comp32/runs/RUN_2024-05-09_16-58-12/26-openroad-globalplacement/comp32.def'…
Writing timing constraints to '/home/erwann/design_workspace/sky130A/HelloWorld/digital/comp32/runs/RUN_2024-05-09_16-58-12/26-openroad-globalplacement/comp32.sdc'…
