
===========================================================================
report_checks -unconstrained
===========================================================================
======================= nom_tt_025C_1v80 Corner ===================================

Startpoint: a[30] (input port clocked by clk)
Endpoint: _228_ (rising edge-triggered flip-flop clocked by clk)
Path Group: clk
Path Type: max

Fanout         Cap        Slew       Delay        Time   Description
---------------------------------------------------------------------------------------------
                                  0.000000    0.000000   clock clk (rise edge)
                                  0.000000    0.000000   clock network delay (propagated)
                                  5.000000    5.000000 ^ input external delay
     2    0.007127    0.038648    0.024706    5.024706 ^ a[30] (in)
                                                         a[30] (net)
                      0.038649    0.000000    5.024706 ^ _133_/A_N (sky130_fd_sc_hd__and2b_2)
     2    0.004901    0.041189    0.208892    5.233599 v _133_/X (sky130_fd_sc_hd__and2b_2)
                                                         _099_ (net)
                      0.041189    0.000026    5.233625 v _137_/B1 (sky130_fd_sc_hd__a2111o_2)
     2    0.004123    0.067271    0.436692    5.670317 v _137_/X (sky130_fd_sc_hd__a2111o_2)
                                                         _103_ (net)
                      0.067271    0.000016    5.670332 v _141_/A (sky130_fd_sc_hd__or4b_2)
     3    0.006650    0.115192    0.692470    6.362802 v _141_/X (sky130_fd_sc_hd__or4b_2)
                                                         _107_ (net)
                      0.115192    0.000087    6.362889 v _152_/A (sky130_fd_sc_hd__or3_2)
     2    0.003913    0.081709    0.495560    6.858449 v _152_/X (sky130_fd_sc_hd__or3_2)
                                                         _005_ (net)
                      0.081709    0.000009    6.858459 v _163_/A (sky130_fd_sc_hd__or2_2)
     1    0.002288    0.052690    0.296619    7.155077 v _163_/X (sky130_fd_sc_hd__or2_2)
                                                         _016_ (net)
                      0.052690    0.000001    7.155078 v _227_/A1 (sky130_fd_sc_hd__o31a_2)
     1    0.002040    0.048032    0.330868    7.485946 v _227_/X (sky130_fd_sc_hd__o31a_2)
                                                         _000_ (net)
                      0.048032    0.000008    7.485954 v _228_/D (sky130_fd_sc_hd__dfxtp_2)
                                              7.485954   data arrival time

                                 25.000000   25.000000   clock clk (rise edge)
                                  0.000000   25.000000   clock source latency
     1    0.001877    0.016287    0.007061   25.007061 ^ clk (in)
                                                         clk (net)
                      0.016287    0.000000   25.007061 ^ _228_/CLK (sky130_fd_sc_hd__dfxtp_2)
                                 -0.250000   24.757061   clock uncertainty
                                  0.000000   24.757061   clock reconvergence pessimism
                                 -0.120918   24.636143   library setup time
                                             24.636143   data required time
---------------------------------------------------------------------------------------------
                                             24.636143   data required time
                                             -7.485954   data arrival time
---------------------------------------------------------------------------------------------
                                             17.150188   slack (MET)




===========================================================================
report_checks --slack_max -0.01
============================================================================
======================= nom_tt_025C_1v80 Corner ===================================

No paths found.


===========================================================================
 report_check_types -max_slew -max_cap -max_fanout -violators
============================================================================
======================= nom_tt_025C_1v80 Corner ===================================



===========================================================================
report_parasitic_annotation -report_unannotated
============================================================================
Found 1 unannotated drivers.
 clk
Found 0 partially unannotated drivers.

===========================================================================
max slew violation count 0
Writing metric design__max_slew_violation__count__corner:nom_tt_025C_1v80: 0
max fanout violation count 0
Writing metric design__max_fanout_violation__count__corner:nom_tt_025C_1v80: 0
max cap violation count 0
Writing metric design__max_cap_violation__count__corner:nom_tt_025C_1v80: 0
============================================================================

===========================================================================
check_setup -verbose -unconstrained_endpoints -multiple_clock -no_clock -no_input_delay -loops -generated_clocks
===========================================================================
