
===========================================================================
report_checks -path_delay max (Setup)
============================================================================
======================= nom_tt_025C_1v80 Corner ===================================

Startpoint: a[30] (input port clocked by clk)
Endpoint: _228_ (rising edge-triggered flip-flop clocked by clk)
Path Group: clk
Path Type: max

Fanout         Cap        Slew       Delay        Time   Description
---------------------------------------------------------------------------------------------
                                  0.000000    0.000000   clock clk (rise edge)
                                  0.000000    0.000000   clock network delay (propagated)
                                  5.000000    5.000000 ^ input external delay
     2    0.007127    0.038648    0.024706    5.024706 ^ a[30] (in)
                                                         a[30] (net)
                      0.038649    0.000000    5.024706 ^ _133_/A_N (sky130_fd_sc_hd__and2b_2)
     2    0.004901    0.041189    0.208892    5.233599 v _133_/X (sky130_fd_sc_hd__and2b_2)
                                                         _099_ (net)
                      0.041189    0.000026    5.233625 v _137_/B1 (sky130_fd_sc_hd__a2111o_2)
     2    0.004123    0.067271    0.436692    5.670317 v _137_/X (sky130_fd_sc_hd__a2111o_2)
                                                         _103_ (net)
                      0.067271    0.000016    5.670332 v _141_/A (sky130_fd_sc_hd__or4b_2)
     3    0.006650    0.115192    0.692470    6.362802 v _141_/X (sky130_fd_sc_hd__or4b_2)
                                                         _107_ (net)
                      0.115192    0.000087    6.362889 v _152_/A (sky130_fd_sc_hd__or3_2)
     2    0.003913    0.081709    0.495560    6.858449 v _152_/X (sky130_fd_sc_hd__or3_2)
                                                         _005_ (net)
                      0.081709    0.000009    6.858459 v _163_/A (sky130_fd_sc_hd__or2_2)
     1    0.002288    0.052690    0.296619    7.155077 v _163_/X (sky130_fd_sc_hd__or2_2)
                                                         _016_ (net)
                      0.052690    0.000001    7.155078 v _227_/A1 (sky130_fd_sc_hd__o31a_2)
     1    0.002040    0.048032    0.330868    7.485946 v _227_/X (sky130_fd_sc_hd__o31a_2)
                                                         _000_ (net)
                      0.048032    0.000008    7.485954 v _228_/D (sky130_fd_sc_hd__dfxtp_2)
                                              7.485954   data arrival time

                                 25.000000   25.000000   clock clk (rise edge)
                                  0.000000   25.000000   clock source latency
     1    0.001877    0.016287    0.007061   25.007061 ^ clk (in)
                                                         clk (net)
                      0.016287    0.000000   25.007061 ^ _228_/CLK (sky130_fd_sc_hd__dfxtp_2)
                                 -0.250000   24.757061   clock uncertainty
                                  0.000000   24.757061   clock reconvergence pessimism
                                 -0.120918   24.636143   library setup time
                                             24.636143   data required time
---------------------------------------------------------------------------------------------
                                             24.636143   data required time
                                             -7.485954   data arrival time
---------------------------------------------------------------------------------------------
                                             17.150188   slack (MET)


Startpoint: _228_ (rising edge-triggered flip-flop clocked by clk)
Endpoint: z (output port clocked by clk)
Path Group: clk
Path Type: max

Fanout         Cap        Slew       Delay        Time   Description
---------------------------------------------------------------------------------------------
                                  0.000000    0.000000   clock clk (rise edge)
                                  0.000000    0.000000   clock source latency
     1    0.001877    0.016287    0.007062    0.007062 ^ clk (in)
                                                         clk (net)
                      0.016287    0.000000    0.007062 ^ _228_/CLK (sky130_fd_sc_hd__dfxtp_2)
     1    0.036054    0.185487    0.411829    0.418891 ^ _228_/Q (sky130_fd_sc_hd__dfxtp_2)
                                                         z (net)
                      0.185490    0.001040    0.419931 ^ z (out)
                                              0.419931   data arrival time

                                 25.000000   25.000000   clock clk (rise edge)
                                  0.000000   25.000000   clock network delay (propagated)
                                 -0.250000   24.750000   clock uncertainty
                                  0.000000   24.750000   clock reconvergence pessimism
                                 -5.000000   19.750000   output external delay
                                             19.750000   data required time
---------------------------------------------------------------------------------------------
                                             19.750000   data required time
                                             -0.419931   data arrival time
---------------------------------------------------------------------------------------------
                                             19.330069   slack (MET)



