Reading OpenROAD database at '/home/erwann/design_workspace/sky130A/HelloWorld/digital/comp32/runs/RUN_2024-05-09_16-54-40/26-openroad-globalplacement/comp32.odb'…
Reading library file at '/home/erwann/.volare/volare/sky130/versions/bdc9412b3e468c102d01b7cf6337be06ec6e9c9a/sky130A/libs.ref/sky130_fd_sc_hd/lib/sky130_fd_sc_hd__tt_025C_1v80.lib'…
Reading design constraints file at '/nix/store/hwxq78ix5dm1zxacgmyfrlkgn2vq15hz-python3-3.11.6-env/lib/python3.11/site-packages/openlane/scripts/base.sdc'…
[INFO] Using clock clk…
[INFO] Setting output delay to: 5
[INFO] Setting input delay to: 5
[INFO] Setting load to: 0.033442
[INFO] Setting clock uncertainty to: 0.25
[INFO] Setting clock transition to: 0.1499999999999999944488848768742172978818416595458984375
[INFO] Setting timing derate to: 5%
[INFO] Setting RC values…
%OL_CREATE_REPORT min.rpt

===========================================================================
report_checks -path_delay min (Hold)
============================================================================
======================= nom_tt_025C_1v80 Corner ===================================

Startpoint: _228_ (rising edge-triggered flip-flop clocked by clk)
Endpoint: z (output port clocked by clk)
Path Group: clk
Path Type: min

Fanout         Cap        Slew       Delay        Time   Description
---------------------------------------------------------------------------------------------
                                  0.000000    0.000000   clock clk (rise edge)
                                  0.000000    0.000000   clock source latency
     1    0.001877    0.016287    0.007062    0.007062 ^ clk (in)
                                                         clk (net)
                      0.016287    0.000000    0.007062 ^ _228_/CLK (sky130_fd_sc_hd__dfxtp_2)
     1    0.036054    0.090675    0.361382    0.368444 v _228_/Q (sky130_fd_sc_hd__dfxtp_2)
                                                         z (net)
                      0.090687    0.001039    0.369483 v z (out)
                                              0.369483   data arrival time

                                  0.000000    0.000000   clock clk (rise edge)
                                  0.000000    0.000000   clock network delay (propagated)
                                  0.250000    0.250000   clock uncertainty
                                  0.000000    0.250000   clock reconvergence pessimism
                                 -5.000000   -4.750000   output external delay
                                             -4.750000   data required time
---------------------------------------------------------------------------------------------
                                             -4.750000   data required time
                                             -0.369483   data arrival time
---------------------------------------------------------------------------------------------
                                              5.119483   slack (MET)


Startpoint: a[16] (input port clocked by clk)
Endpoint: _228_ (rising edge-triggered flip-flop clocked by clk)
Path Group: clk
Path Type: min

Fanout         Cap        Slew       Delay        Time   Description
---------------------------------------------------------------------------------------------
                                  0.000000    0.000000   clock clk (rise edge)
                                  0.000000    0.000000   clock network delay (propagated)
                                  5.000000    5.000000 ^ input external delay
     2    0.005663    0.032199    0.019999    5.019999 ^ a[16] (in)
                                                         a[16] (net)
                      0.032199    0.000000    5.019999 ^ _171_/B (sky130_fd_sc_hd__and2_2)
     1    0.001999    0.033325    0.119595    5.139594 ^ _171_/X (sky130_fd_sc_hd__and2_2)
                                                         _024_ (net)
                      0.033325    0.000008    5.139602 ^ _172_/C (sky130_fd_sc_hd__or4b_2)
     1    0.002953    0.032129    0.099462    5.239064 ^ _172_/X (sky130_fd_sc_hd__or4b_2)
                                                         _025_ (net)
                      0.032129    0.000014    5.239078 ^ _227_/A2 (sky130_fd_sc_hd__o31a_2)
     1    0.002033    0.029373    0.117720    5.356797 ^ _227_/X (sky130_fd_sc_hd__o31a_2)
                                                         _000_ (net)
                      0.029373    0.000008    5.356805 ^ _228_/D (sky130_fd_sc_hd__dfxtp_2)
                                              5.356805   data arrival time

                                  0.000000    0.000000   clock clk (rise edge)
                                  0.000000    0.000000   clock source latency
     1    0.001877    0.016287    0.007062    0.007062 ^ clk (in)
                                                         clk (net)
                      0.016287    0.000000    0.007062 ^ _228_/CLK (sky130_fd_sc_hd__dfxtp_2)
                                  0.250000    0.257062   clock uncertainty
                                  0.000000    0.257062   clock reconvergence pessimism
                                 -0.031722    0.225339   library hold time
                                              0.225339   data required time
---------------------------------------------------------------------------------------------
                                              0.225339   data required time
                                             -5.356805   data arrival time
---------------------------------------------------------------------------------------------
                                              5.131465   slack (MET)



%OL_END_REPORT
%OL_CREATE_REPORT max.rpt

===========================================================================
report_checks -path_delay max (Setup)
============================================================================
======================= nom_tt_025C_1v80 Corner ===================================

Startpoint: a[30] (input port clocked by clk)
Endpoint: _228_ (rising edge-triggered flip-flop clocked by clk)
Path Group: clk
Path Type: max

Fanout         Cap        Slew       Delay        Time   Description
---------------------------------------------------------------------------------------------
                                  0.000000    0.000000   clock clk (rise edge)
                                  0.000000    0.000000   clock network delay (propagated)
                                  5.000000    5.000000 ^ input external delay
     2    0.007127    0.038648    0.024706    5.024706 ^ a[30] (in)
                                                         a[30] (net)
                      0.038649    0.000000    5.024706 ^ _133_/A_N (sky130_fd_sc_hd__and2b_2)
     2    0.004901    0.041189    0.208892    5.233599 v _133_/X (sky130_fd_sc_hd__and2b_2)
                                                         _099_ (net)
                      0.041189    0.000026    5.233625 v _137_/B1 (sky130_fd_sc_hd__a2111o_2)
     2    0.004123    0.067271    0.436692    5.670317 v _137_/X (sky130_fd_sc_hd__a2111o_2)
                                                         _103_ (net)
                      0.067271    0.000016    5.670332 v _141_/A (sky130_fd_sc_hd__or4b_2)
     3    0.006650    0.115192    0.692470    6.362802 v _141_/X (sky130_fd_sc_hd__or4b_2)
                                                         _107_ (net)
                      0.115192    0.000087    6.362889 v _152_/A (sky130_fd_sc_hd__or3_2)
     2    0.003913    0.081709    0.495560    6.858449 v _152_/X (sky130_fd_sc_hd__or3_2)
                                                         _005_ (net)
                      0.081709    0.000009    6.858459 v _163_/A (sky130_fd_sc_hd__or2_2)
     1    0.002288    0.052690    0.296619    7.155077 v _163_/X (sky130_fd_sc_hd__or2_2)
                                                         _016_ (net)
                      0.052690    0.000001    7.155078 v _227_/A1 (sky130_fd_sc_hd__o31a_2)
     1    0.002040    0.048032    0.330868    7.485946 v _227_/X (sky130_fd_sc_hd__o31a_2)
                                                         _000_ (net)
                      0.048032    0.000008    7.485954 v _228_/D (sky130_fd_sc_hd__dfxtp_2)
                                              7.485954   data arrival time

                                 25.000000   25.000000   clock clk (rise edge)
                                  0.000000   25.000000   clock source latency
     1    0.001877    0.016287    0.007061   25.007061 ^ clk (in)
                                                         clk (net)
                      0.016287    0.000000   25.007061 ^ _228_/CLK (sky130_fd_sc_hd__dfxtp_2)
                                 -0.250000   24.757061   clock uncertainty
                                  0.000000   24.757061   clock reconvergence pessimism
                                 -0.120918   24.636143   library setup time
                                             24.636143   data required time
---------------------------------------------------------------------------------------------
                                             24.636143   data required time
                                             -7.485954   data arrival time
---------------------------------------------------------------------------------------------
                                             17.150188   slack (MET)


Startpoint: _228_ (rising edge-triggered flip-flop clocked by clk)
Endpoint: z (output port clocked by clk)
Path Group: clk
Path Type: max

Fanout         Cap        Slew       Delay        Time   Description
---------------------------------------------------------------------------------------------
                                  0.000000    0.000000   clock clk (rise edge)
                                  0.000000    0.000000   clock source latency
     1    0.001877    0.016287    0.007062    0.007062 ^ clk (in)
                                                         clk (net)
                      0.016287    0.000000    0.007062 ^ _228_/CLK (sky130_fd_sc_hd__dfxtp_2)
     1    0.036054    0.185487    0.411829    0.418891 ^ _228_/Q (sky130_fd_sc_hd__dfxtp_2)
                                                         z (net)
                      0.185490    0.001040    0.419931 ^ z (out)
                                              0.419931   data arrival time

                                 25.000000   25.000000   clock clk (rise edge)
                                  0.000000   25.000000   clock network delay (propagated)
                                 -0.250000   24.750000   clock uncertainty
                                  0.000000   24.750000   clock reconvergence pessimism
                                 -5.000000   19.750000   output external delay
                                             19.750000   data required time
---------------------------------------------------------------------------------------------
                                             19.750000   data required time
                                             -0.419931   data arrival time
---------------------------------------------------------------------------------------------
                                             19.330069   slack (MET)



%OL_END_REPORT
%OL_CREATE_REPORT checks.rpt

===========================================================================
report_checks -unconstrained
===========================================================================
======================= nom_tt_025C_1v80 Corner ===================================

Startpoint: a[30] (input port clocked by clk)
Endpoint: _228_ (rising edge-triggered flip-flop clocked by clk)
Path Group: clk
Path Type: max

Fanout         Cap        Slew       Delay        Time   Description
---------------------------------------------------------------------------------------------
                                  0.000000    0.000000   clock clk (rise edge)
                                  0.000000    0.000000   clock network delay (propagated)
                                  5.000000    5.000000 ^ input external delay
     2    0.007127    0.038648    0.024706    5.024706 ^ a[30] (in)
                                                         a[30] (net)
                      0.038649    0.000000    5.024706 ^ _133_/A_N (sky130_fd_sc_hd__and2b_2)
     2    0.004901    0.041189    0.208892    5.233599 v _133_/X (sky130_fd_sc_hd__and2b_2)
                                                         _099_ (net)
                      0.041189    0.000026    5.233625 v _137_/B1 (sky130_fd_sc_hd__a2111o_2)
     2    0.004123    0.067271    0.436692    5.670317 v _137_/X (sky130_fd_sc_hd__a2111o_2)
                                                         _103_ (net)
                      0.067271    0.000016    5.670332 v _141_/A (sky130_fd_sc_hd__or4b_2)
     3    0.006650    0.115192    0.692470    6.362802 v _141_/X (sky130_fd_sc_hd__or4b_2)
                                                         _107_ (net)
                      0.115192    0.000087    6.362889 v _152_/A (sky130_fd_sc_hd__or3_2)
     2    0.003913    0.081709    0.495560    6.858449 v _152_/X (sky130_fd_sc_hd__or3_2)
                                                         _005_ (net)
                      0.081709    0.000009    6.858459 v _163_/A (sky130_fd_sc_hd__or2_2)
     1    0.002288    0.052690    0.296619    7.155077 v _163_/X (sky130_fd_sc_hd__or2_2)
                                                         _016_ (net)
                      0.052690    0.000001    7.155078 v _227_/A1 (sky130_fd_sc_hd__o31a_2)
     1    0.002040    0.048032    0.330868    7.485946 v _227_/X (sky130_fd_sc_hd__o31a_2)
                                                         _000_ (net)
                      0.048032    0.000008    7.485954 v _228_/D (sky130_fd_sc_hd__dfxtp_2)
                                              7.485954   data arrival time

                                 25.000000   25.000000   clock clk (rise edge)
                                  0.000000   25.000000   clock source latency
     1    0.001877    0.016287    0.007061   25.007061 ^ clk (in)
                                                         clk (net)
                      0.016287    0.000000   25.007061 ^ _228_/CLK (sky130_fd_sc_hd__dfxtp_2)
                                 -0.250000   24.757061   clock uncertainty
                                  0.000000   24.757061   clock reconvergence pessimism
                                 -0.120918   24.636143   library setup time
                                             24.636143   data required time
---------------------------------------------------------------------------------------------
                                             24.636143   data required time
                                             -7.485954   data arrival time
---------------------------------------------------------------------------------------------
                                             17.150188   slack (MET)




===========================================================================
report_checks --slack_max -0.01
============================================================================
======================= nom_tt_025C_1v80 Corner ===================================

No paths found.


===========================================================================
 report_check_types -max_slew -max_cap -max_fanout -violators
============================================================================
======================= nom_tt_025C_1v80 Corner ===================================



===========================================================================
report_parasitic_annotation -report_unannotated
============================================================================
Found 1 unannotated drivers.
 clk
Found 0 partially unannotated drivers.

===========================================================================
max slew violation count 0
Writing metric design__max_slew_violation__count__corner:nom_tt_025C_1v80: 0
max fanout violation count 0
Writing metric design__max_fanout_violation__count__corner:nom_tt_025C_1v80: 0
max cap violation count 0
Writing metric design__max_cap_violation__count__corner:nom_tt_025C_1v80: 0
============================================================================

===========================================================================
check_setup -verbose -unconstrained_endpoints -multiple_clock -no_clock -no_input_delay -loops -generated_clocks
===========================================================================
%OL_END_REPORT
%OL_CREATE_REPORT power.rpt

===========================================================================
 report_power
============================================================================
======================= nom_tt_025C_1v80 Corner ===================================

Group                    Internal    Switching      Leakage        Total
                            Power        Power        Power        Power (Watts)
------------------------------------------------------------------------
Sequential           1.693320e-06 1.581449e-07 7.616781e-12 1.851473e-06  12.0%
Combinational        9.385441e-06 4.249521e-06 3.893822e-10 1.363535e-05  88.0%
Clock                0.000000e+00 0.000000e+00 1.036812e-10 1.036812e-10   0.0%
Macro                0.000000e+00 0.000000e+00 0.000000e+00 0.000000e+00   0.0%
Pad                  0.000000e+00 0.000000e+00 0.000000e+00 0.000000e+00   0.0%
------------------------------------------------------------------------
Total                1.107876e-05 4.407666e-06 5.006802e-10 1.548693e-05 100.0%
                            71.5%        28.5%         0.0%
Writing metric power__internal__total: 1.107876050809864e-5
Writing metric power__switching__total: 4.407665528560756e-6
Writing metric power__leakage__total: 5.006801639950709e-10
Writing metric power__total: 1.548692671349272e-5

%OL_END_REPORT
%OL_CREATE_REPORT skew.min.rpt

===========================================================================
Clock Skew (Hold)
============================================================================
Writing metric clock__skew__worst_hold__corner:nom_tt_025C_1v80: 0.000000
======================= nom_tt_025C_1v80 Corner ===================================

Clock clk
No launch/capture paths found.

%OL_END_REPORT
%OL_CREATE_REPORT skew.max.rpt

===========================================================================
Clock Skew (Setup)
============================================================================
Writing metric clock__skew__worst_setup__corner:nom_tt_025C_1v80: 0.000000
======================= nom_tt_025C_1v80 Corner ===================================

Clock clk
No launch/capture paths found.

%OL_END_REPORT
%OL_CREATE_REPORT ws.min.rpt

===========================================================================
Worst Slack (Hold)
============================================================================
Writing metric timing__hold__ws__corner:nom_tt_025C_1v80: 5.119483
nom_tt_025C_1v80: 5.119483
%OL_END_REPORT
%OL_CREATE_REPORT ws.max.rpt

===========================================================================
Worst Slack (Setup)
============================================================================
Writing metric timing__setup__ws__corner:nom_tt_025C_1v80: 17.150188
nom_tt_025C_1v80: 17.150188
%OL_END_REPORT
%OL_CREATE_REPORT tns.min.rpt

===========================================================================
Total Negative Slack (Hold)
============================================================================
Writing metric timing__hold__tns__corner:nom_tt_025C_1v80: 0.000000
nom_tt_025C_1v80: 0.000000
%OL_END_REPORT
%OL_CREATE_REPORT tns.max.rpt

===========================================================================
Total Negative Slack (Setup)
============================================================================
Writing metric timing__setup__tns__corner:nom_tt_025C_1v80: 0.000000
nom_tt_025C_1v80: 0.000000
%OL_END_REPORT
%OL_CREATE_REPORT wns.min.rpt

===========================================================================
Worst Negative Slack (Hold)
============================================================================
Writing metric timing__hold__wns__corner:nom_tt_025C_1v80: 0
nom_tt_025C_1v80: 0
%OL_END_REPORT
%OL_CREATE_REPORT wns.max.rpt

===========================================================================
Worst Negative Slack (Setup)
============================================================================
Writing metric timing__setup__wns__corner:nom_tt_025C_1v80: 0.0
nom_tt_025C_1v80: 0.0
%OL_END_REPORT
%OL_CREATE_REPORT violator_list.rpt

===========================================================================
Violator List
============================================================================
Writing metric timing__hold_vio__count__corner:nom_tt_025C_1v80: 0
Writing metric timing__hold_r2r__ws__corner:nom_tt_025C_1v80: 1e30
Writing metric timing__hold_r2r_vio__count__corner:nom_tt_025C_1v80: 0
Writing metric timing__setup_vio__count__corner:nom_tt_025C_1v80: 0
Writing metric timing__setup_r2r__ws__corner:nom_tt_025C_1v80: 1e30
Writing metric timing__setup_r2r_vio__count__corner:nom_tt_025C_1v80: 0
%OL_END_REPORT
