
===========================================================================
report_checks -path_delay max (Setup)
============================================================================
======================= min_ss_100C_1v60 Corner ===================================

Startpoint: a[30] (input port clocked by clk)
Endpoint: _228_ (rising edge-triggered flip-flop clocked by clk)
Path Group: clk
Path Type: max

Fanout         Cap        Slew       Delay        Time   Description
---------------------------------------------------------------------------------------------
                                  0.000000    0.000000   clock clk (rise edge)
                                  0.000000    0.000000   clock network delay (propagated)
                                  5.000000    5.000000 ^ input external delay
     1    0.002910    0.032985    0.016354    5.016355 ^ a[30] (in)
                                                         a[30] (net)
                      0.032985    0.000000    5.016355 ^ input24/A (sky130_fd_sc_hd__buf_1)
     2    0.006903    0.149139    0.187633    5.203988 ^ input24/X (sky130_fd_sc_hd__buf_1)
                                                         net24 (net)
                      0.149139    0.000050    5.204038 ^ _133_/A_N (sky130_fd_sc_hd__and2b_1)
     2    0.005981    0.091446    0.417904    5.621942 v _133_/X (sky130_fd_sc_hd__and2b_1)
                                                         _099_ (net)
                      0.091446    0.000071    5.622013 v _137_/B1 (sky130_fd_sc_hd__a2111o_1)
     2    0.004551    0.127743    0.765644    6.387658 v _137_/X (sky130_fd_sc_hd__a2111o_1)
                                                         _103_ (net)
                      0.127743    0.000043    6.387701 v _141_/A (sky130_fd_sc_hd__or4b_1)
     3    0.007633    0.233827    1.313648    7.701349 v _141_/X (sky130_fd_sc_hd__or4b_1)
                                                         _107_ (net)
                      0.233827    0.000104    7.701453 v _152_/A (sky130_fd_sc_hd__or3_1)
     2    0.005778    0.166892    0.951120    8.652574 v _152_/X (sky130_fd_sc_hd__or3_1)
                                                         _005_ (net)
                      0.166892    0.000083    8.652657 v _163_/A (sky130_fd_sc_hd__or2_1)
     1    0.002792    0.099691    0.532447    9.185103 v _163_/X (sky130_fd_sc_hd__or2_1)
                                                         _016_ (net)
                      0.099691    0.000016    9.185120 v _227_/A1 (sky130_fd_sc_hd__o31a_1)
     1    0.002414    0.081398    0.555670    9.740789 v _227_/X (sky130_fd_sc_hd__o31a_1)
                                                         _000_ (net)
                      0.081398    0.000025    9.740814 v _228_/D (sky130_fd_sc_hd__dfxtp_1)
                                              9.740814   data arrival time

                                 25.000000   25.000000   clock clk (rise edge)
                                  0.000000   25.000000   clock source latency
     1    0.004410    0.043129    0.024288   25.024288 ^ clk (in)
                                                         clk (net)
                      0.043143    0.000000   25.024288 ^ _228_/CLK (sky130_fd_sc_hd__dfxtp_1)
                                 -0.250000   24.774288   clock uncertainty
                                  0.000000   24.774288   clock reconvergence pessimism
                                 -0.280954   24.493334   library setup time
                                             24.493334   data required time
---------------------------------------------------------------------------------------------
                                             24.493334   data required time
                                             -9.740814   data arrival time
---------------------------------------------------------------------------------------------
                                             14.752520   slack (MET)


Startpoint: _228_ (rising edge-triggered flip-flop clocked by clk)
Endpoint: z (output port clocked by clk)
Path Group: clk
Path Type: max

Fanout         Cap        Slew       Delay        Time   Description
---------------------------------------------------------------------------------------------
                                  0.000000    0.000000   clock clk (rise edge)
                                  0.000000    0.000000   clock source latency
     1    0.004410    0.043129    0.024288    0.024288 ^ clk (in)
                                                         clk (net)
                      0.043143    0.000000    0.024288 ^ _228_/CLK (sky130_fd_sc_hd__dfxtp_1)
     1    0.004929    0.096295    0.635697    0.659985 ^ _228_/Q (sky130_fd_sc_hd__dfxtp_1)
                                                         net65 (net)
                      0.096295    0.000091    0.660077 ^ output65/A (sky130_fd_sc_hd__buf_2)
     1    0.034259    0.272032    0.355995    1.016071 ^ output65/X (sky130_fd_sc_hd__buf_2)
                                                         z (net)
                      0.272032    0.000234    1.016305 ^ z (out)
                                              1.016305   data arrival time

                                 25.000000   25.000000   clock clk (rise edge)
                                  0.000000   25.000000   clock network delay (propagated)
                                 -0.250000   24.750000   clock uncertainty
                                  0.000000   24.750000   clock reconvergence pessimism
                                 -5.000000   19.750000   output external delay
                                             19.750000   data required time
---------------------------------------------------------------------------------------------
                                             19.750000   data required time
                                             -1.016305   data arrival time
---------------------------------------------------------------------------------------------
                                             18.733694   slack (MET)



