Reading timing models for corner min_ss_100C_1v60…
Reading cell library for the 'min_ss_100C_1v60' corner at '/home/erwann/.volare/volare/sky130/versions/bdc9412b3e468c102d01b7cf6337be06ec6e9c9a/sky130A/libs.ref/sky130_fd_sc_hd/lib/sky130_fd_sc_hd__ss_100C_1v60.lib'…
Reading top-level netlist at '/home/erwann/design_workspace/sky130A/HelloWorld/digital/comp32/runs/RUN_2024-05-09_16-54-40/49-openroad-fillinsertion/comp32.nl.v'…
Linking design 'comp32' from netlist…
Warning: /home/erwann/design_workspace/sky130A/HelloWorld/digital/comp32/runs/RUN_2024-05-09_16-54-40/49-openroad-fillinsertion/comp32.nl.v line 637, module sky130_fd_sc_hd__tapvpwrvgnd_1 not found. Creating black box for TAP_TAPCELL_ROW_0_32.
Warning: /home/erwann/design_workspace/sky130A/HelloWorld/digital/comp32/runs/RUN_2024-05-09_16-54-40/49-openroad-fillinsertion/comp32.nl.v line 794, module sky130_fd_sc_hd__fill_1 not found. Creating black box for FILLER_0_0_6.
Warning: /home/erwann/design_workspace/sky130A/HelloWorld/digital/comp32/runs/RUN_2024-05-09_16-54-40/49-openroad-fillinsertion/comp32.nl.v line 795, module sky130_fd_sc_hd__fill_2 not found. Creating black box for FILLER_0_0_20.
Warning: /home/erwann/design_workspace/sky130A/HelloWorld/digital/comp32/runs/RUN_2024-05-09_16-54-40/49-openroad-fillinsertion/comp32.nl.v line 808, module sky130_ef_sc_hd__decap_12 not found. Creating black box for FILLER_0_2_49.
Reading design constraints file at '/nix/store/hwxq78ix5dm1zxacgmyfrlkgn2vq15hz-python3-3.11.6-env/lib/python3.11/site-packages/openlane/scripts/base.sdc'…
[INFO] Using clock clk…
[INFO] Setting output delay to: 5
[INFO] Setting input delay to: 5
[INFO] Setting load to: 0.033442
[INFO] Setting clock uncertainty to: 0.25
[INFO] Setting clock transition to: 0.1499999999999999944488848768742172978818416595458984375
[INFO] Setting timing derate to: 5%
Reading top-level design parasitics for the 'min_ss_100C_1v60' corner at '/home/erwann/design_workspace/sky130A/HelloWorld/digital/comp32/runs/RUN_2024-05-09_16-54-40/50-openroad-rcx/min/comp32.min.spef'…
%OL_CREATE_REPORT min.rpt

===========================================================================
report_checks -path_delay min (Hold)
============================================================================
======================= min_ss_100C_1v60 Corner ===================================

Startpoint: a[16] (input port clocked by clk)
Endpoint: _228_ (rising edge-triggered flip-flop clocked by clk)
Path Group: clk
Path Type: min

Fanout         Cap        Slew       Delay        Time   Description
---------------------------------------------------------------------------------------------
                                  0.000000    0.000000   clock clk (rise edge)
                                  0.000000    0.000000   clock network delay (propagated)
                                  5.000000    5.000000 ^ input external delay
     1    0.002656    0.031302    0.015008    5.015008 ^ a[16] (in)
                                                         a[16] (net)
                      0.031302    0.000000    5.015008 ^ input8/A (sky130_fd_sc_hd__clkbuf_1)
     2    0.006351    0.135132    0.179554    5.194563 ^ input8/X (sky130_fd_sc_hd__clkbuf_1)
                                                         net8 (net)
                      0.135132    0.000088    5.194651 ^ _171_/B (sky130_fd_sc_hd__and2_1)
     1    0.002468    0.075213    0.246388    5.441039 ^ _171_/X (sky130_fd_sc_hd__and2_1)
                                                         _024_ (net)
                      0.075213    0.000027    5.441065 ^ _172_/C (sky130_fd_sc_hd__or4b_1)
     1    0.003091    0.066628    0.176133    5.617199 ^ _172_/X (sky130_fd_sc_hd__or4b_1)
                                                         _025_ (net)
                      0.066628    0.000031    5.617229 ^ _227_/A2 (sky130_fd_sc_hd__o31a_1)
     1    0.002330    0.070226    0.235410    5.852639 ^ _227_/X (sky130_fd_sc_hd__o31a_1)
                                                         _000_ (net)
                      0.070226    0.000024    5.852664 ^ _228_/D (sky130_fd_sc_hd__dfxtp_1)
                                              5.852664   data arrival time

                                  0.000000    0.000000   clock clk (rise edge)
                                  0.000000    0.000000   clock source latency
     1    0.004410    0.043129    0.024288    0.024288 ^ clk (in)
                                                         clk (net)
                      0.043143    0.000000    0.024288 ^ _228_/CLK (sky130_fd_sc_hd__dfxtp_1)
                                  0.250000    0.274288   clock uncertainty
                                  0.000000    0.274288   clock reconvergence pessimism
                                 -0.076342    0.197946   library hold time
                                              0.197946   data required time
---------------------------------------------------------------------------------------------
                                              0.197946   data required time
                                             -5.852664   data arrival time
---------------------------------------------------------------------------------------------
                                              5.654717   slack (MET)


Startpoint: _228_ (rising edge-triggered flip-flop clocked by clk)
Endpoint: z (output port clocked by clk)
Path Group: clk
Path Type: min

Fanout         Cap        Slew       Delay        Time   Description
---------------------------------------------------------------------------------------------
                                  0.000000    0.000000   clock clk (rise edge)
                                  0.000000    0.000000   clock source latency
     1    0.004410    0.043129    0.024288    0.024288 ^ clk (in)
                                                         clk (net)
                      0.043143    0.000000    0.024288 ^ _228_/CLK (sky130_fd_sc_hd__dfxtp_1)
     1    0.004801    0.063893    0.577852    0.602140 v _228_/Q (sky130_fd_sc_hd__dfxtp_1)
                                                         net65 (net)
                      0.063893    0.000088    0.602228 v output65/A (sky130_fd_sc_hd__buf_2)
     1    0.034259    0.165776    0.342042    0.944271 v output65/X (sky130_fd_sc_hd__buf_2)
                                                         z (net)
                      0.165776    0.000234    0.944505 v z (out)
                                              0.944505   data arrival time

                                  0.000000    0.000000   clock clk (rise edge)
                                  0.000000    0.000000   clock network delay (propagated)
                                  0.250000    0.250000   clock uncertainty
                                  0.000000    0.250000   clock reconvergence pessimism
                                 -5.000000   -4.750000   output external delay
                                             -4.750000   data required time
---------------------------------------------------------------------------------------------
                                             -4.750000   data required time
                                             -0.944505   data arrival time
---------------------------------------------------------------------------------------------
                                              5.694505   slack (MET)



%OL_END_REPORT
%OL_CREATE_REPORT max.rpt

===========================================================================
report_checks -path_delay max (Setup)
============================================================================
======================= min_ss_100C_1v60 Corner ===================================

Startpoint: a[30] (input port clocked by clk)
Endpoint: _228_ (rising edge-triggered flip-flop clocked by clk)
Path Group: clk
Path Type: max

Fanout         Cap        Slew       Delay        Time   Description
---------------------------------------------------------------------------------------------
                                  0.000000    0.000000   clock clk (rise edge)
                                  0.000000    0.000000   clock network delay (propagated)
                                  5.000000    5.000000 ^ input external delay
     1    0.002910    0.032985    0.016354    5.016355 ^ a[30] (in)
                                                         a[30] (net)
                      0.032985    0.000000    5.016355 ^ input24/A (sky130_fd_sc_hd__buf_1)
     2    0.006903    0.149139    0.187633    5.203988 ^ input24/X (sky130_fd_sc_hd__buf_1)
                                                         net24 (net)
                      0.149139    0.000050    5.204038 ^ _133_/A_N (sky130_fd_sc_hd__and2b_1)
     2    0.005981    0.091446    0.417904    5.621942 v _133_/X (sky130_fd_sc_hd__and2b_1)
                                                         _099_ (net)
                      0.091446    0.000071    5.622013 v _137_/B1 (sky130_fd_sc_hd__a2111o_1)
     2    0.004551    0.127743    0.765644    6.387658 v _137_/X (sky130_fd_sc_hd__a2111o_1)
                                                         _103_ (net)
                      0.127743    0.000043    6.387701 v _141_/A (sky130_fd_sc_hd__or4b_1)
     3    0.007633    0.233827    1.313648    7.701349 v _141_/X (sky130_fd_sc_hd__or4b_1)
                                                         _107_ (net)
                      0.233827    0.000104    7.701453 v _152_/A (sky130_fd_sc_hd__or3_1)
     2    0.005778    0.166892    0.951120    8.652574 v _152_/X (sky130_fd_sc_hd__or3_1)
                                                         _005_ (net)
                      0.166892    0.000083    8.652657 v _163_/A (sky130_fd_sc_hd__or2_1)
     1    0.002792    0.099691    0.532447    9.185103 v _163_/X (sky130_fd_sc_hd__or2_1)
                                                         _016_ (net)
                      0.099691    0.000016    9.185120 v _227_/A1 (sky130_fd_sc_hd__o31a_1)
     1    0.002414    0.081398    0.555670    9.740789 v _227_/X (sky130_fd_sc_hd__o31a_1)
                                                         _000_ (net)
                      0.081398    0.000025    9.740814 v _228_/D (sky130_fd_sc_hd__dfxtp_1)
                                              9.740814   data arrival time

                                 25.000000   25.000000   clock clk (rise edge)
                                  0.000000   25.000000   clock source latency
     1    0.004410    0.043129    0.024288   25.024288 ^ clk (in)
                                                         clk (net)
                      0.043143    0.000000   25.024288 ^ _228_/CLK (sky130_fd_sc_hd__dfxtp_1)
                                 -0.250000   24.774288   clock uncertainty
                                  0.000000   24.774288   clock reconvergence pessimism
                                 -0.280954   24.493334   library setup time
                                             24.493334   data required time
---------------------------------------------------------------------------------------------
                                             24.493334   data required time
                                             -9.740814   data arrival time
---------------------------------------------------------------------------------------------
                                             14.752520   slack (MET)


Startpoint: _228_ (rising edge-triggered flip-flop clocked by clk)
Endpoint: z (output port clocked by clk)
Path Group: clk
Path Type: max

Fanout         Cap        Slew       Delay        Time   Description
---------------------------------------------------------------------------------------------
                                  0.000000    0.000000   clock clk (rise edge)
                                  0.000000    0.000000   clock source latency
     1    0.004410    0.043129    0.024288    0.024288 ^ clk (in)
                                                         clk (net)
                      0.043143    0.000000    0.024288 ^ _228_/CLK (sky130_fd_sc_hd__dfxtp_1)
     1    0.004929    0.096295    0.635697    0.659985 ^ _228_/Q (sky130_fd_sc_hd__dfxtp_1)
                                                         net65 (net)
                      0.096295    0.000091    0.660077 ^ output65/A (sky130_fd_sc_hd__buf_2)
     1    0.034259    0.272032    0.355995    1.016071 ^ output65/X (sky130_fd_sc_hd__buf_2)
                                                         z (net)
                      0.272032    0.000234    1.016305 ^ z (out)
                                              1.016305   data arrival time

                                 25.000000   25.000000   clock clk (rise edge)
                                  0.000000   25.000000   clock network delay (propagated)
                                 -0.250000   24.750000   clock uncertainty
                                  0.000000   24.750000   clock reconvergence pessimism
                                 -5.000000   19.750000   output external delay
                                             19.750000   data required time
---------------------------------------------------------------------------------------------
                                             19.750000   data required time
                                             -1.016305   data arrival time
---------------------------------------------------------------------------------------------
                                             18.733694   slack (MET)



%OL_END_REPORT
%OL_CREATE_REPORT checks.rpt

===========================================================================
report_checks -unconstrained
===========================================================================
======================= min_ss_100C_1v60 Corner ===================================

Startpoint: a[30] (input port clocked by clk)
Endpoint: _228_ (rising edge-triggered flip-flop clocked by clk)
Path Group: clk
Path Type: max

Fanout         Cap        Slew       Delay        Time   Description
---------------------------------------------------------------------------------------------
                                  0.000000    0.000000   clock clk (rise edge)
                                  0.000000    0.000000   clock network delay (propagated)
                                  5.000000    5.000000 ^ input external delay
     1    0.002910    0.032985    0.016354    5.016355 ^ a[30] (in)
                                                         a[30] (net)
                      0.032985    0.000000    5.016355 ^ input24/A (sky130_fd_sc_hd__buf_1)
     2    0.006903    0.149139    0.187633    5.203988 ^ input24/X (sky130_fd_sc_hd__buf_1)
                                                         net24 (net)
                      0.149139    0.000050    5.204038 ^ _133_/A_N (sky130_fd_sc_hd__and2b_1)
     2    0.005981    0.091446    0.417904    5.621942 v _133_/X (sky130_fd_sc_hd__and2b_1)
                                                         _099_ (net)
                      0.091446    0.000071    5.622013 v _137_/B1 (sky130_fd_sc_hd__a2111o_1)
     2    0.004551    0.127743    0.765644    6.387658 v _137_/X (sky130_fd_sc_hd__a2111o_1)
                                                         _103_ (net)
                      0.127743    0.000043    6.387701 v _141_/A (sky130_fd_sc_hd__or4b_1)
     3    0.007633    0.233827    1.313648    7.701349 v _141_/X (sky130_fd_sc_hd__or4b_1)
                                                         _107_ (net)
                      0.233827    0.000104    7.701453 v _152_/A (sky130_fd_sc_hd__or3_1)
     2    0.005778    0.166892    0.951120    8.652574 v _152_/X (sky130_fd_sc_hd__or3_1)
                                                         _005_ (net)
                      0.166892    0.000083    8.652657 v _163_/A (sky130_fd_sc_hd__or2_1)
     1    0.002792    0.099691    0.532447    9.185103 v _163_/X (sky130_fd_sc_hd__or2_1)
                                                         _016_ (net)
                      0.099691    0.000016    9.185120 v _227_/A1 (sky130_fd_sc_hd__o31a_1)
     1    0.002414    0.081398    0.555670    9.740789 v _227_/X (sky130_fd_sc_hd__o31a_1)
                                                         _000_ (net)
                      0.081398    0.000025    9.740814 v _228_/D (sky130_fd_sc_hd__dfxtp_1)
                                              9.740814   data arrival time

                                 25.000000   25.000000   clock clk (rise edge)
                                  0.000000   25.000000   clock source latency
     1    0.004410    0.043129    0.024288   25.024288 ^ clk (in)
                                                         clk (net)
                      0.043143    0.000000   25.024288 ^ _228_/CLK (sky130_fd_sc_hd__dfxtp_1)
                                 -0.250000   24.774288   clock uncertainty
                                  0.000000   24.774288   clock reconvergence pessimism
                                 -0.280954   24.493334   library setup time
                                             24.493334   data required time
---------------------------------------------------------------------------------------------
                                             24.493334   data required time
                                             -9.740814   data arrival time
---------------------------------------------------------------------------------------------
                                             14.752520   slack (MET)




===========================================================================
report_checks --slack_max -0.01
============================================================================
======================= min_ss_100C_1v60 Corner ===================================

No paths found.


===========================================================================
 report_check_types -max_slew -max_cap -max_fanout -violators
============================================================================
======================= min_ss_100C_1v60 Corner ===================================



===========================================================================
report_parasitic_annotation -report_unannotated
============================================================================
Found 0 unannotated drivers.
Found 0 partially unannotated drivers.

===========================================================================
max slew violation count 0
%OL_METRIC_I design__max_slew_violation__count__corner:min_ss_100C_1v60 0
max fanout violation count 0
%OL_METRIC_I design__max_fanout_violation__count__corner:min_ss_100C_1v60 0
max cap violation count 0
%OL_METRIC_I design__max_cap_violation__count__corner:min_ss_100C_1v60 0
============================================================================

===========================================================================
check_setup -verbose -unconstrained_endpoints -multiple_clock -no_clock -no_input_delay -loops -generated_clocks
===========================================================================
%OL_END_REPORT
%OL_CREATE_REPORT power.rpt

===========================================================================
 report_power
============================================================================
======================= min_ss_100C_1v60 Corner ===================================

Group                    Internal    Switching      Leakage        Total
                            Power        Power        Power        Power (Watts)
------------------------------------------------------------------------
Sequential           1.321302e-06 1.708148e-08 1.351832e-08 1.351901e-06   9.0%
Combinational        7.462504e-06 5.373821e-06 7.976118e-07 1.363394e-05  91.0%
Clock                0.000000e+00 0.000000e+00 2.193723e-10 2.193723e-10   0.0%
Macro                0.000000e+00 0.000000e+00 0.000000e+00 0.000000e+00   0.0%
Pad                  0.000000e+00 0.000000e+00 0.000000e+00 0.000000e+00   0.0%
------------------------------------------------------------------------
Total                8.783805e-06 5.390903e-06 8.113495e-07 1.498606e-05 100.0%
                            58.6%        36.0%         5.4%
%OL_METRIC_F power__internal__total 8.783805242273957e-6
%OL_METRIC_F power__switching__total 5.390902970248135e-6
%OL_METRIC_F power__leakage__total 8.113495368888834e-7
%OL_METRIC_F power__total 1.4986057067289948e-5

%OL_END_REPORT
%OL_CREATE_REPORT skew.min.rpt

===========================================================================
Clock Skew (Hold)
============================================================================
%OL_METRIC_F clock__skew__worst_hold__corner:min_ss_100C_1v60 0.000000
======================= min_ss_100C_1v60 Corner ===================================

Clock clk
No launch/capture paths found.

%OL_END_REPORT
%OL_CREATE_REPORT skew.max.rpt

===========================================================================
Clock Skew (Setup)
============================================================================
%OL_METRIC_F clock__skew__worst_setup__corner:min_ss_100C_1v60 0.000000
======================= min_ss_100C_1v60 Corner ===================================

Clock clk
No launch/capture paths found.

%OL_END_REPORT
%OL_CREATE_REPORT ws.min.rpt

===========================================================================
Worst Slack (Hold)
============================================================================
%OL_METRIC_F timing__hold__ws__corner:min_ss_100C_1v60 5.654717
min_ss_100C_1v60: 5.654717
%OL_END_REPORT
%OL_CREATE_REPORT ws.max.rpt

===========================================================================
Worst Slack (Setup)
============================================================================
%OL_METRIC_F timing__setup__ws__corner:min_ss_100C_1v60 14.752520
min_ss_100C_1v60: 14.752520
%OL_END_REPORT
%OL_CREATE_REPORT tns.min.rpt

===========================================================================
Total Negative Slack (Hold)
============================================================================
%OL_METRIC_F timing__hold__tns__corner:min_ss_100C_1v60 0.000000
min_ss_100C_1v60: 0.000000
%OL_END_REPORT
%OL_CREATE_REPORT tns.max.rpt

===========================================================================
Total Negative Slack (Setup)
============================================================================
%OL_METRIC_F timing__setup__tns__corner:min_ss_100C_1v60 0.000000
min_ss_100C_1v60: 0.000000
%OL_END_REPORT
%OL_CREATE_REPORT wns.min.rpt

===========================================================================
Worst Negative Slack (Hold)
============================================================================
%OL_METRIC_F timing__hold__wns__corner:min_ss_100C_1v60 0
min_ss_100C_1v60: 0
%OL_END_REPORT
%OL_CREATE_REPORT wns.max.rpt

===========================================================================
Worst Negative Slack (Setup)
============================================================================
%OL_METRIC_F timing__setup__wns__corner:min_ss_100C_1v60 0.0
min_ss_100C_1v60: 0.0
%OL_END_REPORT
%OL_CREATE_REPORT violator_list.rpt

===========================================================================
Violator List
============================================================================
%OL_METRIC_I timing__hold_vio__count__corner:min_ss_100C_1v60 0
%OL_METRIC_F timing__hold_r2r__ws__corner:min_ss_100C_1v60 inf
%OL_METRIC_I timing__hold_r2r_vio__count__corner:min_ss_100C_1v60 0
%OL_METRIC_I timing__setup_vio__count__corner:min_ss_100C_1v60 0
%OL_METRIC_F timing__setup_r2r__ws__corner:min_ss_100C_1v60 inf
%OL_METRIC_I timing__setup_r2r_vio__count__corner:min_ss_100C_1v60 0
%OL_END_REPORT
Writing SDF files for all corners…
Removing Clock latencies before writing libs…
Writing timing models for all corners…
Writing timing models for the min_ss_100C_1v60 corner to /home/erwann/design_workspace/sky130A/HelloWorld/digital/comp32/runs/RUN_2024-05-09_16-54-40/51-openroad-stapostpnr/min_ss_100C_1v60/comp32__min_ss_100C_1v60.lib…
