
===========================================================================
report_checks -path_delay max (Setup)
============================================================================
======================= nom_ff_n40C_1v95 Corner ===================================

Startpoint: a[30] (input port clocked by clk)
Endpoint: _228_ (rising edge-triggered flip-flop clocked by clk)
Path Group: clk
Path Type: max

Fanout         Cap        Slew       Delay        Time   Description
---------------------------------------------------------------------------------------------
                                  0.000000    0.000000   clock clk (rise edge)
                                  0.000000    0.000000   clock network delay (propagated)
                                  5.000000    5.000000 ^ input external delay
     1    0.003092    0.014962    0.008003    5.008004 ^ a[30] (in)
                                                         a[30] (net)
                      0.014962    0.000000    5.008004 ^ input24/A (sky130_fd_sc_hd__buf_1)
     2    0.007458    0.071078    0.075354    5.083358 ^ input24/X (sky130_fd_sc_hd__buf_1)
                                                         net24 (net)
                      0.071078    0.000155    5.083513 ^ _133_/A_N (sky130_fd_sc_hd__and2b_1)
     2    0.006218    0.034543    0.122520    5.206033 v _133_/X (sky130_fd_sc_hd__and2b_1)
                                                         _099_ (net)
                      0.034545    0.000178    5.206211 v _137_/B1 (sky130_fd_sc_hd__a2111o_1)
     2    0.005382    0.050211    0.185918    5.392128 v _137_/X (sky130_fd_sc_hd__a2111o_1)
                                                         _103_ (net)
                      0.050212    0.000143    5.392271 v _141_/A (sky130_fd_sc_hd__or4b_1)
     3    0.008492    0.078204    0.328542    5.720813 v _141_/X (sky130_fd_sc_hd__or4b_1)
                                                         _107_ (net)
                      0.078205    0.000222    5.721035 v _152_/A (sky130_fd_sc_hd__or3_1)
     2    0.005987    0.054814    0.237961    5.958997 v _152_/X (sky130_fd_sc_hd__or3_1)
                                                         _005_ (net)
                      0.054815    0.000203    5.959199 v _163_/A (sky130_fd_sc_hd__or2_1)
     1    0.002928    0.032733    0.138606    6.097805 v _163_/X (sky130_fd_sc_hd__or2_1)
                                                         _016_ (net)
                      0.032733    0.000063    6.097867 v _227_/A1 (sky130_fd_sc_hd__o31a_1)
     1    0.002631    0.033539    0.175004    6.272872 v _227_/X (sky130_fd_sc_hd__o31a_1)
                                                         _000_ (net)
                      0.033539    0.000076    6.272948 v _228_/D (sky130_fd_sc_hd__dfxtp_1)
                                              6.272948   data arrival time

                                 25.000000   25.000000   clock clk (rise edge)
                                  0.000000   25.000000   clock source latency
     1    0.004874    0.021266    0.012705   25.012703 ^ clk (in)
                                                         clk (net)
                      0.021268    0.000000   25.012703 ^ _228_/CLK (sky130_fd_sc_hd__dfxtp_1)
                                 -0.250000   24.762705   clock uncertainty
                                  0.000000   24.762705   clock reconvergence pessimism
                                 -0.071586   24.691118   library setup time
                                             24.691118   data required time
---------------------------------------------------------------------------------------------
                                             24.691118   data required time
                                             -6.272948   data arrival time
---------------------------------------------------------------------------------------------
                                             18.418171   slack (MET)


Startpoint: _228_ (rising edge-triggered flip-flop clocked by clk)
Endpoint: z (output port clocked by clk)
Path Group: clk
Path Type: max

Fanout         Cap        Slew       Delay        Time   Description
---------------------------------------------------------------------------------------------
                                  0.000000    0.000000   clock clk (rise edge)
                                  0.000000    0.000000   clock source latency
     1    0.004874    0.021266    0.012704    0.012704 ^ clk (in)
                                                         clk (net)
                      0.021268    0.000000    0.012704 ^ _228_/CLK (sky130_fd_sc_hd__dfxtp_1)
     1    0.006248    0.051800    0.198136    0.210840 ^ _228_/Q (sky130_fd_sc_hd__dfxtp_1)
                                                         net65 (net)
                      0.051802    0.000264    0.211104 ^ output65/A (sky130_fd_sc_hd__buf_2)
     1    0.034245    0.128077    0.143468    0.354572 ^ output65/X (sky130_fd_sc_hd__buf_2)
                                                         z (net)
                      0.128082    0.000659    0.355231 ^ z (out)
                                              0.355231   data arrival time

                                 25.000000   25.000000   clock clk (rise edge)
                                  0.000000   25.000000   clock network delay (propagated)
                                 -0.250000   24.750000   clock uncertainty
                                  0.000000   24.750000   clock reconvergence pessimism
                                 -5.000000   19.750000   output external delay
                                             19.750000   data required time
---------------------------------------------------------------------------------------------
                                             19.750000   data required time
                                             -0.355231   data arrival time
---------------------------------------------------------------------------------------------
                                             19.394770   slack (MET)



