Reading OpenROAD database at '/home/erwann/design_workspace/sky130A/HelloWorld/digital/comp32/runs/RUN_2024-05-09_16-58-12/19-openroad-generatepdn/comp32.odb'…
Reading library file at '/home/erwann/.volare/volare/sky130/versions/bdc9412b3e468c102d01b7cf6337be06ec6e9c9a/sky130A/libs.ref/sky130_fd_sc_hd/lib/sky130_fd_sc_hd__tt_025C_1v80.lib'…
Reading design constraints file at '/nix/store/hwxq78ix5dm1zxacgmyfrlkgn2vq15hz-python3-3.11.6-env/lib/python3.11/site-packages/openlane/scripts/base.sdc'…
[INFO] Using clock clk…
[INFO] Setting output delay to: 5
[INFO] Setting input delay to: 5
[INFO] Setting load to: 0.033442
[INFO] Setting clock uncertainty to: 0.25
[INFO] Setting clock transition to: 0.1499999999999999944488848768742172978818416595458984375
[INFO] Setting timing derate to: 5%
{*}-density 0.31965299999999996 -skip_io -pad_right 0 -pad_left 0 -init_wirelength_coef 0.25
[INFO GPL-0002] DBU: 1000
[INFO GPL-0003] SiteSize: 460 2720
[INFO GPL-0004] CoreAreaLxLy: 5520 10880
[INFO GPL-0005] CoreAreaUxUy: 85100 70720
[INFO GPL-0006] NumInstances: 231
[INFO GPL-0007] NumPlaceInstances: 115
[INFO GPL-0008] NumFixedInstances: 116
[INFO GPL-0009] NumDummyInstances: 0
[INFO GPL-0010] NumNets: 180
[INFO GPL-0011] NumPins: 415
[INFO GPL-0012] DieAreaLxLy: 0 0
[INFO GPL-0013] DieAreaUxUy: 90870 81630
[INFO GPL-0014] CoreAreaLxLy: 5520 10880
[INFO GPL-0015] CoreAreaUxUy: 85100 70720
[INFO GPL-0016] CoreArea: 4762067200
[INFO GPL-0017] NonPlaceInstsArea: 255244800
[INFO GPL-0018] PlaceInstsArea: 955916800
[INFO GPL-0019] Util(%): 21.21
[INFO GPL-0020] StdInstsArea: 955916800
[INFO GPL-0021] MacroInstsArea: 0
[INFO GPL-0031] FillerInit: NumGCells: 174
[INFO GPL-0032] FillerInit: NumGNets: 180
[INFO GPL-0033] FillerInit: NumGPins: 415
[INFO GPL-0023] TargetDensity: 0.32
[INFO GPL-0024] AveragePlaceInstArea: 8312320
[INFO GPL-0025] IdealBinArea: 26004198
[INFO GPL-0026] IdealBinCnt: 183
[INFO GPL-0027] TotalBinArea: 4762067200
[INFO GPL-0028] BinCnt: 8 8
[INFO GPL-0029] BinSize: 9948 7480
[INFO GPL-0030] NumBins: 64
[NesterovSolve] Iter: 1 overflow: 0.901547 HPWL: 308886
[NesterovSolve] Iter: 10 overflow: 0.901518 HPWL: 227727
[NesterovSolve] Iter: 20 overflow: 0.901279 HPWL: 225829
[NesterovSolve] Iter: 30 overflow: 0.901284 HPWL: 225860
[NesterovSolve] Iter: 40 overflow: 0.901353 HPWL: 225248
[NesterovSolve] Iter: 50 overflow: 0.901416 HPWL: 224919
[NesterovSolve] Iter: 60 overflow: 0.901431 HPWL: 224657
[NesterovSolve] Iter: 70 overflow: 0.901352 HPWL: 224836
[NesterovSolve] Iter: 80 overflow: 0.901298 HPWL: 225409
[NesterovSolve] Iter: 90 overflow: 0.901204 HPWL: 226644
[NesterovSolve] Iter: 100 overflow: 0.900747 HPWL: 228331
[NesterovSolve] Iter: 110 overflow: 0.898676 HPWL: 229865
[NesterovSolve] Iter: 120 overflow: 0.891251 HPWL: 231597
[NesterovSolve] Iter: 130 overflow: 0.853504 HPWL: 235321
[NesterovSolve] Iter: 140 overflow: 0.772536 HPWL: 246239
[NesterovSolve] Iter: 150 overflow: 0.741497 HPWL: 275378
[NesterovSolve] Iter: 160 overflow: 0.687162 HPWL: 303261
[NesterovSolve] Iter: 170 overflow: 0.634455 HPWL: 320259
[NesterovSolve] Iter: 180 overflow: 0.594806 HPWL: 332046
[NesterovSolve] Iter: 190 overflow: 0.584227 HPWL: 334031
[NesterovSolve] Iter: 200 overflow: 0.552156 HPWL: 366874
[NesterovSolve] Iter: 210 overflow: 0.482946 HPWL: 416243
[NesterovSolve] Iter: 220 overflow: 0.438821 HPWL: 426553
[NesterovSolve] Iter: 230 overflow: 0.415204 HPWL: 445361
[NesterovSolve] Iter: 240 overflow: 0.371948 HPWL: 495528
[NesterovSolve] Iter: 250 overflow: 0.337002 HPWL: 505772
[NesterovSolve] Iter: 260 overflow: 0.299223 HPWL: 521519
[NesterovSolve] Iter: 270 overflow: 0.285403 HPWL: 543822
[NesterovSolve] Iter: 280 overflow: 0.267511 HPWL: 561255
[NesterovSolve] Iter: 290 overflow: 0.2427 HPWL: 578232
[NesterovSolve] Iter: 300 overflow: 0.208016 HPWL: 592887
[NesterovSolve] Iter: 310 overflow: 0.183769 HPWL: 602577
[NesterovSolve] Iter: 320 overflow: 0.180979 HPWL: 618524
[NesterovSolve] Iter: 330 overflow: 0.160424 HPWL: 630638
[NesterovSolve] Iter: 340 overflow: 0.146856 HPWL: 645931
[NesterovSolve] Iter: 350 overflow: 0.108126 HPWL: 669500
[NesterovSolve] Iter: 360 overflow: 0.0973734 HPWL: 716842
[NesterovSolve] Finished with Overflow: 0.097373
[INFO] Setting RC values…
Setting global connections for newly added cells…
[INFO] Setting global connections...
Writing OpenROAD database to '/home/erwann/design_workspace/sky130A/HelloWorld/digital/comp32/runs/RUN_2024-05-09_16-58-12/22-openroad-globalplacementskipio/comp32.odb'…
Writing netlist to '/home/erwann/design_workspace/sky130A/HelloWorld/digital/comp32/runs/RUN_2024-05-09_16-58-12/22-openroad-globalplacementskipio/comp32.nl.v'…
Writing powered netlist to '/home/erwann/design_workspace/sky130A/HelloWorld/digital/comp32/runs/RUN_2024-05-09_16-58-12/22-openroad-globalplacementskipio/comp32.pnl.v'…
Writing layout to '/home/erwann/design_workspace/sky130A/HelloWorld/digital/comp32/runs/RUN_2024-05-09_16-58-12/22-openroad-globalplacementskipio/comp32.def'…
Writing timing constraints to '/home/erwann/design_workspace/sky130A/HelloWorld/digital/comp32/runs/RUN_2024-05-09_16-58-12/22-openroad-globalplacementskipio/comp32.sdc'…
