
===========================================================================
report_checks -unconstrained
===========================================================================
======================= max_ss_100C_1v60 Corner ===================================

Startpoint: a[30] (input port clocked by clk)
Endpoint: _228_ (rising edge-triggered flip-flop clocked by clk)
Path Group: clk
Path Type: max

Fanout         Cap        Slew       Delay        Time   Description
---------------------------------------------------------------------------------------------
                                  0.000000    0.000000   clock clk (rise edge)
                                  0.000000    0.000000   clock network delay (propagated)
                                  5.000000    5.000000 ^ input external delay
     1    0.003034    0.033792    0.017075    5.017076 ^ a[30] (in)
                                                         a[30] (net)
                      0.033793    0.000000    5.017076 ^ input24/A (sky130_fd_sc_hd__buf_1)
     2    0.007092    0.148534    0.190195    5.207271 ^ input24/X (sky130_fd_sc_hd__buf_1)
                                                         net24 (net)
                      0.148534    0.000361    5.207632 ^ _133_/A_N (sky130_fd_sc_hd__and2b_1)
     2    0.006324    0.094162    0.420247    5.627880 v _133_/X (sky130_fd_sc_hd__and2b_1)
                                                         _099_ (net)
                      0.094162    0.000421    5.628301 v _137_/B1 (sky130_fd_sc_hd__a2111o_1)
     2    0.004792    0.129768    0.769424    6.397725 v _137_/X (sky130_fd_sc_hd__a2111o_1)
                                                         _103_ (net)
                      0.129768    0.000299    6.398024 v _141_/A (sky130_fd_sc_hd__or4b_1)
     3    0.008158    0.239844    1.322909    7.720932 v _141_/X (sky130_fd_sc_hd__or4b_1)
                                                         _107_ (net)
                      0.240054    0.000477    7.721409 v _152_/A (sky130_fd_sc_hd__or3_1)
     2    0.006255    0.171195    0.959782    8.681192 v _152_/X (sky130_fd_sc_hd__or3_1)
                                                         _005_ (net)
                      0.171283    0.000468    8.681660 v _163_/A (sky130_fd_sc_hd__or2_1)
     1    0.002877    0.097634    0.535494    9.217155 v _163_/X (sky130_fd_sc_hd__or2_1)
                                                         _016_ (net)
                      0.097634    0.000134    9.217289 v _227_/A1 (sky130_fd_sc_hd__o31a_1)
     1    0.002576    0.083080    0.557000    9.774288 v _227_/X (sky130_fd_sc_hd__o31a_1)
                                                         _000_ (net)
                      0.083080    0.000163    9.774451 v _228_/D (sky130_fd_sc_hd__dfxtp_1)
                                              9.774451   data arrival time

                                 25.000000   25.000000   clock clk (rise edge)
                                  0.000000   25.000000   clock source latency
     1    0.004982    0.047065    0.027383   25.027382 ^ clk (in)
                                                         clk (net)
                      0.047066    0.000000   25.027382 ^ _228_/CLK (sky130_fd_sc_hd__dfxtp_1)
                                 -0.250000   24.777382   clock uncertainty
                                  0.000000   24.777382   clock reconvergence pessimism
                                 -0.280596   24.496786   library setup time
                                             24.496786   data required time
---------------------------------------------------------------------------------------------
                                             24.496786   data required time
                                             -9.774451   data arrival time
---------------------------------------------------------------------------------------------
                                             14.722335   slack (MET)




===========================================================================
report_checks --slack_max -0.01
============================================================================
======================= max_ss_100C_1v60 Corner ===================================

No paths found.


===========================================================================
 report_check_types -max_slew -max_cap -max_fanout -violators
============================================================================
======================= max_ss_100C_1v60 Corner ===================================



===========================================================================
report_parasitic_annotation -report_unannotated
============================================================================
Found 0 unannotated drivers.
Found 0 partially unannotated drivers.

===========================================================================
max slew violation count 0
max fanout violation count 0
max cap violation count 0
============================================================================

===========================================================================
check_setup -verbose -unconstrained_endpoints -multiple_clock -no_clock -no_input_delay -loops -generated_clocks
===========================================================================
