Reading timing models for corner max_ss_100C_1v60…
Reading cell library for the 'max_ss_100C_1v60' corner at '/home/erwann/.volare/volare/sky130/versions/bdc9412b3e468c102d01b7cf6337be06ec6e9c9a/sky130A/libs.ref/sky130_fd_sc_hd/lib/sky130_fd_sc_hd__ss_100C_1v60.lib'…
Reading top-level netlist at '/home/erwann/design_workspace/sky130A/HelloWorld/digital/comp32/runs/RUN_2024-05-09_16-54-40/49-openroad-fillinsertion/comp32.nl.v'…
Linking design 'comp32' from netlist…
Warning: /home/erwann/design_workspace/sky130A/HelloWorld/digital/comp32/runs/RUN_2024-05-09_16-54-40/49-openroad-fillinsertion/comp32.nl.v line 637, module sky130_fd_sc_hd__tapvpwrvgnd_1 not found. Creating black box for TAP_TAPCELL_ROW_0_32.
Warning: /home/erwann/design_workspace/sky130A/HelloWorld/digital/comp32/runs/RUN_2024-05-09_16-54-40/49-openroad-fillinsertion/comp32.nl.v line 794, module sky130_fd_sc_hd__fill_1 not found. Creating black box for FILLER_0_0_6.
Warning: /home/erwann/design_workspace/sky130A/HelloWorld/digital/comp32/runs/RUN_2024-05-09_16-54-40/49-openroad-fillinsertion/comp32.nl.v line 795, module sky130_fd_sc_hd__fill_2 not found. Creating black box for FILLER_0_0_20.
Warning: /home/erwann/design_workspace/sky130A/HelloWorld/digital/comp32/runs/RUN_2024-05-09_16-54-40/49-openroad-fillinsertion/comp32.nl.v line 808, module sky130_ef_sc_hd__decap_12 not found. Creating black box for FILLER_0_2_49.
Reading design constraints file at '/nix/store/hwxq78ix5dm1zxacgmyfrlkgn2vq15hz-python3-3.11.6-env/lib/python3.11/site-packages/openlane/scripts/base.sdc'…
[INFO] Using clock clk…
[INFO] Setting output delay to: 5
[INFO] Setting input delay to: 5
[INFO] Setting load to: 0.033442
[INFO] Setting clock uncertainty to: 0.25
[INFO] Setting clock transition to: 0.1499999999999999944488848768742172978818416595458984375
[INFO] Setting timing derate to: 5%
Reading top-level design parasitics for the 'max_ss_100C_1v60' corner at '/home/erwann/design_workspace/sky130A/HelloWorld/digital/comp32/runs/RUN_2024-05-09_16-54-40/50-openroad-rcx/max/comp32.max.spef'…
%OL_CREATE_REPORT min.rpt

===========================================================================
report_checks -path_delay min (Hold)
============================================================================
======================= max_ss_100C_1v60 Corner ===================================

Startpoint: a[16] (input port clocked by clk)
Endpoint: _228_ (rising edge-triggered flip-flop clocked by clk)
Path Group: clk
Path Type: min

Fanout         Cap        Slew       Delay        Time   Description
---------------------------------------------------------------------------------------------
                                  0.000000    0.000000   clock clk (rise edge)
                                  0.000000    0.000000   clock network delay (propagated)
                                  5.000000    5.000000 ^ input external delay
     1    0.002739    0.031843    0.015515    5.015515 ^ a[16] (in)
                                                         a[16] (net)
                      0.031843    0.000000    5.015515 ^ input8/A (sky130_fd_sc_hd__clkbuf_1)
     2    0.006778    0.142851    0.185202    5.200717 ^ input8/X (sky130_fd_sc_hd__clkbuf_1)
                                                         net8 (net)
                      0.142851    0.000363    5.201080 ^ _171_/B (sky130_fd_sc_hd__and2_1)
     1    0.002715    0.078317    0.252371    5.453451 ^ _171_/X (sky130_fd_sc_hd__and2_1)
                                                         _024_ (net)
                      0.078317    0.000159    5.453610 ^ _172_/C (sky130_fd_sc_hd__or4b_1)
     1    0.003250    0.068662    0.179297    5.632907 ^ _172_/X (sky130_fd_sc_hd__or4b_1)
                                                         _025_ (net)
                      0.068662    0.000222    5.633130 ^ _227_/A2 (sky130_fd_sc_hd__o31a_1)
     1    0.002492    0.072419    0.238404    5.871533 ^ _227_/X (sky130_fd_sc_hd__o31a_1)
                                                         _000_ (net)
                      0.072419    0.000155    5.871689 ^ _228_/D (sky130_fd_sc_hd__dfxtp_1)
                                              5.871689   data arrival time

                                  0.000000    0.000000   clock clk (rise edge)
                                  0.000000    0.000000   clock source latency
     1    0.004982    0.047065    0.027382    0.027382 ^ clk (in)
                                                         clk (net)
                      0.047066    0.000000    0.027382 ^ _228_/CLK (sky130_fd_sc_hd__dfxtp_1)
                                  0.250000    0.277382   clock uncertainty
                                  0.000000    0.277382   clock reconvergence pessimism
                                 -0.076229    0.201153   library hold time
                                              0.201153   data required time
---------------------------------------------------------------------------------------------
                                              0.201153   data required time
                                             -5.871689   data arrival time
---------------------------------------------------------------------------------------------
                                              5.670535   slack (MET)


Startpoint: _228_ (rising edge-triggered flip-flop clocked by clk)
Endpoint: z (output port clocked by clk)
Path Group: clk
Path Type: min

Fanout         Cap        Slew       Delay        Time   Description
---------------------------------------------------------------------------------------------
                                  0.000000    0.000000   clock clk (rise edge)
                                  0.000000    0.000000   clock source latency
     1    0.004982    0.047065    0.027382    0.027382 ^ clk (in)
                                                         clk (net)
                      0.047066    0.000000    0.027382 ^ _228_/CLK (sky130_fd_sc_hd__dfxtp_1)
     1    0.005385    0.068383    0.583601    0.610983 v _228_/Q (sky130_fd_sc_hd__dfxtp_1)
                                                         net65 (net)
                      0.068383    0.000365    0.611347 v output65/A (sky130_fd_sc_hd__buf_2)
     1    0.034410    0.166766    0.343571    0.954918 v output65/X (sky130_fd_sc_hd__buf_2)
                                                         z (net)
                      0.166781    0.001696    0.956614 v z (out)
                                              0.956614   data arrival time

                                  0.000000    0.000000   clock clk (rise edge)
                                  0.000000    0.000000   clock network delay (propagated)
                                  0.250000    0.250000   clock uncertainty
                                  0.000000    0.250000   clock reconvergence pessimism
                                 -5.000000   -4.750000   output external delay
                                             -4.750000   data required time
---------------------------------------------------------------------------------------------
                                             -4.750000   data required time
                                             -0.956614   data arrival time
---------------------------------------------------------------------------------------------
                                              5.706614   slack (MET)



%OL_END_REPORT
%OL_CREATE_REPORT max.rpt

===========================================================================
report_checks -path_delay max (Setup)
============================================================================
======================= max_ss_100C_1v60 Corner ===================================

Startpoint: a[30] (input port clocked by clk)
Endpoint: _228_ (rising edge-triggered flip-flop clocked by clk)
Path Group: clk
Path Type: max

Fanout         Cap        Slew       Delay        Time   Description
---------------------------------------------------------------------------------------------
                                  0.000000    0.000000   clock clk (rise edge)
                                  0.000000    0.000000   clock network delay (propagated)
                                  5.000000    5.000000 ^ input external delay
     1    0.003034    0.033792    0.017075    5.017076 ^ a[30] (in)
                                                         a[30] (net)
                      0.033793    0.000000    5.017076 ^ input24/A (sky130_fd_sc_hd__buf_1)
     2    0.007092    0.148534    0.190195    5.207271 ^ input24/X (sky130_fd_sc_hd__buf_1)
                                                         net24 (net)
                      0.148534    0.000361    5.207632 ^ _133_/A_N (sky130_fd_sc_hd__and2b_1)
     2    0.006324    0.094162    0.420247    5.627880 v _133_/X (sky130_fd_sc_hd__and2b_1)
                                                         _099_ (net)
                      0.094162    0.000421    5.628301 v _137_/B1 (sky130_fd_sc_hd__a2111o_1)
     2    0.004792    0.129768    0.769424    6.397725 v _137_/X (sky130_fd_sc_hd__a2111o_1)
                                                         _103_ (net)
                      0.129768    0.000299    6.398024 v _141_/A (sky130_fd_sc_hd__or4b_1)
     3    0.008158    0.239844    1.322909    7.720932 v _141_/X (sky130_fd_sc_hd__or4b_1)
                                                         _107_ (net)
                      0.240054    0.000477    7.721409 v _152_/A (sky130_fd_sc_hd__or3_1)
     2    0.006255    0.171195    0.959782    8.681192 v _152_/X (sky130_fd_sc_hd__or3_1)
                                                         _005_ (net)
                      0.171283    0.000468    8.681660 v _163_/A (sky130_fd_sc_hd__or2_1)
     1    0.002877    0.097634    0.535494    9.217155 v _163_/X (sky130_fd_sc_hd__or2_1)
                                                         _016_ (net)
                      0.097634    0.000134    9.217289 v _227_/A1 (sky130_fd_sc_hd__o31a_1)
     1    0.002576    0.083080    0.557000    9.774288 v _227_/X (sky130_fd_sc_hd__o31a_1)
                                                         _000_ (net)
                      0.083080    0.000163    9.774451 v _228_/D (sky130_fd_sc_hd__dfxtp_1)
                                              9.774451   data arrival time

                                 25.000000   25.000000   clock clk (rise edge)
                                  0.000000   25.000000   clock source latency
     1    0.004982    0.047065    0.027383   25.027382 ^ clk (in)
                                                         clk (net)
                      0.047066    0.000000   25.027382 ^ _228_/CLK (sky130_fd_sc_hd__dfxtp_1)
                                 -0.250000   24.777382   clock uncertainty
                                  0.000000   24.777382   clock reconvergence pessimism
                                 -0.280596   24.496786   library setup time
                                             24.496786   data required time
---------------------------------------------------------------------------------------------
                                             24.496786   data required time
                                             -9.774451   data arrival time
---------------------------------------------------------------------------------------------
                                             14.722335   slack (MET)


Startpoint: _228_ (rising edge-triggered flip-flop clocked by clk)
Endpoint: z (output port clocked by clk)
Path Group: clk
Path Type: max

Fanout         Cap        Slew       Delay        Time   Description
---------------------------------------------------------------------------------------------
                                  0.000000    0.000000   clock clk (rise edge)
                                  0.000000    0.000000   clock source latency
     1    0.004982    0.047065    0.027382    0.027382 ^ clk (in)
                                                         clk (net)
                      0.047066    0.000000    0.027382 ^ _228_/CLK (sky130_fd_sc_hd__dfxtp_1)
     1    0.005513    0.104216    0.643526    0.670908 ^ _228_/Q (sky130_fd_sc_hd__dfxtp_1)
                                                         net65 (net)
                      0.104216    0.000378    0.671285 ^ output65/A (sky130_fd_sc_hd__buf_2)
     1    0.034410    0.273461    0.359477    1.030762 ^ output65/X (sky130_fd_sc_hd__buf_2)
                                                         z (net)
                      0.273467    0.001697    1.032459 ^ z (out)
                                              1.032459   data arrival time

                                 25.000000   25.000000   clock clk (rise edge)
                                  0.000000   25.000000   clock network delay (propagated)
                                 -0.250000   24.750000   clock uncertainty
                                  0.000000   24.750000   clock reconvergence pessimism
                                 -5.000000   19.750000   output external delay
                                             19.750000   data required time
---------------------------------------------------------------------------------------------
                                             19.750000   data required time
                                             -1.032459   data arrival time
---------------------------------------------------------------------------------------------
                                             18.717541   slack (MET)



%OL_END_REPORT
%OL_CREATE_REPORT checks.rpt

===========================================================================
report_checks -unconstrained
===========================================================================
======================= max_ss_100C_1v60 Corner ===================================

Startpoint: a[30] (input port clocked by clk)
Endpoint: _228_ (rising edge-triggered flip-flop clocked by clk)
Path Group: clk
Path Type: max

Fanout         Cap        Slew       Delay        Time   Description
---------------------------------------------------------------------------------------------
                                  0.000000    0.000000   clock clk (rise edge)
                                  0.000000    0.000000   clock network delay (propagated)
                                  5.000000    5.000000 ^ input external delay
     1    0.003034    0.033792    0.017075    5.017076 ^ a[30] (in)
                                                         a[30] (net)
                      0.033793    0.000000    5.017076 ^ input24/A (sky130_fd_sc_hd__buf_1)
     2    0.007092    0.148534    0.190195    5.207271 ^ input24/X (sky130_fd_sc_hd__buf_1)
                                                         net24 (net)
                      0.148534    0.000361    5.207632 ^ _133_/A_N (sky130_fd_sc_hd__and2b_1)
     2    0.006324    0.094162    0.420247    5.627880 v _133_/X (sky130_fd_sc_hd__and2b_1)
                                                         _099_ (net)
                      0.094162    0.000421    5.628301 v _137_/B1 (sky130_fd_sc_hd__a2111o_1)
     2    0.004792    0.129768    0.769424    6.397725 v _137_/X (sky130_fd_sc_hd__a2111o_1)
                                                         _103_ (net)
                      0.129768    0.000299    6.398024 v _141_/A (sky130_fd_sc_hd__or4b_1)
     3    0.008158    0.239844    1.322909    7.720932 v _141_/X (sky130_fd_sc_hd__or4b_1)
                                                         _107_ (net)
                      0.240054    0.000477    7.721409 v _152_/A (sky130_fd_sc_hd__or3_1)
     2    0.006255    0.171195    0.959782    8.681192 v _152_/X (sky130_fd_sc_hd__or3_1)
                                                         _005_ (net)
                      0.171283    0.000468    8.681660 v _163_/A (sky130_fd_sc_hd__or2_1)
     1    0.002877    0.097634    0.535494    9.217155 v _163_/X (sky130_fd_sc_hd__or2_1)
                                                         _016_ (net)
                      0.097634    0.000134    9.217289 v _227_/A1 (sky130_fd_sc_hd__o31a_1)
     1    0.002576    0.083080    0.557000    9.774288 v _227_/X (sky130_fd_sc_hd__o31a_1)
                                                         _000_ (net)
                      0.083080    0.000163    9.774451 v _228_/D (sky130_fd_sc_hd__dfxtp_1)
                                              9.774451   data arrival time

                                 25.000000   25.000000   clock clk (rise edge)
                                  0.000000   25.000000   clock source latency
     1    0.004982    0.047065    0.027383   25.027382 ^ clk (in)
                                                         clk (net)
                      0.047066    0.000000   25.027382 ^ _228_/CLK (sky130_fd_sc_hd__dfxtp_1)
                                 -0.250000   24.777382   clock uncertainty
                                  0.000000   24.777382   clock reconvergence pessimism
                                 -0.280596   24.496786   library setup time
                                             24.496786   data required time
---------------------------------------------------------------------------------------------
                                             24.496786   data required time
                                             -9.774451   data arrival time
---------------------------------------------------------------------------------------------
                                             14.722335   slack (MET)




===========================================================================
report_checks --slack_max -0.01
============================================================================
======================= max_ss_100C_1v60 Corner ===================================

No paths found.


===========================================================================
 report_check_types -max_slew -max_cap -max_fanout -violators
============================================================================
======================= max_ss_100C_1v60 Corner ===================================



===========================================================================
report_parasitic_annotation -report_unannotated
============================================================================
Found 0 unannotated drivers.
Found 0 partially unannotated drivers.

===========================================================================
max slew violation count 0
%OL_METRIC_I design__max_slew_violation__count__corner:max_ss_100C_1v60 0
max fanout violation count 0
%OL_METRIC_I design__max_fanout_violation__count__corner:max_ss_100C_1v60 0
max cap violation count 0
%OL_METRIC_I design__max_cap_violation__count__corner:max_ss_100C_1v60 0
============================================================================

===========================================================================
check_setup -verbose -unconstrained_endpoints -multiple_clock -no_clock -no_input_delay -loops -generated_clocks
===========================================================================
%OL_END_REPORT
%OL_CREATE_REPORT power.rpt

===========================================================================
 report_power
============================================================================
======================= max_ss_100C_1v60 Corner ===================================

Group                    Internal    Switching      Leakage        Total
                            Power        Power        Power        Power (Watts)
------------------------------------------------------------------------
Sequential           1.318181e-06 1.910693e-08 1.351832e-08 1.350806e-06   8.8%
Combinational        7.469459e-06 5.664869e-06 7.976118e-07 1.393194e-05  91.2%
Clock                0.000000e+00 0.000000e+00 2.193723e-10 2.193723e-10   0.0%
Macro                0.000000e+00 0.000000e+00 0.000000e+00 0.000000e+00   0.0%
Pad                  0.000000e+00 0.000000e+00 0.000000e+00 0.000000e+00   0.0%
------------------------------------------------------------------------
Total                8.787639e-06 5.683975e-06 8.113495e-07 1.528296e-05 100.0%
                            57.5%        37.2%         5.3%
%OL_METRIC_F power__internal__total 8.78763876244193e-6
%OL_METRIC_F power__switching__total 5.683975359715987e-6
%OL_METRIC_F power__leakage__total 8.113495368888834e-7
%OL_METRIC_F power__total 1.5282963431673124e-5

%OL_END_REPORT
%OL_CREATE_REPORT skew.min.rpt

===========================================================================
Clock Skew (Hold)
============================================================================
%OL_METRIC_F clock__skew__worst_hold__corner:max_ss_100C_1v60 0.000000
======================= max_ss_100C_1v60 Corner ===================================

Clock clk
No launch/capture paths found.

%OL_END_REPORT
%OL_CREATE_REPORT skew.max.rpt

===========================================================================
Clock Skew (Setup)
============================================================================
%OL_METRIC_F clock__skew__worst_setup__corner:max_ss_100C_1v60 0.000000
======================= max_ss_100C_1v60 Corner ===================================

Clock clk
No launch/capture paths found.

%OL_END_REPORT
%OL_CREATE_REPORT ws.min.rpt

===========================================================================
Worst Slack (Hold)
============================================================================
%OL_METRIC_F timing__hold__ws__corner:max_ss_100C_1v60 5.670535
max_ss_100C_1v60: 5.670535
%OL_END_REPORT
%OL_CREATE_REPORT ws.max.rpt

===========================================================================
Worst Slack (Setup)
============================================================================
%OL_METRIC_F timing__setup__ws__corner:max_ss_100C_1v60 14.722335
max_ss_100C_1v60: 14.722335
%OL_END_REPORT
%OL_CREATE_REPORT tns.min.rpt

===========================================================================
Total Negative Slack (Hold)
============================================================================
%OL_METRIC_F timing__hold__tns__corner:max_ss_100C_1v60 0.000000
max_ss_100C_1v60: 0.000000
%OL_END_REPORT
%OL_CREATE_REPORT tns.max.rpt

===========================================================================
Total Negative Slack (Setup)
============================================================================
%OL_METRIC_F timing__setup__tns__corner:max_ss_100C_1v60 0.000000
max_ss_100C_1v60: 0.000000
%OL_END_REPORT
%OL_CREATE_REPORT wns.min.rpt

===========================================================================
Worst Negative Slack (Hold)
============================================================================
%OL_METRIC_F timing__hold__wns__corner:max_ss_100C_1v60 0
max_ss_100C_1v60: 0
%OL_END_REPORT
%OL_CREATE_REPORT wns.max.rpt

===========================================================================
Worst Negative Slack (Setup)
============================================================================
%OL_METRIC_F timing__setup__wns__corner:max_ss_100C_1v60 0.0
max_ss_100C_1v60: 0.0
%OL_END_REPORT
%OL_CREATE_REPORT violator_list.rpt

===========================================================================
Violator List
============================================================================
%OL_METRIC_I timing__hold_vio__count__corner:max_ss_100C_1v60 0
%OL_METRIC_F timing__hold_r2r__ws__corner:max_ss_100C_1v60 inf
%OL_METRIC_I timing__hold_r2r_vio__count__corner:max_ss_100C_1v60 0
%OL_METRIC_I timing__setup_vio__count__corner:max_ss_100C_1v60 0
%OL_METRIC_F timing__setup_r2r__ws__corner:max_ss_100C_1v60 inf
%OL_METRIC_I timing__setup_r2r_vio__count__corner:max_ss_100C_1v60 0
%OL_END_REPORT
Writing SDF files for all corners…
Removing Clock latencies before writing libs…
Writing timing models for all corners…
Writing timing models for the max_ss_100C_1v60 corner to /home/erwann/design_workspace/sky130A/HelloWorld/digital/comp32/runs/RUN_2024-05-09_16-54-40/51-openroad-stapostpnr/max_ss_100C_1v60/comp32__max_ss_100C_1v60.lib…
