
===========================================================================
report_checks -path_delay max (Setup)
============================================================================
======================= nom_tt_025C_1v80 Corner ===================================

Startpoint: a[30] (input port clocked by clk)
Endpoint: _228_ (rising edge-triggered flip-flop clocked by clk)
Path Group: clk
Path Type: max

Fanout         Cap        Slew       Delay        Time   Description
---------------------------------------------------------------------------------------------
                                  0.000000    0.000000   clock clk (rise edge)
                                  0.000000    0.000000   clock network delay (propagated)
                                  1.000000    1.000000 ^ input external delay
     2    0.007127    0.038646    0.024706    1.024706 ^ a[30] (in)
                                                         a[30] (net)
                      0.038646    0.000000    1.024706 ^ _133_/A_N (sky130_fd_sc_hd__and2b_2)
     2    0.004901    0.041191    0.208891    1.233597 v _133_/X (sky130_fd_sc_hd__and2b_2)
                                                         _099_ (net)
                      0.041191    0.000026    1.233623 v _137_/B1 (sky130_fd_sc_hd__a2111o_2)
     2    0.004123    0.067271    0.436692    1.670315 v _137_/X (sky130_fd_sc_hd__a2111o_2)
                                                         _103_ (net)
                      0.067271    0.000016    1.670331 v _141_/A (sky130_fd_sc_hd__or4b_2)
     3    0.006651    0.115246    0.692471    2.362802 v _141_/X (sky130_fd_sc_hd__or4b_2)
                                                         _107_ (net)
                      0.115246    0.000087    2.362889 v _152_/A (sky130_fd_sc_hd__or3_2)
     2    0.003913    0.081708    0.495577    2.858466 v _152_/X (sky130_fd_sc_hd__or3_2)
                                                         _005_ (net)
                      0.081708    0.000009    2.858475 v _163_/A (sky130_fd_sc_hd__or2_2)
     1    0.002288    0.052690    0.296619    3.155094 v _163_/X (sky130_fd_sc_hd__or2_2)
                                                         _016_ (net)
                      0.052690    0.000001    3.155095 v _227_/A1 (sky130_fd_sc_hd__o31a_2)
     1    0.002040    0.048032    0.330868    3.485963 v _227_/X (sky130_fd_sc_hd__o31a_2)
                                                         _000_ (net)
                      0.048032    0.000008    3.485971 v _228_/D (sky130_fd_sc_hd__dfxtp_2)
                                              3.485971   data arrival time

                                  5.000000    5.000000   clock clk (rise edge)
                                  0.000000    5.000000   clock source latency
     1    0.001877    0.016287    0.007061    5.007061 ^ clk (in)
                                                         clk (net)
                      0.016287    0.000000    5.007061 ^ _228_/CLK (sky130_fd_sc_hd__dfxtp_2)
                                 -0.250000    4.757061   clock uncertainty
                                  0.000000    4.757061   clock reconvergence pessimism
                                 -0.120918    4.636143   library setup time
                                              4.636143   data required time
---------------------------------------------------------------------------------------------
                                              4.636143   data required time
                                             -3.485971   data arrival time
---------------------------------------------------------------------------------------------
                                              1.150172   slack (MET)


Startpoint: _228_ (rising edge-triggered flip-flop clocked by clk)
Endpoint: z (output port clocked by clk)
Path Group: clk
Path Type: max

Fanout         Cap        Slew       Delay        Time   Description
---------------------------------------------------------------------------------------------
                                  0.000000    0.000000   clock clk (rise edge)
                                  0.000000    0.000000   clock source latency
     1    0.001877    0.016287    0.007062    0.007062 ^ clk (in)
                                                         clk (net)
                      0.016287    0.000000    0.007062 ^ _228_/CLK (sky130_fd_sc_hd__dfxtp_2)
     1    0.036054    0.185540    0.411829    0.418891 ^ _228_/Q (sky130_fd_sc_hd__dfxtp_2)
                                                         z (net)
                      0.185548    0.001040    0.419931 ^ z (out)
                                              0.419931   data arrival time

                                  5.000000    5.000000   clock clk (rise edge)
                                  0.000000    5.000000   clock network delay (propagated)
                                 -0.250000    4.750000   clock uncertainty
                                  0.000000    4.750000   clock reconvergence pessimism
                                 -1.000000    3.750000   output external delay
                                              3.750000   data required time
---------------------------------------------------------------------------------------------
                                              3.750000   data required time
                                             -0.419931   data arrival time
---------------------------------------------------------------------------------------------
                                              3.330069   slack (MET)



