
===========================================================================
report_checks -path_delay min (Hold)
============================================================================
======================= nom_tt_025C_1v80 Corner ===================================

Startpoint: _228_ (rising edge-triggered flip-flop clocked by clk)
Endpoint: z (output port clocked by clk)
Path Group: clk
Path Type: min

Fanout         Cap        Slew       Delay        Time   Description
---------------------------------------------------------------------------------------------
                                  0.000000    0.000000   clock clk (rise edge)
                                  0.000000    0.000000   clock source latency
     1    0.001877    0.016287    0.007062    0.007062 ^ clk (in)
                                                         clk (net)
                      0.016287    0.000000    0.007062 ^ _228_/CLK (sky130_fd_sc_hd__dfxtp_2)
     1    0.036054    0.090615    0.361382    0.368444 v _228_/Q (sky130_fd_sc_hd__dfxtp_2)
                                                         z (net)
                      0.090631    0.001039    0.369483 v z (out)
                                              0.369483   data arrival time

                                  0.000000    0.000000   clock clk (rise edge)
                                  0.000000    0.000000   clock network delay (propagated)
                                  0.250000    0.250000   clock uncertainty
                                  0.000000    0.250000   clock reconvergence pessimism
                                 -1.000000   -0.750000   output external delay
                                             -0.750000   data required time
---------------------------------------------------------------------------------------------
                                             -0.750000   data required time
                                             -0.369483   data arrival time
---------------------------------------------------------------------------------------------
                                              1.119483   slack (MET)


Startpoint: a[16] (input port clocked by clk)
Endpoint: _228_ (rising edge-triggered flip-flop clocked by clk)
Path Group: clk
Path Type: min

Fanout         Cap        Slew       Delay        Time   Description
---------------------------------------------------------------------------------------------
                                  0.000000    0.000000   clock clk (rise edge)
                                  0.000000    0.000000   clock network delay (propagated)
                                  1.000000    1.000000 ^ input external delay
     2    0.005664    0.032199    0.019999    1.019999 ^ a[16] (in)
                                                         a[16] (net)
                      0.032200    0.000000    1.019999 ^ _171_/B (sky130_fd_sc_hd__and2_2)
     1    0.001999    0.033324    0.119595    1.139594 ^ _171_/X (sky130_fd_sc_hd__and2_2)
                                                         _024_ (net)
                      0.033324    0.000008    1.139602 ^ _172_/C (sky130_fd_sc_hd__or4b_2)
     1    0.002953    0.032121    0.099462    1.239064 ^ _172_/X (sky130_fd_sc_hd__or4b_2)
                                                         _025_ (net)
                      0.032121    0.000014    1.239078 ^ _227_/A2 (sky130_fd_sc_hd__o31a_2)
     1    0.002033    0.029373    0.117717    1.356795 ^ _227_/X (sky130_fd_sc_hd__o31a_2)
                                                         _000_ (net)
                      0.029373    0.000008    1.356803 ^ _228_/D (sky130_fd_sc_hd__dfxtp_2)
                                              1.356803   data arrival time

                                  0.000000    0.000000   clock clk (rise edge)
                                  0.000000    0.000000   clock source latency
     1    0.001877    0.016287    0.007062    0.007062 ^ clk (in)
                                                         clk (net)
                      0.016287    0.000000    0.007062 ^ _228_/CLK (sky130_fd_sc_hd__dfxtp_2)
                                  0.250000    0.257062   clock uncertainty
                                  0.000000    0.257062   clock reconvergence pessimism
                                 -0.031722    0.225340   library hold time
                                              0.225340   data required time
---------------------------------------------------------------------------------------------
                                              0.225340   data required time
                                             -1.356803   data arrival time
---------------------------------------------------------------------------------------------
                                              1.131463   slack (MET)



