Starting…
Running 'Verilator.Lint'…
Logging subprocess to [repr.filename][link=file:///home/erwann/design_workspace/sky130A/HelloWorld/digital/comp32/runs/RUN_2024-05-09_16-56-29/01-verilator-lint/verilator-lint.log]runs/RUN_2024-05-09_16-56-29/01-verilator-lint/verilator-lint.log[/link][/repr.filename]…
Running 'Checker.LintTimingConstructs'…
Check for Lint Timing Errors clear.
Running 'Checker.LintErrors'…
Check for Lint errors clear.
Running 'Checker.LintWarnings'…
Check for Lint warnings clear.
Running 'Yosys.JsonHeader'…
Logging subprocess to [repr.filename][link=file:///home/erwann/design_workspace/sky130A/HelloWorld/digital/comp32/runs/RUN_2024-05-09_16-56-29/05-yosys-jsonheader/yosys-jsonheader.log]runs/RUN_2024-05-09_16-56-29/05-yosys-jsonheader/yosys-jsonheader.log[/link][/repr.filename]…
Running 'Yosys.Synthesis'…
Logging subprocess to [repr.filename][link=file:///home/erwann/design_workspace/sky130A/HelloWorld/digital/comp32/runs/RUN_2024-05-09_16-56-29/06-yosys-synthesis/yosys-synthesis.log]runs/RUN_2024-05-09_16-56-29/06-yosys-synthesis/yosys-synthesis.log[/link][/repr.filename]…
Parsing synthesis checks…
Running 'Checker.YosysUnmappedCells'…
Check for Unmapped Yosys instances clear.
Running 'Checker.YosysSynthChecks'…
Check for Yosys check errors clear.
Running 'OpenROAD.CheckSDCFiles'…
'PNR_SDC_FILE' is not defined. Using generic fallback SDC for OpenROAD PnR steps.
'SIGNOFF_SDC_FILE' is not defined. Using generic fallback SDC for OpenROAD PnR steps.
Running 'OpenROAD.CheckMacroInstances'…
No macros found, skipping instance check…
Running 'OpenROAD.STAPrePNR'…
Starting STA for the nom_tt_025C_1v80 timing corner…
Starting STA for the nom_ss_100C_1v60 timing corner…
Logging subprocess to [repr.filename][link=file:///home/erwann/design_workspace/sky130A/HelloWorld/digital/comp32/runs/RUN_2024-05-09_16-56-29/11-openroad-staprepnr/nom_tt_025C_1v80/sta.log]runs/RUN_2024-05-09_16-56-29/11-openroad-staprepnr/nom_tt_025C_1v80/sta.log[/link][/repr.filename]…
Starting STA for the nom_ff_n40C_1v95 timing corner…
Skipping corner min_tt_025C_1v80 for STA (identical to nom_tt_025C_1v80 at this stage)…
Logging subprocess to [repr.filename][link=file:///home/erwann/design_workspace/sky130A/HelloWorld/digital/comp32/runs/RUN_2024-05-09_16-56-29/11-openroad-staprepnr/nom_ff_n40C_1v95/sta.log]runs/RUN_2024-05-09_16-56-29/11-openroad-staprepnr/nom_ff_n40C_1v95/sta.log[/link][/repr.filename]…
Skipping corner min_ss_100C_1v60 for STA (identical to nom_ss_100C_1v60 at this stage)…
Logging subprocess to [repr.filename][link=file:///home/erwann/design_workspace/sky130A/HelloWorld/digital/comp32/runs/RUN_2024-05-09_16-56-29/11-openroad-staprepnr/nom_ss_100C_1v60/sta.log]runs/RUN_2024-05-09_16-56-29/11-openroad-staprepnr/nom_ss_100C_1v60/sta.log[/link][/repr.filename]…
Skipping corner min_ff_n40C_1v95 for STA (identical to nom_ff_n40C_1v95 at this stage)…
Skipping corner max_tt_025C_1v80 for STA (identical to nom_tt_025C_1v80 at this stage)…
Skipping corner max_ss_100C_1v60 for STA (identical to nom_ss_100C_1v60 at this stage)…
Skipping corner max_ff_n40C_1v95 for STA (identical to nom_ff_n40C_1v95 at this stage)…
Finished STA for the nom_tt_025C_1v80 timing corner.
Finished STA for the nom_ss_100C_1v60 timing corner.
Finished STA for the nom_ff_n40C_1v95 timing corner.
Running 'OpenROAD.Floorplan'…
Logging subprocess to [repr.filename][link=file:///home/erwann/design_workspace/sky130A/HelloWorld/digital/comp32/runs/RUN_2024-05-09_16-56-29/12-openroad-floorplan/openroad-floorplan.log]runs/RUN_2024-05-09_16-56-29/12-openroad-floorplan/openroad-floorplan.log[/link][/repr.filename]…
Running 'Odb.CheckMacroAntennaProperties'…
No cells provided, skipping…
Running 'Odb.SetPowerConnections'…
Logging subprocess to [repr.filename][link=file:///home/erwann/design_workspace/sky130A/HelloWorld/digital/comp32/runs/RUN_2024-05-09_16-56-29/14-odb-setpowerconnections/odb-setpowerconnections.log]runs/RUN_2024-05-09_16-56-29/14-odb-setpowerconnections/odb-setpowerconnections.log[/link][/repr.filename]…
Running 'Odb.ManualMacroPlacement'…
No instances found, skipping 'Odb.ManualMacroPlacement'…
Running 'OpenROAD.CutRows'…
Logging subprocess to [repr.filename][link=file:///home/erwann/design_workspace/sky130A/HelloWorld/digital/comp32/runs/RUN_2024-05-09_16-56-29/16-openroad-cutrows/openroad-cutrows.log]runs/RUN_2024-05-09_16-56-29/16-openroad-cutrows/openroad-cutrows.log[/link][/repr.filename]…
Running 'OpenROAD.TapEndcapInsertion'…
Logging subprocess to [repr.filename][link=file:///home/erwann/design_workspace/sky130A/HelloWorld/digital/comp32/runs/RUN_2024-05-09_16-56-29/17-openroad-tapendcapinsertion/openroad-tapendcapinsertion.log]runs/RUN_2024-05-09_16-56-29/17-openroad-tapendcapinsertion/openroad-tapendcapinsertion.log[/link][/repr.filename]…
Running 'Odb.AddPDNObstructions'…
'PDN_OBSTRUCTIONS' is not defined. Skipping 'Odb.AddPDNObstructions'…
Running 'OpenROAD.GeneratePDN'…
'FP_PDN_CFG' not explicitly set, setting it to /nix/store/hwxq78ix5dm1zxacgmyfrlkgn2vq15hz-python3-3.11.6-env/lib/python3.11/site-packages/openlane/scripts/openroad/common/pdn_cfg.tcl…
Logging subprocess to [repr.filename][link=file:///home/erwann/design_workspace/sky130A/HelloWorld/digital/comp32/runs/RUN_2024-05-09_16-56-29/19-openroad-generatepdn/openroad-generatepdn.log]runs/RUN_2024-05-09_16-56-29/19-openroad-generatepdn/openroad-generatepdn.log[/link][/repr.filename]…
Running 'Odb.RemovePDNObstructions'…
'PDN_OBSTRUCTIONS' is not defined. Skipping 'Odb.RemovePDNObstructions'…
Running 'Odb.AddRoutingObstructions'…
'ROUTING_OBSTRUCTIONS' is not defined. Skipping 'Odb.AddRoutingObstructions'…
Running 'OpenROAD.GlobalPlacementSkipIO'…
'PL_TARGET_DENSITY_PCT' not explicitly set, using dynamically calculated target density: 21.797200…
Logging subprocess to [repr.filename][link=file:///home/erwann/design_workspace/sky130A/HelloWorld/digital/comp32/runs/RUN_2024-05-09_16-56-29/22-openroad-globalplacementskipio/openroad-globalplacementskipio.log]runs/RUN_2024-05-09_16-56-29/22-openroad-globalplacementskipio/openroad-globalplacementskipio.log[/link][/repr.filename]…
Running 'OpenROAD.IOPlacement'…
Logging subprocess to [repr.filename][link=file:///home/erwann/design_workspace/sky130A/HelloWorld/digital/comp32/runs/RUN_2024-05-09_16-56-29/23-openroad-ioplacement/openroad-ioplacement.log]runs/RUN_2024-05-09_16-56-29/23-openroad-ioplacement/openroad-ioplacement.log[/link][/repr.filename]…
Running 'Odb.CustomIOPlacement'…
No custom floorplan file configured, skipping…
Running 'Odb.ApplyDEFTemplate'…
No DEF template provided, skipping…
Running 'OpenROAD.GlobalPlacement'…
'PL_TARGET_DENSITY_PCT' not explicitly set, using dynamically calculated target density: 21.797200…
Logging subprocess to [repr.filename][link=file:///home/erwann/design_workspace/sky130A/HelloWorld/digital/comp32/runs/RUN_2024-05-09_16-56-29/26-openroad-globalplacement/openroad-globalplacement.log]runs/RUN_2024-05-09_16-56-29/26-openroad-globalplacement/openroad-globalplacement.log[/link][/repr.filename]…
Running 'Odb.WriteVerilogHeader'…
Logging subprocess to [repr.filename][link=file:///home/erwann/design_workspace/sky130A/HelloWorld/digital/comp32/runs/RUN_2024-05-09_16-56-29/27-odb-writeverilogheader/odb-writeverilogheader.log]runs/RUN_2024-05-09_16-56-29/27-odb-writeverilogheader/odb-writeverilogheader.log[/link][/repr.filename]…
Running 'Checker.PowerGridViolations'…
Check for power grid violations (as reported by OpenROAD PSM- you may ignore these if LVS passes) clear.
Running 'OpenROAD.STAMidPNR'…
Logging subprocess to [repr.filename][link=file:///home/erwann/design_workspace/sky130A/HelloWorld/digital/comp32/runs/RUN_2024-05-09_16-56-29/29-openroad-stamidpnr/openroad-stamidpnr.log]runs/RUN_2024-05-09_16-56-29/29-openroad-stamidpnr/openroad-stamidpnr.log[/link][/repr.filename]…
Running 'OpenROAD.RepairDesignPostGPL'…
Logging subprocess to [repr.filename][link=file:///home/erwann/design_workspace/sky130A/HelloWorld/digital/comp32/runs/RUN_2024-05-09_16-56-29/30-openroad-repairdesignpostgpl/openroad-repairdesignpostgpl.log]runs/RUN_2024-05-09_16-56-29/30-openroad-repairdesignpostgpl/openroad-repairdesignpostgpl.log[/link][/repr.filename]…
Running 'OpenROAD.DetailedPlacement'…
Logging subprocess to [repr.filename][link=file:///home/erwann/design_workspace/sky130A/HelloWorld/digital/comp32/runs/RUN_2024-05-09_16-56-29/31-openroad-detailedplacement/openroad-detailedplacement.log]runs/RUN_2024-05-09_16-56-29/31-openroad-detailedplacement/openroad-detailedplacement.log[/link][/repr.filename]…
Running 'OpenROAD.CTS'…
Logging subprocess to [repr.filename][link=file:///home/erwann/design_workspace/sky130A/HelloWorld/digital/comp32/runs/RUN_2024-05-09_16-56-29/32-openroad-cts/openroad-cts.log]runs/RUN_2024-05-09_16-56-29/32-openroad-cts/openroad-cts.log[/link][/repr.filename]…
[CTS-0041] Net "clk" has 1 sinks. Skipping...
[CTS-0083] No clock nets have been found.
[CTS-0082] No valid clock nets in the design.
Running 'OpenROAD.STAMidPNR-1'…
Logging subprocess to [repr.filename][link=file:///home/erwann/design_workspace/sky130A/HelloWorld/digital/comp32/runs/RUN_2024-05-09_16-56-29/33-openroad-stamidpnr-1/openroad-stamidpnr-1.log]runs/RUN_2024-05-09_16-56-29/33-openroad-stamidpnr-1/openroad-stamidpnr-1.log[/link][/repr.filename]…
Running 'OpenROAD.ResizerTimingPostCTS'…
Logging subprocess to [repr.filename][link=file:///home/erwann/design_workspace/sky130A/HelloWorld/digital/comp32/runs/RUN_2024-05-09_16-56-29/34-openroad-resizertimingpostcts/openroad-resizertimingpostcts.log]runs/RUN_2024-05-09_16-56-29/34-openroad-resizertimingpostcts/openroad-resizertimingpostcts.log[/link][/repr.filename]…
Running 'OpenROAD.STAMidPNR-2'…
Logging subprocess to [repr.filename][link=file:///home/erwann/design_workspace/sky130A/HelloWorld/digital/comp32/runs/RUN_2024-05-09_16-56-29/35-openroad-stamidpnr-2/openroad-stamidpnr-2.log]runs/RUN_2024-05-09_16-56-29/35-openroad-stamidpnr-2/openroad-stamidpnr-2.log[/link][/repr.filename]…
Running 'OpenROAD.GlobalRouting'…
Logging subprocess to [repr.filename][link=file:///home/erwann/design_workspace/sky130A/HelloWorld/digital/comp32/runs/RUN_2024-05-09_16-56-29/36-openroad-globalrouting/openroad-globalrouting.log]runs/RUN_2024-05-09_16-56-29/36-openroad-globalrouting/openroad-globalrouting.log[/link][/repr.filename]…
Running 'OpenROAD.CheckAntennas'…
Logging subprocess to [repr.filename][link=file:///home/erwann/design_workspace/sky130A/HelloWorld/digital/comp32/runs/RUN_2024-05-09_16-56-29/37-openroad-checkantennas/openroad-checkantennas.log]runs/RUN_2024-05-09_16-56-29/37-openroad-checkantennas/openroad-checkantennas.log[/link][/repr.filename]…
Gating variable for step 'OpenROAD.RepairDesignPostGRT' set to 'False'- the step will be skipped.
Skipping step 'Repair Design (Post-Global Routing)'…
Running 'Odb.DiodesOnPorts'…
'DIODE_ON_PORTS' is set to 'none': skipping…
Gating variable for step 'Odb.HeuristicDiodeInsertion' set to 'False'- the step will be skipped.
Skipping step 'Heuristic Diode Insertion'…
Running 'OpenROAD.RepairAntennas'…
Running 'DiodeInsertion'…
Logging subprocess to [repr.filename][link=file:///home/erwann/design_workspace/sky130A/HelloWorld/digital/comp32/runs/RUN_2024-05-09_16-56-29/39-openroad-repairantennas/1-diodeinsertion/diodeinsertion.log]runs/RUN_2024-05-09_16-56-29/39-openroad-repairantennas/1-diodeinsertion/diodeinsertion.log[/link][/repr.filename]…
Running 'OpenROAD.CheckAntennas'…
Logging subprocess to [repr.filename][link=file:///home/erwann/design_workspace/sky130A/HelloWorld/digital/comp32/runs/RUN_2024-05-09_16-56-29/39-openroad-repairantennas/2-openroad-checkantennas/openroad-checkantennas.log]runs/RUN_2024-05-09_16-56-29/39-openroad-repairantennas/2-openroad-checkantennas/openroad-checkantennas.log[/link][/repr.filename]…
Gating variable for step 'OpenROAD.ResizerTimingPostGRT' set to 'False'- the step will be skipped.
Skipping step 'Resizer Timing Optimizations (Post-Global Routing)'…
Running 'OpenROAD.STAMidPNR-3'…
Logging subprocess to [repr.filename][link=file:///home/erwann/design_workspace/sky130A/HelloWorld/digital/comp32/runs/RUN_2024-05-09_16-56-29/40-openroad-stamidpnr-3/openroad-stamidpnr-3.log]runs/RUN_2024-05-09_16-56-29/40-openroad-stamidpnr-3/openroad-stamidpnr-3.log[/link][/repr.filename]…
Running 'OpenROAD.DetailedRouting'…
Running TritonRoute with 8 threads…
Logging subprocess to [repr.filename][link=file:///home/erwann/design_workspace/sky130A/HelloWorld/digital/comp32/runs/RUN_2024-05-09_16-56-29/41-openroad-detailedrouting/openroad-detailedrouting.log]runs/RUN_2024-05-09_16-56-29/41-openroad-detailedrouting/openroad-detailedrouting.log[/link][/repr.filename]…
[DRT-0349] LEF58_ENCLOSURE with no CUTCLASS is not supported. Skipping for layer mcon
[DRT-0349] LEF58_ENCLOSURE with no CUTCLASS is not supported. Skipping for layer mcon
[DRT-0349] LEF58_ENCLOSURE with no CUTCLASS is not supported. Skipping for layer via
[DRT-0349] LEF58_ENCLOSURE with no CUTCLASS is not supported. Skipping for layer via
[DRT-0349] LEF58_ENCLOSURE with no CUTCLASS is not supported. Skipping for layer via2
[DRT-0349] LEF58_ENCLOSURE with no CUTCLASS is not supported. Skipping for layer via2
[DRT-0349] LEF58_ENCLOSURE with no CUTCLASS is not supported. Skipping for layer via3
[DRT-0349] LEF58_ENCLOSURE with no CUTCLASS is not supported. Skipping for layer via3
[DRT-0349] LEF58_ENCLOSURE with no CUTCLASS is not supported. Skipping for layer via4
[DRT-0349] LEF58_ENCLOSURE with no CUTCLASS is not supported. Skipping for layer via4
Running 'Odb.RemoveRoutingObstructions'…
'ROUTING_OBSTRUCTIONS' is not defined. Skipping 'Odb.RemoveRoutingObstructions'…
Running 'OpenROAD.CheckAntennas-1'…
Logging subprocess to [repr.filename][link=file:///home/erwann/design_workspace/sky130A/HelloWorld/digital/comp32/runs/RUN_2024-05-09_16-56-29/43-openroad-checkantennas-1/openroad-checkantennas-1.log]runs/RUN_2024-05-09_16-56-29/43-openroad-checkantennas-1/openroad-checkantennas-1.log[/link][/repr.filename]…
Running 'Checker.TrDRC'…
Check for Routing DRC errors clear.
Running 'Odb.ReportDisconnectedPins'…
Logging subprocess to [repr.filename][link=file:///home/erwann/design_workspace/sky130A/HelloWorld/digital/comp32/runs/RUN_2024-05-09_16-56-29/45-odb-reportdisconnectedpins/odb-reportdisconnectedpins.log]runs/RUN_2024-05-09_16-56-29/45-odb-reportdisconnectedpins/odb-reportdisconnectedpins.log[/link][/repr.filename]…
Running 'Checker.DisconnectedPins'…
Check for critical disconnected pins clear.
Running 'Odb.ReportWireLength'…
Logging subprocess to [repr.filename][link=file:///home/erwann/design_workspace/sky130A/HelloWorld/digital/comp32/runs/RUN_2024-05-09_16-56-29/47-odb-reportwirelength/odb-reportwirelength.log]runs/RUN_2024-05-09_16-56-29/47-odb-reportwirelength/odb-reportwirelength.log[/link][/repr.filename]…
Running 'Checker.WireLength'…
Threshold for Threshold-surpassing long wires is not set. The checker will be skipped.
Running 'OpenROAD.FillInsertion'…
Logging subprocess to [repr.filename][link=file:///home/erwann/design_workspace/sky130A/HelloWorld/digital/comp32/runs/RUN_2024-05-09_16-56-29/49-openroad-fillinsertion/openroad-fillinsertion.log]runs/RUN_2024-05-09_16-56-29/49-openroad-fillinsertion/openroad-fillinsertion.log[/link][/repr.filename]…
Running 'OpenROAD.RCX'…
Running RCX for corners matching nom_* (/home/erwann/design_workspace/sky130A/HelloWorld/digital/comp32/runs/RUN_2024-05-09_16-56-29/50-openroad-rcx/nom/rcx.log)…
Running RCX for corners matching min_* (/home/erwann/design_workspace/sky130A/HelloWorld/digital/comp32/runs/RUN_2024-05-09_16-56-29/50-openroad-rcx/min/rcx.log)…
Running RCX for corners matching max_* (/home/erwann/design_workspace/sky130A/HelloWorld/digital/comp32/runs/RUN_2024-05-09_16-56-29/50-openroad-rcx/max/rcx.log)…
Logging subprocess to [repr.filename][link=file:///home/erwann/design_workspace/sky130A/HelloWorld/digital/comp32/runs/RUN_2024-05-09_16-56-29/50-openroad-rcx/nom/rcx.log]runs/RUN_2024-05-09_16-56-29/50-openroad-rcx/nom/rcx.log[/link][/repr.filename]…
Logging subprocess to [repr.filename][link=file:///home/erwann/design_workspace/sky130A/HelloWorld/digital/comp32/runs/RUN_2024-05-09_16-56-29/50-openroad-rcx/min/rcx.log]runs/RUN_2024-05-09_16-56-29/50-openroad-rcx/min/rcx.log[/link][/repr.filename]…
Logging subprocess to [repr.filename][link=file:///home/erwann/design_workspace/sky130A/HelloWorld/digital/comp32/runs/RUN_2024-05-09_16-56-29/50-openroad-rcx/max/rcx.log]runs/RUN_2024-05-09_16-56-29/50-openroad-rcx/max/rcx.log[/link][/repr.filename]…
Finished RCX for corners matching min_*.
Finished RCX for corners matching max_*.
Finished RCX for corners matching nom_*.
Running 'OpenROAD.STAPostPNR'…
Starting STA for the nom_tt_025C_1v80 timing corner…
Starting STA for the nom_ss_100C_1v60 timing corner…
Starting STA for the nom_ff_n40C_1v95 timing corner…
Logging subprocess to [repr.filename][link=file:///home/erwann/design_workspace/sky130A/HelloWorld/digital/comp32/runs/RUN_2024-05-09_16-56-29/51-openroad-stapostpnr/nom_tt_025C_1v80/sta.log]runs/RUN_2024-05-09_16-56-29/51-openroad-stapostpnr/nom_tt_025C_1v80/sta.log[/link][/repr.filename]…
Starting STA for the min_tt_025C_1v80 timing corner…
Logging subprocess to [repr.filename][link=file:///home/erwann/design_workspace/sky130A/HelloWorld/digital/comp32/runs/RUN_2024-05-09_16-56-29/51-openroad-stapostpnr/nom_ss_100C_1v60/sta.log]runs/RUN_2024-05-09_16-56-29/51-openroad-stapostpnr/nom_ss_100C_1v60/sta.log[/link][/repr.filename]…
Starting STA for the min_ss_100C_1v60 timing corner…
Starting STA for the min_ff_n40C_1v95 timing corner…
Starting STA for the max_tt_025C_1v80 timing corner…
Logging subprocess to [repr.filename][link=file:///home/erwann/design_workspace/sky130A/HelloWorld/digital/comp32/runs/RUN_2024-05-09_16-56-29/51-openroad-stapostpnr/nom_ff_n40C_1v95/sta.log]runs/RUN_2024-05-09_16-56-29/51-openroad-stapostpnr/nom_ff_n40C_1v95/sta.log[/link][/repr.filename]…
Starting STA for the max_ss_100C_1v60 timing corner…
Logging subprocess to [repr.filename][link=file:///home/erwann/design_workspace/sky130A/HelloWorld/digital/comp32/runs/RUN_2024-05-09_16-56-29/51-openroad-stapostpnr/min_tt_025C_1v80/sta.log]runs/RUN_2024-05-09_16-56-29/51-openroad-stapostpnr/min_tt_025C_1v80/sta.log[/link][/repr.filename]…
Logging subprocess to [repr.filename][link=file:///home/erwann/design_workspace/sky130A/HelloWorld/digital/comp32/runs/RUN_2024-05-09_16-56-29/51-openroad-stapostpnr/min_ss_100C_1v60/sta.log]runs/RUN_2024-05-09_16-56-29/51-openroad-stapostpnr/min_ss_100C_1v60/sta.log[/link][/repr.filename]…
Logging subprocess to [repr.filename][link=file:///home/erwann/design_workspace/sky130A/HelloWorld/digital/comp32/runs/RUN_2024-05-09_16-56-29/51-openroad-stapostpnr/max_tt_025C_1v80/sta.log]runs/RUN_2024-05-09_16-56-29/51-openroad-stapostpnr/max_tt_025C_1v80/sta.log[/link][/repr.filename]…
Logging subprocess to [repr.filename][link=file:///home/erwann/design_workspace/sky130A/HelloWorld/digital/comp32/runs/RUN_2024-05-09_16-56-29/51-openroad-stapostpnr/max_ss_100C_1v60/sta.log]runs/RUN_2024-05-09_16-56-29/51-openroad-stapostpnr/max_ss_100C_1v60/sta.log[/link][/repr.filename]…
Logging subprocess to [repr.filename][link=file:///home/erwann/design_workspace/sky130A/HelloWorld/digital/comp32/runs/RUN_2024-05-09_16-56-29/51-openroad-stapostpnr/min_ff_n40C_1v95/sta.log]runs/RUN_2024-05-09_16-56-29/51-openroad-stapostpnr/min_ff_n40C_1v95/sta.log[/link][/repr.filename]…
Finished STA for the nom_tt_025C_1v80 timing corner.
Logging subprocess to [repr.filename][link=file:///home/erwann/design_workspace/sky130A/HelloWorld/digital/comp32/runs/RUN_2024-05-09_16-56-29/51-openroad-stapostpnr/nom_tt_025C_1v80/filter_unannotated.log]runs/RUN_2024-05-09_16-56-29/51-openroad-stapostpnr/nom_tt_025C_1v80/filter_unannotated.log[/link][/repr.filename]…
Finished STA for the nom_ss_100C_1v60 timing corner.
Finished STA for the min_ss_100C_1v60 timing corner.
Finished STA for the max_tt_025C_1v80 timing corner.
Finished STA for the min_tt_025C_1v80 timing corner.
Logging subprocess to [repr.filename][link=file:///home/erwann/design_workspace/sky130A/HelloWorld/digital/comp32/runs/RUN_2024-05-09_16-56-29/51-openroad-stapostpnr/nom_ss_100C_1v60/filter_unannotated.log]runs/RUN_2024-05-09_16-56-29/51-openroad-stapostpnr/nom_ss_100C_1v60/filter_unannotated.log[/link][/repr.filename]…
Finished STA for the max_ss_100C_1v60 timing corner.
Logging subprocess to [repr.filename][link=file:///home/erwann/design_workspace/sky130A/HelloWorld/digital/comp32/runs/RUN_2024-05-09_16-56-29/51-openroad-stapostpnr/min_tt_025C_1v80/filter_unannotated.log]runs/RUN_2024-05-09_16-56-29/51-openroad-stapostpnr/min_tt_025C_1v80/filter_unannotated.log[/link][/repr.filename]…
Logging subprocess to [repr.filename][link=file:///home/erwann/design_workspace/sky130A/HelloWorld/digital/comp32/runs/RUN_2024-05-09_16-56-29/51-openroad-stapostpnr/max_tt_025C_1v80/filter_unannotated.log]runs/RUN_2024-05-09_16-56-29/51-openroad-stapostpnr/max_tt_025C_1v80/filter_unannotated.log[/link][/repr.filename]…
Logging subprocess to [repr.filename][link=file:///home/erwann/design_workspace/sky130A/HelloWorld/digital/comp32/runs/RUN_2024-05-09_16-56-29/51-openroad-stapostpnr/min_ss_100C_1v60/filter_unannotated.log]runs/RUN_2024-05-09_16-56-29/51-openroad-stapostpnr/min_ss_100C_1v60/filter_unannotated.log[/link][/repr.filename]…
Logging subprocess to [repr.filename][link=file:///home/erwann/design_workspace/sky130A/HelloWorld/digital/comp32/runs/RUN_2024-05-09_16-56-29/51-openroad-stapostpnr/max_ss_100C_1v60/filter_unannotated.log]runs/RUN_2024-05-09_16-56-29/51-openroad-stapostpnr/max_ss_100C_1v60/filter_unannotated.log[/link][/repr.filename]…
Starting STA for the max_ff_n40C_1v95 timing corner…
Logging subprocess to [repr.filename][link=file:///home/erwann/design_workspace/sky130A/HelloWorld/digital/comp32/runs/RUN_2024-05-09_16-56-29/51-openroad-stapostpnr/max_ff_n40C_1v95/sta.log]runs/RUN_2024-05-09_16-56-29/51-openroad-stapostpnr/max_ff_n40C_1v95/sta.log[/link][/repr.filename]…
Finished STA for the nom_ff_n40C_1v95 timing corner.
Logging subprocess to [repr.filename][link=file:///home/erwann/design_workspace/sky130A/HelloWorld/digital/comp32/runs/RUN_2024-05-09_16-56-29/51-openroad-stapostpnr/nom_ff_n40C_1v95/filter_unannotated.log]runs/RUN_2024-05-09_16-56-29/51-openroad-stapostpnr/nom_ff_n40C_1v95/filter_unannotated.log[/link][/repr.filename]…
Finished STA for the min_ff_n40C_1v95 timing corner.
Logging subprocess to [repr.filename][link=file:///home/erwann/design_workspace/sky130A/HelloWorld/digital/comp32/runs/RUN_2024-05-09_16-56-29/51-openroad-stapostpnr/min_ff_n40C_1v95/filter_unannotated.log]runs/RUN_2024-05-09_16-56-29/51-openroad-stapostpnr/min_ff_n40C_1v95/filter_unannotated.log[/link][/repr.filename]…
Finished STA for the max_ff_n40C_1v95 timing corner.
Logging subprocess to [repr.filename][link=file:///home/erwann/design_workspace/sky130A/HelloWorld/digital/comp32/runs/RUN_2024-05-09_16-56-29/51-openroad-stapostpnr/max_ff_n40C_1v95/filter_unannotated.log]runs/RUN_2024-05-09_16-56-29/51-openroad-stapostpnr/max_ff_n40C_1v95/filter_unannotated.log[/link][/repr.filename]…
Running 'OpenROAD.IRDropReport'…
'VSRC_LOC_FILES' was not given a value, which may make the results of IR drop analysis inaccurate. If you are not integrating a top-level chip for manufacture, you may ignore this warning, otherwise, see the documentation for 'VSRC_LOC_FILES'.
Logging subprocess to [repr.filename][link=file:///home/erwann/design_workspace/sky130A/HelloWorld/digital/comp32/runs/RUN_2024-05-09_16-56-29/52-openroad-irdropreport/openroad-irdropreport.log]runs/RUN_2024-05-09_16-56-29/52-openroad-irdropreport/openroad-irdropreport.log[/link][/repr.filename]…
[INFO PSM-0040] All shapes on net vdd are connected.
########## IR report #################
Net              : vdd
Corner           : nom_tt_025C_1v80
Supply voltage   : 1.80e+00 V
Worstcase voltage: 1.80e+00 V
Average voltage  : 1.80e+00 V
Average IR drop  : 4.60e-06 V
Worstcase IR drop: 1.76e-05 V
Percentage drop  : 0.00 %
######################################
[INFO PSM-0040] All shapes on net vss are connected.
########## IR report #################
Net              : vss
Corner           : nom_tt_025C_1v80
Supply voltage   : 0.00e+00 V
Worstcase voltage: 1.46e-05 V
Average voltage  : 4.20e-06 V
Average IR drop  : 4.20e-06 V
Worstcase IR drop: 1.46e-05 V
Percentage drop  : 0.00 %
######################################

Running 'Magic.StreamOut'…
Logging subprocess to [repr.filename][link=file:///home/erwann/design_workspace/sky130A/HelloWorld/digital/comp32/runs/RUN_2024-05-09_16-56-29/53-magic-streamout/magic-streamout.log]runs/RUN_2024-05-09_16-56-29/53-magic-streamout/magic-streamout.log[/link][/repr.filename]…
Running 'KLayout.StreamOut'…
Logging subprocess to [repr.filename][link=file:///home/erwann/design_workspace/sky130A/HelloWorld/digital/comp32/runs/RUN_2024-05-09_16-56-29/54-klayout-streamout/klayout-streamout.log]runs/RUN_2024-05-09_16-56-29/54-klayout-streamout/klayout-streamout.log[/link][/repr.filename]…
Running 'Magic.WriteLEF'…
Logging subprocess to [repr.filename][link=file:///home/erwann/design_workspace/sky130A/HelloWorld/digital/comp32/runs/RUN_2024-05-09_16-56-29/55-magic-writelef/magic-writelef.log]runs/RUN_2024-05-09_16-56-29/55-magic-writelef/magic-writelef.log[/link][/repr.filename]…
Running 'Odb.CheckDesignAntennaProperties'…
Logging subprocess to [repr.filename][link=file:///home/erwann/design_workspace/sky130A/HelloWorld/digital/comp32/runs/RUN_2024-05-09_16-56-29/56-odb-checkdesignantennaproperties/odb-checkdesignantennaproperties.log]runs/RUN_2024-05-09_16-56-29/56-odb-checkdesignantennaproperties/odb-checkdesignantennaproperties.log[/link][/repr.filename]…
Running 'KLayout.XOR'…
Running XOR with 8 threads…
Logging subprocess to [repr.filename][link=file:///home/erwann/design_workspace/sky130A/HelloWorld/digital/comp32/runs/RUN_2024-05-09_16-56-29/57-klayout-xor/klayout-xor.log]runs/RUN_2024-05-09_16-56-29/57-klayout-xor/klayout-xor.log[/link][/repr.filename]…
Running 'Checker.XOR'…
Check for XOR differences clear.
Running 'Magic.DRC'…
Logging subprocess to [repr.filename][link=file:///home/erwann/design_workspace/sky130A/HelloWorld/digital/comp32/runs/RUN_2024-05-09_16-56-29/59-magic-drc/magic-drc.log]runs/RUN_2024-05-09_16-56-29/59-magic-drc/magic-drc.log[/link][/repr.filename]…
Running 'KLayout.DRC'…
Running KLayout DRC with 8 threads…
Logging subprocess to [repr.filename][link=file:///home/erwann/design_workspace/sky130A/HelloWorld/digital/comp32/runs/RUN_2024-05-09_16-56-29/60-klayout-drc/klayout-drc.log]runs/RUN_2024-05-09_16-56-29/60-klayout-drc/klayout-drc.log[/link][/repr.filename]…
Logging subprocess to [repr.filename][link=file:///home/erwann/design_workspace/sky130A/HelloWorld/digital/comp32/runs/RUN_2024-05-09_16-56-29/60-klayout-drc/xml_drc_report_to_json.log]runs/RUN_2024-05-09_16-56-29/60-klayout-drc/xml_drc_report_to_json.log[/link][/repr.filename]…
Running 'Checker.MagicDRC'…
Check for Magic DRC errors clear.
Running 'Checker.KLayoutDRC'…
Check for KLayout DRC errors clear.
Running 'Magic.SpiceExtraction'…
Logging subprocess to [repr.filename][link=file:///home/erwann/design_workspace/sky130A/HelloWorld/digital/comp32/runs/RUN_2024-05-09_16-56-29/63-magic-spiceextraction/magic-spiceextraction.log]runs/RUN_2024-05-09_16-56-29/63-magic-spiceextraction/magic-spiceextraction.log[/link][/repr.filename]…
Running 'Checker.IllegalOverlap'…
Check for Magic Illegal Overlap errors clear.
Running 'Netgen.LVS'…
Logging subprocess to [repr.filename][link=file:///home/erwann/design_workspace/sky130A/HelloWorld/digital/comp32/runs/RUN_2024-05-09_16-56-29/65-netgen-lvs/netgen-lvs.log]runs/RUN_2024-05-09_16-56-29/65-netgen-lvs/netgen-lvs.log[/link][/repr.filename]…
Running 'Checker.LVS'…
Check for LVS errors clear.
Gating variable for step 'Yosys.EQY' set to 'False'- the step will be skipped.
Skipping step 'Equivalence Check'…
Running 'Checker.SetupViolations'…
No setup violations found
Running 'Checker.HoldViolations'…
No hold violations found
Running 'Checker.MaxSlewViolations'…
No max slew violations found
Running 'Checker.MaxCapViolations'…
No max cap violations found
Running 'Misc.ReportManufacturability'…
Saving views to '/home/erwann/design_workspace/sky130A/HelloWorld/digital/comp32/runs/RUN_2024-05-09_16-56-29/final'…
Flow complete.
