47. Printing statistics.

=== comp32 ===

   Number of wires:                155
   Number of wire bits:            217
   Number of public wires:           4
   Number of public wire bits:      66
   Number of memories:               0
   Number of memory bits:            0
   Number of processes:              0
   Number of cells:                152
     $_ANDNOT_                      77
     $_DFF_P_                        1
     $_ORNOT_                       32
     $_OR_                          11
     $_XNOR_                         9
     $_XOR_                         22

   Area for cell type $_OR_ is unknown!
   Area for cell type $_XOR_ is unknown!
   Area for cell type $_XNOR_ is unknown!
   Area for cell type $_ANDNOT_ is unknown!
   Area for cell type $_ORNOT_ is unknown!
   Area for cell type $_DFF_P_ is unknown!

