
===========================================================================
report_checks -unconstrained
===========================================================================
======================= nom_tt_025C_1v80 Corner ===================================

Startpoint: a[30] (input port clocked by clk)
Endpoint: _228_ (rising edge-triggered flip-flop clocked by clk)
Path Group: clk
Path Type: max

Fanout         Cap        Slew       Delay        Time   Description
---------------------------------------------------------------------------------------------
                                  0.000000    0.000000   clock clk (rise edge)
                                  0.000000    0.000000   clock network delay (propagated)
                                  5.000000    5.000000 ^ input external delay
     1    0.002849    0.019945    0.010470    5.010470 ^ a[30] (in)
                                                         a[30] (net)
                      0.019945    0.000000    5.010470 ^ input24/A (sky130_fd_sc_hd__buf_1)
     2    0.006793    0.091049    0.103822    5.114293 ^ input24/X (sky130_fd_sc_hd__buf_1)
                                                         net24 (net)
                      0.091049    0.000026    5.114318 ^ _133_/A_N (sky130_fd_sc_hd__and2b_1)
     2    0.005281    0.044082    0.194005    5.308323 v _133_/X (sky130_fd_sc_hd__and2b_1)
                                                         _099_ (net)
                      0.044082    0.000032    5.308355 v _137_/B1 (sky130_fd_sc_hd__a2111o_1)
     2    0.004132    0.068139    0.384573    5.692928 v _137_/X (sky130_fd_sc_hd__a2111o_1)
                                                         _103_ (net)
                      0.068139    0.000017    5.692945 v _141_/A (sky130_fd_sc_hd__or4b_1)
     3    0.006746    0.107949    0.555656    6.248600 v _141_/X (sky130_fd_sc_hd__or4b_1)
                                                         _107_ (net)
                      0.107949    0.000072    6.248673 v _152_/A (sky130_fd_sc_hd__or3_1)
     2    0.004520    0.074680    0.397119    6.645792 v _152_/X (sky130_fd_sc_hd__or3_1)
                                                         _005_ (net)
                      0.074680    0.000027    6.645819 v _163_/A (sky130_fd_sc_hd__or2_1)
     1    0.002503    0.047426    0.228572    6.874391 v _163_/X (sky130_fd_sc_hd__or2_1)
                                                         _016_ (net)
                      0.047426    0.000007    6.874398 v _227_/A1 (sky130_fd_sc_hd__o31a_1)
     1    0.002134    0.044505    0.282321    7.156719 v _227_/X (sky130_fd_sc_hd__o31a_1)
                                                         _000_ (net)
                      0.044505    0.000010    7.156729 v _228_/D (sky130_fd_sc_hd__dfxtp_1)
                                              7.156729   data arrival time

                                 25.000000   25.000000   clock clk (rise edge)
                                  0.000000   25.000000   clock source latency
     1    0.001877    0.016287    0.007061   25.007061 ^ clk (in)
                                                         clk (net)
                      0.016287    0.000000   25.007061 ^ _228_/CLK (sky130_fd_sc_hd__dfxtp_1)
                                 -0.250000   24.757061   clock uncertainty
                                  0.000000   24.757061   clock reconvergence pessimism
                                 -0.117021   24.640039   library setup time
                                             24.640039   data required time
---------------------------------------------------------------------------------------------
                                             24.640039   data required time
                                             -7.156729   data arrival time
---------------------------------------------------------------------------------------------
                                             17.483311   slack (MET)




===========================================================================
report_checks --slack_max -0.01
============================================================================
======================= nom_tt_025C_1v80 Corner ===================================

No paths found.


===========================================================================
 report_check_types -max_slew -max_cap -max_fanout -violators
============================================================================
======================= nom_tt_025C_1v80 Corner ===================================



===========================================================================
report_parasitic_annotation -report_unannotated
============================================================================
Found 245 unannotated drivers.
 a[0]
 a[10]
 a[11]
 a[12]
 a[13]
 a[14]
 a[15]
 a[16]
 a[17]
 a[18]
 a[19]
 a[1]
 a[20]
 a[21]
 a[22]
 a[23]
 a[24]
 a[25]
 a[26]
 a[27]
 a[28]
 a[29]
 a[2]
 a[30]
 a[31]
 a[3]
 a[4]
 a[5]
 a[6]
 a[7]
 a[8]
 a[9]
 b[0]
 b[10]
 b[11]
 b[12]
 b[13]
 b[14]
 b[15]
 b[16]
 b[17]
 b[18]
 b[19]
 b[1]
 b[20]
 b[21]
 b[22]
 b[23]
 b[24]
 b[25]
 b[26]
 b[27]
 b[28]
 b[29]
 b[2]
 b[30]
 b[31]
 b[3]
 b[4]
 b[5]
 b[6]
 b[7]
 b[8]
 b[9]
 clk
 _114_/Y
 _115_/Y
 _116_/Y
 _117_/Y
 _118_/Y
 _119_/Y
 _120_/Y
 _121_/Y
 _122_/Y
 _123_/Y
 _124_/Y
 _125_/Y
 _126_/Y
 _127_/Y
 _128_/Y
 _129_/Y
 _130_/Y
 _131_/Y
 _132_/Y
 _133_/X
 _134_/X
 _135_/X
 _136_/X
 _137_/X
 _138_/X
 _139_/Y
 _140_/X
 _141_/X
 _142_/X
 _143_/X
 _144_/Y
 _145_/Y
 _146_/X
 _147_/Y
 _148_/X
 _149_/Y
 _150_/Y
 _151_/X
 _152_/X
 _153_/X
 _154_/X
 _155_/Y
 _156_/X
 _157_/X
 _158_/X
 _159_/X
 _160_/X
 _161_/X
 _162_/X
 _163_/X
 _164_/X
 _165_/X
 _166_/X
 _167_/X
 _168_/X
 _169_/X
 _170_/X
 _171_/X
 _172_/X
 _173_/Y
 _174_/Y
 _175_/X
 _176_/Y
 _177_/Y
 _178_/X
 _179_/Y
 _180_/Y
 _181_/X
 _182_/X
 _183_/Y
 _184_/Y
 _185_/X
 _186_/Y
 _187_/Y
 _188_/X
 _189_/Y
 _190_/Y
 _191_/X
 _192_/Y
 _193_/X
 _194_/X
 _195_/Y
 _196_/Y
 _197_/X
 _198_/Y
 _199_/Y
 _200_/X
 _201_/Y
 _202_/X
 _203_/X
 _204_/X
 _205_/Y
 _206_/X
 _207_/X
 _208_/Y
 _209_/Y
 _210_/X
 _211_/X
 _212_/X
 _213_/X
 _214_/Y
 _215_/X
 _216_/Y
 _217_/X
 _218_/X
 _219_/Y
 _220_/X
 _221_/X
 _222_/Y
 _223_/X
 _224_/X
 _225_/X
 _226_/X
 _227_/X
 _228_/Q
 input1/X
 input10/X
 input11/X
 input12/X
 input13/X
 input14/X
 input15/X
 input16/X
 input17/X
 input18/X
 input19/X
 input2/X
 input20/X
 input21/X
 input22/X
 input23/X
 input24/X
 input25/X
 input26/X
 input27/X
 input28/X
 input29/X
 input3/X
 input30/X
 input31/X
 input32/X
 input33/X
 input34/X
 input35/X
 input36/X
 input37/X
 input38/X
 input39/X
 input4/X
 input40/X
 input41/X
 input42/X
 input43/X
 input44/X
 input45/X
 input46/X
 input47/X
 input48/X
 input49/X
 input5/X
 input50/X
 input51/X
 input52/X
 input53/X
 input54/X
 input55/X
 input56/X
 input57/X
 input58/X
 input59/X
 input6/X
 input60/X
 input61/X
 input62/X
 input63/X
 input64/X
 input7/X
 input8/X
 input9/X
 output65/X
Found 0 partially unannotated drivers.

===========================================================================
max slew violation count 0
Writing metric design__max_slew_violation__count__corner:nom_tt_025C_1v80: 0
max fanout violation count 0
Writing metric design__max_fanout_violation__count__corner:nom_tt_025C_1v80: 0
max cap violation count 0
Writing metric design__max_cap_violation__count__corner:nom_tt_025C_1v80: 0
============================================================================

===========================================================================
check_setup -verbose -unconstrained_endpoints -multiple_clock -no_clock -no_input_delay -loops -generated_clocks
===========================================================================
