
===========================================================================
report_checks -path_delay min (Hold)
============================================================================
======================= max_tt_025C_1v80 Corner ===================================

Startpoint: b[16] (input port clocked by clk)
Endpoint: _228_ (rising edge-triggered flip-flop clocked by clk)
Path Group: clk
Path Type: min

Fanout         Cap        Slew       Delay        Time   Description
---------------------------------------------------------------------------------------------
                                  0.000000    0.000000   clock clk (rise edge)
                                  0.000000    0.000000   clock network delay (propagated)
                                  1.000000    1.000000 v input external delay
     1    0.003200    0.009549    0.005151    1.005151 v b[16] (in)
                                                         b[16] (net)
                      0.009551    0.000000    1.005151 v input40/A (sky130_fd_sc_hd__clkbuf_1)
     1    0.005361    0.039902    0.084478    1.089630 v input40/X (sky130_fd_sc_hd__clkbuf_1)
                                                         net40 (net)
                      0.039908    0.000392    1.090022 v _125_/A (sky130_fd_sc_hd__inv_2)
     2    0.005158    0.031036    0.045924    1.135946 ^ _125_/Y (sky130_fd_sc_hd__inv_2)
                                                         _091_ (net)
                      0.031039    0.000232    1.136178 ^ _171_/A (sky130_fd_sc_hd__and2_1)
     1    0.002783    0.045937    0.104797    1.240975 ^ _171_/X (sky130_fd_sc_hd__and2_1)
                                                         _024_ (net)
                      0.045937    0.000172    1.241147 ^ _172_/C (sky130_fd_sc_hd__or4b_1)
     1    0.003612    0.044560    0.100861    1.342008 ^ _172_/X (sky130_fd_sc_hd__or4b_1)
                                                         _025_ (net)
                      0.044562    0.000240    1.342249 ^ _227_/A2 (sky130_fd_sc_hd__o31a_1)
     1    0.002503    0.042135    0.118383    1.460632 ^ _227_/X (sky130_fd_sc_hd__o31a_1)
                                                         _000_ (net)
                      0.042136    0.000180    1.460812 ^ _228_/D (sky130_fd_sc_hd__dfxtp_1)
                                              1.460812   data arrival time

                                  0.000000    0.000000   clock clk (rise edge)
                                  0.000000    0.000000   clock source latency
     1    0.005050    0.029513    0.018096    0.018096 ^ clk (in)
                                                         clk (net)
                      0.029515    0.000000    0.018096 ^ _228_/CLK (sky130_fd_sc_hd__dfxtp_1)
                                  0.250000    0.268095   clock uncertainty
                                  0.000000    0.268095   clock reconvergence pessimism
                                 -0.032711    0.235385   library hold time
                                              0.235385   data required time
---------------------------------------------------------------------------------------------
                                              0.235385   data required time
                                             -1.460812   data arrival time
---------------------------------------------------------------------------------------------
                                              1.225428   slack (MET)


Startpoint: _228_ (rising edge-triggered flip-flop clocked by clk)
Endpoint: z (output port clocked by clk)
Path Group: clk
Path Type: min

Fanout         Cap        Slew       Delay        Time   Description
---------------------------------------------------------------------------------------------
                                  0.000000    0.000000   clock clk (rise edge)
                                  0.000000    0.000000   clock source latency
     1    0.005050    0.029513    0.018096    0.018096 ^ clk (in)
                                                         clk (net)
                      0.029515    0.000000    0.018096 ^ _228_/CLK (sky130_fd_sc_hd__dfxtp_1)
     1    0.005607    0.038249    0.297073    0.315169 v _228_/Q (sky130_fd_sc_hd__dfxtp_1)
                                                         net65 (net)
                      0.038259    0.000497    0.315666 v output65/A (sky130_fd_sc_hd__buf_2)
     1    0.034327    0.090118    0.176518    0.492184 v output65/X (sky130_fd_sc_hd__buf_2)
                                                         z (net)
                      0.090160    0.001650    0.493834 v z (out)
                                              0.493834   data arrival time

                                  0.000000    0.000000   clock clk (rise edge)
                                  0.000000    0.000000   clock network delay (propagated)
                                  0.250000    0.250000   clock uncertainty
                                  0.000000    0.250000   clock reconvergence pessimism
                                 -1.000000   -0.750000   output external delay
                                             -0.750000   data required time
---------------------------------------------------------------------------------------------
                                             -0.750000   data required time
                                             -0.493834   data arrival time
---------------------------------------------------------------------------------------------
                                              1.243834   slack (MET)



