
===========================================================================
report_checks -path_delay max (Setup)
============================================================================
======================= nom_tt_025C_1v80 Corner ===================================

Startpoint: a[30] (input port clocked by clk)
Endpoint: _228_ (rising edge-triggered flip-flop clocked by clk)
Path Group: clk
Path Type: max

Fanout         Cap        Slew       Delay        Time   Description
---------------------------------------------------------------------------------------------
                                  0.000000    0.000000   clock clk (rise edge)
                                  0.000000    0.000000   clock network delay (propagated)
                                  5.000000    5.000000 ^ input external delay
     1    0.002765    0.019581    0.010175    5.010175 ^ a[30] (in)
                                                         a[30] (net)
                      0.019581    0.000000    5.010175 ^ input24/A (sky130_fd_sc_hd__buf_1)
     2    0.007339    0.094577    0.107995    5.118169 ^ input24/X (sky130_fd_sc_hd__buf_1)
                                                         net24 (net)
                      0.094577    0.000067    5.118236 ^ _133_/A_N (sky130_fd_sc_hd__and2b_1)
     2    0.005144    0.043473    0.194393    5.312628 v _133_/X (sky130_fd_sc_hd__and2b_1)
                                                         _099_ (net)
                      0.043473    0.000017    5.312645 v _137_/B1 (sky130_fd_sc_hd__a2111o_1)
     2    0.004500    0.070023    0.386972    5.699618 v _137_/X (sky130_fd_sc_hd__a2111o_1)
                                                         _103_ (net)
                      0.070023    0.000020    5.699637 v _141_/A (sky130_fd_sc_hd__or4b_1)
     3    0.007597    0.113929    0.564023    6.263660 v _141_/X (sky130_fd_sc_hd__or4b_1)
                                                         _107_ (net)
                      0.113929    0.000142    6.263803 v _152_/A (sky130_fd_sc_hd__or3_1)
     2    0.004013    0.074442    0.395260    6.659063 v _152_/X (sky130_fd_sc_hd__or3_1)
                                                         _005_ (net)
                      0.074442    0.000008    6.659071 v _163_/A (sky130_fd_sc_hd__or2_1)
     1    0.002574    0.047848    0.229051    6.888122 v _163_/X (sky130_fd_sc_hd__or2_1)
                                                         _016_ (net)
                      0.047848    0.000009    6.888131 v _227_/A1 (sky130_fd_sc_hd__o31a_1)
     1    0.002141    0.044532    0.282531    7.170662 v _227_/X (sky130_fd_sc_hd__o31a_1)
                                                         _000_ (net)
                      0.044532    0.000010    7.170673 v _228_/D (sky130_fd_sc_hd__dfxtp_1)
                                              7.170673   data arrival time

                                 25.000000   25.000000   clock clk (rise edge)
                                  0.000000   25.000000   clock source latency
     1    0.001877    0.016287    0.007061   25.007061 ^ clk (in)
                                                         clk (net)
                      0.016287    0.000000   25.007061 ^ _228_/CLK (sky130_fd_sc_hd__dfxtp_1)
                                 -0.250000   24.757061   clock uncertainty
                                  0.000000   24.757061   clock reconvergence pessimism
                                 -0.117033   24.640028   library setup time
                                             24.640028   data required time
---------------------------------------------------------------------------------------------
                                             24.640028   data required time
                                             -7.170673   data arrival time
---------------------------------------------------------------------------------------------
                                             17.469355   slack (MET)


Startpoint: _228_ (rising edge-triggered flip-flop clocked by clk)
Endpoint: z (output port clocked by clk)
Path Group: clk
Path Type: max

Fanout         Cap        Slew       Delay        Time   Description
---------------------------------------------------------------------------------------------
                                  0.000000    0.000000   clock clk (rise edge)
                                  0.000000    0.000000   clock source latency
     1    0.001877    0.016287    0.007062    0.007062 ^ clk (in)
                                                         clk (net)
                      0.016287    0.000000    0.007062 ^ _228_/CLK (sky130_fd_sc_hd__dfxtp_1)
     1    0.005107    0.060087    0.304524    0.311586 ^ _228_/Q (sky130_fd_sc_hd__dfxtp_1)
                                                         net65 (net)
                      0.060087    0.000131    0.311716 ^ output65/A (sky130_fd_sc_hd__buf_2)
     1    0.034342    0.170521    0.204112    0.515829 ^ output65/X (sky130_fd_sc_hd__buf_2)
                                                         z (net)
                      0.170521    0.000350    0.516178 ^ z (out)
                                              0.516178   data arrival time

                                 25.000000   25.000000   clock clk (rise edge)
                                  0.000000   25.000000   clock network delay (propagated)
                                 -0.250000   24.750000   clock uncertainty
                                  0.000000   24.750000   clock reconvergence pessimism
                                 -5.000000   19.750000   output external delay
                                             19.750000   data required time
---------------------------------------------------------------------------------------------
                                             19.750000   data required time
                                             -0.516178   data arrival time
---------------------------------------------------------------------------------------------
                                             19.233820   slack (MET)



