
===========================================================================
report_checks -path_delay min (Hold)
============================================================================
======================= nom_tt_025C_1v80 Corner ===================================

Startpoint: _228_ (rising edge-triggered flip-flop clocked by clk)
Endpoint: z (output port clocked by clk)
Path Group: clk
Path Type: min

Fanout         Cap        Slew       Delay        Time   Description
---------------------------------------------------------------------------------------------
                                  0.000000    0.000000   clock clk (rise edge)
                                  0.000000    0.000000   clock source latency
     1    0.001877    0.016287    0.007062    0.007062 ^ clk (in)
                                                         clk (net)
                      0.016287    0.000000    0.007062 ^ _228_/CLK (sky130_fd_sc_hd__dfxtp_1)
     1    0.004947    0.035431    0.289771    0.296833 v _228_/Q (sky130_fd_sc_hd__dfxtp_1)
                                                         net65 (net)
                      0.035431    0.000125    0.296958 v output65/A (sky130_fd_sc_hd__buf_2)
     1    0.034342    0.089603    0.176365    0.473322 v output65/X (sky130_fd_sc_hd__buf_2)
                                                         z (net)
                      0.089604    0.000350    0.473672 v z (out)
                                              0.473672   data arrival time

                                  0.000000    0.000000   clock clk (rise edge)
                                  0.000000    0.000000   clock network delay (propagated)
                                  0.250000    0.250000   clock uncertainty
                                  0.000000    0.250000   clock reconvergence pessimism
                                 -5.000000   -4.750000   output external delay
                                             -4.750000   data required time
---------------------------------------------------------------------------------------------
                                             -4.750000   data required time
                                             -0.473672   data arrival time
---------------------------------------------------------------------------------------------
                                              5.223672   slack (MET)


Startpoint: b[16] (input port clocked by clk)
Endpoint: _228_ (rising edge-triggered flip-flop clocked by clk)
Path Group: clk
Path Type: min

Fanout         Cap        Slew       Delay        Time   Description
---------------------------------------------------------------------------------------------
                                  0.000000    0.000000   clock clk (rise edge)
                                  0.000000    0.000000   clock network delay (propagated)
                                  5.000000    5.000000 v input external delay
     1    0.002618    0.008212    0.004111    5.004111 v b[16] (in)
                                                         b[16] (net)
                      0.008212    0.000000    5.004111 v input40/A (sky130_fd_sc_hd__buf_1)
     1    0.006423    0.045543    0.089062    5.093173 v input40/X (sky130_fd_sc_hd__buf_1)
                                                         net40 (net)
                      0.045543    0.000131    5.093305 v _125_/A (sky130_fd_sc_hd__inv_2)
     2    0.005334    0.032176    0.049015    5.142320 ^ _125_/Y (sky130_fd_sc_hd__inv_2)
                                                         _091_ (net)
                      0.032176    0.000048    5.142368 ^ _171_/A (sky130_fd_sc_hd__and2_1)
     1    0.001934    0.039991    0.098705    5.241073 ^ _171_/X (sky130_fd_sc_hd__and2_1)
                                                         _024_ (net)
                      0.039991    0.000007    5.241080 ^ _172_/C (sky130_fd_sc_hd__or4b_1)
     1    0.005303    0.058899    0.109534    5.350614 ^ _172_/X (sky130_fd_sc_hd__or4b_1)
                                                         _025_ (net)
                      0.058899    0.000125    5.350739 ^ _227_/A2 (sky130_fd_sc_hd__o31a_1)
     1    0.002134    0.040667    0.119587    5.470326 ^ _227_/X (sky130_fd_sc_hd__o31a_1)
                                                         _000_ (net)
                      0.040667    0.000010    5.470336 ^ _228_/D (sky130_fd_sc_hd__dfxtp_1)
                                              5.470336   data arrival time

                                  0.000000    0.000000   clock clk (rise edge)
                                  0.000000    0.000000   clock source latency
     1    0.001877    0.016287    0.007062    0.007062 ^ clk (in)
                                                         clk (net)
                      0.016287    0.000000    0.007062 ^ _228_/CLK (sky130_fd_sc_hd__dfxtp_1)
                                  0.250000    0.257062   clock uncertainty
                                  0.000000    0.257062   clock reconvergence pessimism
                                 -0.034145    0.222917   library hold time
                                              0.222917   data required time
---------------------------------------------------------------------------------------------
                                              0.222917   data required time
                                             -5.470336   data arrival time
---------------------------------------------------------------------------------------------
                                              5.247419   slack (MET)



