
===========================================================================
report_checks -unconstrained
===========================================================================
======================= nom_ff_n40C_1v95 Corner ===================================

Startpoint: a[30] (input port clocked by clk)
Endpoint: _228_ (rising edge-triggered flip-flop clocked by clk)
Path Group: clk
Path Type: max

Fanout         Cap        Slew       Delay        Time   Description
---------------------------------------------------------------------------------------------
                                  0.000000    0.000000   clock clk (rise edge)
                                  0.000000    0.000000   clock network delay (propagated)
                                  5.000000    5.000000 ^ input external delay
     1    0.002936    0.014401    0.007596    5.007596 ^ a[30] (in)
                                                         a[30] (net)
                      0.014401    0.000000    5.007596 ^ input24/A (sky130_fd_sc_hd__buf_1)
     2    0.008598    0.080702    0.081864    5.089460 ^ input24/X (sky130_fd_sc_hd__buf_1)
                                                         net24 (net)
                      0.080703    0.000203    5.089664 ^ _133_/A_N (sky130_fd_sc_hd__and2b_1)
     2    0.005916    0.033655    0.122721    5.212385 v _133_/X (sky130_fd_sc_hd__and2b_1)
                                                         _099_ (net)
                      0.033655    0.000126    5.212511 v _137_/B1 (sky130_fd_sc_hd__a2111o_1)
     2    0.007617    0.058312    0.194704    5.407214 v _137_/X (sky130_fd_sc_hd__a2111o_1)
                                                         _103_ (net)
                      0.058312    0.000190    5.407404 v _141_/A (sky130_fd_sc_hd__or4b_1)
     3    0.010033    0.084231    0.339121    5.746525 v _141_/X (sky130_fd_sc_hd__or4b_1)
                                                         _107_ (net)
                      0.084231    0.000375    5.746900 v _152_/A (sky130_fd_sc_hd__or3_1)
     2    0.004434    0.049491    0.232276    5.979175 v _152_/X (sky130_fd_sc_hd__or3_1)
                                                         _005_ (net)
                      0.049491    0.000082    5.979257 v _163_/A (sky130_fd_sc_hd__or2_1)
     1    0.002996    0.032976    0.137256    6.116513 v _163_/X (sky130_fd_sc_hd__or2_1)
                                                         _016_ (net)
                      0.032976    0.000064    6.116577 v _227_/A1 (sky130_fd_sc_hd__o31a_1)
     1    0.002456    0.032985    0.174111    6.290689 v _227_/X (sky130_fd_sc_hd__o31a_1)
                                                         _000_ (net)
                      0.032985    0.000074    6.290763 v _228_/D (sky130_fd_sc_hd__dfxtp_1)
                                              6.290763   data arrival time

                                 25.000000   25.000000   clock clk (rise edge)
                                  0.000000   25.000000   clock source latency
     1    0.006101    0.025379    0.015660   25.015659 ^ clk (in)
                                                         clk (net)
                      0.025380    0.000000   25.015659 ^ _228_/CLK (sky130_fd_sc_hd__dfxtp_1)
                                 -0.250000   24.765661   clock uncertainty
                                  0.000000   24.765661   clock reconvergence pessimism
                                 -0.070992   24.694668   library setup time
                                             24.694668   data required time
---------------------------------------------------------------------------------------------
                                             24.694668   data required time
                                             -6.290763   data arrival time
---------------------------------------------------------------------------------------------
                                             18.403906   slack (MET)




===========================================================================
report_checks --slack_max -0.01
============================================================================
======================= nom_ff_n40C_1v95 Corner ===================================

No paths found.


===========================================================================
 report_check_types -max_slew -max_cap -max_fanout -violators
============================================================================
======================= nom_ff_n40C_1v95 Corner ===================================



===========================================================================
report_parasitic_annotation -report_unannotated
============================================================================
Found 0 unannotated drivers.
Found 0 partially unannotated drivers.

===========================================================================
max slew violation count 0
max fanout violation count 0
max cap violation count 0
============================================================================

===========================================================================
check_setup -verbose -unconstrained_endpoints -multiple_clock -no_clock -no_input_delay -loops -generated_clocks
===========================================================================
