
===========================================================================
report_checks -path_delay max (Setup)
============================================================================
======================= nom_ff_n40C_1v95 Corner ===================================

Startpoint: a[30] (input port clocked by clk)
Endpoint: _228_ (rising edge-triggered flip-flop clocked by clk)
Path Group: clk
Path Type: max

Fanout         Cap        Slew       Delay        Time   Description
---------------------------------------------------------------------------------------------
                                  0.000000    0.000000   clock clk (rise edge)
                                  0.000000    0.000000   clock network delay (propagated)
                                  5.000000    5.000000 ^ input external delay
     1    0.002936    0.014401    0.007596    5.007596 ^ a[30] (in)
                                                         a[30] (net)
                      0.014401    0.000000    5.007596 ^ input24/A (sky130_fd_sc_hd__buf_1)
     2    0.008598    0.080702    0.081864    5.089460 ^ input24/X (sky130_fd_sc_hd__buf_1)
                                                         net24 (net)
                      0.080703    0.000203    5.089664 ^ _133_/A_N (sky130_fd_sc_hd__and2b_1)
     2    0.005916    0.033655    0.122721    5.212385 v _133_/X (sky130_fd_sc_hd__and2b_1)
                                                         _099_ (net)
                      0.033655    0.000126    5.212511 v _137_/B1 (sky130_fd_sc_hd__a2111o_1)
     2    0.007617    0.058312    0.194704    5.407214 v _137_/X (sky130_fd_sc_hd__a2111o_1)
                                                         _103_ (net)
                      0.058312    0.000190    5.407404 v _141_/A (sky130_fd_sc_hd__or4b_1)
     3    0.010033    0.084231    0.339121    5.746525 v _141_/X (sky130_fd_sc_hd__or4b_1)
                                                         _107_ (net)
                      0.084231    0.000375    5.746900 v _152_/A (sky130_fd_sc_hd__or3_1)
     2    0.004434    0.049491    0.232276    5.979175 v _152_/X (sky130_fd_sc_hd__or3_1)
                                                         _005_ (net)
                      0.049491    0.000082    5.979257 v _163_/A (sky130_fd_sc_hd__or2_1)
     1    0.002996    0.032976    0.137256    6.116513 v _163_/X (sky130_fd_sc_hd__or2_1)
                                                         _016_ (net)
                      0.032976    0.000064    6.116577 v _227_/A1 (sky130_fd_sc_hd__o31a_1)
     1    0.002456    0.032985    0.174111    6.290689 v _227_/X (sky130_fd_sc_hd__o31a_1)
                                                         _000_ (net)
                      0.032985    0.000074    6.290763 v _228_/D (sky130_fd_sc_hd__dfxtp_1)
                                              6.290763   data arrival time

                                 25.000000   25.000000   clock clk (rise edge)
                                  0.000000   25.000000   clock source latency
     1    0.006101    0.025379    0.015660   25.015659 ^ clk (in)
                                                         clk (net)
                      0.025380    0.000000   25.015659 ^ _228_/CLK (sky130_fd_sc_hd__dfxtp_1)
                                 -0.250000   24.765661   clock uncertainty
                                  0.000000   24.765661   clock reconvergence pessimism
                                 -0.070992   24.694668   library setup time
                                             24.694668   data required time
---------------------------------------------------------------------------------------------
                                             24.694668   data required time
                                             -6.290763   data arrival time
---------------------------------------------------------------------------------------------
                                             18.403906   slack (MET)


Startpoint: _228_ (rising edge-triggered flip-flop clocked by clk)
Endpoint: z (output port clocked by clk)
Path Group: clk
Path Type: max

Fanout         Cap        Slew       Delay        Time   Description
---------------------------------------------------------------------------------------------
                                  0.000000    0.000000   clock clk (rise edge)
                                  0.000000    0.000000   clock source latency
     1    0.006101    0.025379    0.015660    0.015660 ^ clk (in)
                                                         clk (net)
                      0.025380    0.000000    0.015660 ^ _228_/CLK (sky130_fd_sc_hd__dfxtp_1)
     1    0.006912    0.056201    0.202556    0.218216 ^ _228_/Q (sky130_fd_sc_hd__dfxtp_1)
                                                         net65 (net)
                      0.056201    0.000271    0.218488 ^ output65/A (sky130_fd_sc_hd__buf_2)
     1    0.034388    0.128590    0.144871    0.363359 ^ output65/X (sky130_fd_sc_hd__buf_2)
                                                         z (net)
                      0.128597    0.000747    0.364106 ^ z (out)
                                              0.364106   data arrival time

                                 25.000000   25.000000   clock clk (rise edge)
                                  0.000000   25.000000   clock network delay (propagated)
                                 -0.250000   24.750000   clock uncertainty
                                  0.000000   24.750000   clock reconvergence pessimism
                                 -5.000000   19.750000   output external delay
                                             19.750000   data required time
---------------------------------------------------------------------------------------------
                                             19.750000   data required time
                                             -0.364106   data arrival time
---------------------------------------------------------------------------------------------
                                             19.385893   slack (MET)



