
===========================================================================
report_checks -unconstrained
===========================================================================
======================= nom_ff_n40C_1v95 Corner ===================================

Startpoint: a[30] (input port clocked by clk)
Endpoint: _228_ (rising edge-triggered flip-flop clocked by clk)
Path Group: clk
Path Type: max

Fanout         Cap        Slew       Delay        Time   Description
---------------------------------------------------------------------------------------------
                                  0.000000    0.000000   clock clk (rise edge)
                                  0.000000    0.000000   clock network delay (propagated)
                                  5.000000    5.000000 ^ input external delay
     1    0.003104    0.015007    0.008041    5.008041 ^ a[30] (in)
                                                         a[30] (net)
                      0.015007    0.000000    5.008041 ^ input24/A (sky130_fd_sc_hd__buf_1)
     2    0.007229    0.069152    0.074027    5.082068 ^ input24/X (sky130_fd_sc_hd__buf_1)
                                                         net24 (net)
                      0.069153    0.000150    5.082218 ^ _133_/A_N (sky130_fd_sc_hd__and2b_1)
     2    0.006187    0.034443    0.122195    5.204412 v _133_/X (sky130_fd_sc_hd__and2b_1)
                                                         _099_ (net)
                      0.034443    0.000175    5.204588 v _137_/B1 (sky130_fd_sc_hd__a2111o_1)
     2    0.004808    0.048364    0.183542    5.388130 v _137_/X (sky130_fd_sc_hd__a2111o_1)
                                                         _103_ (net)
                      0.048364    0.000122    5.388252 v _141_/A (sky130_fd_sc_hd__or4b_1)
     3    0.008163    0.076637    0.326307    5.714559 v _141_/X (sky130_fd_sc_hd__or4b_1)
                                                         _107_ (net)
                      0.076637    0.000226    5.714784 v _152_/A (sky130_fd_sc_hd__or3_1)
     2    0.006177    0.055514    0.238424    5.953209 v _152_/X (sky130_fd_sc_hd__or3_1)
                                                         _005_ (net)
                      0.055514    0.000200    5.953409 v _163_/A (sky130_fd_sc_hd__or2_1)
     1    0.002816    0.032277    0.138253    6.091662 v _163_/X (sky130_fd_sc_hd__or2_1)
                                                         _016_ (net)
                      0.032277    0.000058    6.091720 v _227_/A1 (sky130_fd_sc_hd__o31a_1)
     1    0.002669    0.033662    0.175056    6.266776 v _227_/X (sky130_fd_sc_hd__o31a_1)
                                                         _000_ (net)
                      0.033662    0.000078    6.266854 v _228_/D (sky130_fd_sc_hd__dfxtp_1)
                                              6.266854   data arrival time

                                 25.000000   25.000000   clock clk (rise edge)
                                  0.000000   25.000000   clock source latency
     1    0.004866    0.021238    0.012683   25.012682 ^ clk (in)
                                                         clk (net)
                      0.021240    0.000000   25.012682 ^ _228_/CLK (sky130_fd_sc_hd__dfxtp_1)
                                 -0.250000   24.762684   clock uncertainty
                                  0.000000   24.762684   clock reconvergence pessimism
                                 -0.071633   24.691050   library setup time
                                             24.691050   data required time
---------------------------------------------------------------------------------------------
                                             24.691050   data required time
                                             -6.266854   data arrival time
---------------------------------------------------------------------------------------------
                                             18.424196   slack (MET)




===========================================================================
report_checks --slack_max -0.01
============================================================================
======================= nom_ff_n40C_1v95 Corner ===================================

No paths found.


===========================================================================
 report_check_types -max_slew -max_cap -max_fanout -violators
============================================================================
======================= nom_ff_n40C_1v95 Corner ===================================



===========================================================================
report_parasitic_annotation -report_unannotated
============================================================================
Found 0 unannotated drivers.
Found 0 partially unannotated drivers.

===========================================================================
max slew violation count 0
max fanout violation count 0
max cap violation count 0
============================================================================

===========================================================================
check_setup -verbose -unconstrained_endpoints -multiple_clock -no_clock -no_input_delay -loops -generated_clocks
===========================================================================
