
===========================================================================
report_checks -path_delay min (Hold)
============================================================================
======================= nom_ff_n40C_1v95 Corner ===================================

Startpoint: b[16] (input port clocked by clk)
Endpoint: _228_ (rising edge-triggered flip-flop clocked by clk)
Path Group: clk
Path Type: min

Fanout         Cap        Slew       Delay        Time   Description
---------------------------------------------------------------------------------------------
                                  0.000000    0.000000   clock clk (rise edge)
                                  0.000000    0.000000   clock network delay (propagated)
                                  5.000000    5.000000 v input external delay
     1    0.003070    0.005117    0.002517    5.002517 v b[16] (in)
                                                         b[16] (net)
                      0.005118    0.000000    5.002517 v input40/A (sky130_fd_sc_hd__clkbuf_1)
     1    0.005523    0.027908    0.055520    5.058037 v input40/X (sky130_fd_sc_hd__clkbuf_1)
                                                         net40 (net)
                      0.027909    0.000181    5.058218 v _125_/A (sky130_fd_sc_hd__inv_2)
     2    0.005054    0.022705    0.031790    5.090007 ^ _125_/Y (sky130_fd_sc_hd__inv_2)
                                                         _091_ (net)
                      0.022705    0.000103    5.090110 ^ _171_/A (sky130_fd_sc_hd__and2_1)
     1    0.002753    0.032160    0.065542    5.155652 ^ _171_/X (sky130_fd_sc_hd__and2_1)
                                                         _024_ (net)
                      0.032160    0.000079    5.155732 ^ _172_/C (sky130_fd_sc_hd__or4b_1)
     1    0.003176    0.030001    0.065196    5.220927 ^ _172_/X (sky130_fd_sc_hd__or4b_1)
                                                         _025_ (net)
                      0.030001    0.000093    5.221021 ^ _227_/A2 (sky130_fd_sc_hd__o31a_1)
     1    0.002634    0.029792    0.075064    5.296084 ^ _227_/X (sky130_fd_sc_hd__o31a_1)
                                                         _000_ (net)
                      0.029792    0.000077    5.296161 ^ _228_/D (sky130_fd_sc_hd__dfxtp_1)
                                              5.296161   data arrival time

                                  0.000000    0.000000   clock clk (rise edge)
                                  0.000000    0.000000   clock source latency
     1    0.004866    0.021238    0.012683    0.012683 ^ clk (in)
                                                         clk (net)
                      0.021240    0.000000    0.012683 ^ _228_/CLK (sky130_fd_sc_hd__dfxtp_1)
                                  0.250000    0.262683   clock uncertainty
                                  0.000000    0.262683   clock reconvergence pessimism
                                 -0.017447    0.245236   library hold time
                                              0.245236   data required time
---------------------------------------------------------------------------------------------
                                              0.245236   data required time
                                             -5.296161   data arrival time
---------------------------------------------------------------------------------------------
                                              5.050925   slack (MET)


Startpoint: _228_ (rising edge-triggered flip-flop clocked by clk)
Endpoint: z (output port clocked by clk)
Path Group: clk
Path Type: min

Fanout         Cap        Slew       Delay        Time   Description
---------------------------------------------------------------------------------------------
                                  0.000000    0.000000   clock clk (rise edge)
                                  0.000000    0.000000   clock source latency
     1    0.004866    0.021238    0.012683    0.012683 ^ clk (in)
                                                         clk (net)
                      0.021240    0.000000    0.012683 ^ _228_/CLK (sky130_fd_sc_hd__dfxtp_1)
     1    0.005290    0.026209    0.188852    0.201535 v _228_/Q (sky130_fd_sc_hd__dfxtp_1)
                                                         net65 (net)
                      0.026209    0.000189    0.201724 v output65/A (sky130_fd_sc_hd__buf_2)
     1    0.034339    0.062899    0.115755    0.317479 v output65/X (sky130_fd_sc_hd__buf_2)
                                                         z (net)
                      0.062907    0.000698    0.318177 v z (out)
                                              0.318177   data arrival time

                                  0.000000    0.000000   clock clk (rise edge)
                                  0.000000    0.000000   clock network delay (propagated)
                                  0.250000    0.250000   clock uncertainty
                                  0.000000    0.250000   clock reconvergence pessimism
                                 -5.000000   -4.750000   output external delay
                                             -4.750000   data required time
---------------------------------------------------------------------------------------------
                                             -4.750000   data required time
                                             -0.318177   data arrival time
---------------------------------------------------------------------------------------------
                                              5.068177   slack (MET)



