
===========================================================================
report_checks -path_delay max (Setup)
============================================================================
======================= nom_tt_025C_1v80 Corner ===================================

Startpoint: a[30] (input port clocked by clk)
Endpoint: _228_ (rising edge-triggered flip-flop clocked by clk)
Path Group: clk
Path Type: max

Fanout         Cap        Slew       Delay        Time   Description
---------------------------------------------------------------------------------------------
                                  0.000000    0.000000   clock clk (rise edge)
                                  0.000000    0.000000   clock network delay (propagated)
                                  5.000000    5.000000 ^ input external delay
     1    0.002191    0.017702    0.008159    5.008159 ^ a[30] (in)
                                                         a[30] (net)
                      0.017702    0.000000    5.008159 ^ input24/A (sky130_fd_sc_hd__buf_1)
     2    0.008393    0.106422    0.115599    5.123758 ^ input24/X (sky130_fd_sc_hd__buf_1)
                                                         net24 (net)
                      0.106422    0.000219    5.123978 ^ _133_/A_N (sky130_fd_sc_hd__and2b_1)
     2    0.005474    0.044866    0.199325    5.323302 v _133_/X (sky130_fd_sc_hd__and2b_1)
                                                         _099_ (net)
                      0.044866    0.000091    5.323393 v _137_/B1 (sky130_fd_sc_hd__a2111o_1)
     2    0.005609    0.072978    0.395129    5.718522 v _137_/X (sky130_fd_sc_hd__a2111o_1)
                                                         _103_ (net)
                      0.072978    0.000125    5.718647 v _141_/A (sky130_fd_sc_hd__or4b_1)
     3    0.005109    0.101047    0.542251    6.260899 v _141_/X (sky130_fd_sc_hd__or4b_1)
                                                         _107_ (net)
                      0.101047    0.000000    6.260899 v _152_/A (sky130_fd_sc_hd__or3_1)
     2    0.005108    0.077581    0.399274    6.660172 v _152_/X (sky130_fd_sc_hd__or3_1)
                                                         _005_ (net)
                      0.077581    0.000079    6.660251 v _163_/A (sky130_fd_sc_hd__or2_1)
     1    0.003483    0.051898    0.237313    6.897564 v _163_/X (sky130_fd_sc_hd__or2_1)
                                                         _016_ (net)
                      0.051898    0.000091    6.897655 v _227_/A1 (sky130_fd_sc_hd__o31a_1)
     1    0.002915    0.047602    0.290216    7.187871 v _227_/X (sky130_fd_sc_hd__o31a_1)
                                                         _000_ (net)
                      0.047602    0.000095    7.187966 v _228_/D (sky130_fd_sc_hd__dfxtp_1)
                                              7.187966   data arrival time

                                 25.000000   25.000000   clock clk (rise edge)
                                  0.000000   25.000000   clock source latency
     1    0.005498    0.031471    0.019478   25.019478 ^ clk (in)
                                                         clk (net)
                      0.031471    0.000000   25.019478 ^ _228_/CLK (sky130_fd_sc_hd__dfxtp_1)
                                 -0.250000   24.769478   clock uncertainty
                                  0.000000   24.769478   clock reconvergence pessimism
                                 -0.114834   24.654644   library setup time
                                             24.654644   data required time
---------------------------------------------------------------------------------------------
                                             24.654644   data required time
                                             -7.187966   data arrival time
---------------------------------------------------------------------------------------------
                                             17.466677   slack (MET)


Startpoint: _228_ (rising edge-triggered flip-flop clocked by clk)
Endpoint: z (output port clocked by clk)
Path Group: clk
Path Type: max

Fanout         Cap        Slew       Delay        Time   Description
---------------------------------------------------------------------------------------------
                                  0.000000    0.000000   clock clk (rise edge)
                                  0.000000    0.000000   clock source latency
     1    0.005498    0.031471    0.019479    0.019479 ^ clk (in)
                                                         clk (net)
                      0.031471    0.000000    0.019479 ^ _228_/CLK (sky130_fd_sc_hd__dfxtp_1)
     1    0.002059    0.034873    0.289121    0.308599 ^ _228_/Q (sky130_fd_sc_hd__dfxtp_1)
                                                         net65 (net)
                      0.034873    0.000000    0.308599 ^ output65/A (sky130_fd_sc_hd__buf_2)
     1    0.034432    0.170971    0.194494    0.503093 ^ output65/X (sky130_fd_sc_hd__buf_2)
                                                         z (net)
                      0.171025    0.000854    0.503947 ^ z (out)
                                              0.503947   data arrival time

                                 25.000000   25.000000   clock clk (rise edge)
                                  0.000000   25.000000   clock network delay (propagated)
                                 -0.250000   24.750000   clock uncertainty
                                  0.000000   24.750000   clock reconvergence pessimism
                                 -5.000000   19.750000   output external delay
                                             19.750000   data required time
---------------------------------------------------------------------------------------------
                                             19.750000   data required time
                                             -0.503947   data arrival time
---------------------------------------------------------------------------------------------
                                             19.246052   slack (MET)



