Reading OpenROAD database at '/home/erwann/design_workspace/sky130A/HelloWorld/digital/comp32/runs/RUN_2024-05-09_16-56-29/19-openroad-generatepdn/comp32.odb'…
Reading library file at '/home/erwann/.volare/volare/sky130/versions/bdc9412b3e468c102d01b7cf6337be06ec6e9c9a/sky130A/libs.ref/sky130_fd_sc_hd/lib/sky130_fd_sc_hd__tt_025C_1v80.lib'…
Reading design constraints file at '/nix/store/hwxq78ix5dm1zxacgmyfrlkgn2vq15hz-python3-3.11.6-env/lib/python3.11/site-packages/openlane/scripts/base.sdc'…
[INFO] Using clock clk…
[INFO] Setting output delay to: 5
[INFO] Setting input delay to: 5
[INFO] Setting load to: 0.033442
[INFO] Setting clock uncertainty to: 0.25
[INFO] Setting clock transition to: 0.1499999999999999944488848768742172978818416595458984375
[INFO] Setting timing derate to: 5%
{*}-density 0.217972 -skip_io -pad_right 0 -pad_left 0 -init_wirelength_coef 0.25
[INFO GPL-0002] DBU: 1000
[INFO GPL-0003] SiteSize: 460 2720
[INFO GPL-0004] CoreAreaLxLy: 5520 10880
[INFO GPL-0005] CoreAreaUxUy: 118220 95200
[INFO GPL-0006] NumInstances: 309
[INFO GPL-0007] NumPlaceInstances: 115
[INFO GPL-0008] NumFixedInstances: 194
[INFO GPL-0009] NumDummyInstances: 0
[INFO GPL-0010] NumNets: 180
[INFO GPL-0011] NumPins: 415
[INFO GPL-0012] DieAreaLxLy: 0 0
[INFO GPL-0013] DieAreaUxUy: 123935 106430
[INFO GPL-0014] CoreAreaLxLy: 5520 10880
[INFO GPL-0015] CoreAreaUxUy: 118220 95200
[INFO GPL-0016] CoreArea: 9502864000
[INFO GPL-0017] NonPlaceInstsArea: 397881600
[INFO GPL-0018] PlaceInstsArea: 955916800
[INFO GPL-0019] Util(%): 10.50
[INFO GPL-0020] StdInstsArea: 955916800
[INFO GPL-0021] MacroInstsArea: 0
[INFO GPL-0031] FillerInit: NumGCells: 240
[INFO GPL-0032] FillerInit: NumGNets: 180
[INFO GPL-0033] FillerInit: NumGPins: 415
[INFO GPL-0023] TargetDensity: 0.22
[INFO GPL-0024] AveragePlaceInstArea: 8312320
[INFO GPL-0025] IdealBinArea: 38134808
[INFO GPL-0026] IdealBinCnt: 249
[INFO GPL-0027] TotalBinArea: 9502864000
[INFO GPL-0028] BinCnt: 8 8
[INFO GPL-0029] BinSize: 14088 10540
[INFO GPL-0030] NumBins: 64
[NesterovSolve] Iter: 1 overflow: 0.866582 HPWL: 344463
[NesterovSolve] Iter: 10 overflow: 0.866582 HPWL: 227659
[NesterovSolve] Iter: 20 overflow: 0.866582 HPWL: 225780
[NesterovSolve] Iter: 30 overflow: 0.866582 HPWL: 225904
[NesterovSolve] Iter: 40 overflow: 0.866582 HPWL: 225226
[NesterovSolve] Iter: 50 overflow: 0.866582 HPWL: 224971
[NesterovSolve] Iter: 60 overflow: 0.866582 HPWL: 224649
[NesterovSolve] Iter: 70 overflow: 0.866582 HPWL: 224832
[NesterovSolve] Iter: 80 overflow: 0.866582 HPWL: 225370
[NesterovSolve] Iter: 90 overflow: 0.866582 HPWL: 226837
[NesterovSolve] Iter: 100 overflow: 0.866582 HPWL: 229171
[NesterovSolve] Iter: 110 overflow: 0.866582 HPWL: 232774
[NesterovSolve] Iter: 120 overflow: 0.866582 HPWL: 236497
[NesterovSolve] Iter: 130 overflow: 0.866515 HPWL: 234079
[NesterovSolve] Iter: 140 overflow: 0.863964 HPWL: 232969
[NesterovSolve] Iter: 150 overflow: 0.845845 HPWL: 241910
[NesterovSolve] Iter: 160 overflow: 0.746933 HPWL: 269935
[NesterovSolve] Iter: 170 overflow: 0.6638 HPWL: 309461
[NesterovSolve] Iter: 180 overflow: 0.589928 HPWL: 339406
[NesterovSolve] Iter: 190 overflow: 0.546688 HPWL: 354205
[NesterovSolve] Iter: 200 overflow: 0.536714 HPWL: 358263
[NesterovSolve] Iter: 210 overflow: 0.526707 HPWL: 381628
[NesterovSolve] Iter: 220 overflow: 0.44992 HPWL: 420873
[NesterovSolve] Iter: 230 overflow: 0.430194 HPWL: 453262
[NesterovSolve] Iter: 240 overflow: 0.373066 HPWL: 501379
[NesterovSolve] Iter: 250 overflow: 0.354544 HPWL: 511645
[NesterovSolve] Iter: 260 overflow: 0.308326 HPWL: 540612
[NesterovSolve] Iter: 270 overflow: 0.279665 HPWL: 561965
[NesterovSolve] Iter: 280 overflow: 0.242434 HPWL: 578838
[NesterovSolve] Iter: 290 overflow: 0.215069 HPWL: 603517
[NesterovSolve] Iter: 300 overflow: 0.193763 HPWL: 624672
[NesterovSolve] Iter: 310 overflow: 0.149441 HPWL: 630812
[NesterovSolve] Iter: 320 overflow: 0.146191 HPWL: 644027
[NesterovSolve] Iter: 330 overflow: 0.135113 HPWL: 668841
[NesterovSolve] Iter: 340 overflow: 0.125325 HPWL: 690981
[NesterovSolve] Iter: 350 overflow: 0.102934 HPWL: 700965
[NesterovSolve] Finished with Overflow: 0.092922
[INFO] Setting RC values…
Setting global connections for newly added cells…
[INFO] Setting global connections...
Writing OpenROAD database to '/home/erwann/design_workspace/sky130A/HelloWorld/digital/comp32/runs/RUN_2024-05-09_16-56-29/22-openroad-globalplacementskipio/comp32.odb'…
Writing netlist to '/home/erwann/design_workspace/sky130A/HelloWorld/digital/comp32/runs/RUN_2024-05-09_16-56-29/22-openroad-globalplacementskipio/comp32.nl.v'…
Writing powered netlist to '/home/erwann/design_workspace/sky130A/HelloWorld/digital/comp32/runs/RUN_2024-05-09_16-56-29/22-openroad-globalplacementskipio/comp32.pnl.v'…
Writing layout to '/home/erwann/design_workspace/sky130A/HelloWorld/digital/comp32/runs/RUN_2024-05-09_16-56-29/22-openroad-globalplacementskipio/comp32.def'…
Writing timing constraints to '/home/erwann/design_workspace/sky130A/HelloWorld/digital/comp32/runs/RUN_2024-05-09_16-56-29/22-openroad-globalplacementskipio/comp32.sdc'…
