
===========================================================================
report_checks -path_delay max (Setup)
============================================================================
======================= nom_tt_025C_1v80 Corner ===================================

Startpoint: a[30] (input port clocked by clk)
Endpoint: _228_ (rising edge-triggered flip-flop clocked by clk)
Path Group: clk
Path Type: max

Fanout         Cap        Slew       Delay        Time   Description
---------------------------------------------------------------------------------------------
                      0.150000    0.000000    0.000000   clock clk (rise edge)
                                  0.000000    0.000000   clock network delay (ideal)
                                  5.000000    5.000000 ^ input external delay
     2    0.006256    0.035952    0.021867    5.021867 ^ a[30] (in)
                                                         a[30] (net)
                      0.035952    0.000000    5.021867 ^ _133_/A_N (sky130_fd_sc_hd__and2b_2)
     2    0.004382    0.041017    0.206209    5.228076 v _133_/X (sky130_fd_sc_hd__and2b_2)
                                                         _099_ (net)
                      0.041017    0.000000    5.228076 v _137_/B1 (sky130_fd_sc_hd__a2111o_2)
     2    0.003615    0.064928    0.432959    5.661035 v _137_/X (sky130_fd_sc_hd__a2111o_2)
                                                         _103_ (net)
                      0.064928    0.000000    5.661035 v _141_/A (sky130_fd_sc_hd__or4b_2)
     3    0.005079    0.111521    0.680792    6.341827 v _141_/X (sky130_fd_sc_hd__or4b_2)
                                                         _107_ (net)
                      0.111521    0.000000    6.341827 v _152_/A (sky130_fd_sc_hd__or3_2)
     2    0.003629    0.080311    0.491994    6.833821 v _152_/X (sky130_fd_sc_hd__or3_2)
                                                         _005_ (net)
                      0.080311    0.000000    6.833821 v _163_/A (sky130_fd_sc_hd__or2_2)
     1    0.002238    0.052493    0.295792    7.129613 v _163_/X (sky130_fd_sc_hd__or2_2)
                                                         _016_ (net)
                      0.052493    0.000000    7.129613 v _227_/A1 (sky130_fd_sc_hd__o31a_2)
     1    0.001681    0.046841    0.328631    7.458244 v _227_/X (sky130_fd_sc_hd__o31a_2)
                                                         _000_ (net)
                      0.046841    0.000000    7.458244 v _228_/D (sky130_fd_sc_hd__dfxtp_2)
                                              7.458244   data arrival time

                      0.150000   25.000000   25.000000   clock clk (rise edge)
                                  0.000000   25.000000   clock network delay (ideal)
                                 -0.250000   24.750000   clock uncertainty
                                  0.000000   24.750000   clock reconvergence pessimism
                                             24.750000 ^ _228_/CLK (sky130_fd_sc_hd__dfxtp_2)
                                 -0.089154   24.660847   library setup time
                                             24.660847   data required time
---------------------------------------------------------------------------------------------
                                             24.660847   data required time
                                             -7.458244   data arrival time
---------------------------------------------------------------------------------------------
                                             17.202602   slack (MET)


Startpoint: _228_ (rising edge-triggered flip-flop clocked by clk)
Endpoint: z (output port clocked by clk)
Path Group: clk
Path Type: max

Fanout         Cap        Slew       Delay        Time   Description
---------------------------------------------------------------------------------------------
                      0.150000    0.000000    0.000000   clock clk (rise edge)
                                  0.000000    0.000000   clock network delay (ideal)
                      0.150000    0.000000    0.000000 ^ _228_/CLK (sky130_fd_sc_hd__dfxtp_2)
     1    0.033442    0.175432    0.450723    0.450723 ^ _228_/Q (sky130_fd_sc_hd__dfxtp_2)
                                                         z (net)
                      0.175432    0.000000    0.450723 ^ z (out)
                                              0.450723   data arrival time

                      0.150000   25.000000   25.000000   clock clk (rise edge)
                                  0.000000   25.000000   clock network delay (ideal)
                                 -0.250000   24.750000   clock uncertainty
                                  0.000000   24.750000   clock reconvergence pessimism
                                 -5.000000   19.750000   output external delay
                                             19.750000   data required time
---------------------------------------------------------------------------------------------
                                             19.750000   data required time
                                             -0.450723   data arrival time
---------------------------------------------------------------------------------------------
                                             19.299278   slack (MET)



