Reading OpenROAD database at '/home/erwann/design_workspace/sky130A/HelloWorld/digital/comp32/runs/RUN_2024-05-09_16-54-40/39-openroad-repairantennas/1-diodeinsertion/comp32.odb'…
Reading library file at '/home/erwann/.volare/volare/sky130/versions/bdc9412b3e468c102d01b7cf6337be06ec6e9c9a/sky130A/libs.ref/sky130_fd_sc_hd/lib/sky130_fd_sc_hd__tt_025C_1v80.lib'…
Reading design constraints file at '/nix/store/hwxq78ix5dm1zxacgmyfrlkgn2vq15hz-python3-3.11.6-env/lib/python3.11/site-packages/openlane/scripts/base.sdc'…
[INFO] Using clock clk…
[INFO] Setting output delay to: 5
[INFO] Setting input delay to: 5
[INFO] Setting load to: 0.033442
[INFO] Setting clock uncertainty to: 0.25
[INFO] Setting clock transition to: 0.1499999999999999944488848768742172978818416595458984375
[INFO] Setting timing derate to: 5%
[INFO] Setting RC values…
%OL_CREATE_REPORT min.rpt

===========================================================================
report_checks -path_delay min (Hold)
============================================================================
======================= nom_tt_025C_1v80 Corner ===================================

Startpoint: _228_ (rising edge-triggered flip-flop clocked by clk)
Endpoint: z (output port clocked by clk)
Path Group: clk
Path Type: min

Fanout         Cap        Slew       Delay        Time   Description
---------------------------------------------------------------------------------------------
                                  0.000000    0.000000   clock clk (rise edge)
                                  0.000000    0.000000   clock source latency
     1    0.001877    0.016287    0.007062    0.007062 ^ clk (in)
                                                         clk (net)
                      0.016287    0.000000    0.007062 ^ _228_/CLK (sky130_fd_sc_hd__dfxtp_1)
     1    0.004023    0.031705    0.285997    0.293058 v _228_/Q (sky130_fd_sc_hd__dfxtp_1)
                                                         net65 (net)
                      0.031705    0.000157    0.293215 v output65/A (sky130_fd_sc_hd__buf_2)
     1    0.034737    0.090750    0.175010    0.468225 v output65/X (sky130_fd_sc_hd__buf_2)
                                                         z (net)
                      0.090760    0.000961    0.469186 v z (out)
                                              0.469186   data arrival time

                                  0.000000    0.000000   clock clk (rise edge)
                                  0.000000    0.000000   clock network delay (propagated)
                                  0.250000    0.250000   clock uncertainty
                                  0.000000    0.250000   clock reconvergence pessimism
                                 -5.000000   -4.750000   output external delay
                                             -4.750000   data required time
---------------------------------------------------------------------------------------------
                                             -4.750000   data required time
                                             -0.469186   data arrival time
---------------------------------------------------------------------------------------------
                                              5.219186   slack (MET)


Startpoint: a[17] (input port clocked by clk)
Endpoint: _228_ (rising edge-triggered flip-flop clocked by clk)
Path Group: clk
Path Type: min

Fanout         Cap        Slew       Delay        Time   Description
---------------------------------------------------------------------------------------------
                                  0.000000    0.000000   clock clk (rise edge)
                                  0.000000    0.000000   clock network delay (propagated)
                                  5.000000    5.000000 ^ input external delay
     1    0.003190    0.021415    0.011690    5.011690 ^ a[17] (in)
                                                         a[17] (net)
                      0.021415    0.000000    5.011690 ^ input9/A (sky130_fd_sc_hd__clkbuf_1)
     2    0.003946    0.058658    0.081648    5.093338 ^ input9/X (sky130_fd_sc_hd__clkbuf_1)
                                                         net9 (net)
                      0.058658    0.000000    5.093338 ^ _168_/A (sky130_fd_sc_hd__and2_1)
     2    0.005147    0.066000    0.131216    5.224554 ^ _168_/X (sky130_fd_sc_hd__and2_1)
                                                         _021_ (net)
                      0.066000    0.000083    5.224638 ^ _172_/B (sky130_fd_sc_hd__or4b_1)
     1    0.003294    0.041968    0.108847    5.333485 ^ _172_/X (sky130_fd_sc_hd__or4b_1)
                                                         _025_ (net)
                      0.041968    0.000106    5.333591 ^ _227_/A2 (sky130_fd_sc_hd__o31a_1)
     1    0.002918    0.045784    0.121017    5.454607 ^ _227_/X (sky130_fd_sc_hd__o31a_1)
                                                         _000_ (net)
                      0.045784    0.000073    5.454681 ^ _228_/D (sky130_fd_sc_hd__dfxtp_1)
                                              5.454681   data arrival time

                                  0.000000    0.000000   clock clk (rise edge)
                                  0.000000    0.000000   clock source latency
     1    0.001877    0.016287    0.007062    0.007062 ^ clk (in)
                                                         clk (net)
                      0.016287    0.000000    0.007062 ^ _228_/CLK (sky130_fd_sc_hd__dfxtp_1)
                                  0.250000    0.257062   clock uncertainty
                                  0.000000    0.257062   clock reconvergence pessimism
                                 -0.035221    0.221841   library hold time
                                              0.221841   data required time
---------------------------------------------------------------------------------------------
                                              0.221841   data required time
                                             -5.454681   data arrival time
---------------------------------------------------------------------------------------------
                                              5.232840   slack (MET)



%OL_END_REPORT
%OL_CREATE_REPORT max.rpt

===========================================================================
report_checks -path_delay max (Setup)
============================================================================
======================= nom_tt_025C_1v80 Corner ===================================

Startpoint: a[30] (input port clocked by clk)
Endpoint: _228_ (rising edge-triggered flip-flop clocked by clk)
Path Group: clk
Path Type: max

Fanout         Cap        Slew       Delay        Time   Description
---------------------------------------------------------------------------------------------
                                  0.000000    0.000000   clock clk (rise edge)
                                  0.000000    0.000000   clock network delay (propagated)
                                  5.000000    5.000000 ^ input external delay
     1    0.003408    0.022368    0.012459    5.012459 ^ a[30] (in)
                                                         a[30] (net)
                      0.022368    0.000000    5.012459 ^ input24/A (sky130_fd_sc_hd__buf_1)
     2    0.007492    0.096304    0.110135    5.122594 ^ input24/X (sky130_fd_sc_hd__buf_1)
                                                         net24 (net)
                      0.096335    0.000141    5.122735 ^ _133_/A_N (sky130_fd_sc_hd__and2b_1)
     2    0.006415    0.048992    0.200762    5.323496 v _133_/X (sky130_fd_sc_hd__and2b_1)
                                                         _099_ (net)
                      0.048992    0.000121    5.323618 v _137_/B1 (sky130_fd_sc_hd__a2111o_1)
     2    0.005696    0.073481    0.396953    5.720571 v _137_/X (sky130_fd_sc_hd__a2111o_1)
                                                         _103_ (net)
                      0.073481    0.000179    5.720749 v _141_/A (sky130_fd_sc_hd__or4b_1)
     3    0.007806    0.115389    0.566991    6.287740 v _141_/X (sky130_fd_sc_hd__or4b_1)
                                                         _107_ (net)
                      0.115389    0.000214    6.287955 v _152_/A (sky130_fd_sc_hd__or3_1)
     2    0.005662    0.080640    0.408289    6.696244 v _152_/X (sky130_fd_sc_hd__or3_1)
                                                         _005_ (net)
                      0.080640    0.000117    6.696361 v _163_/A (sky130_fd_sc_hd__or2_1)
     1    0.003516    0.052038    0.238634    6.934995 v _163_/X (sky130_fd_sc_hd__or2_1)
                                                         _016_ (net)
                      0.052038    0.000091    6.935086 v _227_/A1 (sky130_fd_sc_hd__o31a_1)
     1    0.002925    0.047655    0.290363    7.225449 v _227_/X (sky130_fd_sc_hd__o31a_1)
                                                         _000_ (net)
                      0.047655    0.000073    7.225522 v _228_/D (sky130_fd_sc_hd__dfxtp_1)
                                              7.225522   data arrival time

                                 25.000000   25.000000   clock clk (rise edge)
                                  0.000000   25.000000   clock source latency
     1    0.001877    0.016287    0.007061   25.007061 ^ clk (in)
                                                         clk (net)
                      0.016287    0.000000   25.007061 ^ _228_/CLK (sky130_fd_sc_hd__dfxtp_1)
                                 -0.250000   24.757061   clock uncertainty
                                  0.000000   24.757061   clock reconvergence pessimism
                                 -0.118406   24.638655   library setup time
                                             24.638655   data required time
---------------------------------------------------------------------------------------------
                                             24.638655   data required time
                                             -7.225522   data arrival time
---------------------------------------------------------------------------------------------
                                             17.413134   slack (MET)


Startpoint: _228_ (rising edge-triggered flip-flop clocked by clk)
Endpoint: z (output port clocked by clk)
Path Group: clk
Path Type: max

Fanout         Cap        Slew       Delay        Time   Description
---------------------------------------------------------------------------------------------
                                  0.000000    0.000000   clock clk (rise edge)
                                  0.000000    0.000000   clock source latency
     1    0.001877    0.016287    0.007062    0.007062 ^ clk (in)
                                                         clk (net)
                      0.016287    0.000000    0.007062 ^ _228_/CLK (sky130_fd_sc_hd__dfxtp_1)
     1    0.004183    0.052126    0.298409    0.305471 ^ _228_/Q (sky130_fd_sc_hd__dfxtp_1)
                                                         net65 (net)
                      0.052126    0.000165    0.305636 ^ output65/A (sky130_fd_sc_hd__buf_2)
     1    0.034737    0.172369    0.202051    0.507687 ^ output65/X (sky130_fd_sc_hd__buf_2)
                                                         z (net)
                      0.172425    0.000961    0.508648 ^ z (out)
                                              0.508648   data arrival time

                                 25.000000   25.000000   clock clk (rise edge)
                                  0.000000   25.000000   clock network delay (propagated)
                                 -0.250000   24.750000   clock uncertainty
                                  0.000000   24.750000   clock reconvergence pessimism
                                 -5.000000   19.750000   output external delay
                                             19.750000   data required time
---------------------------------------------------------------------------------------------
                                             19.750000   data required time
                                             -0.508648   data arrival time
---------------------------------------------------------------------------------------------
                                             19.241352   slack (MET)



%OL_END_REPORT
%OL_CREATE_REPORT checks.rpt

===========================================================================
report_checks -unconstrained
===========================================================================
======================= nom_tt_025C_1v80 Corner ===================================

Startpoint: a[30] (input port clocked by clk)
Endpoint: _228_ (rising edge-triggered flip-flop clocked by clk)
Path Group: clk
Path Type: max

Fanout         Cap        Slew       Delay        Time   Description
---------------------------------------------------------------------------------------------
                                  0.000000    0.000000   clock clk (rise edge)
                                  0.000000    0.000000   clock network delay (propagated)
                                  5.000000    5.000000 ^ input external delay
     1    0.003408    0.022368    0.012459    5.012459 ^ a[30] (in)
                                                         a[30] (net)
                      0.022368    0.000000    5.012459 ^ input24/A (sky130_fd_sc_hd__buf_1)
     2    0.007492    0.096304    0.110135    5.122594 ^ input24/X (sky130_fd_sc_hd__buf_1)
                                                         net24 (net)
                      0.096335    0.000141    5.122735 ^ _133_/A_N (sky130_fd_sc_hd__and2b_1)
     2    0.006415    0.048992    0.200762    5.323496 v _133_/X (sky130_fd_sc_hd__and2b_1)
                                                         _099_ (net)
                      0.048992    0.000121    5.323618 v _137_/B1 (sky130_fd_sc_hd__a2111o_1)
     2    0.005696    0.073481    0.396953    5.720571 v _137_/X (sky130_fd_sc_hd__a2111o_1)
                                                         _103_ (net)
                      0.073481    0.000179    5.720749 v _141_/A (sky130_fd_sc_hd__or4b_1)
     3    0.007806    0.115389    0.566991    6.287740 v _141_/X (sky130_fd_sc_hd__or4b_1)
                                                         _107_ (net)
                      0.115389    0.000214    6.287955 v _152_/A (sky130_fd_sc_hd__or3_1)
     2    0.005662    0.080640    0.408289    6.696244 v _152_/X (sky130_fd_sc_hd__or3_1)
                                                         _005_ (net)
                      0.080640    0.000117    6.696361 v _163_/A (sky130_fd_sc_hd__or2_1)
     1    0.003516    0.052038    0.238634    6.934995 v _163_/X (sky130_fd_sc_hd__or2_1)
                                                         _016_ (net)
                      0.052038    0.000091    6.935086 v _227_/A1 (sky130_fd_sc_hd__o31a_1)
     1    0.002925    0.047655    0.290363    7.225449 v _227_/X (sky130_fd_sc_hd__o31a_1)
                                                         _000_ (net)
                      0.047655    0.000073    7.225522 v _228_/D (sky130_fd_sc_hd__dfxtp_1)
                                              7.225522   data arrival time

                                 25.000000   25.000000   clock clk (rise edge)
                                  0.000000   25.000000   clock source latency
     1    0.001877    0.016287    0.007061   25.007061 ^ clk (in)
                                                         clk (net)
                      0.016287    0.000000   25.007061 ^ _228_/CLK (sky130_fd_sc_hd__dfxtp_1)
                                 -0.250000   24.757061   clock uncertainty
                                  0.000000   24.757061   clock reconvergence pessimism
                                 -0.118406   24.638655   library setup time
                                             24.638655   data required time
---------------------------------------------------------------------------------------------
                                             24.638655   data required time
                                             -7.225522   data arrival time
---------------------------------------------------------------------------------------------
                                             17.413134   slack (MET)




===========================================================================
report_checks --slack_max -0.01
============================================================================
======================= nom_tt_025C_1v80 Corner ===================================

No paths found.


===========================================================================
 report_check_types -max_slew -max_cap -max_fanout -violators
============================================================================
======================= nom_tt_025C_1v80 Corner ===================================



===========================================================================
report_parasitic_annotation -report_unannotated
============================================================================
Found 0 unannotated drivers.
Found 22 partially unannotated drivers.
 a[0]
 a[15]
 a[22]
 a[24]
 a[26]
 a[28]
 a[29]
 a[3]
 b[0]
 b[15]
 b[16]
 b[25]
 b[26]
 b[29]
 b[2]
 b[31]
 clk
 _213_/X
 _215_/X
 input43/X
 input55/X
 input9/X

===========================================================================
max slew violation count 0
Writing metric design__max_slew_violation__count__corner:nom_tt_025C_1v80: 0
max fanout violation count 0
Writing metric design__max_fanout_violation__count__corner:nom_tt_025C_1v80: 0
max cap violation count 0
Writing metric design__max_cap_violation__count__corner:nom_tt_025C_1v80: 0
============================================================================

===========================================================================
check_setup -verbose -unconstrained_endpoints -multiple_clock -no_clock -no_input_delay -loops -generated_clocks
===========================================================================
%OL_END_REPORT
%OL_CREATE_REPORT power.rpt

===========================================================================
 report_power
============================================================================
======================= nom_tt_025C_1v80 Corner ===================================

Group                    Internal    Switching      Leakage        Total
                            Power        Power        Power        Power (Watts)
------------------------------------------------------------------------
Sequential           1.679084e-06 1.834784e-08 8.111877e-12 1.697440e-06   9.5%
Combinational        9.056193e-06 7.174810e-06 4.664922e-10 1.623147e-05  90.5%
Clock                0.000000e+00 0.000000e+00 1.036812e-10 1.036812e-10   0.0%
Macro                0.000000e+00 0.000000e+00 0.000000e+00 0.000000e+00   0.0%
Pad                  0.000000e+00 0.000000e+00 0.000000e+00 0.000000e+00   0.0%
------------------------------------------------------------------------
Total                1.073528e-05 7.193159e-06 5.782853e-10 1.792902e-05 100.0%
                            59.9%        40.1%         0.0%
Writing metric power__internal__total: 1.0735278920037672e-5
Writing metric power__switching__total: 7.193158580776071e-6
Writing metric power__leakage__total: 5.782853085278816e-10
Writing metric power__total: 1.792901639419142e-5

%OL_END_REPORT
%OL_CREATE_REPORT skew.min.rpt

===========================================================================
Clock Skew (Hold)
============================================================================
Writing metric clock__skew__worst_hold__corner:nom_tt_025C_1v80: 0.000000
======================= nom_tt_025C_1v80 Corner ===================================

Clock clk
No launch/capture paths found.

%OL_END_REPORT
%OL_CREATE_REPORT skew.max.rpt

===========================================================================
Clock Skew (Setup)
============================================================================
Writing metric clock__skew__worst_setup__corner:nom_tt_025C_1v80: 0.000000
======================= nom_tt_025C_1v80 Corner ===================================

Clock clk
No launch/capture paths found.

%OL_END_REPORT
%OL_CREATE_REPORT ws.min.rpt

===========================================================================
Worst Slack (Hold)
============================================================================
Writing metric timing__hold__ws__corner:nom_tt_025C_1v80: 5.219186
nom_tt_025C_1v80: 5.219186
%OL_END_REPORT
%OL_CREATE_REPORT ws.max.rpt

===========================================================================
Worst Slack (Setup)
============================================================================
Writing metric timing__setup__ws__corner:nom_tt_025C_1v80: 17.413134
nom_tt_025C_1v80: 17.413134
%OL_END_REPORT
%OL_CREATE_REPORT tns.min.rpt

===========================================================================
Total Negative Slack (Hold)
============================================================================
Writing metric timing__hold__tns__corner:nom_tt_025C_1v80: 0.000000
nom_tt_025C_1v80: 0.000000
%OL_END_REPORT
%OL_CREATE_REPORT tns.max.rpt

===========================================================================
Total Negative Slack (Setup)
============================================================================
Writing metric timing__setup__tns__corner:nom_tt_025C_1v80: 0.000000
nom_tt_025C_1v80: 0.000000
%OL_END_REPORT
%OL_CREATE_REPORT wns.min.rpt

===========================================================================
Worst Negative Slack (Hold)
============================================================================
Writing metric timing__hold__wns__corner:nom_tt_025C_1v80: 0
nom_tt_025C_1v80: 0
%OL_END_REPORT
%OL_CREATE_REPORT wns.max.rpt

===========================================================================
Worst Negative Slack (Setup)
============================================================================
Writing metric timing__setup__wns__corner:nom_tt_025C_1v80: 0.0
nom_tt_025C_1v80: 0.0
%OL_END_REPORT
%OL_CREATE_REPORT violator_list.rpt

===========================================================================
Violator List
============================================================================
Writing metric timing__hold_vio__count__corner:nom_tt_025C_1v80: 0
Writing metric timing__hold_r2r__ws__corner:nom_tt_025C_1v80: 1e30
Writing metric timing__hold_r2r_vio__count__corner:nom_tt_025C_1v80: 0
Writing metric timing__setup_vio__count__corner:nom_tt_025C_1v80: 0
Writing metric timing__setup_r2r__ws__corner:nom_tt_025C_1v80: 1e30
Writing metric timing__setup_r2r_vio__count__corner:nom_tt_025C_1v80: 0
%OL_END_REPORT
