
===========================================================================
report_checks -path_delay min (Hold)
============================================================================
======================= min_ff_n40C_1v95 Corner ===================================

Startpoint: b[16] (input port clocked by clk)
Endpoint: _228_ (rising edge-triggered flip-flop clocked by clk)
Path Group: clk
Path Type: min

Fanout         Cap        Slew       Delay        Time   Description
---------------------------------------------------------------------------------------------
                                  0.000000    0.000000   clock clk (rise edge)
                                  0.000000    0.000000   clock network delay (propagated)
                                  5.000000    5.000000 v input external delay
     1    0.002998    0.005021    0.002432    5.002432 v b[16] (in)
                                                         b[16] (net)
                      0.005021    0.000000    5.002432 v input40/A (sky130_fd_sc_hd__clkbuf_1)
     1    0.005407    0.027463    0.055192    5.057625 v input40/X (sky130_fd_sc_hd__clkbuf_1)
                                                         net40 (net)
                      0.027463    0.000067    5.057692 v _125_/A (sky130_fd_sc_hd__inv_2)
     2    0.004981    0.022417    0.031456    5.089148 ^ _125_/Y (sky130_fd_sc_hd__inv_2)
                                                         _091_ (net)
                      0.022417    0.000037    5.089185 ^ _171_/A (sky130_fd_sc_hd__and2_1)
     1    0.002643    0.031496    0.064893    5.154078 ^ _171_/X (sky130_fd_sc_hd__and2_1)
                                                         _024_ (net)
                      0.031496    0.000029    5.154106 ^ _172_/C (sky130_fd_sc_hd__or4b_1)
     1    0.003110    0.029604    0.064687    5.218793 ^ _172_/X (sky130_fd_sc_hd__or4b_1)
                                                         _025_ (net)
                      0.029604    0.000031    5.218824 ^ _227_/A2 (sky130_fd_sc_hd__o31a_1)
     1    0.002542    0.029176    0.074468    5.293292 ^ _227_/X (sky130_fd_sc_hd__o31a_1)
                                                         _000_ (net)
                      0.029176    0.000027    5.293319 ^ _228_/D (sky130_fd_sc_hd__dfxtp_1)
                                              5.293319   data arrival time

                                  0.000000    0.000000   clock clk (rise edge)
                                  0.000000    0.000000   clock source latency
     1    0.004629    0.020438    0.012043    0.012043 ^ clk (in)
                                                         clk (net)
                      0.020439    0.000000    0.012043 ^ _228_/CLK (sky130_fd_sc_hd__dfxtp_1)
                                  0.250000    0.262043   clock uncertainty
                                  0.000000    0.262043   clock reconvergence pessimism
                                 -0.017423    0.244620   library hold time
                                              0.244620   data required time
---------------------------------------------------------------------------------------------
                                              0.244620   data required time
                                             -5.293319   data arrival time
---------------------------------------------------------------------------------------------
                                              5.048699   slack (MET)


Startpoint: _228_ (rising edge-triggered flip-flop clocked by clk)
Endpoint: z (output port clocked by clk)
Path Group: clk
Path Type: min

Fanout         Cap        Slew       Delay        Time   Description
---------------------------------------------------------------------------------------------
                                  0.000000    0.000000   clock clk (rise edge)
                                  0.000000    0.000000   clock source latency
     1    0.004629    0.020438    0.012043    0.012043 ^ clk (in)
                                                         clk (net)
                      0.020439    0.000000    0.012043 ^ _228_/CLK (sky130_fd_sc_hd__dfxtp_1)
     1    0.004895    0.025092    0.187561    0.199603 v _228_/Q (sky130_fd_sc_hd__dfxtp_1)
                                                         net65 (net)
                      0.025092    0.000090    0.199694 v output65/A (sky130_fd_sc_hd__buf_2)
     1    0.034259    0.062593    0.115560    0.315253 v output65/X (sky130_fd_sc_hd__buf_2)
                                                         z (net)
                      0.062593    0.000234    0.315487 v z (out)
                                              0.315487   data arrival time

                                  0.000000    0.000000   clock clk (rise edge)
                                  0.000000    0.000000   clock network delay (propagated)
                                  0.250000    0.250000   clock uncertainty
                                  0.000000    0.250000   clock reconvergence pessimism
                                 -5.000000   -4.750000   output external delay
                                             -4.750000   data required time
---------------------------------------------------------------------------------------------
                                             -4.750000   data required time
                                             -0.315487   data arrival time
---------------------------------------------------------------------------------------------
                                              5.065487   slack (MET)



