
===========================================================================
report_checks -unconstrained
===========================================================================
======================= min_ss_100C_1v60 Corner ===================================

Startpoint: a[30] (input port clocked by clk)
Endpoint: _228_ (rising edge-triggered flip-flop clocked by clk)
Path Group: clk
Path Type: max

Fanout         Cap        Slew       Delay        Time   Description
---------------------------------------------------------------------------------------------
                                  0.000000    0.000000   clock clk (rise edge)
                                  0.000000    0.000000   clock network delay (propagated)
                                  5.000000    5.000000 ^ input external delay
     1    0.003310    0.035642    0.018467    5.018467 ^ a[30] (in)
                                                         a[30] (net)
                      0.035642    0.000000    5.018467 ^ input24/A (sky130_fd_sc_hd__buf_1)
     2    0.007360    0.157436    0.194758    5.213226 ^ input24/X (sky130_fd_sc_hd__buf_1)
                                                         net24 (net)
                      0.157436    0.000054    5.213280 ^ _133_/A_N (sky130_fd_sc_hd__and2b_1)
     2    0.005691    0.089268    0.419123    5.632403 v _133_/X (sky130_fd_sc_hd__and2b_1)
                                                         _099_ (net)
                      0.089268    0.000047    5.632449 v _137_/B1 (sky130_fd_sc_hd__a2111o_1)
     2    0.004933    0.130700    0.769297    6.401746 v _137_/X (sky130_fd_sc_hd__a2111o_1)
                                                         _103_ (net)
                      0.130700    0.000044    6.401791 v _141_/A (sky130_fd_sc_hd__or4b_1)
     3    0.007156    0.228654    1.306764    7.708554 v _141_/X (sky130_fd_sc_hd__or4b_1)
                                                         _107_ (net)
                      0.228654    0.000082    7.708636 v _152_/A (sky130_fd_sc_hd__or3_1)
     2    0.007017    0.178519    0.965920    8.674556 v _152_/X (sky130_fd_sc_hd__or3_1)
                                                         _005_ (net)
                      0.178519    0.000136    8.674691 v _163_/A (sky130_fd_sc_hd__or2_1)
     1    0.002710    0.098791    0.536075    9.210767 v _163_/X (sky130_fd_sc_hd__or2_1)
                                                         _016_ (net)
                      0.098791    0.000015    9.210782 v _227_/A1 (sky130_fd_sc_hd__o31a_1)
     1    0.002112    0.079211    0.551172    9.761953 v _227_/X (sky130_fd_sc_hd__o31a_1)
                                                         _000_ (net)
                      0.079211    0.000020    9.761973 v _228_/D (sky130_fd_sc_hd__dfxtp_1)
                                              9.761973   data arrival time

                                 25.000000   25.000000   clock clk (rise edge)
                                  0.000000   25.000000   clock source latency
     2    0.007808    0.066179    0.041506   25.041506 ^ clk (in)
                                                         clk (net)
                      0.066179    0.000000   25.041506 ^ _228_/CLK (sky130_fd_sc_hd__dfxtp_1)
                                 -0.250000   24.791506   clock uncertainty
                                  0.000000   24.791506   clock reconvergence pessimism
                                 -0.273838   24.517668   library setup time
                                             24.517668   data required time
---------------------------------------------------------------------------------------------
                                             24.517668   data required time
                                             -9.761973   data arrival time
---------------------------------------------------------------------------------------------
                                             14.755694   slack (MET)




===========================================================================
report_checks --slack_max -0.01
============================================================================
======================= min_ss_100C_1v60 Corner ===================================

No paths found.


===========================================================================
 report_check_types -max_slew -max_cap -max_fanout -violators
============================================================================
======================= min_ss_100C_1v60 Corner ===================================



===========================================================================
report_parasitic_annotation -report_unannotated
============================================================================
Found 0 unannotated drivers.
Found 0 partially unannotated drivers.

===========================================================================
max slew violation count 0
max fanout violation count 0
max cap violation count 0
============================================================================

===========================================================================
check_setup -verbose -unconstrained_endpoints -multiple_clock -no_clock -no_input_delay -loops -generated_clocks
===========================================================================
