
===========================================================================
report_checks -unconstrained
===========================================================================
======================= min_tt_025C_1v80 Corner ===================================

Startpoint: a[30] (input port clocked by clk)
Endpoint: _228_ (rising edge-triggered flip-flop clocked by clk)
Path Group: clk
Path Type: max

Fanout         Cap        Slew       Delay        Time   Description
---------------------------------------------------------------------------------------------
                                  0.000000    0.000000   clock clk (rise edge)
                                  0.000000    0.000000   clock network delay (propagated)
                                  5.000000    5.000000 ^ input external delay
     1    0.002823    0.019831    0.010378    5.010378 ^ a[30] (in)
                                                         a[30] (net)
                      0.019831    0.000000    5.010378 ^ input24/A (sky130_fd_sc_hd__buf_1)
     2    0.008251    0.104812    0.115301    5.125679 ^ input24/X (sky130_fd_sc_hd__buf_1)
                                                         net24 (net)
                      0.104812    0.000094    5.125773 ^ _133_/A_N (sky130_fd_sc_hd__and2b_1)
     2    0.005618    0.045461    0.199557    5.325330 v _133_/X (sky130_fd_sc_hd__and2b_1)
                                                         _099_ (net)
                      0.045461    0.000039    5.325369 v _137_/B1 (sky130_fd_sc_hd__a2111o_1)
     2    0.007061    0.081058    0.405505    5.730873 v _137_/X (sky130_fd_sc_hd__a2111o_1)
                                                         _103_ (net)
                      0.081058    0.000077    5.730950 v _141_/A (sky130_fd_sc_hd__or4b_1)
     3    0.009410    0.123986    0.583431    6.314381 v _141_/X (sky130_fd_sc_hd__or4b_1)
                                                         _107_ (net)
                      0.123990    0.000201    6.314582 v _152_/A (sky130_fd_sc_hd__or3_1)
     2    0.004264    0.075831    0.400558    6.715140 v _152_/X (sky130_fd_sc_hd__or3_1)
                                                         _005_ (net)
                      0.075831    0.000024    6.715165 v _163_/A (sky130_fd_sc_hd__or2_1)
     1    0.002897    0.048388    0.232112    6.947276 v _163_/X (sky130_fd_sc_hd__or2_1)
                                                         _016_ (net)
                      0.048388    0.000019    6.947295 v _227_/A1 (sky130_fd_sc_hd__o31a_1)
     1    0.002301    0.044104    0.284007    7.231302 v _227_/X (sky130_fd_sc_hd__o31a_1)
                                                         _000_ (net)
                      0.044104    0.000024    7.231326 v _228_/D (sky130_fd_sc_hd__dfxtp_1)
                                              7.231326   data arrival time

                                 25.000000   25.000000   clock clk (rise edge)
                                  0.000000   25.000000   clock source latency
     1    0.005725    0.032464    0.020181   25.020180 ^ clk (in)
                                                         clk (net)
                      0.032464    0.000000   25.020180 ^ _228_/CLK (sky130_fd_sc_hd__dfxtp_1)
                                 -0.250000   24.770182   clock uncertainty
                                  0.000000   24.770182   clock reconvergence pessimism
                                 -0.113066   24.657116   library setup time
                                             24.657116   data required time
---------------------------------------------------------------------------------------------
                                             24.657116   data required time
                                             -7.231326   data arrival time
---------------------------------------------------------------------------------------------
                                             17.425791   slack (MET)




===========================================================================
report_checks --slack_max -0.01
============================================================================
======================= min_tt_025C_1v80 Corner ===================================

No paths found.


===========================================================================
 report_check_types -max_slew -max_cap -max_fanout -violators
============================================================================
======================= min_tt_025C_1v80 Corner ===================================



===========================================================================
report_parasitic_annotation -report_unannotated
============================================================================
Found 0 unannotated drivers.
Found 0 partially unannotated drivers.

===========================================================================
max slew violation count 0
max fanout violation count 0
max cap violation count 0
============================================================================

===========================================================================
check_setup -verbose -unconstrained_endpoints -multiple_clock -no_clock -no_input_delay -loops -generated_clocks
===========================================================================
