Reading timing models for corner min_tt_025C_1v80…
Reading cell library for the 'min_tt_025C_1v80' corner at '/home/erwann/.volare/volare/sky130/versions/bdc9412b3e468c102d01b7cf6337be06ec6e9c9a/sky130A/libs.ref/sky130_fd_sc_hd/lib/sky130_fd_sc_hd__tt_025C_1v80.lib'…
Reading top-level netlist at '/home/erwann/design_workspace/sky130A/HelloWorld/digital/comp32/runs/RUN_2024-05-09_16-56-29/49-openroad-fillinsertion/comp32.nl.v'…
Linking design 'comp32' from netlist…
Warning: /home/erwann/design_workspace/sky130A/HelloWorld/digital/comp32/runs/RUN_2024-05-09_16-56-29/49-openroad-fillinsertion/comp32.nl.v line 667, module sky130_fd_sc_hd__tapvpwrvgnd_1 not found. Creating black box for TAP_TAPCELL_ROW_0_62.
Warning: /home/erwann/design_workspace/sky130A/HelloWorld/digital/comp32/runs/RUN_2024-05-09_16-56-29/49-openroad-fillinsertion/comp32.nl.v line 929, module sky130_ef_sc_hd__decap_12 not found. Creating black box for FILLER_0_0_3.
Warning: /home/erwann/design_workspace/sky130A/HelloWorld/digital/comp32/runs/RUN_2024-05-09_16-56-29/49-openroad-fillinsertion/comp32.nl.v line 931, module sky130_fd_sc_hd__fill_1 not found. Creating black box for FILLER_0_0_27.
Warning: /home/erwann/design_workspace/sky130A/HelloWorld/digital/comp32/runs/RUN_2024-05-09_16-56-29/49-openroad-fillinsertion/comp32.nl.v line 935, module sky130_fd_sc_hd__fill_2 not found. Creating black box for FILLER_0_0_57.
Reading design constraints file at '/nix/store/hwxq78ix5dm1zxacgmyfrlkgn2vq15hz-python3-3.11.6-env/lib/python3.11/site-packages/openlane/scripts/base.sdc'…
[INFO] Using clock clk…
[INFO] Setting output delay to: 5
[INFO] Setting input delay to: 5
[INFO] Setting load to: 0.033442
[INFO] Setting clock uncertainty to: 0.25
[INFO] Setting clock transition to: 0.1499999999999999944488848768742172978818416595458984375
[INFO] Setting timing derate to: 5%
Reading top-level design parasitics for the 'min_tt_025C_1v80' corner at '/home/erwann/design_workspace/sky130A/HelloWorld/digital/comp32/runs/RUN_2024-05-09_16-56-29/50-openroad-rcx/min/comp32.min.spef'…
%OL_CREATE_REPORT min.rpt

===========================================================================
report_checks -path_delay min (Hold)
============================================================================
======================= min_tt_025C_1v80 Corner ===================================

Startpoint: _228_ (rising edge-triggered flip-flop clocked by clk)
Endpoint: z (output port clocked by clk)
Path Group: clk
Path Type: min

Fanout         Cap        Slew       Delay        Time   Description
---------------------------------------------------------------------------------------------
                                  0.000000    0.000000   clock clk (rise edge)
                                  0.000000    0.000000   clock source latency
     1    0.005725    0.032464    0.020181    0.020181 ^ clk (in)
                                                         clk (net)
                      0.032464    0.000000    0.020181 ^ _228_/CLK (sky130_fd_sc_hd__dfxtp_1)
     1    0.006210    0.040679    0.300775    0.320955 v _228_/Q (sky130_fd_sc_hd__dfxtp_1)
                                                         net65 (net)
                      0.040679    0.000151    0.321106 v output65/A (sky130_fd_sc_hd__buf_2)
     1    0.034315    0.089511    0.178569    0.499675 v output65/X (sky130_fd_sc_hd__buf_2)
                                                         z (net)
                      0.089512    0.000357    0.500032 v z (out)
                                              0.500032   data arrival time

                                  0.000000    0.000000   clock clk (rise edge)
                                  0.000000    0.000000   clock network delay (propagated)
                                  0.250000    0.250000   clock uncertainty
                                  0.000000    0.250000   clock reconvergence pessimism
                                 -5.000000   -4.750000   output external delay
                                             -4.750000   data required time
---------------------------------------------------------------------------------------------
                                             -4.750000   data required time
                                             -0.500032   data arrival time
---------------------------------------------------------------------------------------------
                                              5.250032   slack (MET)


Startpoint: b[16] (input port clocked by clk)
Endpoint: _228_ (rising edge-triggered flip-flop clocked by clk)
Path Group: clk
Path Type: min

Fanout         Cap        Slew       Delay        Time   Description
---------------------------------------------------------------------------------------------
                                  0.000000    0.000000   clock clk (rise edge)
                                  0.000000    0.000000   clock network delay (propagated)
                                  5.000000    5.000000 v input external delay
     1    0.002646    0.008277    0.004158    5.004158 v b[16] (in)
                                                         b[16] (net)
                      0.008277    0.000000    5.004158 v input40/A (sky130_fd_sc_hd__buf_1)
     1    0.007815    0.052601    0.095461    5.099618 v input40/X (sky130_fd_sc_hd__buf_1)
                                                         net40 (net)
                      0.052601    0.000167    5.099785 v _125_/A (sky130_fd_sc_hd__inv_2)
     2    0.006245    0.036345    0.054950    5.154735 ^ _125_/Y (sky130_fd_sc_hd__inv_2)
                                                         _091_ (net)
                      0.036345    0.000070    5.154805 ^ _171_/A (sky130_fd_sc_hd__and2_1)
     1    0.002010    0.039661    0.100748    5.255553 ^ _171_/X (sky130_fd_sc_hd__and2_1)
                                                         _024_ (net)
                      0.039661    0.000018    5.255570 ^ _172_/C (sky130_fd_sc_hd__or4b_1)
     1    0.006057    0.065359    0.114235    5.369806 ^ _172_/X (sky130_fd_sc_hd__or4b_1)
                                                         _025_ (net)
                      0.065359    0.000165    5.369970 ^ _227_/A2 (sky130_fd_sc_hd__o31a_1)
     1    0.002294    0.041265    0.122614    5.492584 ^ _227_/X (sky130_fd_sc_hd__o31a_1)
                                                         _000_ (net)
                      0.041265    0.000024    5.492608 ^ _228_/D (sky130_fd_sc_hd__dfxtp_1)
                                              5.492608   data arrival time

                                  0.000000    0.000000   clock clk (rise edge)
                                  0.000000    0.000000   clock source latency
     1    0.005725    0.032464    0.020181    0.020181 ^ clk (in)
                                                         clk (net)
                      0.032464    0.000000    0.020181 ^ _228_/CLK (sky130_fd_sc_hd__dfxtp_1)
                                  0.250000    0.270181   clock uncertainty
                                  0.000000    0.270181   clock reconvergence pessimism
                                 -0.032139    0.238041   library hold time
                                              0.238041   data required time
---------------------------------------------------------------------------------------------
                                              0.238041   data required time
                                             -5.492608   data arrival time
---------------------------------------------------------------------------------------------
                                              5.254567   slack (MET)



%OL_END_REPORT
%OL_CREATE_REPORT max.rpt

===========================================================================
report_checks -path_delay max (Setup)
============================================================================
======================= min_tt_025C_1v80 Corner ===================================

Startpoint: a[30] (input port clocked by clk)
Endpoint: _228_ (rising edge-triggered flip-flop clocked by clk)
Path Group: clk
Path Type: max

Fanout         Cap        Slew       Delay        Time   Description
---------------------------------------------------------------------------------------------
                                  0.000000    0.000000   clock clk (rise edge)
                                  0.000000    0.000000   clock network delay (propagated)
                                  5.000000    5.000000 ^ input external delay
     1    0.002823    0.019831    0.010378    5.010378 ^ a[30] (in)
                                                         a[30] (net)
                      0.019831    0.000000    5.010378 ^ input24/A (sky130_fd_sc_hd__buf_1)
     2    0.008251    0.104812    0.115301    5.125679 ^ input24/X (sky130_fd_sc_hd__buf_1)
                                                         net24 (net)
                      0.104812    0.000094    5.125773 ^ _133_/A_N (sky130_fd_sc_hd__and2b_1)
     2    0.005618    0.045461    0.199557    5.325330 v _133_/X (sky130_fd_sc_hd__and2b_1)
                                                         _099_ (net)
                      0.045461    0.000039    5.325369 v _137_/B1 (sky130_fd_sc_hd__a2111o_1)
     2    0.007061    0.081058    0.405505    5.730873 v _137_/X (sky130_fd_sc_hd__a2111o_1)
                                                         _103_ (net)
                      0.081058    0.000077    5.730950 v _141_/A (sky130_fd_sc_hd__or4b_1)
     3    0.009410    0.123986    0.583431    6.314381 v _141_/X (sky130_fd_sc_hd__or4b_1)
                                                         _107_ (net)
                      0.123990    0.000201    6.314582 v _152_/A (sky130_fd_sc_hd__or3_1)
     2    0.004264    0.075831    0.400558    6.715140 v _152_/X (sky130_fd_sc_hd__or3_1)
                                                         _005_ (net)
                      0.075831    0.000024    6.715165 v _163_/A (sky130_fd_sc_hd__or2_1)
     1    0.002897    0.048388    0.232112    6.947276 v _163_/X (sky130_fd_sc_hd__or2_1)
                                                         _016_ (net)
                      0.048388    0.000019    6.947295 v _227_/A1 (sky130_fd_sc_hd__o31a_1)
     1    0.002301    0.044104    0.284007    7.231302 v _227_/X (sky130_fd_sc_hd__o31a_1)
                                                         _000_ (net)
                      0.044104    0.000024    7.231326 v _228_/D (sky130_fd_sc_hd__dfxtp_1)
                                              7.231326   data arrival time

                                 25.000000   25.000000   clock clk (rise edge)
                                  0.000000   25.000000   clock source latency
     1    0.005725    0.032464    0.020181   25.020180 ^ clk (in)
                                                         clk (net)
                      0.032464    0.000000   25.020180 ^ _228_/CLK (sky130_fd_sc_hd__dfxtp_1)
                                 -0.250000   24.770182   clock uncertainty
                                  0.000000   24.770182   clock reconvergence pessimism
                                 -0.113066   24.657116   library setup time
                                             24.657116   data required time
---------------------------------------------------------------------------------------------
                                             24.657116   data required time
                                             -7.231326   data arrival time
---------------------------------------------------------------------------------------------
                                             17.425791   slack (MET)


Startpoint: _228_ (rising edge-triggered flip-flop clocked by clk)
Endpoint: z (output port clocked by clk)
Path Group: clk
Path Type: max

Fanout         Cap        Slew       Delay        Time   Description
---------------------------------------------------------------------------------------------
                                  0.000000    0.000000   clock clk (rise edge)
                                  0.000000    0.000000   clock source latency
     1    0.005725    0.032464    0.020181    0.020181 ^ clk (in)
                                                         clk (net)
                      0.032464    0.000000    0.020181 ^ _228_/CLK (sky130_fd_sc_hd__dfxtp_1)
     1    0.006370    0.071049    0.318734    0.338915 ^ _228_/Q (sky130_fd_sc_hd__dfxtp_1)
                                                         net65 (net)
                      0.071049    0.000157    0.339072 ^ output65/A (sky130_fd_sc_hd__buf_2)
     1    0.034315    0.170460    0.208057    0.547129 ^ output65/X (sky130_fd_sc_hd__buf_2)
                                                         z (net)
                      0.170460    0.000357    0.547485 ^ z (out)
                                              0.547485   data arrival time

                                 25.000000   25.000000   clock clk (rise edge)
                                  0.000000   25.000000   clock network delay (propagated)
                                 -0.250000   24.750000   clock uncertainty
                                  0.000000   24.750000   clock reconvergence pessimism
                                 -5.000000   19.750000   output external delay
                                             19.750000   data required time
---------------------------------------------------------------------------------------------
                                             19.750000   data required time
                                             -0.547485   data arrival time
---------------------------------------------------------------------------------------------
                                             19.202515   slack (MET)



%OL_END_REPORT
%OL_CREATE_REPORT checks.rpt

===========================================================================
report_checks -unconstrained
===========================================================================
======================= min_tt_025C_1v80 Corner ===================================

Startpoint: a[30] (input port clocked by clk)
Endpoint: _228_ (rising edge-triggered flip-flop clocked by clk)
Path Group: clk
Path Type: max

Fanout         Cap        Slew       Delay        Time   Description
---------------------------------------------------------------------------------------------
                                  0.000000    0.000000   clock clk (rise edge)
                                  0.000000    0.000000   clock network delay (propagated)
                                  5.000000    5.000000 ^ input external delay
     1    0.002823    0.019831    0.010378    5.010378 ^ a[30] (in)
                                                         a[30] (net)
                      0.019831    0.000000    5.010378 ^ input24/A (sky130_fd_sc_hd__buf_1)
     2    0.008251    0.104812    0.115301    5.125679 ^ input24/X (sky130_fd_sc_hd__buf_1)
                                                         net24 (net)
                      0.104812    0.000094    5.125773 ^ _133_/A_N (sky130_fd_sc_hd__and2b_1)
     2    0.005618    0.045461    0.199557    5.325330 v _133_/X (sky130_fd_sc_hd__and2b_1)
                                                         _099_ (net)
                      0.045461    0.000039    5.325369 v _137_/B1 (sky130_fd_sc_hd__a2111o_1)
     2    0.007061    0.081058    0.405505    5.730873 v _137_/X (sky130_fd_sc_hd__a2111o_1)
                                                         _103_ (net)
                      0.081058    0.000077    5.730950 v _141_/A (sky130_fd_sc_hd__or4b_1)
     3    0.009410    0.123986    0.583431    6.314381 v _141_/X (sky130_fd_sc_hd__or4b_1)
                                                         _107_ (net)
                      0.123990    0.000201    6.314582 v _152_/A (sky130_fd_sc_hd__or3_1)
     2    0.004264    0.075831    0.400558    6.715140 v _152_/X (sky130_fd_sc_hd__or3_1)
                                                         _005_ (net)
                      0.075831    0.000024    6.715165 v _163_/A (sky130_fd_sc_hd__or2_1)
     1    0.002897    0.048388    0.232112    6.947276 v _163_/X (sky130_fd_sc_hd__or2_1)
                                                         _016_ (net)
                      0.048388    0.000019    6.947295 v _227_/A1 (sky130_fd_sc_hd__o31a_1)
     1    0.002301    0.044104    0.284007    7.231302 v _227_/X (sky130_fd_sc_hd__o31a_1)
                                                         _000_ (net)
                      0.044104    0.000024    7.231326 v _228_/D (sky130_fd_sc_hd__dfxtp_1)
                                              7.231326   data arrival time

                                 25.000000   25.000000   clock clk (rise edge)
                                  0.000000   25.000000   clock source latency
     1    0.005725    0.032464    0.020181   25.020180 ^ clk (in)
                                                         clk (net)
                      0.032464    0.000000   25.020180 ^ _228_/CLK (sky130_fd_sc_hd__dfxtp_1)
                                 -0.250000   24.770182   clock uncertainty
                                  0.000000   24.770182   clock reconvergence pessimism
                                 -0.113066   24.657116   library setup time
                                             24.657116   data required time
---------------------------------------------------------------------------------------------
                                             24.657116   data required time
                                             -7.231326   data arrival time
---------------------------------------------------------------------------------------------
                                             17.425791   slack (MET)




===========================================================================
report_checks --slack_max -0.01
============================================================================
======================= min_tt_025C_1v80 Corner ===================================

No paths found.


===========================================================================
 report_check_types -max_slew -max_cap -max_fanout -violators
============================================================================
======================= min_tt_025C_1v80 Corner ===================================



===========================================================================
report_parasitic_annotation -report_unannotated
============================================================================
Found 0 unannotated drivers.
Found 0 partially unannotated drivers.

===========================================================================
max slew violation count 0
%OL_METRIC_I design__max_slew_violation__count__corner:min_tt_025C_1v80 0
max fanout violation count 0
%OL_METRIC_I design__max_fanout_violation__count__corner:min_tt_025C_1v80 0
max cap violation count 0
%OL_METRIC_I design__max_cap_violation__count__corner:min_tt_025C_1v80 0
============================================================================

===========================================================================
check_setup -verbose -unconstrained_endpoints -multiple_clock -no_clock -no_input_delay -loops -generated_clocks
===========================================================================
%OL_END_REPORT
%OL_CREATE_REPORT power.rpt

===========================================================================
 report_power
============================================================================
======================= min_tt_025C_1v80 Corner ===================================

Group                    Internal    Switching      Leakage        Total
                            Power        Power        Power        Power (Watts)
------------------------------------------------------------------------
Sequential           1.670547e-06 2.793938e-08 8.111877e-12 1.698495e-06   9.3%
Combinational        9.082535e-06 7.518709e-06 4.664922e-10 1.660171e-05  90.7%
Clock                0.000000e+00 0.000000e+00 7.970513e-10 7.970513e-10   0.0%
Macro                0.000000e+00 0.000000e+00 0.000000e+00 0.000000e+00   0.0%
Pad                  0.000000e+00 0.000000e+00 0.000000e+00 0.000000e+00   0.0%
------------------------------------------------------------------------
Total                1.075308e-05 7.546648e-06 1.271659e-09 1.830100e-05 100.0%
                            58.8%        41.2%         0.0%
%OL_METRIC_F power__internal__total 1.0753081369330175e-5
%OL_METRIC_F power__switching__total 7.546647793787997e-6
%OL_METRIC_F power__leakage__total 1.271659000323666e-9
%OL_METRIC_F power__total 1.830099972721655e-5

%OL_END_REPORT
%OL_CREATE_REPORT skew.min.rpt

===========================================================================
Clock Skew (Hold)
============================================================================
%OL_METRIC_F clock__skew__worst_hold__corner:min_tt_025C_1v80 0.000000
======================= min_tt_025C_1v80 Corner ===================================

Clock clk
No launch/capture paths found.

%OL_END_REPORT
%OL_CREATE_REPORT skew.max.rpt

===========================================================================
Clock Skew (Setup)
============================================================================
%OL_METRIC_F clock__skew__worst_setup__corner:min_tt_025C_1v80 0.000000
======================= min_tt_025C_1v80 Corner ===================================

Clock clk
No launch/capture paths found.

%OL_END_REPORT
%OL_CREATE_REPORT ws.min.rpt

===========================================================================
Worst Slack (Hold)
============================================================================
%OL_METRIC_F timing__hold__ws__corner:min_tt_025C_1v80 5.250032
min_tt_025C_1v80: 5.250032
%OL_END_REPORT
%OL_CREATE_REPORT ws.max.rpt

===========================================================================
Worst Slack (Setup)
============================================================================
%OL_METRIC_F timing__setup__ws__corner:min_tt_025C_1v80 17.425791
min_tt_025C_1v80: 17.425791
%OL_END_REPORT
%OL_CREATE_REPORT tns.min.rpt

===========================================================================
Total Negative Slack (Hold)
============================================================================
%OL_METRIC_F timing__hold__tns__corner:min_tt_025C_1v80 0.000000
min_tt_025C_1v80: 0.000000
%OL_END_REPORT
%OL_CREATE_REPORT tns.max.rpt

===========================================================================
Total Negative Slack (Setup)
============================================================================
%OL_METRIC_F timing__setup__tns__corner:min_tt_025C_1v80 0.000000
min_tt_025C_1v80: 0.000000
%OL_END_REPORT
%OL_CREATE_REPORT wns.min.rpt

===========================================================================
Worst Negative Slack (Hold)
============================================================================
%OL_METRIC_F timing__hold__wns__corner:min_tt_025C_1v80 0
min_tt_025C_1v80: 0
%OL_END_REPORT
%OL_CREATE_REPORT wns.max.rpt

===========================================================================
Worst Negative Slack (Setup)
============================================================================
%OL_METRIC_F timing__setup__wns__corner:min_tt_025C_1v80 0.0
min_tt_025C_1v80: 0.0
%OL_END_REPORT
%OL_CREATE_REPORT violator_list.rpt

===========================================================================
Violator List
============================================================================
%OL_METRIC_I timing__hold_vio__count__corner:min_tt_025C_1v80 0
%OL_METRIC_F timing__hold_r2r__ws__corner:min_tt_025C_1v80 inf
%OL_METRIC_I timing__hold_r2r_vio__count__corner:min_tt_025C_1v80 0
%OL_METRIC_I timing__setup_vio__count__corner:min_tt_025C_1v80 0
%OL_METRIC_F timing__setup_r2r__ws__corner:min_tt_025C_1v80 inf
%OL_METRIC_I timing__setup_r2r_vio__count__corner:min_tt_025C_1v80 0
%OL_END_REPORT
Writing SDF files for all corners…
Removing Clock latencies before writing libs…
Writing timing models for all corners…
Writing timing models for the min_tt_025C_1v80 corner to /home/erwann/design_workspace/sky130A/HelloWorld/digital/comp32/runs/RUN_2024-05-09_16-56-29/51-openroad-stapostpnr/min_tt_025C_1v80/comp32__min_tt_025C_1v80.lib…
