
===========================================================================
report_checks -path_delay max (Setup)
============================================================================
======================= nom_tt_025C_1v80 Corner ===================================

Startpoint: a[30] (input port clocked by clk)
Endpoint: _228_ (rising edge-triggered flip-flop clocked by clk)
Path Group: clk
Path Type: max

Fanout         Cap        Slew       Delay        Time   Description
---------------------------------------------------------------------------------------------
                                  0.000000    0.000000   clock clk (rise edge)
                                  0.000000    0.000000   clock network delay (propagated)
                                  1.000000    1.000000 ^ input external delay
     1    0.006065    0.033968    0.021322    1.021322 ^ a[30] (in)
                                                         a[30] (net)
                      0.033969    0.000000    1.021322 ^ input24/A (sky130_fd_sc_hd__buf_6)
     2    0.007517    0.028936    0.082430    1.103752 ^ input24/X (sky130_fd_sc_hd__buf_6)
                                                         net24 (net)
                      0.028936    0.000143    1.103895 ^ _133_/A_N (sky130_fd_sc_hd__and2b_1)
     2    0.004950    0.042702    0.172844    1.276738 v _133_/X (sky130_fd_sc_hd__and2b_1)
                                                         _099_ (net)
                      0.042703    0.000100    1.276838 v _137_/B1 (sky130_fd_sc_hd__a2111o_1)
     2    0.005903    0.074558    0.396522    1.673360 v _137_/X (sky130_fd_sc_hd__a2111o_1)
                                                         _103_ (net)
                      0.074559    0.000178    1.673538 v _141_/A (sky130_fd_sc_hd__or4b_4)
     3    0.009189    0.093182    0.555419    2.228957 v _141_/X (sky130_fd_sc_hd__or4b_4)
                                                         _107_ (net)
                      0.093182    0.000265    2.229222 v _152_/A (sky130_fd_sc_hd__or3_4)
     2    0.006481    0.069032    0.402328    2.631550 v _152_/X (sky130_fd_sc_hd__or3_4)
                                                         _005_ (net)
                      0.069032    0.000145    2.631695 v _163_/B (sky130_fd_sc_hd__or2_4)
     1    0.003463    0.044351    0.228161    2.859856 v _163_/X (sky130_fd_sc_hd__or2_4)
                                                         _016_ (net)
                      0.044352    0.000088    2.859945 v _227_/A1 (sky130_fd_sc_hd__o31a_1)
     1    0.002925    0.047659    0.287435    3.147379 v _227_/X (sky130_fd_sc_hd__o31a_1)
                                                         _000_ (net)
                      0.047660    0.000073    3.147453 v _228_/D (sky130_fd_sc_hd__dfxtp_1)
                                              3.147453   data arrival time

                                  5.000000    5.000000   clock clk (rise edge)
                                  0.000000    5.000000   clock source latency
     1    0.004730    0.028117    0.017025    5.017025 ^ clk (in)
                                                         clk (net)
                      0.028118    0.000000    5.017025 ^ _228_/CLK (sky130_fd_sc_hd__dfxtp_1)
                                 -0.250000    4.767025   clock uncertainty
                                  0.000000    4.767025   clock reconvergence pessimism
                                 -0.115643    4.651382   library setup time
                                              4.651382   data required time
---------------------------------------------------------------------------------------------
                                              4.651382   data required time
                                             -3.147453   data arrival time
---------------------------------------------------------------------------------------------
                                              1.503930   slack (MET)


Startpoint: _228_ (rising edge-triggered flip-flop clocked by clk)
Endpoint: z (output port clocked by clk)
Path Group: clk
Path Type: max

Fanout         Cap        Slew       Delay        Time   Description
---------------------------------------------------------------------------------------------
                                  0.000000    0.000000   clock clk (rise edge)
                                  0.000000    0.000000   clock source latency
     1    0.004730    0.028117    0.017026    0.017026 ^ clk (in)
                                                         clk (net)
                      0.028118    0.000000    0.017026 ^ _228_/CLK (sky130_fd_sc_hd__dfxtp_1)
     1    0.004183    0.052149    0.302697    0.319722 ^ _228_/Q (sky130_fd_sc_hd__dfxtp_1)
                                                         net65 (net)
                      0.052150    0.000165    0.319888 ^ output65/A (sky130_fd_sc_hd__buf_2)
     1    0.034737    0.172417    0.202060    0.521948 ^ output65/X (sky130_fd_sc_hd__buf_2)
                                                         z (net)
                      0.172425    0.000961    0.522909 ^ z (out)
                                              0.522909   data arrival time

                                  5.000000    5.000000   clock clk (rise edge)
                                  0.000000    5.000000   clock network delay (propagated)
                                 -0.250000    4.750000   clock uncertainty
                                  0.000000    4.750000   clock reconvergence pessimism
                                 -1.000000    3.750000   output external delay
                                              3.750000   data required time
---------------------------------------------------------------------------------------------
                                              3.750000   data required time
                                             -0.522909   data arrival time
---------------------------------------------------------------------------------------------
                                              3.227091   slack (MET)



