
===========================================================================
report_checks -path_delay min (Hold)
============================================================================
======================= nom_tt_025C_1v80 Corner ===================================

Startpoint: a[17] (input port clocked by clk)
Endpoint: _228_ (rising edge-triggered flip-flop clocked by clk)
Path Group: clk
Path Type: min

Fanout         Cap        Slew       Delay        Time   Description
---------------------------------------------------------------------------------------------
                                  0.000000    0.000000   clock clk (rise edge)
                                  0.000000    0.000000   clock network delay (propagated)
                                  1.000000    1.000000 ^ input external delay
     1    0.003190    0.021421    0.011690    1.011690 ^ a[17] (in)
                                                         a[17] (net)
                      0.021421    0.000000    1.011690 ^ input9/A (sky130_fd_sc_hd__clkbuf_1)
     2    0.003946    0.058658    0.081650    1.093340 ^ input9/X (sky130_fd_sc_hd__clkbuf_1)
                                                         net9 (net)
                      0.058658    0.000000    1.093340 ^ _168_/A (sky130_fd_sc_hd__and2_1)
     2    0.005147    0.066017    0.131216    1.224556 ^ _168_/X (sky130_fd_sc_hd__and2_1)
                                                         _021_ (net)
                      0.066017    0.000083    1.224639 ^ _172_/B (sky130_fd_sc_hd__or4b_1)
     1    0.003294    0.041977    0.108853    1.333493 ^ _172_/X (sky130_fd_sc_hd__or4b_1)
                                                         _025_ (net)
                      0.041977    0.000106    1.333598 ^ _227_/A2 (sky130_fd_sc_hd__o31a_1)
     1    0.002918    0.045790    0.121020    1.454619 ^ _227_/X (sky130_fd_sc_hd__o31a_1)
                                                         _000_ (net)
                      0.045790    0.000073    1.454692 ^ _228_/D (sky130_fd_sc_hd__dfxtp_1)
                                              1.454692   data arrival time

                                  0.000000    0.000000   clock clk (rise edge)
                                  0.000000    0.000000   clock source latency
     1    0.004730    0.028117    0.017026    0.017026 ^ clk (in)
                                                         clk (net)
                      0.028118    0.000000    0.017026 ^ _228_/CLK (sky130_fd_sc_hd__dfxtp_1)
                                  0.250000    0.267026   clock uncertainty
                                  0.000000    0.267026   clock reconvergence pessimism
                                 -0.033662    0.233364   library hold time
                                              0.233364   data required time
---------------------------------------------------------------------------------------------
                                              0.233364   data required time
                                             -1.454692   data arrival time
---------------------------------------------------------------------------------------------
                                              1.221328   slack (MET)


Startpoint: _228_ (rising edge-triggered flip-flop clocked by clk)
Endpoint: z (output port clocked by clk)
Path Group: clk
Path Type: min

Fanout         Cap        Slew       Delay        Time   Description
---------------------------------------------------------------------------------------------
                                  0.000000    0.000000   clock clk (rise edge)
                                  0.000000    0.000000   clock source latency
     1    0.004730    0.028117    0.017026    0.017026 ^ clk (in)
                                                         clk (net)
                      0.028118    0.000000    0.017026 ^ _228_/CLK (sky130_fd_sc_hd__dfxtp_1)
     1    0.004023    0.031686    0.290277    0.307303 v _228_/Q (sky130_fd_sc_hd__dfxtp_1)
                                                         net65 (net)
                      0.031687    0.000157    0.307459 v output65/A (sky130_fd_sc_hd__buf_2)
     1    0.034737    0.090769    0.175002    0.482462 v output65/X (sky130_fd_sc_hd__buf_2)
                                                         z (net)
                      0.090783    0.000961    0.483422 v z (out)
                                              0.483422   data arrival time

                                  0.000000    0.000000   clock clk (rise edge)
                                  0.000000    0.000000   clock network delay (propagated)
                                  0.250000    0.250000   clock uncertainty
                                  0.000000    0.250000   clock reconvergence pessimism
                                 -1.000000   -0.750000   output external delay
                                             -0.750000   data required time
---------------------------------------------------------------------------------------------
                                             -0.750000   data required time
                                             -0.483422   data arrival time
---------------------------------------------------------------------------------------------
                                              1.233422   slack (MET)



