Reading OpenROAD database at '/home/erwann/design_workspace/sky130A/HelloWorld/digital/comp32/runs/RUN_2024-04-29_20-13-57/39-openroad-repairantennas/1-diodeinsertion/comp32.odb'…
Reading library file at '/home/erwann/.volare/volare/sky130/versions/bdc9412b3e468c102d01b7cf6337be06ec6e9c9a/sky130A/libs.ref/sky130_fd_sc_hd/lib/sky130_fd_sc_hd__tt_025C_1v80.lib'…
Reading design constraints file at '/nix/store/6kwxhhp4vfqxi9qpnqnwc7xg02y8ymv6-python3-3.11.6-env/lib/python3.11/site-packages/openlane/scripts/base.sdc'…
[INFO] Using clock clk…
[INFO] Setting output delay to: 1
[INFO] Setting input delay to: 1
[INFO] Setting load to: 0.033442
[INFO] Setting clock uncertainty to: 0.25
[INFO] Setting clock transition to: 0.1499999999999999944488848768742172978818416595458984375
[INFO] Setting timing derate to: 5%
[INFO] Setting RC values…
%OL_CREATE_REPORT min.rpt

===========================================================================
report_checks -path_delay min (Hold)
============================================================================
======================= nom_tt_025C_1v80 Corner ===================================

Startpoint: a[17] (input port clocked by clk)
Endpoint: _228_ (rising edge-triggered flip-flop clocked by clk)
Path Group: clk
Path Type: min

Fanout         Cap        Slew       Delay        Time   Description
---------------------------------------------------------------------------------------------
                                  0.000000    0.000000   clock clk (rise edge)
                                  0.000000    0.000000   clock network delay (propagated)
                                  1.000000    1.000000 ^ input external delay
     1    0.003190    0.021421    0.011690    1.011690 ^ a[17] (in)
                                                         a[17] (net)
                      0.021421    0.000000    1.011690 ^ input9/A (sky130_fd_sc_hd__clkbuf_1)
     2    0.003946    0.058658    0.081650    1.093340 ^ input9/X (sky130_fd_sc_hd__clkbuf_1)
                                                         net9 (net)
                      0.058658    0.000000    1.093340 ^ _168_/A (sky130_fd_sc_hd__and2_1)
     2    0.005147    0.066017    0.131216    1.224556 ^ _168_/X (sky130_fd_sc_hd__and2_1)
                                                         _021_ (net)
                      0.066017    0.000083    1.224639 ^ _172_/B (sky130_fd_sc_hd__or4b_1)
     1    0.003294    0.041977    0.108853    1.333493 ^ _172_/X (sky130_fd_sc_hd__or4b_1)
                                                         _025_ (net)
                      0.041977    0.000106    1.333598 ^ _227_/A2 (sky130_fd_sc_hd__o31a_1)
     1    0.002918    0.045790    0.121020    1.454619 ^ _227_/X (sky130_fd_sc_hd__o31a_1)
                                                         _000_ (net)
                      0.045790    0.000073    1.454692 ^ _228_/D (sky130_fd_sc_hd__dfxtp_1)
                                              1.454692   data arrival time

                                  0.000000    0.000000   clock clk (rise edge)
                                  0.000000    0.000000   clock source latency
     1    0.004730    0.028117    0.017026    0.017026 ^ clk (in)
                                                         clk (net)
                      0.028118    0.000000    0.017026 ^ _228_/CLK (sky130_fd_sc_hd__dfxtp_1)
                                  0.250000    0.267026   clock uncertainty
                                  0.000000    0.267026   clock reconvergence pessimism
                                 -0.033662    0.233364   library hold time
                                              0.233364   data required time
---------------------------------------------------------------------------------------------
                                              0.233364   data required time
                                             -1.454692   data arrival time
---------------------------------------------------------------------------------------------
                                              1.221328   slack (MET)


Startpoint: _228_ (rising edge-triggered flip-flop clocked by clk)
Endpoint: z (output port clocked by clk)
Path Group: clk
Path Type: min

Fanout         Cap        Slew       Delay        Time   Description
---------------------------------------------------------------------------------------------
                                  0.000000    0.000000   clock clk (rise edge)
                                  0.000000    0.000000   clock source latency
     1    0.004730    0.028117    0.017026    0.017026 ^ clk (in)
                                                         clk (net)
                      0.028118    0.000000    0.017026 ^ _228_/CLK (sky130_fd_sc_hd__dfxtp_1)
     1    0.004023    0.031686    0.290277    0.307303 v _228_/Q (sky130_fd_sc_hd__dfxtp_1)
                                                         net65 (net)
                      0.031687    0.000157    0.307459 v output65/A (sky130_fd_sc_hd__buf_2)
     1    0.034737    0.090769    0.175002    0.482462 v output65/X (sky130_fd_sc_hd__buf_2)
                                                         z (net)
                      0.090783    0.000961    0.483422 v z (out)
                                              0.483422   data arrival time

                                  0.000000    0.000000   clock clk (rise edge)
                                  0.000000    0.000000   clock network delay (propagated)
                                  0.250000    0.250000   clock uncertainty
                                  0.000000    0.250000   clock reconvergence pessimism
                                 -1.000000   -0.750000   output external delay
                                             -0.750000   data required time
---------------------------------------------------------------------------------------------
                                             -0.750000   data required time
                                             -0.483422   data arrival time
---------------------------------------------------------------------------------------------
                                              1.233422   slack (MET)



%OL_END_REPORT
%OL_CREATE_REPORT max.rpt

===========================================================================
report_checks -path_delay max (Setup)
============================================================================
======================= nom_tt_025C_1v80 Corner ===================================

Startpoint: a[30] (input port clocked by clk)
Endpoint: _228_ (rising edge-triggered flip-flop clocked by clk)
Path Group: clk
Path Type: max

Fanout         Cap        Slew       Delay        Time   Description
---------------------------------------------------------------------------------------------
                                  0.000000    0.000000   clock clk (rise edge)
                                  0.000000    0.000000   clock network delay (propagated)
                                  1.000000    1.000000 ^ input external delay
     1    0.006065    0.033968    0.021322    1.021322 ^ a[30] (in)
                                                         a[30] (net)
                      0.033969    0.000000    1.021322 ^ input24/A (sky130_fd_sc_hd__buf_6)
     2    0.007517    0.028936    0.082430    1.103752 ^ input24/X (sky130_fd_sc_hd__buf_6)
                                                         net24 (net)
                      0.028936    0.000143    1.103895 ^ _133_/A_N (sky130_fd_sc_hd__and2b_1)
     2    0.004950    0.042702    0.172844    1.276738 v _133_/X (sky130_fd_sc_hd__and2b_1)
                                                         _099_ (net)
                      0.042703    0.000100    1.276838 v _137_/B1 (sky130_fd_sc_hd__a2111o_1)
     2    0.005903    0.074558    0.396522    1.673360 v _137_/X (sky130_fd_sc_hd__a2111o_1)
                                                         _103_ (net)
                      0.074559    0.000178    1.673538 v _141_/A (sky130_fd_sc_hd__or4b_4)
     3    0.009189    0.093182    0.555419    2.228957 v _141_/X (sky130_fd_sc_hd__or4b_4)
                                                         _107_ (net)
                      0.093182    0.000265    2.229222 v _152_/A (sky130_fd_sc_hd__or3_4)
     2    0.006481    0.069032    0.402328    2.631550 v _152_/X (sky130_fd_sc_hd__or3_4)
                                                         _005_ (net)
                      0.069032    0.000145    2.631695 v _163_/B (sky130_fd_sc_hd__or2_4)
     1    0.003463    0.044351    0.228161    2.859856 v _163_/X (sky130_fd_sc_hd__or2_4)
                                                         _016_ (net)
                      0.044352    0.000088    2.859945 v _227_/A1 (sky130_fd_sc_hd__o31a_1)
     1    0.002925    0.047659    0.287435    3.147379 v _227_/X (sky130_fd_sc_hd__o31a_1)
                                                         _000_ (net)
                      0.047660    0.000073    3.147453 v _228_/D (sky130_fd_sc_hd__dfxtp_1)
                                              3.147453   data arrival time

                                  5.000000    5.000000   clock clk (rise edge)
                                  0.000000    5.000000   clock source latency
     1    0.004730    0.028117    0.017025    5.017025 ^ clk (in)
                                                         clk (net)
                      0.028118    0.000000    5.017025 ^ _228_/CLK (sky130_fd_sc_hd__dfxtp_1)
                                 -0.250000    4.767025   clock uncertainty
                                  0.000000    4.767025   clock reconvergence pessimism
                                 -0.115643    4.651382   library setup time
                                              4.651382   data required time
---------------------------------------------------------------------------------------------
                                              4.651382   data required time
                                             -3.147453   data arrival time
---------------------------------------------------------------------------------------------
                                              1.503930   slack (MET)


Startpoint: _228_ (rising edge-triggered flip-flop clocked by clk)
Endpoint: z (output port clocked by clk)
Path Group: clk
Path Type: max

Fanout         Cap        Slew       Delay        Time   Description
---------------------------------------------------------------------------------------------
                                  0.000000    0.000000   clock clk (rise edge)
                                  0.000000    0.000000   clock source latency
     1    0.004730    0.028117    0.017026    0.017026 ^ clk (in)
                                                         clk (net)
                      0.028118    0.000000    0.017026 ^ _228_/CLK (sky130_fd_sc_hd__dfxtp_1)
     1    0.004183    0.052149    0.302697    0.319722 ^ _228_/Q (sky130_fd_sc_hd__dfxtp_1)
                                                         net65 (net)
                      0.052150    0.000165    0.319888 ^ output65/A (sky130_fd_sc_hd__buf_2)
     1    0.034737    0.172417    0.202060    0.521948 ^ output65/X (sky130_fd_sc_hd__buf_2)
                                                         z (net)
                      0.172425    0.000961    0.522909 ^ z (out)
                                              0.522909   data arrival time

                                  5.000000    5.000000   clock clk (rise edge)
                                  0.000000    5.000000   clock network delay (propagated)
                                 -0.250000    4.750000   clock uncertainty
                                  0.000000    4.750000   clock reconvergence pessimism
                                 -1.000000    3.750000   output external delay
                                              3.750000   data required time
---------------------------------------------------------------------------------------------
                                              3.750000   data required time
                                             -0.522909   data arrival time
---------------------------------------------------------------------------------------------
                                              3.227091   slack (MET)



%OL_END_REPORT
%OL_CREATE_REPORT checks.rpt

===========================================================================
report_checks -unconstrained
===========================================================================
======================= nom_tt_025C_1v80 Corner ===================================

Startpoint: a[30] (input port clocked by clk)
Endpoint: _228_ (rising edge-triggered flip-flop clocked by clk)
Path Group: clk
Path Type: max

Fanout         Cap        Slew       Delay        Time   Description
---------------------------------------------------------------------------------------------
                                  0.000000    0.000000   clock clk (rise edge)
                                  0.000000    0.000000   clock network delay (propagated)
                                  1.000000    1.000000 ^ input external delay
     1    0.006065    0.033968    0.021322    1.021322 ^ a[30] (in)
                                                         a[30] (net)
                      0.033969    0.000000    1.021322 ^ input24/A (sky130_fd_sc_hd__buf_6)
     2    0.007517    0.028936    0.082430    1.103752 ^ input24/X (sky130_fd_sc_hd__buf_6)
                                                         net24 (net)
                      0.028936    0.000143    1.103895 ^ _133_/A_N (sky130_fd_sc_hd__and2b_1)
     2    0.004950    0.042702    0.172844    1.276738 v _133_/X (sky130_fd_sc_hd__and2b_1)
                                                         _099_ (net)
                      0.042703    0.000100    1.276838 v _137_/B1 (sky130_fd_sc_hd__a2111o_1)
     2    0.005903    0.074558    0.396522    1.673360 v _137_/X (sky130_fd_sc_hd__a2111o_1)
                                                         _103_ (net)
                      0.074559    0.000178    1.673538 v _141_/A (sky130_fd_sc_hd__or4b_4)
     3    0.009189    0.093182    0.555419    2.228957 v _141_/X (sky130_fd_sc_hd__or4b_4)
                                                         _107_ (net)
                      0.093182    0.000265    2.229222 v _152_/A (sky130_fd_sc_hd__or3_4)
     2    0.006481    0.069032    0.402328    2.631550 v _152_/X (sky130_fd_sc_hd__or3_4)
                                                         _005_ (net)
                      0.069032    0.000145    2.631695 v _163_/B (sky130_fd_sc_hd__or2_4)
     1    0.003463    0.044351    0.228161    2.859856 v _163_/X (sky130_fd_sc_hd__or2_4)
                                                         _016_ (net)
                      0.044352    0.000088    2.859945 v _227_/A1 (sky130_fd_sc_hd__o31a_1)
     1    0.002925    0.047659    0.287435    3.147379 v _227_/X (sky130_fd_sc_hd__o31a_1)
                                                         _000_ (net)
                      0.047660    0.000073    3.147453 v _228_/D (sky130_fd_sc_hd__dfxtp_1)
                                              3.147453   data arrival time

                                  5.000000    5.000000   clock clk (rise edge)
                                  0.000000    5.000000   clock source latency
     1    0.004730    0.028117    0.017025    5.017025 ^ clk (in)
                                                         clk (net)
                      0.028118    0.000000    5.017025 ^ _228_/CLK (sky130_fd_sc_hd__dfxtp_1)
                                 -0.250000    4.767025   clock uncertainty
                                  0.000000    4.767025   clock reconvergence pessimism
                                 -0.115643    4.651382   library setup time
                                              4.651382   data required time
---------------------------------------------------------------------------------------------
                                              4.651382   data required time
                                             -3.147453   data arrival time
---------------------------------------------------------------------------------------------
                                              1.503930   slack (MET)




===========================================================================
report_checks --slack_max -0.01
============================================================================
======================= nom_tt_025C_1v80 Corner ===================================

No paths found.


===========================================================================
 report_check_types -max_slew -max_cap -max_fanout -violators
============================================================================
======================= nom_tt_025C_1v80 Corner ===================================



===========================================================================
report_parasitic_annotation -report_unannotated
============================================================================
Found 247 unannotated drivers.
 a[0]
 a[10]
 a[11]
 a[12]
 a[13]
 a[14]
 a[15]
 a[16]
 a[17]
 a[18]
 a[19]
 a[1]
 a[20]
 a[21]
 a[22]
 a[23]
 a[24]
 a[25]
 a[26]
 a[27]
 a[28]
 a[29]
 a[2]
 a[30]
 a[31]
 a[3]
 a[4]
 a[5]
 a[6]
 a[7]
 a[8]
 a[9]
 b[0]
 b[10]
 b[11]
 b[12]
 b[13]
 b[14]
 b[15]
 b[16]
 b[17]
 b[18]
 b[19]
 b[1]
 b[20]
 b[21]
 b[22]
 b[23]
 b[24]
 b[25]
 b[26]
 b[27]
 b[28]
 b[29]
 b[2]
 b[30]
 b[31]
 b[3]
 b[4]
 b[5]
 b[6]
 b[7]
 b[8]
 b[9]
 clk
 _114_/Y
 _115_/Y
 _116_/Y
 _117_/Y
 _118_/Y
 _119_/Y
 _120_/Y
 _121_/Y
 _122_/Y
 _123_/Y
 _124_/Y
 _125_/Y
 _126_/Y
 _127_/Y
 _128_/Y
 _129_/Y
 _130_/Y
 _131_/Y
 _132_/Y
 _133_/X
 _134_/X
 _135_/X
 _136_/X
 _137_/X
 _138_/X
 _139_/Y
 _140_/X
 _141_/X
 _142_/X
 _143_/X
 _144_/Y
 _145_/Y
 _146_/X
 _147_/Y
 _148_/X
 _149_/Y
 _150_/Y
 _151_/X
 _152_/X
 _153_/X
 _154_/X
 _155_/Y
 _156_/X
 _157_/X
 _158_/X
 _159_/X
 _160_/X
 _161_/X
 _162_/X
 _163_/X
 _164_/X
 _165_/X
 _166_/X
 _167_/X
 _168_/X
 _169_/X
 _170_/X
 _171_/X
 _172_/X
 _173_/Y
 _174_/Y
 _175_/X
 _176_/Y
 _177_/Y
 _178_/X
 _179_/Y
 _180_/Y
 _181_/X
 _182_/X
 _183_/Y
 _184_/Y
 _185_/X
 _186_/Y
 _187_/Y
 _188_/X
 _189_/Y
 _190_/Y
 _191_/X
 _192_/Y
 _193_/X
 _194_/X
 _195_/Y
 _196_/Y
 _197_/X
 _198_/Y
 _199_/Y
 _200_/X
 _201_/Y
 _202_/X
 _203_/X
 _204_/X
 _205_/Y
 _206_/X
 _207_/X
 _208_/Y
 _209_/Y
 _210_/X
 _211_/X
 _212_/X
 _213_/X
 _214_/Y
 _215_/X
 _216_/Y
 _217_/X
 _218_/X
 _219_/Y
 _220_/X
 _221_/X
 _222_/Y
 _223_/X
 _224_/X
 _225_/X
 _226_/X
 _227_/X
 _228_/Q
 input1/X
 input10/X
 input11/X
 input12/X
 input13/X
 input14/X
 input15/X
 input16/X
 input17/X
 input18/X
 input19/X
 input2/X
 input20/X
 input21/X
 input22/X
 input23/X
 input24/X
 input25/X
 input26/X
 input27/X
 input28/X
 input29/X
 input3/X
 input30/X
 input31/X
 input32/X
 input33/X
 input34/X
 input35/X
 input36/X
 input37/X
 input38/X
 input39/X
 input4/X
 input40/X
 input41/X
 input42/X
 input43/X
 input44/X
 input45/X
 input46/X
 input47/X
 input48/X
 input49/X
 input5/X
 input50/X
 input51/X
 input52/X
 input53/X
 input54/X
 input55/X
 input56/X
 input57/X
 input58/X
 input59/X
 input6/X
 input60/X
 input61/X
 input62/X
 input63/X
 input64/X
 input7/X
 input8/X
 input9/X
 output65/X
 rebuffer1/X
 rebuffer2/X
Found 0 partially unannotated drivers.

===========================================================================
max slew violation count 0
Writing metric design__max_slew_violation__count__corner:nom_tt_025C_1v80: 0
max fanout violation count 0
Writing metric design__max_fanout_violation__count__corner:nom_tt_025C_1v80: 0
max cap violation count 0
Writing metric design__max_cap_violation__count__corner:nom_tt_025C_1v80: 0
============================================================================

===========================================================================
check_setup -verbose -unconstrained_endpoints -multiple_clock -no_clock -no_input_delay -loops -generated_clocks
===========================================================================
%OL_END_REPORT
%OL_CREATE_REPORT power.rpt

===========================================================================
 report_power
============================================================================
======================= nom_tt_025C_1v80 Corner ===================================

Group                    Internal    Switching      Leakage        Total
                            Power        Power        Power        Power (Watts)
------------------------------------------------------------------------
Sequential           8.361855e-06 9.173916e-08 8.111877e-12 8.453602e-06   9.1%
Combinational        4.747662e-05 3.655811e-05 4.881942e-10 8.403521e-05  90.9%
Clock                0.000000e+00 0.000000e+00 1.036812e-10 1.036812e-10   0.0%
Macro                0.000000e+00 0.000000e+00 0.000000e+00 0.000000e+00   0.0%
Pad                  0.000000e+00 0.000000e+00 0.000000e+00 0.000000e+00   0.0%
------------------------------------------------------------------------
Total                5.583847e-05 3.664984e-05 5.999872e-10 9.248891e-05 100.0%
                            60.4%        39.6%         0.0%
Writing metric power__internal__total: 5.5838470871094614e-5
Writing metric power__switching__total: 3.664984251372516e-5
Writing metric power__leakage__total: 5.999872265682882e-10
Writing metric power__total: 9.248891001334414e-5

%OL_END_REPORT
%OL_CREATE_REPORT skew.min.rpt

===========================================================================
Clock Skew (Hold)
============================================================================
Writing metric clock__skew__worst_hold__corner:nom_tt_025C_1v80: 0.000000
======================= nom_tt_025C_1v80 Corner ===================================

Clock clk
No launch/capture paths found.

%OL_END_REPORT
%OL_CREATE_REPORT skew.max.rpt

===========================================================================
Clock Skew (Setup)
============================================================================
Writing metric clock__skew__worst_setup__corner:nom_tt_025C_1v80: 0.000000
======================= nom_tt_025C_1v80 Corner ===================================

Clock clk
No launch/capture paths found.

%OL_END_REPORT
%OL_CREATE_REPORT ws.min.rpt

===========================================================================
Worst Slack (Hold)
============================================================================
Writing metric timing__hold__ws__corner:nom_tt_025C_1v80: 1.221328
nom_tt_025C_1v80: 1.221328
%OL_END_REPORT
%OL_CREATE_REPORT ws.max.rpt

===========================================================================
Worst Slack (Setup)
============================================================================
Writing metric timing__setup__ws__corner:nom_tt_025C_1v80: 1.503930
nom_tt_025C_1v80: 1.503930
%OL_END_REPORT
%OL_CREATE_REPORT tns.min.rpt

===========================================================================
Total Negative Slack (Hold)
============================================================================
Writing metric timing__hold__tns__corner:nom_tt_025C_1v80: 0.000000
nom_tt_025C_1v80: 0.000000
%OL_END_REPORT
%OL_CREATE_REPORT tns.max.rpt

===========================================================================
Total Negative Slack (Setup)
============================================================================
Writing metric timing__setup__tns__corner:nom_tt_025C_1v80: 0.000000
nom_tt_025C_1v80: 0.000000
%OL_END_REPORT
%OL_CREATE_REPORT wns.min.rpt

===========================================================================
Worst Negative Slack (Hold)
============================================================================
Writing metric timing__hold__wns__corner:nom_tt_025C_1v80: 0
nom_tt_025C_1v80: 0
%OL_END_REPORT
%OL_CREATE_REPORT wns.max.rpt

===========================================================================
Worst Negative Slack (Setup)
============================================================================
Writing metric timing__setup__wns__corner:nom_tt_025C_1v80: 0.0
nom_tt_025C_1v80: 0.0
%OL_END_REPORT
%OL_CREATE_REPORT violator_list.rpt

===========================================================================
Violator List
============================================================================
Writing metric timing__hold_vio__count__corner:nom_tt_025C_1v80: 0
Writing metric timing__hold_r2r__ws__corner:nom_tt_025C_1v80: 1e30
Writing metric timing__hold_r2r_vio__count__corner:nom_tt_025C_1v80: 0
Writing metric timing__setup_vio__count__corner:nom_tt_025C_1v80: 0
Writing metric timing__setup_r2r__ws__corner:nom_tt_025C_1v80: 1e30
Writing metric timing__setup_r2r_vio__count__corner:nom_tt_025C_1v80: 0
%OL_END_REPORT
