Reading timing models for corner max_ss_100C_1v60…
Reading cell library for the 'max_ss_100C_1v60' corner at '/home/erwann/.volare/volare/sky130/versions/bdc9412b3e468c102d01b7cf6337be06ec6e9c9a/sky130A/libs.ref/sky130_fd_sc_hd/lib/sky130_fd_sc_hd__ss_100C_1v60.lib'…
Reading top-level netlist at '/home/erwann/design_workspace/sky130A/HelloWorld/digital/comp32/runs/RUN_2024-05-09_16-58-12/49-openroad-fillinsertion/comp32.nl.v'…
Linking design 'comp32' from netlist…
Warning: /home/erwann/design_workspace/sky130A/HelloWorld/digital/comp32/runs/RUN_2024-05-09_16-58-12/49-openroad-fillinsertion/comp32.nl.v line 649, module sky130_fd_sc_hd__tapvpwrvgnd_1 not found. Creating black box for TAP_TAPCELL_ROW_0_44.
Warning: /home/erwann/design_workspace/sky130A/HelloWorld/digital/comp32/runs/RUN_2024-05-09_16-58-12/49-openroad-fillinsertion/comp32.nl.v line 853, module sky130_fd_sc_hd__fill_2 not found. Creating black box for FILLER_0_0_12.
Warning: /home/erwann/design_workspace/sky130A/HelloWorld/digital/comp32/runs/RUN_2024-05-09_16-58-12/49-openroad-fillinsertion/comp32.nl.v line 856, module sky130_fd_sc_hd__fill_1 not found. Creating black box for FILLER_0_0_27.
Warning: /home/erwann/design_workspace/sky130A/HelloWorld/digital/comp32/runs/RUN_2024-05-09_16-58-12/49-openroad-fillinsertion/comp32.nl.v line 880, module sky130_ef_sc_hd__decap_12 not found. Creating black box for FILLER_0_1_3.
Reading design constraints file at '/nix/store/hwxq78ix5dm1zxacgmyfrlkgn2vq15hz-python3-3.11.6-env/lib/python3.11/site-packages/openlane/scripts/base.sdc'…
[INFO] Using clock clk…
[INFO] Setting output delay to: 5
[INFO] Setting input delay to: 5
[INFO] Setting load to: 0.033442
[INFO] Setting clock uncertainty to: 0.25
[INFO] Setting clock transition to: 0.1499999999999999944488848768742172978818416595458984375
[INFO] Setting timing derate to: 5%
Reading top-level design parasitics for the 'max_ss_100C_1v60' corner at '/home/erwann/design_workspace/sky130A/HelloWorld/digital/comp32/runs/RUN_2024-05-09_16-58-12/50-openroad-rcx/max/comp32.max.spef'…
%OL_CREATE_REPORT min.rpt

===========================================================================
report_checks -path_delay min (Hold)
============================================================================
======================= max_ss_100C_1v60 Corner ===================================

Startpoint: b[16] (input port clocked by clk)
Endpoint: _228_ (rising edge-triggered flip-flop clocked by clk)
Path Group: clk
Path Type: min

Fanout         Cap        Slew       Delay        Time   Description
---------------------------------------------------------------------------------------------
                                  0.000000    0.000000   clock clk (rise edge)
                                  0.000000    0.000000   clock network delay (propagated)
                                  5.000000    5.000000 v input external delay
     1    0.002969    0.019104    0.009810    5.009810 v b[16] (in)
                                                         b[16] (net)
                      0.019105    0.000000    5.009810 v input40/A (sky130_fd_sc_hd__clkbuf_1)
     1    0.005055    0.073120    0.157572    5.167382 v input40/X (sky130_fd_sc_hd__clkbuf_1)
                                                         net40 (net)
                      0.073121    0.000372    5.167754 v _125_/A (sky130_fd_sc_hd__inv_2)
     2    0.007524    0.065027    0.092088    5.259841 ^ _125_/Y (sky130_fd_sc_hd__inv_2)
                                                         _091_ (net)
                      0.065029    0.000471    5.260313 ^ _171_/A (sky130_fd_sc_hd__and2_1)
     1    0.002196    0.071758    0.204906    5.465219 ^ _171_/X (sky130_fd_sc_hd__and2_1)
                                                         _024_ (net)
                      0.071769    0.000142    5.465361 ^ _172_/C (sky130_fd_sc_hd__or4b_1)
     1    0.003381    0.070327    0.177645    5.643005 ^ _172_/X (sky130_fd_sc_hd__or4b_1)
                                                         _025_ (net)
                      0.070327    0.000234    5.643239 ^ _227_/A2 (sky130_fd_sc_hd__o31a_1)
     1    0.002138    0.068096    0.234405    5.877644 ^ _227_/X (sky130_fd_sc_hd__o31a_1)
                                                         _000_ (net)
                      0.068096    0.000149    5.877793 ^ _228_/D (sky130_fd_sc_hd__dfxtp_1)
                                              5.877793   data arrival time

                                  0.000000    0.000000   clock clk (rise edge)
                                  0.000000    0.000000   clock source latency
     2    0.008695    0.072217    0.046023    0.046023 ^ clk (in)
                                                         clk (net)
                      0.072218    0.000000    0.046023 ^ _228_/CLK (sky130_fd_sc_hd__dfxtp_1)
                                  0.250000    0.296023   clock uncertainty
                                  0.000000    0.296023   clock reconvergence pessimism
                                 -0.071225    0.224798   library hold time
                                              0.224798   data required time
---------------------------------------------------------------------------------------------
                                              0.224798   data required time
                                             -5.877793   data arrival time
---------------------------------------------------------------------------------------------
                                              5.652995   slack (MET)


Startpoint: _228_ (rising edge-triggered flip-flop clocked by clk)
Endpoint: z (output port clocked by clk)
Path Group: clk
Path Type: min

Fanout         Cap        Slew       Delay        Time   Description
---------------------------------------------------------------------------------------------
                                  0.000000    0.000000   clock clk (rise edge)
                                  0.000000    0.000000   clock source latency
     2    0.008695    0.072217    0.046023    0.046023 ^ clk (in)
                                                         clk (net)
                      0.072218    0.000000    0.046023 ^ _228_/CLK (sky130_fd_sc_hd__dfxtp_1)
     1    0.008774    0.095299    0.618491    0.664514 v _228_/Q (sky130_fd_sc_hd__dfxtp_1)
                                                         net65 (net)
                      0.095427    0.000744    0.665258 v output65/A (sky130_fd_sc_hd__buf_2)
     1    0.034146    0.165666    0.355572    1.020830 v output65/X (sky130_fd_sc_hd__buf_2)
                                                         z (net)
                      0.165680    0.001602    1.022431 v z (out)
                                              1.022431   data arrival time

                                  0.000000    0.000000   clock clk (rise edge)
                                  0.000000    0.000000   clock network delay (propagated)
                                  0.250000    0.250000   clock uncertainty
                                  0.000000    0.250000   clock reconvergence pessimism
                                 -5.000000   -4.750000   output external delay
                                             -4.750000   data required time
---------------------------------------------------------------------------------------------
                                             -4.750000   data required time
                                             -1.022431   data arrival time
---------------------------------------------------------------------------------------------
                                              5.772431   slack (MET)



%OL_END_REPORT
%OL_CREATE_REPORT max.rpt

===========================================================================
report_checks -path_delay max (Setup)
============================================================================
======================= max_ss_100C_1v60 Corner ===================================

Startpoint: a[30] (input port clocked by clk)
Endpoint: _228_ (rising edge-triggered flip-flop clocked by clk)
Path Group: clk
Path Type: max

Fanout         Cap        Slew       Delay        Time   Description
---------------------------------------------------------------------------------------------
                                  0.000000    0.000000   clock clk (rise edge)
                                  0.000000    0.000000   clock network delay (propagated)
                                  5.000000    5.000000 ^ input external delay
     1    0.003479    0.036778    0.019422    5.019423 ^ a[30] (in)
                                                         a[30] (net)
                      0.036778    0.000000    5.019423 ^ input24/A (sky130_fd_sc_hd__buf_1)
     2    0.007671    0.158964    0.199126    5.218549 ^ input24/X (sky130_fd_sc_hd__buf_1)
                                                         net24 (net)
                      0.158964    0.000318    5.218866 ^ _133_/A_N (sky130_fd_sc_hd__and2b_1)
     2    0.005949    0.091240    0.421697    5.640564 v _133_/X (sky130_fd_sc_hd__and2b_1)
                                                         _099_ (net)
                      0.091240    0.000371    5.640934 v _137_/B1 (sky130_fd_sc_hd__a2111o_1)
     2    0.005268    0.133443    0.773872    6.414807 v _137_/X (sky130_fd_sc_hd__a2111o_1)
                                                         _103_ (net)
                      0.133443    0.000306    6.415112 v _141_/A (sky130_fd_sc_hd__or4b_1)
     3    0.007665    0.234237    1.316015    7.731127 v _141_/X (sky130_fd_sc_hd__or4b_1)
                                                         _107_ (net)
                      0.234237    0.000440    7.731567 v _152_/A (sky130_fd_sc_hd__or3_1)
     2    0.007693    0.185412    0.977018    8.708585 v _152_/X (sky130_fd_sc_hd__or3_1)
                                                         _005_ (net)
                      0.185412    0.000497    8.709083 v _163_/A (sky130_fd_sc_hd__or2_1)
     1    0.002790    0.096812    0.540098    9.249181 v _163_/X (sky130_fd_sc_hd__or2_1)
                                                         _016_ (net)
                      0.096812    0.000131    9.249310 v _227_/A1 (sky130_fd_sc_hd__o31a_1)
     1    0.002222    0.080144    0.551829    9.801140 v _227_/X (sky130_fd_sc_hd__o31a_1)
                                                         _000_ (net)
                      0.080144    0.000156    9.801296 v _228_/D (sky130_fd_sc_hd__dfxtp_1)
                                              9.801296   data arrival time

                                 25.000000   25.000000   clock clk (rise edge)
                                  0.000000   25.000000   clock source latency
     2    0.008695    0.072217    0.046024   25.046022 ^ clk (in)
                                                         clk (net)
                      0.072218    0.000000   25.046022 ^ _228_/CLK (sky130_fd_sc_hd__dfxtp_1)
                                 -0.250000   24.796024   clock uncertainty
                                  0.000000   24.796024   clock reconvergence pessimism
                                 -0.272598   24.523426   library setup time
                                             24.523426   data required time
---------------------------------------------------------------------------------------------
                                             24.523426   data required time
                                             -9.801296   data arrival time
---------------------------------------------------------------------------------------------
                                             14.722130   slack (MET)


Startpoint: _228_ (rising edge-triggered flip-flop clocked by clk)
Endpoint: z (output port clocked by clk)
Path Group: clk
Path Type: max

Fanout         Cap        Slew       Delay        Time   Description
---------------------------------------------------------------------------------------------
                                  0.000000    0.000000   clock clk (rise edge)
                                  0.000000    0.000000   clock source latency
     2    0.008695    0.072217    0.046023    0.046023 ^ clk (in)
                                                         clk (net)
                      0.072218    0.000000    0.046023 ^ _228_/CLK (sky130_fd_sc_hd__dfxtp_1)
     1    0.008902    0.151006    0.690488    0.736511 ^ _228_/Q (sky130_fd_sc_hd__dfxtp_1)
                                                         net65 (net)
                      0.151007    0.000764    0.737275 ^ output65/A (sky130_fd_sc_hd__buf_2)
     1    0.034146    0.271575    0.380092    1.117366 ^ output65/X (sky130_fd_sc_hd__buf_2)
                                                         z (net)
                      0.271581    0.001602    1.118968 ^ z (out)
                                              1.118968   data arrival time

                                 25.000000   25.000000   clock clk (rise edge)
                                  0.000000   25.000000   clock network delay (propagated)
                                 -0.250000   24.750000   clock uncertainty
                                  0.000000   24.750000   clock reconvergence pessimism
                                 -5.000000   19.750000   output external delay
                                             19.750000   data required time
---------------------------------------------------------------------------------------------
                                             19.750000   data required time
                                             -1.118968   data arrival time
---------------------------------------------------------------------------------------------
                                             18.631031   slack (MET)



%OL_END_REPORT
%OL_CREATE_REPORT checks.rpt

===========================================================================
report_checks -unconstrained
===========================================================================
======================= max_ss_100C_1v60 Corner ===================================

Startpoint: a[30] (input port clocked by clk)
Endpoint: _228_ (rising edge-triggered flip-flop clocked by clk)
Path Group: clk
Path Type: max

Fanout         Cap        Slew       Delay        Time   Description
---------------------------------------------------------------------------------------------
                                  0.000000    0.000000   clock clk (rise edge)
                                  0.000000    0.000000   clock network delay (propagated)
                                  5.000000    5.000000 ^ input external delay
     1    0.003479    0.036778    0.019422    5.019423 ^ a[30] (in)
                                                         a[30] (net)
                      0.036778    0.000000    5.019423 ^ input24/A (sky130_fd_sc_hd__buf_1)
     2    0.007671    0.158964    0.199126    5.218549 ^ input24/X (sky130_fd_sc_hd__buf_1)
                                                         net24 (net)
                      0.158964    0.000318    5.218866 ^ _133_/A_N (sky130_fd_sc_hd__and2b_1)
     2    0.005949    0.091240    0.421697    5.640564 v _133_/X (sky130_fd_sc_hd__and2b_1)
                                                         _099_ (net)
                      0.091240    0.000371    5.640934 v _137_/B1 (sky130_fd_sc_hd__a2111o_1)
     2    0.005268    0.133443    0.773872    6.414807 v _137_/X (sky130_fd_sc_hd__a2111o_1)
                                                         _103_ (net)
                      0.133443    0.000306    6.415112 v _141_/A (sky130_fd_sc_hd__or4b_1)
     3    0.007665    0.234237    1.316015    7.731127 v _141_/X (sky130_fd_sc_hd__or4b_1)
                                                         _107_ (net)
                      0.234237    0.000440    7.731567 v _152_/A (sky130_fd_sc_hd__or3_1)
     2    0.007693    0.185412    0.977018    8.708585 v _152_/X (sky130_fd_sc_hd__or3_1)
                                                         _005_ (net)
                      0.185412    0.000497    8.709083 v _163_/A (sky130_fd_sc_hd__or2_1)
     1    0.002790    0.096812    0.540098    9.249181 v _163_/X (sky130_fd_sc_hd__or2_1)
                                                         _016_ (net)
                      0.096812    0.000131    9.249310 v _227_/A1 (sky130_fd_sc_hd__o31a_1)
     1    0.002222    0.080144    0.551829    9.801140 v _227_/X (sky130_fd_sc_hd__o31a_1)
                                                         _000_ (net)
                      0.080144    0.000156    9.801296 v _228_/D (sky130_fd_sc_hd__dfxtp_1)
                                              9.801296   data arrival time

                                 25.000000   25.000000   clock clk (rise edge)
                                  0.000000   25.000000   clock source latency
     2    0.008695    0.072217    0.046024   25.046022 ^ clk (in)
                                                         clk (net)
                      0.072218    0.000000   25.046022 ^ _228_/CLK (sky130_fd_sc_hd__dfxtp_1)
                                 -0.250000   24.796024   clock uncertainty
                                  0.000000   24.796024   clock reconvergence pessimism
                                 -0.272598   24.523426   library setup time
                                             24.523426   data required time
---------------------------------------------------------------------------------------------
                                             24.523426   data required time
                                             -9.801296   data arrival time
---------------------------------------------------------------------------------------------
                                             14.722130   slack (MET)




===========================================================================
report_checks --slack_max -0.01
============================================================================
======================= max_ss_100C_1v60 Corner ===================================

No paths found.


===========================================================================
 report_check_types -max_slew -max_cap -max_fanout -violators
============================================================================
======================= max_ss_100C_1v60 Corner ===================================



===========================================================================
report_parasitic_annotation -report_unannotated
============================================================================
Found 0 unannotated drivers.
Found 0 partially unannotated drivers.

===========================================================================
max slew violation count 0
%OL_METRIC_I design__max_slew_violation__count__corner:max_ss_100C_1v60 0
max fanout violation count 0
%OL_METRIC_I design__max_fanout_violation__count__corner:max_ss_100C_1v60 0
max cap violation count 0
%OL_METRIC_I design__max_cap_violation__count__corner:max_ss_100C_1v60 0
============================================================================

===========================================================================
check_setup -verbose -unconstrained_endpoints -multiple_clock -no_clock -no_input_delay -loops -generated_clocks
===========================================================================
%OL_END_REPORT
%OL_CREATE_REPORT power.rpt

===========================================================================
 report_power
============================================================================
======================= max_ss_100C_1v60 Corner ===================================

Group                    Internal    Switching      Leakage        Total
                            Power        Power        Power        Power (Watts)
------------------------------------------------------------------------
Sequential           1.299183e-06 3.085131e-08 1.351832e-08 1.343552e-06   8.2%
Combinational        7.472760e-06 6.789440e-06 7.976118e-07 1.505981e-05  91.8%
Clock                -1.285610e-09 0.000000e+00 4.733260e-10 -8.122838e-10  -0.0%
Macro                0.000000e+00 0.000000e+00 0.000000e+00 0.000000e+00   0.0%
Pad                  0.000000e+00 0.000000e+00 0.000000e+00 0.000000e+00   0.0%
------------------------------------------------------------------------
Total                8.770658e-06 6.820291e-06 8.116035e-07 1.640255e-05 100.0%
                            53.5%        41.6%         4.9%
%OL_METRIC_F power__internal__total 8.770658496359829e-6
%OL_METRIC_F power__switching__total 6.82029121890082e-6
%OL_METRIC_F power__leakage__total 8.116034564409347e-7
%OL_METRIC_F power__total 1.6402553228545003e-5

%OL_END_REPORT
%OL_CREATE_REPORT skew.min.rpt

===========================================================================
Clock Skew (Hold)
============================================================================
%OL_METRIC_F clock__skew__worst_hold__corner:max_ss_100C_1v60 0.000000
======================= max_ss_100C_1v60 Corner ===================================

Clock clk
No launch/capture paths found.

%OL_END_REPORT
%OL_CREATE_REPORT skew.max.rpt

===========================================================================
Clock Skew (Setup)
============================================================================
%OL_METRIC_F clock__skew__worst_setup__corner:max_ss_100C_1v60 0.000000
======================= max_ss_100C_1v60 Corner ===================================

Clock clk
No launch/capture paths found.

%OL_END_REPORT
%OL_CREATE_REPORT ws.min.rpt

===========================================================================
Worst Slack (Hold)
============================================================================
%OL_METRIC_F timing__hold__ws__corner:max_ss_100C_1v60 5.652995
max_ss_100C_1v60: 5.652995
%OL_END_REPORT
%OL_CREATE_REPORT ws.max.rpt

===========================================================================
Worst Slack (Setup)
============================================================================
%OL_METRIC_F timing__setup__ws__corner:max_ss_100C_1v60 14.722130
max_ss_100C_1v60: 14.722130
%OL_END_REPORT
%OL_CREATE_REPORT tns.min.rpt

===========================================================================
Total Negative Slack (Hold)
============================================================================
%OL_METRIC_F timing__hold__tns__corner:max_ss_100C_1v60 0.000000
max_ss_100C_1v60: 0.000000
%OL_END_REPORT
%OL_CREATE_REPORT tns.max.rpt

===========================================================================
Total Negative Slack (Setup)
============================================================================
%OL_METRIC_F timing__setup__tns__corner:max_ss_100C_1v60 0.000000
max_ss_100C_1v60: 0.000000
%OL_END_REPORT
%OL_CREATE_REPORT wns.min.rpt

===========================================================================
Worst Negative Slack (Hold)
============================================================================
%OL_METRIC_F timing__hold__wns__corner:max_ss_100C_1v60 0
max_ss_100C_1v60: 0
%OL_END_REPORT
%OL_CREATE_REPORT wns.max.rpt

===========================================================================
Worst Negative Slack (Setup)
============================================================================
%OL_METRIC_F timing__setup__wns__corner:max_ss_100C_1v60 0.0
max_ss_100C_1v60: 0.0
%OL_END_REPORT
%OL_CREATE_REPORT violator_list.rpt

===========================================================================
Violator List
============================================================================
%OL_METRIC_I timing__hold_vio__count__corner:max_ss_100C_1v60 0
%OL_METRIC_F timing__hold_r2r__ws__corner:max_ss_100C_1v60 inf
%OL_METRIC_I timing__hold_r2r_vio__count__corner:max_ss_100C_1v60 0
%OL_METRIC_I timing__setup_vio__count__corner:max_ss_100C_1v60 0
%OL_METRIC_F timing__setup_r2r__ws__corner:max_ss_100C_1v60 inf
%OL_METRIC_I timing__setup_r2r_vio__count__corner:max_ss_100C_1v60 0
%OL_END_REPORT
Writing SDF files for all corners…
Removing Clock latencies before writing libs…
Writing timing models for all corners…
Writing timing models for the max_ss_100C_1v60 corner to /home/erwann/design_workspace/sky130A/HelloWorld/digital/comp32/runs/RUN_2024-05-09_16-58-12/51-openroad-stapostpnr/max_ss_100C_1v60/comp32__max_ss_100C_1v60.lib…
