
===========================================================================
report_checks -unconstrained
===========================================================================
======================= min_ss_100C_1v60 Corner ===================================

Startpoint: a[30] (input port clocked by clk)
Endpoint: _228_ (rising edge-triggered flip-flop clocked by clk)
Path Group: clk
Path Type: max

Fanout         Cap        Slew       Delay        Time   Description
---------------------------------------------------------------------------------------------
                                  0.000000    0.000000   clock clk (rise edge)
                                  0.000000    0.000000   clock network delay (propagated)
                                  5.000000    5.000000 ^ input external delay
     1    0.002757    0.031972    0.015542    5.015543 ^ a[30] (in)
                                                         a[30] (net)
                      0.031972    0.000000    5.015543 ^ input24/A (sky130_fd_sc_hd__buf_1)
     2    0.008122    0.167059    0.202911    5.218453 ^ input24/X (sky130_fd_sc_hd__buf_1)
                                                         net24 (net)
                      0.167059    0.000091    5.218545 ^ _133_/A_N (sky130_fd_sc_hd__and2b_1)
     2    0.005726    0.089527    0.423517    5.642062 v _133_/X (sky130_fd_sc_hd__and2b_1)
                                                         _099_ (net)
                      0.089527    0.000040    5.642102 v _137_/B1 (sky130_fd_sc_hd__a2111o_1)
     2    0.007047    0.148491    0.794131    6.436233 v _137_/X (sky130_fd_sc_hd__a2111o_1)
                                                         _103_ (net)
                      0.148491    0.000076    6.436309 v _141_/A (sky130_fd_sc_hd__or4b_1)
     3    0.009342    0.254007    1.349313    7.785622 v _141_/X (sky130_fd_sc_hd__or4b_1)
                                                         _107_ (net)
                      0.254007    0.000198    7.785820 v _152_/A (sky130_fd_sc_hd__or3_1)
     2    0.004257    0.157026    0.936584    8.722404 v _152_/X (sky130_fd_sc_hd__or3_1)
                                                         _005_ (net)
                      0.157026    0.000024    8.722428 v _163_/A (sky130_fd_sc_hd__or2_1)
     1    0.002937    0.101235    0.530497    9.252926 v _163_/X (sky130_fd_sc_hd__or2_1)
                                                         _016_ (net)
                      0.101235    0.000019    9.252944 v _227_/A1 (sky130_fd_sc_hd__o31a_1)
     1    0.002240    0.080198    0.553911    9.806855 v _227_/X (sky130_fd_sc_hd__o31a_1)
                                                         _000_ (net)
                      0.080198    0.000023    9.806878 v _228_/D (sky130_fd_sc_hd__dfxtp_1)
                                              9.806878   data arrival time

                                 25.000000   25.000000   clock clk (rise edge)
                                  0.000000   25.000000   clock source latency
     1    0.005566    0.051042    0.030361   25.030361 ^ clk (in)
                                                         clk (net)
                      0.051042    0.000000   25.030361 ^ _228_/CLK (sky130_fd_sc_hd__dfxtp_1)
                                 -0.250000   24.780361   clock uncertainty
                                  0.000000   24.780361   clock reconvergence pessimism
                                 -0.278327   24.502035   library setup time
                                             24.502035   data required time
---------------------------------------------------------------------------------------------
                                             24.502035   data required time
                                             -9.806878   data arrival time
---------------------------------------------------------------------------------------------
                                             14.695157   slack (MET)




===========================================================================
report_checks --slack_max -0.01
============================================================================
======================= min_ss_100C_1v60 Corner ===================================

No paths found.


===========================================================================
 report_check_types -max_slew -max_cap -max_fanout -violators
============================================================================
======================= min_ss_100C_1v60 Corner ===================================



===========================================================================
report_parasitic_annotation -report_unannotated
============================================================================
Found 0 unannotated drivers.
Found 0 partially unannotated drivers.

===========================================================================
max slew violation count 0
max fanout violation count 0
max cap violation count 0
============================================================================

===========================================================================
check_setup -verbose -unconstrained_endpoints -multiple_clock -no_clock -no_input_delay -loops -generated_clocks
===========================================================================
