
===========================================================================
report_checks -path_delay min (Hold)
============================================================================
======================= min_ss_100C_1v60 Corner ===================================

Startpoint: _228_ (rising edge-triggered flip-flop clocked by clk)
Endpoint: z (output port clocked by clk)
Path Group: clk
Path Type: min

Fanout         Cap        Slew       Delay        Time   Description
---------------------------------------------------------------------------------------------
                                  0.000000    0.000000   clock clk (rise edge)
                                  0.000000    0.000000   clock source latency
     1    0.005566    0.051042    0.030361    0.030361 ^ clk (in)
                                                         clk (net)
                      0.051042    0.000000    0.030361 ^ _228_/CLK (sky130_fd_sc_hd__dfxtp_1)
     1    0.006188    0.074588    0.591092    0.621453 v _228_/Q (sky130_fd_sc_hd__dfxtp_1)
                                                         net65 (net)
                      0.074588    0.000150    0.621603 v output65/A (sky130_fd_sc_hd__buf_2)
     1    0.034315    0.165984    0.347039    0.968642 v output65/X (sky130_fd_sc_hd__buf_2)
                                                         z (net)
                      0.165984    0.000357    0.968999 v z (out)
                                              0.968999   data arrival time

                                  0.000000    0.000000   clock clk (rise edge)
                                  0.000000    0.000000   clock network delay (propagated)
                                  0.250000    0.250000   clock uncertainty
                                  0.000000    0.250000   clock reconvergence pessimism
                                 -5.000000   -4.750000   output external delay
                                             -4.750000   data required time
---------------------------------------------------------------------------------------------
                                             -4.750000   data required time
                                             -0.968999   data arrival time
---------------------------------------------------------------------------------------------
                                              5.718999   slack (MET)


Startpoint: a[17] (input port clocked by clk)
Endpoint: _228_ (rising edge-triggered flip-flop clocked by clk)
Path Group: clk
Path Type: min

Fanout         Cap        Slew       Delay        Time   Description
---------------------------------------------------------------------------------------------
                                  0.000000    0.000000   clock clk (rise edge)
                                  0.000000    0.000000   clock network delay (propagated)
                                  5.000000    5.000000 ^ input external delay
     1    0.003042    0.033855    0.017054    5.017055 ^ a[17] (in)
                                                         a[17] (net)
                      0.033855    0.000000    5.017055 ^ input9/A (sky130_fd_sc_hd__clkbuf_1)
     2    0.005707    0.123575    0.172379    5.189434 ^ input9/X (sky130_fd_sc_hd__clkbuf_1)
                                                         net9 (net)
                      0.123575    0.000065    5.189499 ^ _168_/A (sky130_fd_sc_hd__and2_1)
     2    0.004998    0.112386    0.264244    5.453743 ^ _168_/X (sky130_fd_sc_hd__and2_1)
                                                         _021_ (net)
                      0.112386    0.000037    5.453780 ^ _172_/B (sky130_fd_sc_hd__or4b_1)
     1    0.006046    0.105222    0.228525    5.682305 ^ _172_/X (sky130_fd_sc_hd__or4b_1)
                                                         _025_ (net)
                      0.105222    0.000164    5.682469 ^ _227_/A2 (sky130_fd_sc_hd__o31a_1)
     1    0.002156    0.069005    0.248236    5.930706 ^ _227_/X (sky130_fd_sc_hd__o31a_1)
                                                         _000_ (net)
                      0.069005    0.000022    5.930727 ^ _228_/D (sky130_fd_sc_hd__dfxtp_1)
                                              5.930727   data arrival time

                                  0.000000    0.000000   clock clk (rise edge)
                                  0.000000    0.000000   clock source latency
     1    0.005566    0.051042    0.030361    0.030361 ^ clk (in)
                                                         clk (net)
                      0.051042    0.000000    0.030361 ^ _228_/CLK (sky130_fd_sc_hd__dfxtp_1)
                                  0.250000    0.280361   clock uncertainty
                                  0.000000    0.280361   clock reconvergence pessimism
                                 -0.074802    0.205559   library hold time
                                              0.205559   data required time
---------------------------------------------------------------------------------------------
                                              0.205559   data required time
                                             -5.930727   data arrival time
---------------------------------------------------------------------------------------------
                                              5.725169   slack (MET)



