Reading timing models for corner min_ss_100C_1v60…
Reading cell library for the 'min_ss_100C_1v60' corner at '/home/erwann/.volare/volare/sky130/versions/bdc9412b3e468c102d01b7cf6337be06ec6e9c9a/sky130A/libs.ref/sky130_fd_sc_hd/lib/sky130_fd_sc_hd__ss_100C_1v60.lib'…
Reading top-level netlist at '/home/erwann/design_workspace/sky130A/HelloWorld/digital/comp32/runs/RUN_2024-05-09_16-56-29/49-openroad-fillinsertion/comp32.nl.v'…
Linking design 'comp32' from netlist…
Warning: /home/erwann/design_workspace/sky130A/HelloWorld/digital/comp32/runs/RUN_2024-05-09_16-56-29/49-openroad-fillinsertion/comp32.nl.v line 667, module sky130_fd_sc_hd__tapvpwrvgnd_1 not found. Creating black box for TAP_TAPCELL_ROW_0_62.
Warning: /home/erwann/design_workspace/sky130A/HelloWorld/digital/comp32/runs/RUN_2024-05-09_16-56-29/49-openroad-fillinsertion/comp32.nl.v line 929, module sky130_ef_sc_hd__decap_12 not found. Creating black box for FILLER_0_0_3.
Warning: /home/erwann/design_workspace/sky130A/HelloWorld/digital/comp32/runs/RUN_2024-05-09_16-56-29/49-openroad-fillinsertion/comp32.nl.v line 931, module sky130_fd_sc_hd__fill_1 not found. Creating black box for FILLER_0_0_27.
Warning: /home/erwann/design_workspace/sky130A/HelloWorld/digital/comp32/runs/RUN_2024-05-09_16-56-29/49-openroad-fillinsertion/comp32.nl.v line 935, module sky130_fd_sc_hd__fill_2 not found. Creating black box for FILLER_0_0_57.
Reading design constraints file at '/nix/store/hwxq78ix5dm1zxacgmyfrlkgn2vq15hz-python3-3.11.6-env/lib/python3.11/site-packages/openlane/scripts/base.sdc'…
[INFO] Using clock clk…
[INFO] Setting output delay to: 5
[INFO] Setting input delay to: 5
[INFO] Setting load to: 0.033442
[INFO] Setting clock uncertainty to: 0.25
[INFO] Setting clock transition to: 0.1499999999999999944488848768742172978818416595458984375
[INFO] Setting timing derate to: 5%
Reading top-level design parasitics for the 'min_ss_100C_1v60' corner at '/home/erwann/design_workspace/sky130A/HelloWorld/digital/comp32/runs/RUN_2024-05-09_16-56-29/50-openroad-rcx/min/comp32.min.spef'…
%OL_CREATE_REPORT min.rpt

===========================================================================
report_checks -path_delay min (Hold)
============================================================================
======================= min_ss_100C_1v60 Corner ===================================

Startpoint: _228_ (rising edge-triggered flip-flop clocked by clk)
Endpoint: z (output port clocked by clk)
Path Group: clk
Path Type: min

Fanout         Cap        Slew       Delay        Time   Description
---------------------------------------------------------------------------------------------
                                  0.000000    0.000000   clock clk (rise edge)
                                  0.000000    0.000000   clock source latency
     1    0.005566    0.051042    0.030361    0.030361 ^ clk (in)
                                                         clk (net)
                      0.051042    0.000000    0.030361 ^ _228_/CLK (sky130_fd_sc_hd__dfxtp_1)
     1    0.006188    0.074588    0.591092    0.621453 v _228_/Q (sky130_fd_sc_hd__dfxtp_1)
                                                         net65 (net)
                      0.074588    0.000150    0.621603 v output65/A (sky130_fd_sc_hd__buf_2)
     1    0.034315    0.165984    0.347039    0.968642 v output65/X (sky130_fd_sc_hd__buf_2)
                                                         z (net)
                      0.165984    0.000357    0.968999 v z (out)
                                              0.968999   data arrival time

                                  0.000000    0.000000   clock clk (rise edge)
                                  0.000000    0.000000   clock network delay (propagated)
                                  0.250000    0.250000   clock uncertainty
                                  0.000000    0.250000   clock reconvergence pessimism
                                 -5.000000   -4.750000   output external delay
                                             -4.750000   data required time
---------------------------------------------------------------------------------------------
                                             -4.750000   data required time
                                             -0.968999   data arrival time
---------------------------------------------------------------------------------------------
                                              5.718999   slack (MET)


Startpoint: a[17] (input port clocked by clk)
Endpoint: _228_ (rising edge-triggered flip-flop clocked by clk)
Path Group: clk
Path Type: min

Fanout         Cap        Slew       Delay        Time   Description
---------------------------------------------------------------------------------------------
                                  0.000000    0.000000   clock clk (rise edge)
                                  0.000000    0.000000   clock network delay (propagated)
                                  5.000000    5.000000 ^ input external delay
     1    0.003042    0.033855    0.017054    5.017055 ^ a[17] (in)
                                                         a[17] (net)
                      0.033855    0.000000    5.017055 ^ input9/A (sky130_fd_sc_hd__clkbuf_1)
     2    0.005707    0.123575    0.172379    5.189434 ^ input9/X (sky130_fd_sc_hd__clkbuf_1)
                                                         net9 (net)
                      0.123575    0.000065    5.189499 ^ _168_/A (sky130_fd_sc_hd__and2_1)
     2    0.004998    0.112386    0.264244    5.453743 ^ _168_/X (sky130_fd_sc_hd__and2_1)
                                                         _021_ (net)
                      0.112386    0.000037    5.453780 ^ _172_/B (sky130_fd_sc_hd__or4b_1)
     1    0.006046    0.105222    0.228525    5.682305 ^ _172_/X (sky130_fd_sc_hd__or4b_1)
                                                         _025_ (net)
                      0.105222    0.000164    5.682469 ^ _227_/A2 (sky130_fd_sc_hd__o31a_1)
     1    0.002156    0.069005    0.248236    5.930706 ^ _227_/X (sky130_fd_sc_hd__o31a_1)
                                                         _000_ (net)
                      0.069005    0.000022    5.930727 ^ _228_/D (sky130_fd_sc_hd__dfxtp_1)
                                              5.930727   data arrival time

                                  0.000000    0.000000   clock clk (rise edge)
                                  0.000000    0.000000   clock source latency
     1    0.005566    0.051042    0.030361    0.030361 ^ clk (in)
                                                         clk (net)
                      0.051042    0.000000    0.030361 ^ _228_/CLK (sky130_fd_sc_hd__dfxtp_1)
                                  0.250000    0.280361   clock uncertainty
                                  0.000000    0.280361   clock reconvergence pessimism
                                 -0.074802    0.205559   library hold time
                                              0.205559   data required time
---------------------------------------------------------------------------------------------
                                              0.205559   data required time
                                             -5.930727   data arrival time
---------------------------------------------------------------------------------------------
                                              5.725169   slack (MET)



%OL_END_REPORT
%OL_CREATE_REPORT max.rpt

===========================================================================
report_checks -path_delay max (Setup)
============================================================================
======================= min_ss_100C_1v60 Corner ===================================

Startpoint: a[30] (input port clocked by clk)
Endpoint: _228_ (rising edge-triggered flip-flop clocked by clk)
Path Group: clk
Path Type: max

Fanout         Cap        Slew       Delay        Time   Description
---------------------------------------------------------------------------------------------
                                  0.000000    0.000000   clock clk (rise edge)
                                  0.000000    0.000000   clock network delay (propagated)
                                  5.000000    5.000000 ^ input external delay
     1    0.002757    0.031972    0.015542    5.015543 ^ a[30] (in)
                                                         a[30] (net)
                      0.031972    0.000000    5.015543 ^ input24/A (sky130_fd_sc_hd__buf_1)
     2    0.008122    0.167059    0.202911    5.218453 ^ input24/X (sky130_fd_sc_hd__buf_1)
                                                         net24 (net)
                      0.167059    0.000091    5.218545 ^ _133_/A_N (sky130_fd_sc_hd__and2b_1)
     2    0.005726    0.089527    0.423517    5.642062 v _133_/X (sky130_fd_sc_hd__and2b_1)
                                                         _099_ (net)
                      0.089527    0.000040    5.642102 v _137_/B1 (sky130_fd_sc_hd__a2111o_1)
     2    0.007047    0.148491    0.794131    6.436233 v _137_/X (sky130_fd_sc_hd__a2111o_1)
                                                         _103_ (net)
                      0.148491    0.000076    6.436309 v _141_/A (sky130_fd_sc_hd__or4b_1)
     3    0.009342    0.254007    1.349313    7.785622 v _141_/X (sky130_fd_sc_hd__or4b_1)
                                                         _107_ (net)
                      0.254007    0.000198    7.785820 v _152_/A (sky130_fd_sc_hd__or3_1)
     2    0.004257    0.157026    0.936584    8.722404 v _152_/X (sky130_fd_sc_hd__or3_1)
                                                         _005_ (net)
                      0.157026    0.000024    8.722428 v _163_/A (sky130_fd_sc_hd__or2_1)
     1    0.002937    0.101235    0.530497    9.252926 v _163_/X (sky130_fd_sc_hd__or2_1)
                                                         _016_ (net)
                      0.101235    0.000019    9.252944 v _227_/A1 (sky130_fd_sc_hd__o31a_1)
     1    0.002240    0.080198    0.553911    9.806855 v _227_/X (sky130_fd_sc_hd__o31a_1)
                                                         _000_ (net)
                      0.080198    0.000023    9.806878 v _228_/D (sky130_fd_sc_hd__dfxtp_1)
                                              9.806878   data arrival time

                                 25.000000   25.000000   clock clk (rise edge)
                                  0.000000   25.000000   clock source latency
     1    0.005566    0.051042    0.030361   25.030361 ^ clk (in)
                                                         clk (net)
                      0.051042    0.000000   25.030361 ^ _228_/CLK (sky130_fd_sc_hd__dfxtp_1)
                                 -0.250000   24.780361   clock uncertainty
                                  0.000000   24.780361   clock reconvergence pessimism
                                 -0.278327   24.502035   library setup time
                                             24.502035   data required time
---------------------------------------------------------------------------------------------
                                             24.502035   data required time
                                             -9.806878   data arrival time
---------------------------------------------------------------------------------------------
                                             14.695157   slack (MET)


Startpoint: _228_ (rising edge-triggered flip-flop clocked by clk)
Endpoint: z (output port clocked by clk)
Path Group: clk
Path Type: max

Fanout         Cap        Slew       Delay        Time   Description
---------------------------------------------------------------------------------------------
                                  0.000000    0.000000   clock clk (rise edge)
                                  0.000000    0.000000   clock source latency
     1    0.005566    0.051042    0.030361    0.030361 ^ clk (in)
                                                         clk (net)
                      0.051042    0.000000    0.030361 ^ _228_/CLK (sky130_fd_sc_hd__dfxtp_1)
     1    0.006316    0.115132    0.653892    0.684253 ^ _228_/Q (sky130_fd_sc_hd__dfxtp_1)
                                                         net65 (net)
                      0.115242    0.000155    0.684407 ^ output65/A (sky130_fd_sc_hd__buf_2)
     1    0.034315    0.272513    0.365095    1.049502 ^ output65/X (sky130_fd_sc_hd__buf_2)
                                                         z (net)
                      0.272513    0.000357    1.049859 ^ z (out)
                                              1.049859   data arrival time

                                 25.000000   25.000000   clock clk (rise edge)
                                  0.000000   25.000000   clock network delay (propagated)
                                 -0.250000   24.750000   clock uncertainty
                                  0.000000   24.750000   clock reconvergence pessimism
                                 -5.000000   19.750000   output external delay
                                             19.750000   data required time
---------------------------------------------------------------------------------------------
                                             19.750000   data required time
                                             -1.049859   data arrival time
---------------------------------------------------------------------------------------------
                                             18.700140   slack (MET)



%OL_END_REPORT
%OL_CREATE_REPORT checks.rpt

===========================================================================
report_checks -unconstrained
===========================================================================
======================= min_ss_100C_1v60 Corner ===================================

Startpoint: a[30] (input port clocked by clk)
Endpoint: _228_ (rising edge-triggered flip-flop clocked by clk)
Path Group: clk
Path Type: max

Fanout         Cap        Slew       Delay        Time   Description
---------------------------------------------------------------------------------------------
                                  0.000000    0.000000   clock clk (rise edge)
                                  0.000000    0.000000   clock network delay (propagated)
                                  5.000000    5.000000 ^ input external delay
     1    0.002757    0.031972    0.015542    5.015543 ^ a[30] (in)
                                                         a[30] (net)
                      0.031972    0.000000    5.015543 ^ input24/A (sky130_fd_sc_hd__buf_1)
     2    0.008122    0.167059    0.202911    5.218453 ^ input24/X (sky130_fd_sc_hd__buf_1)
                                                         net24 (net)
                      0.167059    0.000091    5.218545 ^ _133_/A_N (sky130_fd_sc_hd__and2b_1)
     2    0.005726    0.089527    0.423517    5.642062 v _133_/X (sky130_fd_sc_hd__and2b_1)
                                                         _099_ (net)
                      0.089527    0.000040    5.642102 v _137_/B1 (sky130_fd_sc_hd__a2111o_1)
     2    0.007047    0.148491    0.794131    6.436233 v _137_/X (sky130_fd_sc_hd__a2111o_1)
                                                         _103_ (net)
                      0.148491    0.000076    6.436309 v _141_/A (sky130_fd_sc_hd__or4b_1)
     3    0.009342    0.254007    1.349313    7.785622 v _141_/X (sky130_fd_sc_hd__or4b_1)
                                                         _107_ (net)
                      0.254007    0.000198    7.785820 v _152_/A (sky130_fd_sc_hd__or3_1)
     2    0.004257    0.157026    0.936584    8.722404 v _152_/X (sky130_fd_sc_hd__or3_1)
                                                         _005_ (net)
                      0.157026    0.000024    8.722428 v _163_/A (sky130_fd_sc_hd__or2_1)
     1    0.002937    0.101235    0.530497    9.252926 v _163_/X (sky130_fd_sc_hd__or2_1)
                                                         _016_ (net)
                      0.101235    0.000019    9.252944 v _227_/A1 (sky130_fd_sc_hd__o31a_1)
     1    0.002240    0.080198    0.553911    9.806855 v _227_/X (sky130_fd_sc_hd__o31a_1)
                                                         _000_ (net)
                      0.080198    0.000023    9.806878 v _228_/D (sky130_fd_sc_hd__dfxtp_1)
                                              9.806878   data arrival time

                                 25.000000   25.000000   clock clk (rise edge)
                                  0.000000   25.000000   clock source latency
     1    0.005566    0.051042    0.030361   25.030361 ^ clk (in)
                                                         clk (net)
                      0.051042    0.000000   25.030361 ^ _228_/CLK (sky130_fd_sc_hd__dfxtp_1)
                                 -0.250000   24.780361   clock uncertainty
                                  0.000000   24.780361   clock reconvergence pessimism
                                 -0.278327   24.502035   library setup time
                                             24.502035   data required time
---------------------------------------------------------------------------------------------
                                             24.502035   data required time
                                             -9.806878   data arrival time
---------------------------------------------------------------------------------------------
                                             14.695157   slack (MET)




===========================================================================
report_checks --slack_max -0.01
============================================================================
======================= min_ss_100C_1v60 Corner ===================================

No paths found.


===========================================================================
 report_check_types -max_slew -max_cap -max_fanout -violators
============================================================================
======================= min_ss_100C_1v60 Corner ===================================



===========================================================================
report_parasitic_annotation -report_unannotated
============================================================================
Found 0 unannotated drivers.
Found 0 partially unannotated drivers.

===========================================================================
max slew violation count 0
%OL_METRIC_I design__max_slew_violation__count__corner:min_ss_100C_1v60 0
max fanout violation count 0
%OL_METRIC_I design__max_fanout_violation__count__corner:min_ss_100C_1v60 0
max cap violation count 0
%OL_METRIC_I design__max_cap_violation__count__corner:min_ss_100C_1v60 0
============================================================================

===========================================================================
check_setup -verbose -unconstrained_endpoints -multiple_clock -no_clock -no_input_delay -loops -generated_clocks
===========================================================================
%OL_END_REPORT
%OL_CREATE_REPORT power.rpt

===========================================================================
 report_power
============================================================================
======================= min_ss_100C_1v60 Corner ===================================

Group                    Internal    Switching      Leakage        Total
                            Power        Power        Power        Power (Watts)
------------------------------------------------------------------------
Sequential           1.315147e-06 2.188841e-08 1.351832e-08 1.350554e-06   8.7%
Combinational        7.490723e-06 5.871510e-06 7.976118e-07 1.415984e-05  91.3%
Clock                0.000000e+00 0.000000e+00 7.830284e-10 7.830284e-10   0.0%
Macro                0.000000e+00 0.000000e+00 0.000000e+00 0.000000e+00   0.0%
Pad                  0.000000e+00 0.000000e+00 0.000000e+00 0.000000e+00   0.0%
------------------------------------------------------------------------
Total                8.805872e-06 5.893397e-06 8.119132e-07 1.551118e-05 100.0%
                            56.8%        38.0%         5.2%
%OL_METRIC_F power__internal__total 8.805872312223073e-6
%OL_METRIC_F power__switching__total 5.893397428735625e-6
%OL_METRIC_F power__leakage__total 8.119131962303072e-7
%OL_METRIC_F power__total 1.5511182937189005e-5

%OL_END_REPORT
%OL_CREATE_REPORT skew.min.rpt

===========================================================================
Clock Skew (Hold)
============================================================================
%OL_METRIC_F clock__skew__worst_hold__corner:min_ss_100C_1v60 0.000000
======================= min_ss_100C_1v60 Corner ===================================

Clock clk
No launch/capture paths found.

%OL_END_REPORT
%OL_CREATE_REPORT skew.max.rpt

===========================================================================
Clock Skew (Setup)
============================================================================
%OL_METRIC_F clock__skew__worst_setup__corner:min_ss_100C_1v60 0.000000
======================= min_ss_100C_1v60 Corner ===================================

Clock clk
No launch/capture paths found.

%OL_END_REPORT
%OL_CREATE_REPORT ws.min.rpt

===========================================================================
Worst Slack (Hold)
============================================================================
%OL_METRIC_F timing__hold__ws__corner:min_ss_100C_1v60 5.718999
min_ss_100C_1v60: 5.718999
%OL_END_REPORT
%OL_CREATE_REPORT ws.max.rpt

===========================================================================
Worst Slack (Setup)
============================================================================
%OL_METRIC_F timing__setup__ws__corner:min_ss_100C_1v60 14.695157
min_ss_100C_1v60: 14.695157
%OL_END_REPORT
%OL_CREATE_REPORT tns.min.rpt

===========================================================================
Total Negative Slack (Hold)
============================================================================
%OL_METRIC_F timing__hold__tns__corner:min_ss_100C_1v60 0.000000
min_ss_100C_1v60: 0.000000
%OL_END_REPORT
%OL_CREATE_REPORT tns.max.rpt

===========================================================================
Total Negative Slack (Setup)
============================================================================
%OL_METRIC_F timing__setup__tns__corner:min_ss_100C_1v60 0.000000
min_ss_100C_1v60: 0.000000
%OL_END_REPORT
%OL_CREATE_REPORT wns.min.rpt

===========================================================================
Worst Negative Slack (Hold)
============================================================================
%OL_METRIC_F timing__hold__wns__corner:min_ss_100C_1v60 0
min_ss_100C_1v60: 0
%OL_END_REPORT
%OL_CREATE_REPORT wns.max.rpt

===========================================================================
Worst Negative Slack (Setup)
============================================================================
%OL_METRIC_F timing__setup__wns__corner:min_ss_100C_1v60 0.0
min_ss_100C_1v60: 0.0
%OL_END_REPORT
%OL_CREATE_REPORT violator_list.rpt

===========================================================================
Violator List
============================================================================
%OL_METRIC_I timing__hold_vio__count__corner:min_ss_100C_1v60 0
%OL_METRIC_F timing__hold_r2r__ws__corner:min_ss_100C_1v60 inf
%OL_METRIC_I timing__hold_r2r_vio__count__corner:min_ss_100C_1v60 0
%OL_METRIC_I timing__setup_vio__count__corner:min_ss_100C_1v60 0
%OL_METRIC_F timing__setup_r2r__ws__corner:min_ss_100C_1v60 inf
%OL_METRIC_I timing__setup_r2r_vio__count__corner:min_ss_100C_1v60 0
%OL_END_REPORT
Writing SDF files for all corners…
Removing Clock latencies before writing libs…
Writing timing models for all corners…
Writing timing models for the min_ss_100C_1v60 corner to /home/erwann/design_workspace/sky130A/HelloWorld/digital/comp32/runs/RUN_2024-05-09_16-56-29/51-openroad-stapostpnr/min_ss_100C_1v60/comp32__min_ss_100C_1v60.lib…
