Reading timing models for corner nom_tt_025C_1v80…
Reading cell library for the 'nom_tt_025C_1v80' corner at '/home/erwann/.volare/volare/sky130/versions/bdc9412b3e468c102d01b7cf6337be06ec6e9c9a/sky130A/libs.ref/sky130_fd_sc_hd/lib/sky130_fd_sc_hd__tt_025C_1v80.lib'…
Reading top-level netlist at '/home/erwann/design_workspace/sky130A/HelloWorld/digital/comp32/runs/RUN_2024-05-09_16-58-12/49-openroad-fillinsertion/comp32.nl.v'…
Linking design 'comp32' from netlist…
Warning: /home/erwann/design_workspace/sky130A/HelloWorld/digital/comp32/runs/RUN_2024-05-09_16-58-12/49-openroad-fillinsertion/comp32.nl.v line 649, module sky130_fd_sc_hd__tapvpwrvgnd_1 not found. Creating black box for TAP_TAPCELL_ROW_0_44.
Warning: /home/erwann/design_workspace/sky130A/HelloWorld/digital/comp32/runs/RUN_2024-05-09_16-58-12/49-openroad-fillinsertion/comp32.nl.v line 853, module sky130_fd_sc_hd__fill_2 not found. Creating black box for FILLER_0_0_12.
Warning: /home/erwann/design_workspace/sky130A/HelloWorld/digital/comp32/runs/RUN_2024-05-09_16-58-12/49-openroad-fillinsertion/comp32.nl.v line 856, module sky130_fd_sc_hd__fill_1 not found. Creating black box for FILLER_0_0_27.
Warning: /home/erwann/design_workspace/sky130A/HelloWorld/digital/comp32/runs/RUN_2024-05-09_16-58-12/49-openroad-fillinsertion/comp32.nl.v line 880, module sky130_ef_sc_hd__decap_12 not found. Creating black box for FILLER_0_1_3.
Reading design constraints file at '/nix/store/hwxq78ix5dm1zxacgmyfrlkgn2vq15hz-python3-3.11.6-env/lib/python3.11/site-packages/openlane/scripts/base.sdc'…
[INFO] Using clock clk…
[INFO] Setting output delay to: 5
[INFO] Setting input delay to: 5
[INFO] Setting load to: 0.033442
[INFO] Setting clock uncertainty to: 0.25
[INFO] Setting clock transition to: 0.1499999999999999944488848768742172978818416595458984375
[INFO] Setting timing derate to: 5%
Reading top-level design parasitics for the 'nom_tt_025C_1v80' corner at '/home/erwann/design_workspace/sky130A/HelloWorld/digital/comp32/runs/RUN_2024-05-09_16-58-12/50-openroad-rcx/nom/comp32.nom.spef'…
%OL_CREATE_REPORT min.rpt

===========================================================================
report_checks -path_delay min (Hold)
============================================================================
======================= nom_tt_025C_1v80 Corner ===================================

Startpoint: b[16] (input port clocked by clk)
Endpoint: _228_ (rising edge-triggered flip-flop clocked by clk)
Path Group: clk
Path Type: min

Fanout         Cap        Slew       Delay        Time   Description
---------------------------------------------------------------------------------------------
                                  0.000000    0.000000   clock clk (rise edge)
                                  0.000000    0.000000   clock network delay (propagated)
                                  5.000000    5.000000 v input external delay
     1    0.002924    0.008911    0.004648    5.004648 v b[16] (in)
                                                         b[16] (net)
                      0.008911    0.000000    5.004648 v input40/A (sky130_fd_sc_hd__clkbuf_1)
     1    0.004971    0.037760    0.082568    5.087216 v input40/X (sky130_fd_sc_hd__clkbuf_1)
                                                         net40 (net)
                      0.037760    0.000154    5.087370 v _125_/A (sky130_fd_sc_hd__inv_2)
     2    0.007250    0.039770    0.051593    5.138963 ^ _125_/Y (sky130_fd_sc_hd__inv_2)
                                                         _091_ (net)
                      0.039770    0.000230    5.139193 ^ _171_/A (sky130_fd_sc_hd__and2_1)
     1    0.002210    0.041250    0.103473    5.242666 ^ _171_/X (sky130_fd_sc_hd__and2_1)
                                                         _024_ (net)
                      0.041250    0.000063    5.242729 ^ _172_/C (sky130_fd_sc_hd__or4b_1)
     1    0.003299    0.042015    0.097010    5.339738 ^ _172_/X (sky130_fd_sc_hd__or4b_1)
                                                         _025_ (net)
                      0.042015    0.000101    5.339839 ^ _227_/A2 (sky130_fd_sc_hd__o31a_1)
     1    0.002213    0.040070    0.115294    5.455133 ^ _227_/X (sky130_fd_sc_hd__o31a_1)
                                                         _000_ (net)
                      0.040070    0.000064    5.455196 ^ _228_/D (sky130_fd_sc_hd__dfxtp_1)
                                              5.455196   data arrival time

                                  0.000000    0.000000   clock clk (rise edge)
                                  0.000000    0.000000   clock source latency
     2    0.008290    0.043806    0.028517    0.028517 ^ clk (in)
                                                         clk (net)
                      0.043807    0.000000    0.028517 ^ _228_/CLK (sky130_fd_sc_hd__dfxtp_1)
                                  0.250000    0.278517   clock uncertainty
                                  0.000000    0.278517   clock reconvergence pessimism
                                 -0.030395    0.248122   library hold time
                                              0.248122   data required time
---------------------------------------------------------------------------------------------
                                              0.248122   data required time
                                             -5.455196   data arrival time
---------------------------------------------------------------------------------------------
                                              5.207074   slack (MET)


Startpoint: _228_ (rising edge-triggered flip-flop clocked by clk)
Endpoint: z (output port clocked by clk)
Path Group: clk
Path Type: min

Fanout         Cap        Slew       Delay        Time   Description
---------------------------------------------------------------------------------------------
                                  0.000000    0.000000   clock clk (rise edge)
                                  0.000000    0.000000   clock source latency
     2    0.008290    0.043806    0.028517    0.028517 ^ clk (in)
                                                         clk (net)
                      0.043807    0.000000    0.028517 ^ _228_/CLK (sky130_fd_sc_hd__dfxtp_1)
     1    0.008235    0.049267    0.313057    0.341575 v _228_/Q (sky130_fd_sc_hd__dfxtp_1)
                                                         net65 (net)
                      0.049270    0.000406    0.341980 v output65/A (sky130_fd_sc_hd__buf_2)
     1    0.034101    0.089111    0.181656    0.523636 v output65/X (sky130_fd_sc_hd__buf_2)
                                                         z (net)
                      0.089114    0.000622    0.524258 v z (out)
                                              0.524258   data arrival time

                                  0.000000    0.000000   clock clk (rise edge)
                                  0.000000    0.000000   clock network delay (propagated)
                                  0.250000    0.250000   clock uncertainty
                                  0.000000    0.250000   clock reconvergence pessimism
                                 -5.000000   -4.750000   output external delay
                                             -4.750000   data required time
---------------------------------------------------------------------------------------------
                                             -4.750000   data required time
                                             -0.524258   data arrival time
---------------------------------------------------------------------------------------------
                                              5.274258   slack (MET)



%OL_END_REPORT
%OL_CREATE_REPORT max.rpt

===========================================================================
report_checks -path_delay max (Setup)
============================================================================
======================= nom_tt_025C_1v80 Corner ===================================

Startpoint: a[30] (input port clocked by clk)
Endpoint: _228_ (rising edge-triggered flip-flop clocked by clk)
Path Group: clk
Path Type: max

Fanout         Cap        Slew       Delay        Time   Description
---------------------------------------------------------------------------------------------
                                  0.000000    0.000000   clock clk (rise edge)
                                  0.000000    0.000000   clock network delay (propagated)
                                  5.000000    5.000000 ^ input external delay
     1    0.003461    0.022597    0.012642    5.012642 ^ a[30] (in)
                                                         a[30] (net)
                      0.022604    0.000000    5.012642 ^ input24/A (sky130_fd_sc_hd__buf_1)
     2    0.007620    0.097728    0.111232    5.123874 ^ input24/X (sky130_fd_sc_hd__buf_1)
                                                         net24 (net)
                      0.097759    0.000149    5.124023 ^ _133_/A_N (sky130_fd_sc_hd__and2b_1)
     2    0.005734    0.045976    0.197998    5.322021 v _133_/X (sky130_fd_sc_hd__and2b_1)
                                                         _099_ (net)
                      0.045976    0.000137    5.322158 v _137_/B1 (sky130_fd_sc_hd__a2111o_1)
     2    0.005104    0.070408    0.391921    5.714079 v _137_/X (sky130_fd_sc_hd__a2111o_1)
                                                         _103_ (net)
                      0.070408    0.000123    5.714202 v _141_/A (sky130_fd_sc_hd__or4b_1)
     3    0.007447    0.112831    0.562742    6.276944 v _141_/X (sky130_fd_sc_hd__or4b_1)
                                                         _107_ (net)
                      0.112831    0.000188    6.277132 v _152_/A (sky130_fd_sc_hd__or3_1)
     2    0.007440    0.091384    0.420942    6.698073 v _152_/X (sky130_fd_sc_hd__or3_1)
                                                         _005_ (net)
                      0.091384    0.000264    6.698338 v _163_/A (sky130_fd_sc_hd__or2_1)
     1    0.002713    0.047351    0.236410    6.934748 v _163_/X (sky130_fd_sc_hd__or2_1)
                                                         _016_ (net)
                      0.047351    0.000056    6.934803 v _227_/A1 (sky130_fd_sc_hd__o31a_1)
     1    0.002220    0.043720    0.282955    7.217758 v _227_/X (sky130_fd_sc_hd__o31a_1)
                                                         _000_ (net)
                      0.043720    0.000064    7.217821 v _228_/D (sky130_fd_sc_hd__dfxtp_1)
                                              7.217821   data arrival time

                                 25.000000   25.000000   clock clk (rise edge)
                                  0.000000   25.000000   clock source latency
     2    0.008290    0.043806    0.028518   25.028517 ^ clk (in)
                                                         clk (net)
                      0.043807    0.000000   25.028517 ^ _228_/CLK (sky130_fd_sc_hd__dfxtp_1)
                                 -0.250000   24.778517   clock uncertainty
                                  0.000000   24.778517   clock reconvergence pessimism
                                 -0.110247   24.668270   library setup time
                                             24.668270   data required time
---------------------------------------------------------------------------------------------
                                             24.668270   data required time
                                             -7.217821   data arrival time
---------------------------------------------------------------------------------------------
                                             17.450449   slack (MET)


Startpoint: _228_ (rising edge-triggered flip-flop clocked by clk)
Endpoint: z (output port clocked by clk)
Path Group: clk
Path Type: max

Fanout         Cap        Slew       Delay        Time   Description
---------------------------------------------------------------------------------------------
                                  0.000000    0.000000   clock clk (rise edge)
                                  0.000000    0.000000   clock source latency
     2    0.008290    0.043806    0.028517    0.028517 ^ clk (in)
                                                         clk (net)
                      0.043807    0.000000    0.028517 ^ _228_/CLK (sky130_fd_sc_hd__dfxtp_1)
     1    0.008395    0.088740    0.336152    0.364670 ^ _228_/Q (sky130_fd_sc_hd__dfxtp_1)
                                                         net65 (net)
                      0.088740    0.000418    0.365088 ^ output65/A (sky130_fd_sc_hd__buf_2)
     1    0.034101    0.169615    0.213674    0.578763 ^ output65/X (sky130_fd_sc_hd__buf_2)
                                                         z (net)
                      0.169615    0.000622    0.579385 ^ z (out)
                                              0.579385   data arrival time

                                 25.000000   25.000000   clock clk (rise edge)
                                  0.000000   25.000000   clock network delay (propagated)
                                 -0.250000   24.750000   clock uncertainty
                                  0.000000   24.750000   clock reconvergence pessimism
                                 -5.000000   19.750000   output external delay
                                             19.750000   data required time
---------------------------------------------------------------------------------------------
                                             19.750000   data required time
                                             -0.579385   data arrival time
---------------------------------------------------------------------------------------------
                                             19.170616   slack (MET)



%OL_END_REPORT
%OL_CREATE_REPORT checks.rpt

===========================================================================
report_checks -unconstrained
===========================================================================
======================= nom_tt_025C_1v80 Corner ===================================

Startpoint: a[30] (input port clocked by clk)
Endpoint: _228_ (rising edge-triggered flip-flop clocked by clk)
Path Group: clk
Path Type: max

Fanout         Cap        Slew       Delay        Time   Description
---------------------------------------------------------------------------------------------
                                  0.000000    0.000000   clock clk (rise edge)
                                  0.000000    0.000000   clock network delay (propagated)
                                  5.000000    5.000000 ^ input external delay
     1    0.003461    0.022597    0.012642    5.012642 ^ a[30] (in)
                                                         a[30] (net)
                      0.022604    0.000000    5.012642 ^ input24/A (sky130_fd_sc_hd__buf_1)
     2    0.007620    0.097728    0.111232    5.123874 ^ input24/X (sky130_fd_sc_hd__buf_1)
                                                         net24 (net)
                      0.097759    0.000149    5.124023 ^ _133_/A_N (sky130_fd_sc_hd__and2b_1)
     2    0.005734    0.045976    0.197998    5.322021 v _133_/X (sky130_fd_sc_hd__and2b_1)
                                                         _099_ (net)
                      0.045976    0.000137    5.322158 v _137_/B1 (sky130_fd_sc_hd__a2111o_1)
     2    0.005104    0.070408    0.391921    5.714079 v _137_/X (sky130_fd_sc_hd__a2111o_1)
                                                         _103_ (net)
                      0.070408    0.000123    5.714202 v _141_/A (sky130_fd_sc_hd__or4b_1)
     3    0.007447    0.112831    0.562742    6.276944 v _141_/X (sky130_fd_sc_hd__or4b_1)
                                                         _107_ (net)
                      0.112831    0.000188    6.277132 v _152_/A (sky130_fd_sc_hd__or3_1)
     2    0.007440    0.091384    0.420942    6.698073 v _152_/X (sky130_fd_sc_hd__or3_1)
                                                         _005_ (net)
                      0.091384    0.000264    6.698338 v _163_/A (sky130_fd_sc_hd__or2_1)
     1    0.002713    0.047351    0.236410    6.934748 v _163_/X (sky130_fd_sc_hd__or2_1)
                                                         _016_ (net)
                      0.047351    0.000056    6.934803 v _227_/A1 (sky130_fd_sc_hd__o31a_1)
     1    0.002220    0.043720    0.282955    7.217758 v _227_/X (sky130_fd_sc_hd__o31a_1)
                                                         _000_ (net)
                      0.043720    0.000064    7.217821 v _228_/D (sky130_fd_sc_hd__dfxtp_1)
                                              7.217821   data arrival time

                                 25.000000   25.000000   clock clk (rise edge)
                                  0.000000   25.000000   clock source latency
     2    0.008290    0.043806    0.028518   25.028517 ^ clk (in)
                                                         clk (net)
                      0.043807    0.000000   25.028517 ^ _228_/CLK (sky130_fd_sc_hd__dfxtp_1)
                                 -0.250000   24.778517   clock uncertainty
                                  0.000000   24.778517   clock reconvergence pessimism
                                 -0.110247   24.668270   library setup time
                                             24.668270   data required time
---------------------------------------------------------------------------------------------
                                             24.668270   data required time
                                             -7.217821   data arrival time
---------------------------------------------------------------------------------------------
                                             17.450449   slack (MET)




===========================================================================
report_checks --slack_max -0.01
============================================================================
======================= nom_tt_025C_1v80 Corner ===================================

No paths found.


===========================================================================
 report_check_types -max_slew -max_cap -max_fanout -violators
============================================================================
======================= nom_tt_025C_1v80 Corner ===================================



===========================================================================
report_parasitic_annotation -report_unannotated
============================================================================
Found 0 unannotated drivers.
Found 0 partially unannotated drivers.

===========================================================================
max slew violation count 0
%OL_METRIC_I design__max_slew_violation__count__corner:nom_tt_025C_1v80 0
max fanout violation count 0
%OL_METRIC_I design__max_fanout_violation__count__corner:nom_tt_025C_1v80 0
max cap violation count 0
%OL_METRIC_I design__max_cap_violation__count__corner:nom_tt_025C_1v80 0
============================================================================

===========================================================================
check_setup -verbose -unconstrained_endpoints -multiple_clock -no_clock -no_input_delay -loops -generated_clocks
===========================================================================
%OL_END_REPORT
%OL_CREATE_REPORT power.rpt

===========================================================================
 report_power
============================================================================
======================= nom_tt_025C_1v80 Corner ===================================

Group                    Internal    Switching      Leakage        Total
                            Power        Power        Power        Power (Watts)
------------------------------------------------------------------------
Sequential           1.664856e-06 3.682165e-08 8.111877e-12 1.701686e-06   8.9%
Combinational        9.056861e-06 8.358214e-06 4.664922e-10 1.741554e-05  91.1%
Clock                -1.702833e-10 0.000000e+00 4.860136e-10 3.157303e-10   0.0%
Macro                0.000000e+00 0.000000e+00 0.000000e+00 0.000000e+00   0.0%
Pad                  0.000000e+00 0.000000e+00 0.000000e+00 0.000000e+00   0.0%
------------------------------------------------------------------------
Total                1.072155e-05 8.395035e-06 9.606185e-10 1.911754e-05 100.0%
                            56.1%        43.9%         0.0%
%OL_METRIC_F power__internal__total 1.0721547369030304e-5
%OL_METRIC_F power__switching__total 8.395035365538206e-6
%OL_METRIC_F power__leakage__total 9.606184736554724e-10
%OL_METRIC_F power__total 1.911754225147888e-5

%OL_END_REPORT
%OL_CREATE_REPORT skew.min.rpt

===========================================================================
Clock Skew (Hold)
============================================================================
%OL_METRIC_F clock__skew__worst_hold__corner:nom_tt_025C_1v80 0.000000
======================= nom_tt_025C_1v80 Corner ===================================

Clock clk
No launch/capture paths found.

%OL_END_REPORT
%OL_CREATE_REPORT skew.max.rpt

===========================================================================
Clock Skew (Setup)
============================================================================
%OL_METRIC_F clock__skew__worst_setup__corner:nom_tt_025C_1v80 0.000000
======================= nom_tt_025C_1v80 Corner ===================================

Clock clk
No launch/capture paths found.

%OL_END_REPORT
%OL_CREATE_REPORT ws.min.rpt

===========================================================================
Worst Slack (Hold)
============================================================================
%OL_METRIC_F timing__hold__ws__corner:nom_tt_025C_1v80 5.207074
nom_tt_025C_1v80: 5.207074
%OL_END_REPORT
%OL_CREATE_REPORT ws.max.rpt

===========================================================================
Worst Slack (Setup)
============================================================================
%OL_METRIC_F timing__setup__ws__corner:nom_tt_025C_1v80 17.450449
nom_tt_025C_1v80: 17.450449
%OL_END_REPORT
%OL_CREATE_REPORT tns.min.rpt

===========================================================================
Total Negative Slack (Hold)
============================================================================
%OL_METRIC_F timing__hold__tns__corner:nom_tt_025C_1v80 0.000000
nom_tt_025C_1v80: 0.000000
%OL_END_REPORT
%OL_CREATE_REPORT tns.max.rpt

===========================================================================
Total Negative Slack (Setup)
============================================================================
%OL_METRIC_F timing__setup__tns__corner:nom_tt_025C_1v80 0.000000
nom_tt_025C_1v80: 0.000000
%OL_END_REPORT
%OL_CREATE_REPORT wns.min.rpt

===========================================================================
Worst Negative Slack (Hold)
============================================================================
%OL_METRIC_F timing__hold__wns__corner:nom_tt_025C_1v80 0
nom_tt_025C_1v80: 0
%OL_END_REPORT
%OL_CREATE_REPORT wns.max.rpt

===========================================================================
Worst Negative Slack (Setup)
============================================================================
%OL_METRIC_F timing__setup__wns__corner:nom_tt_025C_1v80 0.0
nom_tt_025C_1v80: 0.0
%OL_END_REPORT
%OL_CREATE_REPORT violator_list.rpt

===========================================================================
Violator List
============================================================================
%OL_METRIC_I timing__hold_vio__count__corner:nom_tt_025C_1v80 0
%OL_METRIC_F timing__hold_r2r__ws__corner:nom_tt_025C_1v80 inf
%OL_METRIC_I timing__hold_r2r_vio__count__corner:nom_tt_025C_1v80 0
%OL_METRIC_I timing__setup_vio__count__corner:nom_tt_025C_1v80 0
%OL_METRIC_F timing__setup_r2r__ws__corner:nom_tt_025C_1v80 inf
%OL_METRIC_I timing__setup_r2r_vio__count__corner:nom_tt_025C_1v80 0
%OL_END_REPORT
Writing SDF files for all corners…
Removing Clock latencies before writing libs…
Writing timing models for all corners…
Writing timing models for the nom_tt_025C_1v80 corner to /home/erwann/design_workspace/sky130A/HelloWorld/digital/comp32/runs/RUN_2024-05-09_16-58-12/51-openroad-stapostpnr/nom_tt_025C_1v80/comp32__nom_tt_025C_1v80.lib…
