
===========================================================================
report_checks -unconstrained
===========================================================================
======================= nom_ff_n40C_1v95 Corner ===================================

Startpoint: a[30] (input port clocked by clk)
Endpoint: _228_ (rising edge-triggered flip-flop clocked by clk)
Path Group: clk
Path Type: max

Fanout         Cap        Slew       Delay        Time   Description
---------------------------------------------------------------------------------------------
                                  0.000000    0.000000   clock clk (rise edge)
                                  0.000000    0.000000   clock network delay (propagated)
                                  5.000000    5.000000 ^ input external delay
     1    0.003528    0.016531    0.009158    5.009158 ^ a[30] (in)
                                                         a[30] (net)
                      0.016531    0.000000    5.009158 ^ input24/A (sky130_fd_sc_hd__buf_1)
     2    0.007737    0.073438    0.077447    5.086605 ^ input24/X (sky130_fd_sc_hd__buf_1)
                                                         net24 (net)
                      0.073438    0.000153    5.086758 ^ _133_/A_N (sky130_fd_sc_hd__and2b_1)
     2    0.005898    0.033574    0.121799    5.208557 v _133_/X (sky130_fd_sc_hd__and2b_1)
                                                         _099_ (net)
                      0.033574    0.000141    5.208698 v _137_/B1 (sky130_fd_sc_hd__a2111o_1)
     2    0.005234    0.049705    0.184978    5.393676 v _137_/X (sky130_fd_sc_hd__a2111o_1)
                                                         _103_ (net)
                      0.049705    0.000126    5.393803 v _141_/A (sky130_fd_sc_hd__or4b_1)
     3    0.007641    0.074220    0.323731    5.717533 v _141_/X (sky130_fd_sc_hd__or4b_1)
                                                         _107_ (net)
                      0.074220    0.000194    5.717727 v _152_/A (sky130_fd_sc_hd__or3_1)
     2    0.007547    0.060809    0.244266    5.961993 v _152_/X (sky130_fd_sc_hd__or3_1)
                                                         _005_ (net)
                      0.060810    0.000270    5.962263 v _163_/A (sky130_fd_sc_hd__or2_1)
     1    0.002731    0.031964    0.139539    6.101802 v _163_/X (sky130_fd_sc_hd__or2_1)
                                                         _016_ (net)
                      0.031964    0.000056    6.101858 v _227_/A1 (sky130_fd_sc_hd__o31a_1)
     1    0.002322    0.032516    0.173009    6.274867 v _227_/X (sky130_fd_sc_hd__o31a_1)
                                                         _000_ (net)
                      0.032516    0.000067    6.274934 v _228_/D (sky130_fd_sc_hd__dfxtp_1)
                                              6.274934   data arrival time

                                 25.000000   25.000000   clock clk (rise edge)
                                  0.000000   25.000000   clock source latency
     2    0.008255    0.032617    0.020885   25.020884 ^ clk (in)
                                                         clk (net)
                      0.032618    0.000000   25.020884 ^ _228_/CLK (sky130_fd_sc_hd__dfxtp_1)
                                 -0.250000   24.770885   clock uncertainty
                                  0.000000   24.770885   clock reconvergence pessimism
                                 -0.070128   24.700756   library setup time
                                             24.700756   data required time
---------------------------------------------------------------------------------------------
                                             24.700756   data required time
                                             -6.274934   data arrival time
---------------------------------------------------------------------------------------------
                                             18.425823   slack (MET)




===========================================================================
report_checks --slack_max -0.01
============================================================================
======================= nom_ff_n40C_1v95 Corner ===================================

No paths found.


===========================================================================
 report_check_types -max_slew -max_cap -max_fanout -violators
============================================================================
======================= nom_ff_n40C_1v95 Corner ===================================



===========================================================================
report_parasitic_annotation -report_unannotated
============================================================================
Found 0 unannotated drivers.
Found 0 partially unannotated drivers.

===========================================================================
max slew violation count 0
max fanout violation count 0
max cap violation count 0
============================================================================

===========================================================================
check_setup -verbose -unconstrained_endpoints -multiple_clock -no_clock -no_input_delay -loops -generated_clocks
===========================================================================
