
===========================================================================
report_checks -path_delay max (Setup)
============================================================================
======================= nom_tt_025C_1v80 Corner ===================================

Startpoint: a[30] (input port clocked by clk)
Endpoint: _228_ (rising edge-triggered flip-flop clocked by clk)
Path Group: clk
Path Type: max

Fanout         Cap        Slew       Delay        Time   Description
---------------------------------------------------------------------------------------------
                                  0.000000    0.000000   clock clk (rise edge)
                                  0.000000    0.000000   clock network delay (propagated)
                                  1.000000    1.000000 ^ input external delay
     1    0.002849    0.019945    0.010470    1.010470 ^ a[30] (in)
                                                         a[30] (net)
                      0.019945    0.000000    1.010470 ^ input24/A (sky130_fd_sc_hd__buf_1)
     2    0.006793    0.091049    0.103822    1.114293 ^ input24/X (sky130_fd_sc_hd__buf_1)
                                                         net24 (net)
                      0.091049    0.000026    1.114318 ^ _133_/A_N (sky130_fd_sc_hd__and2b_1)
     2    0.005281    0.044082    0.194005    1.308323 v _133_/X (sky130_fd_sc_hd__and2b_1)
                                                         _099_ (net)
                      0.044082    0.000032    1.308355 v _137_/B1 (sky130_fd_sc_hd__a2111o_1)
     2    0.004132    0.068139    0.384573    1.692927 v _137_/X (sky130_fd_sc_hd__a2111o_1)
                                                         _103_ (net)
                      0.068139    0.000017    1.692944 v _141_/A (sky130_fd_sc_hd__or4b_1)
     3    0.006746    0.107949    0.555656    2.248600 v _141_/X (sky130_fd_sc_hd__or4b_1)
                                                         _107_ (net)
                      0.107949    0.000073    2.248673 v _152_/A (sky130_fd_sc_hd__or3_1)
     2    0.004520    0.074680    0.397119    2.645792 v _152_/X (sky130_fd_sc_hd__or3_1)
                                                         _005_ (net)
                      0.074680    0.000027    2.645818 v _163_/A (sky130_fd_sc_hd__or2_1)
     1    0.002503    0.047426    0.228572    2.874391 v _163_/X (sky130_fd_sc_hd__or2_1)
                                                         _016_ (net)
                      0.047426    0.000007    2.874398 v _227_/A1 (sky130_fd_sc_hd__o31a_1)
     1    0.002134    0.044505    0.282321    3.156718 v _227_/X (sky130_fd_sc_hd__o31a_1)
                                                         _000_ (net)
                      0.044505    0.000010    3.156729 v _228_/D (sky130_fd_sc_hd__dfxtp_1)
                                              3.156729   data arrival time

                                  5.000000    5.000000   clock clk (rise edge)
                                  0.000000    5.000000   clock source latency
     1    0.001877    0.016287    0.007061    5.007061 ^ clk (in)
                                                         clk (net)
                      0.016287    0.000000    5.007061 ^ _228_/CLK (sky130_fd_sc_hd__dfxtp_1)
                                 -0.250000    4.757061   clock uncertainty
                                  0.000000    4.757061   clock reconvergence pessimism
                                 -0.117021    4.640040   library setup time
                                              4.640040   data required time
---------------------------------------------------------------------------------------------
                                              4.640040   data required time
                                             -3.156729   data arrival time
---------------------------------------------------------------------------------------------
                                              1.483312   slack (MET)


Startpoint: _228_ (rising edge-triggered flip-flop clocked by clk)
Endpoint: z (output port clocked by clk)
Path Group: clk
Path Type: max

Fanout         Cap        Slew       Delay        Time   Description
---------------------------------------------------------------------------------------------
                                  0.000000    0.000000   clock clk (rise edge)
                                  0.000000    0.000000   clock source latency
     1    0.001877    0.016287    0.007062    0.007062 ^ clk (in)
                                                         clk (net)
                      0.016287    0.000000    0.007062 ^ _228_/CLK (sky130_fd_sc_hd__dfxtp_1)
     1    0.003529    0.046617    0.294141    0.301202 ^ _228_/Q (sky130_fd_sc_hd__dfxtp_1)
                                                         net65 (net)
                      0.046617    0.000053    0.301255 ^ output65/A (sky130_fd_sc_hd__buf_2)
     1    0.034050    0.169152    0.198162    0.499417 ^ output65/X (sky130_fd_sc_hd__buf_2)
                                                         z (net)
                      0.169153    0.000235    0.499652 ^ z (out)
                                              0.499652   data arrival time

                                  5.000000    5.000000   clock clk (rise edge)
                                  0.000000    5.000000   clock network delay (propagated)
                                 -0.250000    4.750000   clock uncertainty
                                  0.000000    4.750000   clock reconvergence pessimism
                                 -1.000000    3.750000   output external delay
                                              3.750000   data required time
---------------------------------------------------------------------------------------------
                                              3.750000   data required time
                                             -0.499652   data arrival time
---------------------------------------------------------------------------------------------
                                              3.250348   slack (MET)



