
===========================================================================
report_checks -unconstrained
===========================================================================
======================= nom_tt_025C_1v80 Corner ===================================

Startpoint: a[30] (input port clocked by clk)
Endpoint: _228_ (rising edge-triggered flip-flop clocked by clk)
Path Group: clk
Path Type: max

Fanout         Cap        Slew       Delay        Time   Description
---------------------------------------------------------------------------------------------
                                  0.000000    0.000000   clock clk (rise edge)
                                  0.000000    0.000000   clock network delay (propagated)
                                  5.000000    5.000000 ^ input external delay
     1    0.003364    0.022175    0.012284    5.012284 ^ a[30] (in)
                                                         a[30] (net)
                      0.022175    0.000000    5.012284 ^ input24/A (sky130_fd_sc_hd__buf_1)
     2    0.006978    0.093166    0.106066    5.118350 ^ input24/X (sky130_fd_sc_hd__buf_1)
                                                         net24 (net)
                      0.093166    0.000028    5.118378 ^ _133_/A_N (sky130_fd_sc_hd__and2b_1)
     2    0.005027    0.044462    0.193449    5.311827 v _133_/X (sky130_fd_sc_hd__and2b_1)
                                                         _099_ (net)
                      0.044462    0.000014    5.311841 v _137_/B1 (sky130_fd_sc_hd__a2111o_1)
     2    0.004303    0.068985    0.385888    5.697729 v _137_/X (sky130_fd_sc_hd__a2111o_1)
                                                         _103_ (net)
                      0.068985    0.000020    5.697749 v _141_/A (sky130_fd_sc_hd__or4b_1)
     3    0.006349    0.105303    0.552309    6.250058 v _141_/X (sky130_fd_sc_hd__or4b_1)
                                                         _107_ (net)
                      0.105303    0.000051    6.250109 v _152_/A (sky130_fd_sc_hd__or3_1)
     2    0.005344    0.078849    0.402507    6.652617 v _152_/X (sky130_fd_sc_hd__or3_1)
                                                         _005_ (net)
                      0.078849    0.000081    6.652697 v _163_/A (sky130_fd_sc_hd__or2_1)
     1    0.002496    0.047393    0.230064    6.882761 v _163_/X (sky130_fd_sc_hd__or2_1)
                                                         _016_ (net)
                      0.047393    0.000007    6.882768 v _227_/A1 (sky130_fd_sc_hd__o31a_1)
     1    0.002063    0.044099    0.281736    7.164504 v _227_/X (sky130_fd_sc_hd__o31a_1)
                                                         _000_ (net)
                      0.044099    0.000008    7.164511 v _228_/D (sky130_fd_sc_hd__dfxtp_1)
                                              7.164511   data arrival time

                                 25.000000   25.000000   clock clk (rise edge)
                                  0.000000   25.000000   clock source latency
     1    0.001877    0.016287    0.007061   25.007061 ^ clk (in)
                                                         clk (net)
                      0.016287    0.000000   25.007061 ^ _228_/CLK (sky130_fd_sc_hd__dfxtp_1)
                                 -0.250000   24.757061   clock uncertainty
                                  0.000000   24.757061   clock reconvergence pessimism
                                 -0.116842   24.640219   library setup time
                                             24.640219   data required time
---------------------------------------------------------------------------------------------
                                             24.640219   data required time
                                             -7.164511   data arrival time
---------------------------------------------------------------------------------------------
                                             17.475708   slack (MET)




===========================================================================
report_checks --slack_max -0.01
============================================================================
======================= nom_tt_025C_1v80 Corner ===================================

No paths found.


===========================================================================
 report_check_types -max_slew -max_cap -max_fanout -violators
============================================================================
======================= nom_tt_025C_1v80 Corner ===================================



===========================================================================
report_parasitic_annotation -report_unannotated
============================================================================
Found 1 unannotated drivers.
 clk
Found 0 partially unannotated drivers.

===========================================================================
max slew violation count 0
Writing metric design__max_slew_violation__count__corner:nom_tt_025C_1v80: 0
max fanout violation count 0
Writing metric design__max_fanout_violation__count__corner:nom_tt_025C_1v80: 0
max cap violation count 0
Writing metric design__max_cap_violation__count__corner:nom_tt_025C_1v80: 0
============================================================================

===========================================================================
check_setup -verbose -unconstrained_endpoints -multiple_clock -no_clock -no_input_delay -loops -generated_clocks
===========================================================================
