
===========================================================================
report_checks -path_delay min (Hold)
============================================================================
======================= nom_ff_n40C_1v95 Corner ===================================

Startpoint: b[16] (input port clocked by clk)
Endpoint: _228_ (rising edge-triggered flip-flop clocked by clk)
Path Group: clk
Path Type: min

Fanout         Cap        Slew       Delay        Time   Description
---------------------------------------------------------------------------------------------
                                  0.000000    0.000000   clock clk (rise edge)
                                  0.000000    0.000000   clock network delay (propagated)
                                  1.000000    1.000000 v input external delay
     1    0.003161    0.005249    0.002596    1.002596 v b[16] (in)
                                                         b[16] (net)
                      0.005251    0.000000    1.002596 v input40/A (sky130_fd_sc_hd__clkbuf_1)
     1    0.005285    0.027052    0.054835    1.057432 v input40/X (sky130_fd_sc_hd__clkbuf_1)
                                                         net40 (net)
                      0.027054    0.000171    1.057603 v _125_/A (sky130_fd_sc_hd__inv_2)
     2    0.005243    0.023205    0.031888    1.089491 ^ _125_/Y (sky130_fd_sc_hd__inv_2)
                                                         _091_ (net)
                      0.023206    0.000106    1.089598 ^ _171_/A (sky130_fd_sc_hd__and2_1)
     1    0.002750    0.032145    0.065666    1.155264 ^ _171_/X (sky130_fd_sc_hd__and2_1)
                                                         _024_ (net)
                      0.032145    0.000079    1.155343 ^ _172_/C (sky130_fd_sc_hd__or4b_1)
     1    0.003506    0.032052    0.066856    1.222199 ^ _172_/X (sky130_fd_sc_hd__or4b_1)
                                                         _025_ (net)
                      0.032053    0.000106    1.222305 ^ _227_/A2 (sky130_fd_sc_hd__o31a_1)
     1    0.002510    0.028959    0.074770    1.297075 ^ _227_/X (sky130_fd_sc_hd__o31a_1)
                                                         _000_ (net)
                      0.028959    0.000073    1.297148 ^ _228_/D (sky130_fd_sc_hd__dfxtp_1)
                                              1.297148   data arrival time

                                  0.000000    0.000000   clock clk (rise edge)
                                  0.000000    0.000000   clock source latency
     1    0.004830    0.021119    0.012591    0.012591 ^ clk (in)
                                                         clk (net)
                      0.021120    0.000000    0.012591 ^ _228_/CLK (sky130_fd_sc_hd__dfxtp_1)
                                  0.250000    0.262591   clock uncertainty
                                  0.000000    0.262591   clock reconvergence pessimism
                                 -0.017391    0.245200   library hold time
                                              0.245200   data required time
---------------------------------------------------------------------------------------------
                                              0.245200   data required time
                                             -1.297148   data arrival time
---------------------------------------------------------------------------------------------
                                              1.051948   slack (MET)


Startpoint: _228_ (rising edge-triggered flip-flop clocked by clk)
Endpoint: z (output port clocked by clk)
Path Group: clk
Path Type: min

Fanout         Cap        Slew       Delay        Time   Description
---------------------------------------------------------------------------------------------
                                  0.000000    0.000000   clock clk (rise edge)
                                  0.000000    0.000000   clock source latency
     1    0.004830    0.021119    0.012591    0.012591 ^ clk (in)
                                                         clk (net)
                      0.021120    0.000000    0.012591 ^ _228_/CLK (sky130_fd_sc_hd__dfxtp_1)
     1    0.005400    0.026543    0.189120    0.201711 v _228_/Q (sky130_fd_sc_hd__dfxtp_1)
                                                         net65 (net)
                      0.026546    0.000205    0.201916 v output65/A (sky130_fd_sc_hd__buf_2)
     1    0.034245    0.062760    0.115798    0.317714 v output65/X (sky130_fd_sc_hd__buf_2)
                                                         z (net)
                      0.062770    0.000659    0.318373 v z (out)
                                              0.318373   data arrival time

                                  0.000000    0.000000   clock clk (rise edge)
                                  0.000000    0.000000   clock network delay (propagated)
                                  0.250000    0.250000   clock uncertainty
                                  0.000000    0.250000   clock reconvergence pessimism
                                 -1.000000   -0.750000   output external delay
                                             -0.750000   data required time
---------------------------------------------------------------------------------------------
                                             -0.750000   data required time
                                             -0.318373   data arrival time
---------------------------------------------------------------------------------------------
                                              1.068373   slack (MET)



