
===========================================================================
report_checks -path_delay max (Setup)
============================================================================
======================= max_ff_n40C_1v95 Corner ===================================

Startpoint: a[31] (input port clocked by clk)
Endpoint: _228_ (rising edge-triggered flip-flop clocked by clk)
Path Group: clk
Path Type: max

Fanout         Cap        Slew       Delay        Time   Description
---------------------------------------------------------------------------------------------
                                  0.000000    0.000000   clock clk (rise edge)
                                  0.000000    0.000000   clock network delay (propagated)
                                  1.000000    1.000000 ^ input external delay
     1    0.005219    0.022435    0.013569    1.013569 ^ a[31] (in)
                                                         a[31] (net)
                      0.022438    0.000000    1.013569 ^ input25/A (sky130_fd_sc_hd__clkbuf_1)
     1    0.007390    0.070582    0.076796    1.090365 ^ input25/X (sky130_fd_sc_hd__clkbuf_1)
                                                         net25 (net)
                      0.070589    0.000594    1.090959 ^ _114_/A (sky130_fd_sc_hd__inv_2)
     4    0.013593    0.034233    0.035776    1.126736 v _114_/Y (sky130_fd_sc_hd__inv_2)
                                                         _080_ (net)
                      0.034259    0.000791    1.127527 v _137_/A2 (sky130_fd_sc_hd__a2111o_1)
     2    0.005130    0.049398    0.254559    1.382086 v _137_/X (sky130_fd_sc_hd__a2111o_1)
                                                         _103_ (net)
                      0.049401    0.000267    1.382353 v _141_/A (sky130_fd_sc_hd__or4b_4)
     3    0.009973    0.065273    0.334135    1.716487 v _141_/X (sky130_fd_sc_hd__or4b_4)
                                                         _107_ (net)
                      0.065275    0.000612    1.717099 v _152_/A (sky130_fd_sc_hd__or3_4)
     2    0.006451    0.048072    0.243405    1.960504 v _152_/X (sky130_fd_sc_hd__or3_4)
                                                         _005_ (net)
                      0.048072    0.000383    1.960887 v _163_/B (sky130_fd_sc_hd__or2_4)
     1    0.003011    0.030828    0.139037    2.099924 v _163_/X (sky130_fd_sc_hd__or2_4)
                                                         _016_ (net)
                      0.030828    0.000131    2.100055 v _227_/A1 (sky130_fd_sc_hd__o31a_1)
     1    0.002612    0.033489    0.174189    2.274244 v _227_/X (sky130_fd_sc_hd__o31a_1)
                                                         _000_ (net)
                      0.033490    0.000189    2.274433 v _228_/D (sky130_fd_sc_hd__dfxtp_1)
                                              2.274433   data arrival time

                                  5.000000    5.000000   clock clk (rise edge)
                                  0.000000    5.000000   clock source latency
     1    0.005110    0.022044    0.013318    5.013318 ^ clk (in)
                                                         clk (net)
                      0.022047    0.000000    5.013318 ^ _228_/CLK (sky130_fd_sc_hd__dfxtp_1)
                                 -0.250000    4.763318   clock uncertainty
                                  0.000000    4.763318   clock reconvergence pessimism
                                 -0.071493    4.691825   library setup time
                                              4.691825   data required time
---------------------------------------------------------------------------------------------
                                              4.691825   data required time
                                             -2.274433   data arrival time
---------------------------------------------------------------------------------------------
                                              2.417392   slack (MET)


Startpoint: _228_ (rising edge-triggered flip-flop clocked by clk)
Endpoint: z (output port clocked by clk)
Path Group: clk
Path Type: max

Fanout         Cap        Slew       Delay        Time   Description
---------------------------------------------------------------------------------------------
                                  0.000000    0.000000   clock clk (rise edge)
                                  0.000000    0.000000   clock source latency
     1    0.005110    0.022044    0.013318    0.013318 ^ clk (in)
                                                         clk (net)
                      0.022047    0.000000    0.013318 ^ _228_/CLK (sky130_fd_sc_hd__dfxtp_1)
     1    0.005838    0.049008    0.196272    0.209590 ^ _228_/Q (sky130_fd_sc_hd__dfxtp_1)
                                                         net65 (net)
                      0.049017    0.000527    0.210117 ^ output65/A (sky130_fd_sc_hd__buf_2)
     1    0.034327    0.128474    0.142140    0.352258 ^ output65/X (sky130_fd_sc_hd__buf_2)
                                                         z (net)
                      0.128505    0.001651    0.353909 ^ z (out)
                                              0.353909   data arrival time

                                  5.000000    5.000000   clock clk (rise edge)
                                  0.000000    5.000000   clock network delay (propagated)
                                 -0.250000    4.750000   clock uncertainty
                                  0.000000    4.750000   clock reconvergence pessimism
                                 -1.000000    3.750000   output external delay
                                              3.750000   data required time
---------------------------------------------------------------------------------------------
                                              3.750000   data required time
                                             -0.353909   data arrival time
---------------------------------------------------------------------------------------------
                                              3.396091   slack (MET)



