Reading timing models for corner max_ss_100C_1v60…
Reading cell library for the 'max_ss_100C_1v60' corner at '/home/erwann/.volare/volare/sky130/versions/bdc9412b3e468c102d01b7cf6337be06ec6e9c9a/sky130A/libs.ref/sky130_fd_sc_hd/lib/sky130_fd_sc_hd__ss_100C_1v60.lib'…
Reading top-level netlist at '/home/erwann/design_workspace/sky130A/HelloWorld/digital/comp32/runs/RUN_2024-04-29_20-13-57/49-openroad-fillinsertion/comp32.nl.v'…
Linking design 'comp32' from netlist…
Warning: /home/erwann/design_workspace/sky130A/HelloWorld/digital/comp32/runs/RUN_2024-04-29_20-13-57/49-openroad-fillinsertion/comp32.nl.v line 639, module sky130_fd_sc_hd__tapvpwrvgnd_1 not found. Creating black box for TAP_TAPCELL_ROW_0_32.
Warning: /home/erwann/design_workspace/sky130A/HelloWorld/digital/comp32/runs/RUN_2024-04-29_20-13-57/49-openroad-fillinsertion/comp32.nl.v line 800, module sky130_fd_sc_hd__fill_1 not found. Creating black box for FILLER_0_0_6.
Warning: /home/erwann/design_workspace/sky130A/HelloWorld/digital/comp32/runs/RUN_2024-04-29_20-13-57/49-openroad-fillinsertion/comp32.nl.v line 801, module sky130_fd_sc_hd__fill_2 not found. Creating black box for FILLER_0_0_20.
Warning: /home/erwann/design_workspace/sky130A/HelloWorld/digital/comp32/runs/RUN_2024-04-29_20-13-57/49-openroad-fillinsertion/comp32.nl.v line 814, module sky130_ef_sc_hd__decap_12 not found. Creating black box for FILLER_0_2_49.
Reading design constraints file at '/nix/store/6kwxhhp4vfqxi9qpnqnwc7xg02y8ymv6-python3-3.11.6-env/lib/python3.11/site-packages/openlane/scripts/base.sdc'…
[INFO] Using clock clk…
[INFO] Setting output delay to: 1
[INFO] Setting input delay to: 1
[INFO] Setting load to: 0.033442
[INFO] Setting clock uncertainty to: 0.25
[INFO] Setting clock transition to: 0.1499999999999999944488848768742172978818416595458984375
[INFO] Setting timing derate to: 5%
Reading top-level design parasitics for the 'max_ss_100C_1v60' corner at '/home/erwann/design_workspace/sky130A/HelloWorld/digital/comp32/runs/RUN_2024-04-29_20-13-57/50-openroad-rcx/max/comp32.max.spef'…
%OL_CREATE_REPORT min.rpt

===========================================================================
report_checks -path_delay min (Hold)
============================================================================
======================= max_ss_100C_1v60 Corner ===================================

Startpoint: b[16] (input port clocked by clk)
Endpoint: _228_ (rising edge-triggered flip-flop clocked by clk)
Path Group: clk
Path Type: min

Fanout         Cap        Slew       Delay        Time   Description
---------------------------------------------------------------------------------------------
                                  0.000000    0.000000   clock clk (rise edge)
                                  0.000000    0.000000   clock network delay (propagated)
                                  1.000000    1.000000 v input external delay
     1    0.003181    0.019927    0.010477    1.010477 v b[16] (in)
                                                         b[16] (net)
                      0.019929    0.000000    1.010477 v input40/A (sky130_fd_sc_hd__clkbuf_1)
     1    0.005385    0.076545    0.160639    1.171116 v input40/X (sky130_fd_sc_hd__clkbuf_1)
                                                         net40 (net)
                      0.076548    0.000394    1.171510 v _125_/A (sky130_fd_sc_hd__inv_2)
     2    0.005084    0.049015    0.081334    1.252844 ^ _125_/Y (sky130_fd_sc_hd__inv_2)
                                                         _091_ (net)
                      0.049016    0.000226    1.253071 ^ _171_/A (sky130_fd_sc_hd__and2_1)
     1    0.002700    0.078116    0.204621    1.457692 ^ _171_/X (sky130_fd_sc_hd__and2_1)
                                                         _024_ (net)
                      0.078116    0.000165    1.457856 ^ _172_/C (sky130_fd_sc_hd__or4b_1)
     1    0.003601    0.073152    0.183093    1.640949 ^ _172_/X (sky130_fd_sc_hd__or4b_1)
                                                         _025_ (net)
                      0.073153    0.000239    1.641189 ^ _227_/A2 (sky130_fd_sc_hd__o31a_1)
     1    0.002365    0.070708    0.238651    1.879840 ^ _227_/X (sky130_fd_sc_hd__o31a_1)
                                                         _000_ (net)
                      0.070708    0.000169    1.880010 ^ _228_/D (sky130_fd_sc_hd__dfxtp_1)
                                              1.880010   data arrival time

                                  0.000000    0.000000   clock clk (rise edge)
                                  0.000000    0.000000   clock source latency
     1    0.004891    0.046442    0.026895    0.026895 ^ clk (in)
                                                         clk (net)
                      0.046443    0.000000    0.026895 ^ _228_/CLK (sky130_fd_sc_hd__dfxtp_1)
                                  0.250000    0.276895   clock uncertainty
                                  0.000000    0.276895   clock reconvergence pessimism
                                 -0.075929    0.200965   library hold time
                                              0.200965   data required time
---------------------------------------------------------------------------------------------
                                              0.200965   data required time
                                             -1.880010   data arrival time
---------------------------------------------------------------------------------------------
                                              1.679044   slack (MET)


Startpoint: _228_ (rising edge-triggered flip-flop clocked by clk)
Endpoint: z (output port clocked by clk)
Path Group: clk
Path Type: min

Fanout         Cap        Slew       Delay        Time   Description
---------------------------------------------------------------------------------------------
                                  0.000000    0.000000   clock clk (rise edge)
                                  0.000000    0.000000   clock source latency
     1    0.004891    0.046442    0.026895    0.026895 ^ clk (in)
                                                         clk (net)
                      0.046443    0.000000    0.026895 ^ _228_/CLK (sky130_fd_sc_hd__dfxtp_1)
     1    0.005585    0.070000    0.584652    0.611547 v _228_/Q (sky130_fd_sc_hd__dfxtp_1)
                                                         net65 (net)
                      0.070006    0.000495    0.612041 v output65/A (sky130_fd_sc_hd__buf_2)
     1    0.034327    0.166471    0.344078    0.956120 v output65/X (sky130_fd_sc_hd__buf_2)
                                                         z (net)
                      0.166495    0.001652    0.957771 v z (out)
                                              0.957771   data arrival time

                                  0.000000    0.000000   clock clk (rise edge)
                                  0.000000    0.000000   clock network delay (propagated)
                                  0.250000    0.250000   clock uncertainty
                                  0.000000    0.250000   clock reconvergence pessimism
                                 -1.000000   -0.750000   output external delay
                                             -0.750000   data required time
---------------------------------------------------------------------------------------------
                                             -0.750000   data required time
                                             -0.957771   data arrival time
---------------------------------------------------------------------------------------------
                                              1.707771   slack (MET)



%OL_END_REPORT
%OL_CREATE_REPORT max.rpt

===========================================================================
report_checks -path_delay max (Setup)
============================================================================
======================= max_ss_100C_1v60 Corner ===================================

Startpoint: a[23] (input port clocked by clk)
Endpoint: _228_ (rising edge-triggered flip-flop clocked by clk)
Path Group: clk
Path Type: max

Fanout         Cap        Slew       Delay        Time   Description
---------------------------------------------------------------------------------------------
                                  0.000000    0.000000   clock clk (rise edge)
                                  0.000000    0.000000   clock network delay (propagated)
                                  1.000000    1.000000 ^ input external delay
     1    0.003323    0.035734    0.018601    1.018601 ^ a[23] (in)
                                                         a[23] (net)
                      0.035735    0.000000    1.018601 ^ input16/A (sky130_fd_sc_hd__clkbuf_1)
     2    0.005356    0.117346    0.168571    1.187172 ^ input16/X (sky130_fd_sc_hd__clkbuf_1)
                                                         net16 (net)
                      0.117347    0.000273    1.187445 ^ _153_/A_N (sky130_fd_sc_hd__and2b_1)
     2    0.005822    0.090256    0.402956    1.590401 v _153_/X (sky130_fd_sc_hd__and2b_1)
                                                         _006_ (net)
                      0.090257    0.000176    1.590577 v _159_/A (sky130_fd_sc_hd__or4_1)
     2    0.006004    0.216723    1.276091    2.866668 v _159_/X (sky130_fd_sc_hd__or4_1)
                                                         _012_ (net)
                      0.216724    0.000365    2.867033 v _162_/B (sky130_fd_sc_hd__or4b_1)
     2    0.007081    0.228582    1.298978    4.166011 v _162_/X (sky130_fd_sc_hd__or4b_1)
                                                         _015_ (net)
                      0.228583    0.000411    4.166421 v _163_/A (sky130_fd_sc_hd__or2_4)
     1    0.003033    0.076396    0.523077    4.689498 v _163_/X (sky130_fd_sc_hd__or2_4)
                                                         _016_ (net)
                      0.076396    0.000133    4.689631 v _227_/A1 (sky130_fd_sc_hd__o31a_1)
     1    0.002449    0.082029    0.546561    5.236192 v _227_/X (sky130_fd_sc_hd__o31a_1)
                                                         _000_ (net)
                      0.082029    0.000176    5.236368 v _228_/D (sky130_fd_sc_hd__dfxtp_1)
                                              5.236368   data arrival time

                                  5.000000    5.000000   clock clk (rise edge)
                                  0.000000    5.000000   clock source latency
     1    0.004891    0.046442    0.026895    5.026895 ^ clk (in)
                                                         clk (net)
                      0.046443    0.000000    5.026895 ^ _228_/CLK (sky130_fd_sc_hd__dfxtp_1)
                                 -0.250000    4.776895   clock uncertainty
                                  0.000000    4.776895   clock reconvergence pessimism
                                 -0.280327    4.496568   library setup time
                                              4.496568   data required time
---------------------------------------------------------------------------------------------
                                              4.496568   data required time
                                             -5.236368   data arrival time
---------------------------------------------------------------------------------------------
                                             -0.739800   slack (VIOLATED)


Startpoint: _228_ (rising edge-triggered flip-flop clocked by clk)
Endpoint: z (output port clocked by clk)
Path Group: clk
Path Type: max

Fanout         Cap        Slew       Delay        Time   Description
---------------------------------------------------------------------------------------------
                                  0.000000    0.000000   clock clk (rise edge)
                                  0.000000    0.000000   clock source latency
     1    0.004891    0.046442    0.026895    0.026895 ^ clk (in)
                                                         clk (net)
                      0.046443    0.000000    0.026895 ^ _228_/CLK (sky130_fd_sc_hd__dfxtp_1)
     1    0.005713    0.107025    0.645294    0.672189 ^ _228_/Q (sky130_fd_sc_hd__dfxtp_1)
                                                         net65 (net)
                      0.107029    0.000511    0.672700 ^ output65/A (sky130_fd_sc_hd__buf_2)
     1    0.034327    0.272922    0.360386    1.033086 ^ output65/X (sky130_fd_sc_hd__buf_2)
                                                         z (net)
                      0.272936    0.001652    1.034738 ^ z (out)
                                              1.034738   data arrival time

                                  5.000000    5.000000   clock clk (rise edge)
                                  0.000000    5.000000   clock network delay (propagated)
                                 -0.250000    4.750000   clock uncertainty
                                  0.000000    4.750000   clock reconvergence pessimism
                                 -1.000000    3.750000   output external delay
                                              3.750000   data required time
---------------------------------------------------------------------------------------------
                                              3.750000   data required time
                                             -1.034738   data arrival time
---------------------------------------------------------------------------------------------
                                              2.715262   slack (MET)



%OL_END_REPORT
%OL_CREATE_REPORT checks.rpt

===========================================================================
report_checks -unconstrained
===========================================================================
======================= max_ss_100C_1v60 Corner ===================================

Startpoint: a[23] (input port clocked by clk)
Endpoint: _228_ (rising edge-triggered flip-flop clocked by clk)
Path Group: clk
Path Type: max

Fanout         Cap        Slew       Delay        Time   Description
---------------------------------------------------------------------------------------------
                                  0.000000    0.000000   clock clk (rise edge)
                                  0.000000    0.000000   clock network delay (propagated)
                                  1.000000    1.000000 ^ input external delay
     1    0.003323    0.035734    0.018601    1.018601 ^ a[23] (in)
                                                         a[23] (net)
                      0.035735    0.000000    1.018601 ^ input16/A (sky130_fd_sc_hd__clkbuf_1)
     2    0.005356    0.117346    0.168571    1.187172 ^ input16/X (sky130_fd_sc_hd__clkbuf_1)
                                                         net16 (net)
                      0.117347    0.000273    1.187445 ^ _153_/A_N (sky130_fd_sc_hd__and2b_1)
     2    0.005822    0.090256    0.402956    1.590401 v _153_/X (sky130_fd_sc_hd__and2b_1)
                                                         _006_ (net)
                      0.090257    0.000176    1.590577 v _159_/A (sky130_fd_sc_hd__or4_1)
     2    0.006004    0.216723    1.276091    2.866668 v _159_/X (sky130_fd_sc_hd__or4_1)
                                                         _012_ (net)
                      0.216724    0.000365    2.867033 v _162_/B (sky130_fd_sc_hd__or4b_1)
     2    0.007081    0.228582    1.298978    4.166011 v _162_/X (sky130_fd_sc_hd__or4b_1)
                                                         _015_ (net)
                      0.228583    0.000411    4.166421 v _163_/A (sky130_fd_sc_hd__or2_4)
     1    0.003033    0.076396    0.523077    4.689498 v _163_/X (sky130_fd_sc_hd__or2_4)
                                                         _016_ (net)
                      0.076396    0.000133    4.689631 v _227_/A1 (sky130_fd_sc_hd__o31a_1)
     1    0.002449    0.082029    0.546561    5.236192 v _227_/X (sky130_fd_sc_hd__o31a_1)
                                                         _000_ (net)
                      0.082029    0.000176    5.236368 v _228_/D (sky130_fd_sc_hd__dfxtp_1)
                                              5.236368   data arrival time

                                  5.000000    5.000000   clock clk (rise edge)
                                  0.000000    5.000000   clock source latency
     1    0.004891    0.046442    0.026895    5.026895 ^ clk (in)
                                                         clk (net)
                      0.046443    0.000000    5.026895 ^ _228_/CLK (sky130_fd_sc_hd__dfxtp_1)
                                 -0.250000    4.776895   clock uncertainty
                                  0.000000    4.776895   clock reconvergence pessimism
                                 -0.280327    4.496568   library setup time
                                              4.496568   data required time
---------------------------------------------------------------------------------------------
                                              4.496568   data required time
                                             -5.236368   data arrival time
---------------------------------------------------------------------------------------------
                                             -0.739800   slack (VIOLATED)




===========================================================================
report_checks --slack_max -0.01
============================================================================
======================= max_ss_100C_1v60 Corner ===================================

Startpoint: a[23] (input port clocked by clk)
Endpoint: _228_ (rising edge-triggered flip-flop clocked by clk)
Path Group: clk
Path Type: max

Fanout         Cap        Slew       Delay        Time   Description
---------------------------------------------------------------------------------------------
                                  0.000000    0.000000   clock clk (rise edge)
                                  0.000000    0.000000   clock network delay (propagated)
                                  1.000000    1.000000 ^ input external delay
     1    0.003323    0.035734    0.018601    1.018601 ^ a[23] (in)
                                                         a[23] (net)
                      0.035735    0.000000    1.018601 ^ input16/A (sky130_fd_sc_hd__clkbuf_1)
     2    0.005356    0.117346    0.168571    1.187172 ^ input16/X (sky130_fd_sc_hd__clkbuf_1)
                                                         net16 (net)
                      0.117347    0.000273    1.187445 ^ _153_/A_N (sky130_fd_sc_hd__and2b_1)
     2    0.005822    0.090256    0.402956    1.590401 v _153_/X (sky130_fd_sc_hd__and2b_1)
                                                         _006_ (net)
                      0.090257    0.000176    1.590577 v _159_/A (sky130_fd_sc_hd__or4_1)
     2    0.006004    0.216723    1.276091    2.866668 v _159_/X (sky130_fd_sc_hd__or4_1)
                                                         _012_ (net)
                      0.216724    0.000365    2.867033 v _162_/B (sky130_fd_sc_hd__or4b_1)
     2    0.007081    0.228582    1.298978    4.166011 v _162_/X (sky130_fd_sc_hd__or4b_1)
                                                         _015_ (net)
                      0.228583    0.000411    4.166421 v _163_/A (sky130_fd_sc_hd__or2_4)
     1    0.003033    0.076396    0.523077    4.689498 v _163_/X (sky130_fd_sc_hd__or2_4)
                                                         _016_ (net)
                      0.076396    0.000133    4.689631 v _227_/A1 (sky130_fd_sc_hd__o31a_1)
     1    0.002449    0.082029    0.546561    5.236192 v _227_/X (sky130_fd_sc_hd__o31a_1)
                                                         _000_ (net)
                      0.082029    0.000176    5.236368 v _228_/D (sky130_fd_sc_hd__dfxtp_1)
                                              5.236368   data arrival time

                                  5.000000    5.000000   clock clk (rise edge)
                                  0.000000    5.000000   clock source latency
     1    0.004891    0.046442    0.026895    5.026895 ^ clk (in)
                                                         clk (net)
                      0.046443    0.000000    5.026895 ^ _228_/CLK (sky130_fd_sc_hd__dfxtp_1)
                                 -0.250000    4.776895   clock uncertainty
                                  0.000000    4.776895   clock reconvergence pessimism
                                 -0.280327    4.496568   library setup time
                                              4.496568   data required time
---------------------------------------------------------------------------------------------
                                              4.496568   data required time
                                             -5.236368   data arrival time
---------------------------------------------------------------------------------------------
                                             -0.739800   slack (VIOLATED)




===========================================================================
 report_check_types -max_slew -max_cap -max_fanout -violators
============================================================================
======================= max_ss_100C_1v60 Corner ===================================



===========================================================================
report_parasitic_annotation -report_unannotated
============================================================================
Found 0 unannotated drivers.
Found 0 partially unannotated drivers.

===========================================================================
max slew violation count 0
%OL_METRIC_I design__max_slew_violation__count__corner:max_ss_100C_1v60 0
max fanout violation count 0
%OL_METRIC_I design__max_fanout_violation__count__corner:max_ss_100C_1v60 0
max cap violation count 0
%OL_METRIC_I design__max_cap_violation__count__corner:max_ss_100C_1v60 0
============================================================================

===========================================================================
check_setup -verbose -unconstrained_endpoints -multiple_clock -no_clock -no_input_delay -loops -generated_clocks
===========================================================================
%OL_END_REPORT
%OL_CREATE_REPORT power.rpt

===========================================================================
 report_power
============================================================================
======================= max_ss_100C_1v60 Corner ===================================

Group                    Internal    Switching      Leakage        Total
                            Power        Power        Power        Power (Watts)
------------------------------------------------------------------------
Sequential           6.593554e-06 9.899737e-08 1.351832e-08 6.706070e-06   8.8%
Combinational        3.913795e-05 2.919343e-05 8.308733e-07 6.916226e-05  91.2%
Clock                0.000000e+00 0.000000e+00 2.030039e-10 2.030039e-10   0.0%
Macro                0.000000e+00 0.000000e+00 0.000000e+00 0.000000e+00   0.0%
Pad                  0.000000e+00 0.000000e+00 0.000000e+00 0.000000e+00   0.0%
------------------------------------------------------------------------
Total                4.573151e-05 2.929242e-05 8.445946e-07 7.586852e-05 100.0%
                            60.3%        38.6%         1.1%
%OL_METRIC_F power__internal__total 4.573150727082975e-5
%OL_METRIC_F power__switching__total 2.9292423278093338e-5
%OL_METRIC_F power__leakage__total 8.445945809398836e-7
%OL_METRIC_F power__total 7.58685200707987e-5

%OL_END_REPORT
%OL_CREATE_REPORT skew.min.rpt

===========================================================================
Clock Skew (Hold)
============================================================================
%OL_METRIC_F clock__skew__worst_hold__corner:max_ss_100C_1v60 0.000000
======================= max_ss_100C_1v60 Corner ===================================

Clock clk
No launch/capture paths found.

%OL_END_REPORT
%OL_CREATE_REPORT skew.max.rpt

===========================================================================
Clock Skew (Setup)
============================================================================
%OL_METRIC_F clock__skew__worst_setup__corner:max_ss_100C_1v60 0.000000
======================= max_ss_100C_1v60 Corner ===================================

Clock clk
No launch/capture paths found.

%OL_END_REPORT
%OL_CREATE_REPORT ws.min.rpt

===========================================================================
Worst Slack (Hold)
============================================================================
%OL_METRIC_F timing__hold__ws__corner:max_ss_100C_1v60 1.679044
max_ss_100C_1v60: 1.679044
%OL_END_REPORT
%OL_CREATE_REPORT ws.max.rpt

===========================================================================
Worst Slack (Setup)
============================================================================
%OL_METRIC_F timing__setup__ws__corner:max_ss_100C_1v60 -0.739800
max_ss_100C_1v60: -0.739800
%OL_END_REPORT
%OL_CREATE_REPORT tns.min.rpt

===========================================================================
Total Negative Slack (Hold)
============================================================================
%OL_METRIC_F timing__hold__tns__corner:max_ss_100C_1v60 0.000000
max_ss_100C_1v60: 0.000000
%OL_END_REPORT
%OL_CREATE_REPORT tns.max.rpt

===========================================================================
Total Negative Slack (Setup)
============================================================================
%OL_METRIC_F timing__setup__tns__corner:max_ss_100C_1v60 -0.739800
max_ss_100C_1v60: -0.739800
%OL_END_REPORT
%OL_CREATE_REPORT wns.min.rpt

===========================================================================
Worst Negative Slack (Hold)
============================================================================
%OL_METRIC_F timing__hold__wns__corner:max_ss_100C_1v60 0
max_ss_100C_1v60: 0
%OL_END_REPORT
%OL_CREATE_REPORT wns.max.rpt

===========================================================================
Worst Negative Slack (Setup)
============================================================================
%OL_METRIC_F timing__setup__wns__corner:max_ss_100C_1v60 -0.739800
max_ss_100C_1v60: -0.739800
%OL_END_REPORT
%OL_CREATE_REPORT violator_list.rpt

===========================================================================
Violator List
============================================================================
[setup in-reg] a[23] -> _228_/D : -0.739800
%OL_METRIC_I timing__hold_vio__count__corner:max_ss_100C_1v60 0
%OL_METRIC_F timing__hold_r2r__ws__corner:max_ss_100C_1v60 inf
%OL_METRIC_I timing__hold_r2r_vio__count__corner:max_ss_100C_1v60 0
%OL_METRIC_I timing__setup_vio__count__corner:max_ss_100C_1v60 1
%OL_METRIC_F timing__setup_r2r__ws__corner:max_ss_100C_1v60 inf
%OL_METRIC_I timing__setup_r2r_vio__count__corner:max_ss_100C_1v60 0
%OL_END_REPORT
Writing SDF files for all corners…
Removing Clock latencies before writing libs…
Writing timing models for all corners…
Writing timing models for the max_ss_100C_1v60 corner to /home/erwann/design_workspace/sky130A/HelloWorld/digital/comp32/runs/RUN_2024-04-29_20-13-57/51-openroad-stapostpnr/max_ss_100C_1v60/comp32__max_ss_100C_1v60.lib…
