
===========================================================================
report_checks -unconstrained
===========================================================================
======================= min_ff_n40C_1v95 Corner ===================================

Startpoint: a[31] (input port clocked by clk)
Endpoint: _228_ (rising edge-triggered flip-flop clocked by clk)
Path Group: clk
Path Type: max

Fanout         Cap        Slew       Delay        Time   Description
---------------------------------------------------------------------------------------------
                                  0.000000    0.000000   clock clk (rise edge)
                                  0.000000    0.000000   clock network delay (propagated)
                                  1.000000    1.000000 ^ input external delay
     1    0.004804    0.021053    0.012473    1.012473 ^ a[31] (in)
                                                         a[31] (net)
                      0.021053    0.000000    1.012473 ^ input25/A (sky130_fd_sc_hd__clkbuf_1)
     1    0.006908    0.066493    0.073826    1.086299 ^ input25/X (sky130_fd_sc_hd__clkbuf_1)
                                                         net25 (net)
                      0.066493    0.000124    1.086423 ^ _114_/A (sky130_fd_sc_hd__inv_2)
     4    0.012699    0.031471    0.034239    1.120662 v _114_/Y (sky130_fd_sc_hd__inv_2)
                                                         _080_ (net)
                      0.031472    0.000159    1.120821 v _137_/A2 (sky130_fd_sc_hd__a2111o_1)
     2    0.004917    0.048700    0.252673    1.373494 v _137_/X (sky130_fd_sc_hd__a2111o_1)
                                                         _103_ (net)
                      0.048700    0.000040    1.373534 v _141_/A (sky130_fd_sc_hd__or4b_4)
     3    0.009306    0.064441    0.332635    1.706169 v _141_/X (sky130_fd_sc_hd__or4b_4)
                                                         _107_ (net)
                      0.064441    0.000129    1.706298 v _152_/A (sky130_fd_sc_hd__or3_4)
     2    0.006101    0.047657    0.242530    1.948828 v _152_/X (sky130_fd_sc_hd__or3_4)
                                                         _005_ (net)
                      0.047657    0.000060    1.948887 v _163_/B (sky130_fd_sc_hd__or2_4)
     1    0.002908    0.030706    0.138693    2.087580 v _163_/X (sky130_fd_sc_hd__or2_4)
                                                         _016_ (net)
                      0.030706    0.000018    2.087598 v _227_/A1 (sky130_fd_sc_hd__o31a_1)
     1    0.002475    0.033010    0.173435    2.261033 v _227_/X (sky130_fd_sc_hd__o31a_1)
                                                         _000_ (net)
                      0.033010    0.000026    2.261058 v _228_/D (sky130_fd_sc_hd__dfxtp_1)
                                              2.261058   data arrival time

                                  5.000000    5.000000   clock clk (rise edge)
                                  0.000000    5.000000   clock source latency
     1    0.004580    0.020268    0.011913    5.011913 ^ clk (in)
                                                         clk (net)
                      0.020268    0.000000    5.011913 ^ _228_/CLK (sky130_fd_sc_hd__dfxtp_1)
                                 -0.250000    4.761913   clock uncertainty
                                  0.000000    4.761913   clock reconvergence pessimism
                                 -0.071493    4.690420   library setup time
                                              4.690420   data required time
---------------------------------------------------------------------------------------------
                                              4.690420   data required time
                                             -2.261058   data arrival time
---------------------------------------------------------------------------------------------
                                              2.429361   slack (MET)




===========================================================================
report_checks --slack_max -0.01
============================================================================
======================= min_ff_n40C_1v95 Corner ===================================

No paths found.


===========================================================================
 report_check_types -max_slew -max_cap -max_fanout -violators
============================================================================
======================= min_ff_n40C_1v95 Corner ===================================



===========================================================================
report_parasitic_annotation -report_unannotated
============================================================================
Found 0 unannotated drivers.
Found 0 partially unannotated drivers.

===========================================================================
max slew violation count 0
max fanout violation count 0
max cap violation count 0
============================================================================

===========================================================================
check_setup -verbose -unconstrained_endpoints -multiple_clock -no_clock -no_input_delay -loops -generated_clocks
===========================================================================
