Reading timing models for corner max_tt_025C_1v80…
Reading cell library for the 'max_tt_025C_1v80' corner at '/home/erwann/.volare/volare/sky130/versions/bdc9412b3e468c102d01b7cf6337be06ec6e9c9a/sky130A/libs.ref/sky130_fd_sc_hd/lib/sky130_fd_sc_hd__tt_025C_1v80.lib'…
Reading top-level netlist at '/home/erwann/design_workspace/sky130A/HelloWorld/digital/comp32/runs/RUN_2024-04-29_20-15-20/49-openroad-fillinsertion/comp32.nl.v'…
Linking design 'comp32' from netlist…
Warning: /home/erwann/design_workspace/sky130A/HelloWorld/digital/comp32/runs/RUN_2024-04-29_20-15-20/49-openroad-fillinsertion/comp32.nl.v line 637, module sky130_fd_sc_hd__tapvpwrvgnd_1 not found. Creating black box for TAP_TAPCELL_ROW_0_32.
Warning: /home/erwann/design_workspace/sky130A/HelloWorld/digital/comp32/runs/RUN_2024-04-29_20-15-20/49-openroad-fillinsertion/comp32.nl.v line 794, module sky130_fd_sc_hd__fill_1 not found. Creating black box for FILLER_0_0_6.
Warning: /home/erwann/design_workspace/sky130A/HelloWorld/digital/comp32/runs/RUN_2024-04-29_20-15-20/49-openroad-fillinsertion/comp32.nl.v line 795, module sky130_fd_sc_hd__fill_2 not found. Creating black box for FILLER_0_0_20.
Warning: /home/erwann/design_workspace/sky130A/HelloWorld/digital/comp32/runs/RUN_2024-04-29_20-15-20/49-openroad-fillinsertion/comp32.nl.v line 808, module sky130_ef_sc_hd__decap_12 not found. Creating black box for FILLER_0_2_49.
Reading design constraints file at '/nix/store/6kwxhhp4vfqxi9qpnqnwc7xg02y8ymv6-python3-3.11.6-env/lib/python3.11/site-packages/openlane/scripts/base.sdc'…
[INFO] Using clock clk…
[INFO] Setting output delay to: 5
[INFO] Setting input delay to: 5
[INFO] Setting load to: 0.033442
[INFO] Setting clock uncertainty to: 0.25
[INFO] Setting clock transition to: 0.1499999999999999944488848768742172978818416595458984375
[INFO] Setting timing derate to: 5%
Reading top-level design parasitics for the 'max_tt_025C_1v80' corner at '/home/erwann/design_workspace/sky130A/HelloWorld/digital/comp32/runs/RUN_2024-04-29_20-15-20/50-openroad-rcx/max/comp32.max.spef'…
%OL_CREATE_REPORT min.rpt

===========================================================================
report_checks -path_delay min (Hold)
============================================================================
======================= max_tt_025C_1v80 Corner ===================================

Startpoint: a[16] (input port clocked by clk)
Endpoint: _228_ (rising edge-triggered flip-flop clocked by clk)
Path Group: clk
Path Type: min

Fanout         Cap        Slew       Delay        Time   Description
---------------------------------------------------------------------------------------------
                                  0.000000    0.000000   clock clk (rise edge)
                                  0.000000    0.000000   clock network delay (propagated)
                                  5.000000    5.000000 ^ input external delay
     1    0.003039    0.020767    0.011222    5.011222 ^ a[16] (in)
                                                         a[16] (net)
                      0.020769    0.000000    5.011222 ^ input8/A (sky130_fd_sc_hd__clkbuf_1)
     2    0.006599    0.086364    0.102326    5.113547 ^ input8/X (sky130_fd_sc_hd__clkbuf_1)
                                                         net8 (net)
                      0.086366    0.000377    5.113925 ^ _171_/B (sky130_fd_sc_hd__and2_1)
     1    0.002773    0.045857    0.126234    5.240158 ^ _171_/X (sky130_fd_sc_hd__and2_1)
                                                         _024_ (net)
                      0.045857    0.000171    5.240330 ^ _172_/C (sky130_fd_sc_hd__or4b_1)
     1    0.003631    0.044719    0.100952    5.341282 ^ _172_/X (sky130_fd_sc_hd__or4b_1)
                                                         _025_ (net)
                      0.044721    0.000242    5.341524 ^ _227_/A2 (sky130_fd_sc_hd__o31a_1)
     1    0.002579    0.042789    0.119044    5.460568 ^ _227_/X (sky130_fd_sc_hd__o31a_1)
                                                         _000_ (net)
                      0.042791    0.000185    5.460753 ^ _228_/D (sky130_fd_sc_hd__dfxtp_1)
                                              5.460753   data arrival time

                                  0.000000    0.000000   clock clk (rise edge)
                                  0.000000    0.000000   clock source latency
     1    0.005137    0.029896    0.018385    0.018385 ^ clk (in)
                                                         clk (net)
                      0.029899    0.000000    0.018385 ^ _228_/CLK (sky130_fd_sc_hd__dfxtp_1)
                                  0.250000    0.268385   clock uncertainty
                                  0.000000    0.268385   clock reconvergence pessimism
                                 -0.032798    0.235587   library hold time
                                              0.235587   data required time
---------------------------------------------------------------------------------------------
                                              0.235587   data required time
                                             -5.460753   data arrival time
---------------------------------------------------------------------------------------------
                                              5.225166   slack (MET)


Startpoint: _228_ (rising edge-triggered flip-flop clocked by clk)
Endpoint: z (output port clocked by clk)
Path Group: clk
Path Type: min

Fanout         Cap        Slew       Delay        Time   Description
---------------------------------------------------------------------------------------------
                                  0.000000    0.000000   clock clk (rise edge)
                                  0.000000    0.000000   clock source latency
     1    0.005137    0.029896    0.018385    0.018385 ^ clk (in)
                                                         clk (net)
                      0.029899    0.000000    0.018385 ^ _228_/CLK (sky130_fd_sc_hd__dfxtp_1)
     1    0.006396    0.041625    0.300367    0.318752 v _228_/Q (sky130_fd_sc_hd__dfxtp_1)
                                                         net65 (net)
                      0.041636    0.000572    0.319325 v output65/A (sky130_fd_sc_hd__buf_2)
     1    0.034327    0.090093    0.177973    0.497298 v output65/X (sky130_fd_sc_hd__buf_2)
                                                         z (net)
                      0.090135    0.001650    0.498948 v z (out)
                                              0.498948   data arrival time

                                  0.000000    0.000000   clock clk (rise edge)
                                  0.000000    0.000000   clock network delay (propagated)
                                  0.250000    0.250000   clock uncertainty
                                  0.000000    0.250000   clock reconvergence pessimism
                                 -5.000000   -4.750000   output external delay
                                             -4.750000   data required time
---------------------------------------------------------------------------------------------
                                             -4.750000   data required time
                                             -0.498948   data arrival time
---------------------------------------------------------------------------------------------
                                              5.248948   slack (MET)



%OL_END_REPORT
%OL_CREATE_REPORT max.rpt

===========================================================================
report_checks -path_delay max (Setup)
============================================================================
======================= max_tt_025C_1v80 Corner ===================================

Startpoint: a[30] (input port clocked by clk)
Endpoint: _228_ (rising edge-triggered flip-flop clocked by clk)
Path Group: clk
Path Type: max

Fanout         Cap        Slew       Delay        Time   Description
---------------------------------------------------------------------------------------------
                                  0.000000    0.000000   clock clk (rise edge)
                                  0.000000    0.000000   clock network delay (propagated)
                                  5.000000    5.000000 ^ input external delay
     1    0.003084    0.020962    0.011358    5.011358 ^ a[30] (in)
                                                         a[30] (net)
                      0.020964    0.000000    5.011358 ^ input24/A (sky130_fd_sc_hd__buf_1)
     2    0.007465    0.096027    0.109240    5.120598 ^ input24/X (sky130_fd_sc_hd__buf_1)
                                                         net24 (net)
                      0.096030    0.000389    5.120988 ^ _133_/A_N (sky130_fd_sc_hd__and2b_1)
     2    0.006211    0.048178    0.199565    5.320553 v _133_/X (sky130_fd_sc_hd__and2b_1)
                                                         _099_ (net)
                      0.048184    0.000424    5.320977 v _137_/B1 (sky130_fd_sc_hd__a2111o_1)
     2    0.005477    0.072381    0.395107    5.716084 v _137_/X (sky130_fd_sc_hd__a2111o_1)
                                                         _103_ (net)
                      0.072383    0.000334    5.716417 v _141_/A (sky130_fd_sc_hd__or4b_1)
     3    0.008556    0.119306    0.573310    6.289727 v _141_/X (sky130_fd_sc_hd__or4b_1)
                                                         _107_ (net)
                      0.119309    0.000486    6.290213 v _152_/A (sky130_fd_sc_hd__or3_1)
     2    0.006105    0.083299    0.412860    6.703073 v _152_/X (sky130_fd_sc_hd__or3_1)
                                                         _005_ (net)
                      0.083303    0.000453    6.703526 v _163_/A (sky130_fd_sc_hd__or2_1)
     1    0.002937    0.048655    0.235145    6.938671 v _163_/X (sky130_fd_sc_hd__or2_1)
                                                         _016_ (net)
                      0.048655    0.000142    6.938813 v _227_/A1 (sky130_fd_sc_hd__o31a_1)
     1    0.002586    0.045757    0.286325    7.225138 v _227_/X (sky130_fd_sc_hd__o31a_1)
                                                         _000_ (net)
                      0.045757    0.000186    7.225324 v _228_/D (sky130_fd_sc_hd__dfxtp_1)
                                              7.225324   data arrival time

                                 25.000000   25.000000   clock clk (rise edge)
                                  0.000000   25.000000   clock source latency
     1    0.005137    0.029896    0.018385   25.018385 ^ clk (in)
                                                         clk (net)
                      0.029899    0.000000   25.018385 ^ _228_/CLK (sky130_fd_sc_hd__dfxtp_1)
                                 -0.250000   24.768385   clock uncertainty
                                  0.000000   24.768385   clock reconvergence pessimism
                                 -0.114391   24.653996   library setup time
                                             24.653996   data required time
---------------------------------------------------------------------------------------------
                                             24.653996   data required time
                                             -7.225324   data arrival time
---------------------------------------------------------------------------------------------
                                             17.428673   slack (MET)


Startpoint: _228_ (rising edge-triggered flip-flop clocked by clk)
Endpoint: z (output port clocked by clk)
Path Group: clk
Path Type: max

Fanout         Cap        Slew       Delay        Time   Description
---------------------------------------------------------------------------------------------
                                  0.000000    0.000000   clock clk (rise edge)
                                  0.000000    0.000000   clock source latency
     1    0.005137    0.029896    0.018385    0.018385 ^ clk (in)
                                                         clk (net)
                      0.029899    0.000000    0.018385 ^ _228_/CLK (sky130_fd_sc_hd__dfxtp_1)
     1    0.006556    0.072708    0.318808    0.337194 ^ _228_/Q (sky130_fd_sc_hd__dfxtp_1)
                                                         net65 (net)
                      0.072715    0.000594    0.337787 ^ output65/A (sky130_fd_sc_hd__buf_2)
     1    0.034327    0.170809    0.207794    0.545582 ^ output65/X (sky130_fd_sc_hd__buf_2)
                                                         z (net)
                      0.170832    0.001652    0.547233 ^ z (out)
                                              0.547233   data arrival time

                                 25.000000   25.000000   clock clk (rise edge)
                                  0.000000   25.000000   clock network delay (propagated)
                                 -0.250000   24.750000   clock uncertainty
                                  0.000000   24.750000   clock reconvergence pessimism
                                 -5.000000   19.750000   output external delay
                                             19.750000   data required time
---------------------------------------------------------------------------------------------
                                             19.750000   data required time
                                             -0.547233   data arrival time
---------------------------------------------------------------------------------------------
                                             19.202766   slack (MET)



%OL_END_REPORT
%OL_CREATE_REPORT checks.rpt

===========================================================================
report_checks -unconstrained
===========================================================================
======================= max_tt_025C_1v80 Corner ===================================

Startpoint: a[30] (input port clocked by clk)
Endpoint: _228_ (rising edge-triggered flip-flop clocked by clk)
Path Group: clk
Path Type: max

Fanout         Cap        Slew       Delay        Time   Description
---------------------------------------------------------------------------------------------
                                  0.000000    0.000000   clock clk (rise edge)
                                  0.000000    0.000000   clock network delay (propagated)
                                  5.000000    5.000000 ^ input external delay
     1    0.003084    0.020962    0.011358    5.011358 ^ a[30] (in)
                                                         a[30] (net)
                      0.020964    0.000000    5.011358 ^ input24/A (sky130_fd_sc_hd__buf_1)
     2    0.007465    0.096027    0.109240    5.120598 ^ input24/X (sky130_fd_sc_hd__buf_1)
                                                         net24 (net)
                      0.096030    0.000389    5.120988 ^ _133_/A_N (sky130_fd_sc_hd__and2b_1)
     2    0.006211    0.048178    0.199565    5.320553 v _133_/X (sky130_fd_sc_hd__and2b_1)
                                                         _099_ (net)
                      0.048184    0.000424    5.320977 v _137_/B1 (sky130_fd_sc_hd__a2111o_1)
     2    0.005477    0.072381    0.395107    5.716084 v _137_/X (sky130_fd_sc_hd__a2111o_1)
                                                         _103_ (net)
                      0.072383    0.000334    5.716417 v _141_/A (sky130_fd_sc_hd__or4b_1)
     3    0.008556    0.119306    0.573310    6.289727 v _141_/X (sky130_fd_sc_hd__or4b_1)
                                                         _107_ (net)
                      0.119309    0.000486    6.290213 v _152_/A (sky130_fd_sc_hd__or3_1)
     2    0.006105    0.083299    0.412860    6.703073 v _152_/X (sky130_fd_sc_hd__or3_1)
                                                         _005_ (net)
                      0.083303    0.000453    6.703526 v _163_/A (sky130_fd_sc_hd__or2_1)
     1    0.002937    0.048655    0.235145    6.938671 v _163_/X (sky130_fd_sc_hd__or2_1)
                                                         _016_ (net)
                      0.048655    0.000142    6.938813 v _227_/A1 (sky130_fd_sc_hd__o31a_1)
     1    0.002586    0.045757    0.286325    7.225138 v _227_/X (sky130_fd_sc_hd__o31a_1)
                                                         _000_ (net)
                      0.045757    0.000186    7.225324 v _228_/D (sky130_fd_sc_hd__dfxtp_1)
                                              7.225324   data arrival time

                                 25.000000   25.000000   clock clk (rise edge)
                                  0.000000   25.000000   clock source latency
     1    0.005137    0.029896    0.018385   25.018385 ^ clk (in)
                                                         clk (net)
                      0.029899    0.000000   25.018385 ^ _228_/CLK (sky130_fd_sc_hd__dfxtp_1)
                                 -0.250000   24.768385   clock uncertainty
                                  0.000000   24.768385   clock reconvergence pessimism
                                 -0.114391   24.653996   library setup time
                                             24.653996   data required time
---------------------------------------------------------------------------------------------
                                             24.653996   data required time
                                             -7.225324   data arrival time
---------------------------------------------------------------------------------------------
                                             17.428673   slack (MET)




===========================================================================
report_checks --slack_max -0.01
============================================================================
======================= max_tt_025C_1v80 Corner ===================================

No paths found.


===========================================================================
 report_check_types -max_slew -max_cap -max_fanout -violators
============================================================================
======================= max_tt_025C_1v80 Corner ===================================



===========================================================================
report_parasitic_annotation -report_unannotated
============================================================================
Found 0 unannotated drivers.
Found 0 partially unannotated drivers.

===========================================================================
max slew violation count 0
%OL_METRIC_I design__max_slew_violation__count__corner:max_tt_025C_1v80 0
max fanout violation count 0
%OL_METRIC_I design__max_fanout_violation__count__corner:max_tt_025C_1v80 0
max cap violation count 0
%OL_METRIC_I design__max_cap_violation__count__corner:max_tt_025C_1v80 0
============================================================================

===========================================================================
check_setup -verbose -unconstrained_endpoints -multiple_clock -no_clock -no_input_delay -loops -generated_clocks
===========================================================================
%OL_END_REPORT
%OL_CREATE_REPORT power.rpt

===========================================================================
 report_power
============================================================================
======================= max_tt_025C_1v80 Corner ===================================

Group                    Internal    Switching      Leakage        Total
                            Power        Power        Power        Power (Watts)
------------------------------------------------------------------------
Sequential           1.671963e-06 2.875736e-08 8.111877e-12 1.700729e-06   9.4%
Combinational        9.055033e-06 7.323741e-06 4.664922e-10 1.637924e-05  90.6%
Clock                0.000000e+00 0.000000e+00 2.268031e-10 2.268031e-10   0.0%
Macro                0.000000e+00 0.000000e+00 0.000000e+00 0.000000e+00   0.0%
Pad                  0.000000e+00 0.000000e+00 0.000000e+00 0.000000e+00   0.0%
------------------------------------------------------------------------
Total                1.072699e-05 7.352498e-06 7.014075e-10 1.808019e-05 100.0%
                            59.3%        40.7%         0.0%
%OL_METRIC_F power__internal__total 1.0726994332799222e-5
%OL_METRIC_F power__switching__total 7.35249795980053e-6
%OL_METRIC_F power__leakage__total 7.014075431577282e-10
%OL_METRIC_F power__total 1.808019442250952e-5

%OL_END_REPORT
%OL_CREATE_REPORT skew.min.rpt

===========================================================================
Clock Skew (Hold)
============================================================================
%OL_METRIC_F clock__skew__worst_hold__corner:max_tt_025C_1v80 0.000000
======================= max_tt_025C_1v80 Corner ===================================

Clock clk
No launch/capture paths found.

%OL_END_REPORT
%OL_CREATE_REPORT skew.max.rpt

===========================================================================
Clock Skew (Setup)
============================================================================
%OL_METRIC_F clock__skew__worst_setup__corner:max_tt_025C_1v80 0.000000
======================= max_tt_025C_1v80 Corner ===================================

Clock clk
No launch/capture paths found.

%OL_END_REPORT
%OL_CREATE_REPORT ws.min.rpt

===========================================================================
Worst Slack (Hold)
============================================================================
%OL_METRIC_F timing__hold__ws__corner:max_tt_025C_1v80 5.225166
max_tt_025C_1v80: 5.225166
%OL_END_REPORT
%OL_CREATE_REPORT ws.max.rpt

===========================================================================
Worst Slack (Setup)
============================================================================
%OL_METRIC_F timing__setup__ws__corner:max_tt_025C_1v80 17.428673
max_tt_025C_1v80: 17.428673
%OL_END_REPORT
%OL_CREATE_REPORT tns.min.rpt

===========================================================================
Total Negative Slack (Hold)
============================================================================
%OL_METRIC_F timing__hold__tns__corner:max_tt_025C_1v80 0.000000
max_tt_025C_1v80: 0.000000
%OL_END_REPORT
%OL_CREATE_REPORT tns.max.rpt

===========================================================================
Total Negative Slack (Setup)
============================================================================
%OL_METRIC_F timing__setup__tns__corner:max_tt_025C_1v80 0.000000
max_tt_025C_1v80: 0.000000
%OL_END_REPORT
%OL_CREATE_REPORT wns.min.rpt

===========================================================================
Worst Negative Slack (Hold)
============================================================================
%OL_METRIC_F timing__hold__wns__corner:max_tt_025C_1v80 0
max_tt_025C_1v80: 0
%OL_END_REPORT
%OL_CREATE_REPORT wns.max.rpt

===========================================================================
Worst Negative Slack (Setup)
============================================================================
%OL_METRIC_F timing__setup__wns__corner:max_tt_025C_1v80 0.0
max_tt_025C_1v80: 0.0
%OL_END_REPORT
%OL_CREATE_REPORT violator_list.rpt

===========================================================================
Violator List
============================================================================
%OL_METRIC_I timing__hold_vio__count__corner:max_tt_025C_1v80 0
%OL_METRIC_F timing__hold_r2r__ws__corner:max_tt_025C_1v80 inf
%OL_METRIC_I timing__hold_r2r_vio__count__corner:max_tt_025C_1v80 0
%OL_METRIC_I timing__setup_vio__count__corner:max_tt_025C_1v80 0
%OL_METRIC_F timing__setup_r2r__ws__corner:max_tt_025C_1v80 inf
%OL_METRIC_I timing__setup_r2r_vio__count__corner:max_tt_025C_1v80 0
%OL_END_REPORT
Writing SDF files for all corners…
Removing Clock latencies before writing libs…
Writing timing models for all corners…
Writing timing models for the max_tt_025C_1v80 corner to /home/erwann/design_workspace/sky130A/HelloWorld/digital/comp32/runs/RUN_2024-04-29_20-15-20/51-openroad-stapostpnr/max_tt_025C_1v80/comp32__max_tt_025C_1v80.lib…
