
===========================================================================
report_checks -unconstrained
===========================================================================
======================= min_ss_100C_1v60 Corner ===================================

Startpoint: a[30] (input port clocked by clk)
Endpoint: _228_ (rising edge-triggered flip-flop clocked by clk)
Path Group: clk
Path Type: max

Fanout         Cap        Slew       Delay        Time   Description
---------------------------------------------------------------------------------------------
                                  0.000000    0.000000   clock clk (rise edge)
                                  0.000000    0.000000   clock network delay (propagated)
                                  1.000000    1.000000 ^ input external delay
     1    0.005618    0.051398    0.030629    1.030629 ^ a[30] (in)
                                                         a[30] (net)
                      0.051398    0.000000    1.030629 ^ input24/A (sky130_fd_sc_hd__buf_6)
     2    0.007134    0.047367    0.150175    1.180804 ^ input24/X (sky130_fd_sc_hd__buf_6)
                                                         net24 (net)
                      0.047367    0.000051    1.180856 ^ _133_/A_N (sky130_fd_sc_hd__and2b_1)
     2    0.005198    0.085551    0.367087    1.547943 v _133_/X (sky130_fd_sc_hd__and2b_1)
                                                         _099_ (net)
                      0.085551    0.000052    1.547995 v _137_/B1 (sky130_fd_sc_hd__a2111o_1)
     2    0.004773    0.133371    0.766014    2.314008 v _137_/X (sky130_fd_sc_hd__a2111o_1)
                                                         _103_ (net)
                      0.133371    0.000039    2.314048 v _141_/A (sky130_fd_sc_hd__or4b_4)
     3    0.009220    0.171550    1.106538    3.420585 v _141_/X (sky130_fd_sc_hd__or4b_4)
                                                         _107_ (net)
                      0.171550    0.000128    3.420713 v _152_/A (sky130_fd_sc_hd__or3_4)
     2    0.006172    0.124291    0.798973    4.219686 v _152_/X (sky130_fd_sc_hd__or3_4)
                                                         _005_ (net)
                      0.124291    0.000060    4.219747 v _163_/B (sky130_fd_sc_hd__or2_4)
     1    0.002930    0.076106    0.443657    4.663404 v _163_/X (sky130_fd_sc_hd__or2_4)
                                                         _016_ (net)
                      0.076106    0.000018    4.663422 v _227_/A1 (sky130_fd_sc_hd__o31a_1)
     1    0.002312    0.080866    0.544608    5.208030 v _227_/X (sky130_fd_sc_hd__o31a_1)
                                                         _000_ (net)
                      0.080866    0.000024    5.208053 v _228_/D (sky130_fd_sc_hd__dfxtp_1)
                                              5.208053   data arrival time

                                  5.000000    5.000000   clock clk (rise edge)
                                  0.000000    5.000000   clock source latency
     1    0.004361    0.042809    0.024030    5.024030 ^ clk (in)
                                                         clk (net)
                      0.042809    0.000000    5.024030 ^ _228_/CLK (sky130_fd_sc_hd__dfxtp_1)
                                 -0.250000    4.774030   clock uncertainty
                                  0.000000    4.774030   clock reconvergence pessimism
                                 -0.280823    4.493207   library setup time
                                              4.493207   data required time
---------------------------------------------------------------------------------------------
                                              4.493207   data required time
                                             -5.208053   data arrival time
---------------------------------------------------------------------------------------------
                                             -0.714846   slack (VIOLATED)




===========================================================================
report_checks --slack_max -0.01
============================================================================
======================= min_ss_100C_1v60 Corner ===================================

Startpoint: a[30] (input port clocked by clk)
Endpoint: _228_ (rising edge-triggered flip-flop clocked by clk)
Path Group: clk
Path Type: max

Fanout         Cap        Slew       Delay        Time   Description
---------------------------------------------------------------------------------------------
                                  0.000000    0.000000   clock clk (rise edge)
                                  0.000000    0.000000   clock network delay (propagated)
                                  1.000000    1.000000 ^ input external delay
     1    0.005618    0.051398    0.030629    1.030629 ^ a[30] (in)
                                                         a[30] (net)
                      0.051398    0.000000    1.030629 ^ input24/A (sky130_fd_sc_hd__buf_6)
     2    0.007134    0.047367    0.150175    1.180804 ^ input24/X (sky130_fd_sc_hd__buf_6)
                                                         net24 (net)
                      0.047367    0.000051    1.180856 ^ _133_/A_N (sky130_fd_sc_hd__and2b_1)
     2    0.005198    0.085551    0.367087    1.547943 v _133_/X (sky130_fd_sc_hd__and2b_1)
                                                         _099_ (net)
                      0.085551    0.000052    1.547995 v _137_/B1 (sky130_fd_sc_hd__a2111o_1)
     2    0.004773    0.133371    0.766014    2.314008 v _137_/X (sky130_fd_sc_hd__a2111o_1)
                                                         _103_ (net)
                      0.133371    0.000039    2.314048 v _141_/A (sky130_fd_sc_hd__or4b_4)
     3    0.009220    0.171550    1.106538    3.420585 v _141_/X (sky130_fd_sc_hd__or4b_4)
                                                         _107_ (net)
                      0.171550    0.000128    3.420713 v _152_/A (sky130_fd_sc_hd__or3_4)
     2    0.006172    0.124291    0.798973    4.219686 v _152_/X (sky130_fd_sc_hd__or3_4)
                                                         _005_ (net)
                      0.124291    0.000060    4.219747 v _163_/B (sky130_fd_sc_hd__or2_4)
     1    0.002930    0.076106    0.443657    4.663404 v _163_/X (sky130_fd_sc_hd__or2_4)
                                                         _016_ (net)
                      0.076106    0.000018    4.663422 v _227_/A1 (sky130_fd_sc_hd__o31a_1)
     1    0.002312    0.080866    0.544608    5.208030 v _227_/X (sky130_fd_sc_hd__o31a_1)
                                                         _000_ (net)
                      0.080866    0.000024    5.208053 v _228_/D (sky130_fd_sc_hd__dfxtp_1)
                                              5.208053   data arrival time

                                  5.000000    5.000000   clock clk (rise edge)
                                  0.000000    5.000000   clock source latency
     1    0.004361    0.042809    0.024030    5.024030 ^ clk (in)
                                                         clk (net)
                      0.042809    0.000000    5.024030 ^ _228_/CLK (sky130_fd_sc_hd__dfxtp_1)
                                 -0.250000    4.774030   clock uncertainty
                                  0.000000    4.774030   clock reconvergence pessimism
                                 -0.280823    4.493207   library setup time
                                              4.493207   data required time
---------------------------------------------------------------------------------------------
                                              4.493207   data required time
                                             -5.208053   data arrival time
---------------------------------------------------------------------------------------------
                                             -0.714846   slack (VIOLATED)




===========================================================================
 report_check_types -max_slew -max_cap -max_fanout -violators
============================================================================
======================= min_ss_100C_1v60 Corner ===================================



===========================================================================
report_parasitic_annotation -report_unannotated
============================================================================
Found 0 unannotated drivers.
Found 0 partially unannotated drivers.

===========================================================================
max slew violation count 0
max fanout violation count 0
max cap violation count 0
============================================================================

===========================================================================
check_setup -verbose -unconstrained_endpoints -multiple_clock -no_clock -no_input_delay -loops -generated_clocks
===========================================================================
