Reading timing models for corner min_ss_100C_1v60…
Reading cell library for the 'min_ss_100C_1v60' corner at '/home/erwann/.volare/volare/sky130/versions/bdc9412b3e468c102d01b7cf6337be06ec6e9c9a/sky130A/libs.ref/sky130_fd_sc_hd/lib/sky130_fd_sc_hd__ss_100C_1v60.lib'…
Reading top-level netlist at '/home/erwann/design_workspace/sky130A/HelloWorld/digital/comp32/runs/RUN_2024-04-29_20-13-57/49-openroad-fillinsertion/comp32.nl.v'…
Linking design 'comp32' from netlist…
Warning: /home/erwann/design_workspace/sky130A/HelloWorld/digital/comp32/runs/RUN_2024-04-29_20-13-57/49-openroad-fillinsertion/comp32.nl.v line 639, module sky130_fd_sc_hd__tapvpwrvgnd_1 not found. Creating black box for TAP_TAPCELL_ROW_0_32.
Warning: /home/erwann/design_workspace/sky130A/HelloWorld/digital/comp32/runs/RUN_2024-04-29_20-13-57/49-openroad-fillinsertion/comp32.nl.v line 800, module sky130_fd_sc_hd__fill_1 not found. Creating black box for FILLER_0_0_6.
Warning: /home/erwann/design_workspace/sky130A/HelloWorld/digital/comp32/runs/RUN_2024-04-29_20-13-57/49-openroad-fillinsertion/comp32.nl.v line 801, module sky130_fd_sc_hd__fill_2 not found. Creating black box for FILLER_0_0_20.
Warning: /home/erwann/design_workspace/sky130A/HelloWorld/digital/comp32/runs/RUN_2024-04-29_20-13-57/49-openroad-fillinsertion/comp32.nl.v line 814, module sky130_ef_sc_hd__decap_12 not found. Creating black box for FILLER_0_2_49.
Reading design constraints file at '/nix/store/6kwxhhp4vfqxi9qpnqnwc7xg02y8ymv6-python3-3.11.6-env/lib/python3.11/site-packages/openlane/scripts/base.sdc'…
[INFO] Using clock clk…
[INFO] Setting output delay to: 1
[INFO] Setting input delay to: 1
[INFO] Setting load to: 0.033442
[INFO] Setting clock uncertainty to: 0.25
[INFO] Setting clock transition to: 0.1499999999999999944488848768742172978818416595458984375
[INFO] Setting timing derate to: 5%
Reading top-level design parasitics for the 'min_ss_100C_1v60' corner at '/home/erwann/design_workspace/sky130A/HelloWorld/digital/comp32/runs/RUN_2024-04-29_20-13-57/50-openroad-rcx/min/comp32.min.spef'…
%OL_CREATE_REPORT min.rpt

===========================================================================
report_checks -path_delay min (Hold)
============================================================================
======================= min_ss_100C_1v60 Corner ===================================

Startpoint: a[16] (input port clocked by clk)
Endpoint: _228_ (rising edge-triggered flip-flop clocked by clk)
Path Group: clk
Path Type: min

Fanout         Cap        Slew       Delay        Time   Description
---------------------------------------------------------------------------------------------
                                  0.000000    0.000000   clock clk (rise edge)
                                  0.000000    0.000000   clock network delay (propagated)
                                  1.000000    1.000000 ^ input external delay
     1    0.002844    0.032545    0.016002    1.016002 ^ a[16] (in)
                                                         a[16] (net)
                      0.032545    0.000000    1.016002 ^ input8/A (sky130_fd_sc_hd__clkbuf_1)
     2    0.006631    0.140203    0.183732    1.199734 ^ input8/X (sky130_fd_sc_hd__clkbuf_1)
                                                         net8 (net)
                      0.140203    0.000115    1.199849 ^ _171_/B (sky130_fd_sc_hd__and2_1)
     1    0.002466    0.075183    0.248251    1.448100 ^ _171_/X (sky130_fd_sc_hd__and2_1)
                                                         _024_ (net)
                      0.075183    0.000026    1.448127 ^ _172_/C (sky130_fd_sc_hd__or4b_1)
     1    0.003387    0.070402    0.179406    1.627533 ^ _172_/X (sky130_fd_sc_hd__or4b_1)
                                                         _025_ (net)
                      0.070402    0.000038    1.627571 ^ _227_/A2 (sky130_fd_sc_hd__o31a_1)
     1    0.002228    0.068863    0.235678    1.863248 ^ _227_/X (sky130_fd_sc_hd__o31a_1)
                                                         _000_ (net)
                      0.068863    0.000023    1.863271 ^ _228_/D (sky130_fd_sc_hd__dfxtp_1)
                                              1.863271   data arrival time

                                  0.000000    0.000000   clock clk (rise edge)
                                  0.000000    0.000000   clock source latency
     1    0.004361    0.042809    0.024030    0.024030 ^ clk (in)
                                                         clk (net)
                      0.042809    0.000000    0.024030 ^ _228_/CLK (sky130_fd_sc_hd__dfxtp_1)
                                  0.250000    0.274030   clock uncertainty
                                  0.000000    0.274030   clock reconvergence pessimism
                                 -0.076077    0.197952   library hold time
                                              0.197952   data required time
---------------------------------------------------------------------------------------------
                                              0.197952   data required time
                                             -1.863271   data arrival time
---------------------------------------------------------------------------------------------
                                              1.665319   slack (MET)


Startpoint: _228_ (rising edge-triggered flip-flop clocked by clk)
Endpoint: z (output port clocked by clk)
Path Group: clk
Path Type: min

Fanout         Cap        Slew       Delay        Time   Description
---------------------------------------------------------------------------------------------
                                  0.000000    0.000000   clock clk (rise edge)
                                  0.000000    0.000000   clock source latency
     1    0.004361    0.042809    0.024030    0.024030 ^ clk (in)
                                                         clk (net)
                      0.042809    0.000000    0.024030 ^ _228_/CLK (sky130_fd_sc_hd__dfxtp_1)
     1    0.004893    0.064636    0.578336    0.602366 v _228_/Q (sky130_fd_sc_hd__dfxtp_1)
                                                         net65 (net)
                      0.064636    0.000103    0.602469 v output65/A (sky130_fd_sc_hd__buf_2)
     1    0.034181    0.165383    0.342155    0.944624 v output65/X (sky130_fd_sc_hd__buf_2)
                                                         z (net)
                      0.165383    0.000201    0.944825 v z (out)
                                              0.944825   data arrival time

                                  0.000000    0.000000   clock clk (rise edge)
                                  0.000000    0.000000   clock network delay (propagated)
                                  0.250000    0.250000   clock uncertainty
                                  0.000000    0.250000   clock reconvergence pessimism
                                 -1.000000   -0.750000   output external delay
                                             -0.750000   data required time
---------------------------------------------------------------------------------------------
                                             -0.750000   data required time
                                             -0.944825   data arrival time
---------------------------------------------------------------------------------------------
                                              1.694825   slack (MET)



%OL_END_REPORT
%OL_CREATE_REPORT max.rpt

===========================================================================
report_checks -path_delay max (Setup)
============================================================================
======================= min_ss_100C_1v60 Corner ===================================

Startpoint: a[30] (input port clocked by clk)
Endpoint: _228_ (rising edge-triggered flip-flop clocked by clk)
Path Group: clk
Path Type: max

Fanout         Cap        Slew       Delay        Time   Description
---------------------------------------------------------------------------------------------
                                  0.000000    0.000000   clock clk (rise edge)
                                  0.000000    0.000000   clock network delay (propagated)
                                  1.000000    1.000000 ^ input external delay
     1    0.005618    0.051398    0.030629    1.030629 ^ a[30] (in)
                                                         a[30] (net)
                      0.051398    0.000000    1.030629 ^ input24/A (sky130_fd_sc_hd__buf_6)
     2    0.007134    0.047367    0.150175    1.180804 ^ input24/X (sky130_fd_sc_hd__buf_6)
                                                         net24 (net)
                      0.047367    0.000051    1.180856 ^ _133_/A_N (sky130_fd_sc_hd__and2b_1)
     2    0.005198    0.085551    0.367087    1.547943 v _133_/X (sky130_fd_sc_hd__and2b_1)
                                                         _099_ (net)
                      0.085551    0.000052    1.547995 v _137_/B1 (sky130_fd_sc_hd__a2111o_1)
     2    0.004773    0.133371    0.766014    2.314008 v _137_/X (sky130_fd_sc_hd__a2111o_1)
                                                         _103_ (net)
                      0.133371    0.000039    2.314048 v _141_/A (sky130_fd_sc_hd__or4b_4)
     3    0.009220    0.171550    1.106538    3.420585 v _141_/X (sky130_fd_sc_hd__or4b_4)
                                                         _107_ (net)
                      0.171550    0.000128    3.420713 v _152_/A (sky130_fd_sc_hd__or3_4)
     2    0.006172    0.124291    0.798973    4.219686 v _152_/X (sky130_fd_sc_hd__or3_4)
                                                         _005_ (net)
                      0.124291    0.000060    4.219747 v _163_/B (sky130_fd_sc_hd__or2_4)
     1    0.002930    0.076106    0.443657    4.663404 v _163_/X (sky130_fd_sc_hd__or2_4)
                                                         _016_ (net)
                      0.076106    0.000018    4.663422 v _227_/A1 (sky130_fd_sc_hd__o31a_1)
     1    0.002312    0.080866    0.544608    5.208030 v _227_/X (sky130_fd_sc_hd__o31a_1)
                                                         _000_ (net)
                      0.080866    0.000024    5.208053 v _228_/D (sky130_fd_sc_hd__dfxtp_1)
                                              5.208053   data arrival time

                                  5.000000    5.000000   clock clk (rise edge)
                                  0.000000    5.000000   clock source latency
     1    0.004361    0.042809    0.024030    5.024030 ^ clk (in)
                                                         clk (net)
                      0.042809    0.000000    5.024030 ^ _228_/CLK (sky130_fd_sc_hd__dfxtp_1)
                                 -0.250000    4.774030   clock uncertainty
                                  0.000000    4.774030   clock reconvergence pessimism
                                 -0.280823    4.493207   library setup time
                                              4.493207   data required time
---------------------------------------------------------------------------------------------
                                              4.493207   data required time
                                             -5.208053   data arrival time
---------------------------------------------------------------------------------------------
                                             -0.714846   slack (VIOLATED)


Startpoint: _228_ (rising edge-triggered flip-flop clocked by clk)
Endpoint: z (output port clocked by clk)
Path Group: clk
Path Type: max

Fanout         Cap        Slew       Delay        Time   Description
---------------------------------------------------------------------------------------------
                                  0.000000    0.000000   clock clk (rise edge)
                                  0.000000    0.000000   clock source latency
     1    0.004361    0.042809    0.024030    0.024030 ^ clk (in)
                                                         clk (net)
                      0.042809    0.000000    0.024030 ^ _228_/CLK (sky130_fd_sc_hd__dfxtp_1)
     1    0.005021    0.097609    0.636513    0.660543 ^ _228_/Q (sky130_fd_sc_hd__dfxtp_1)
                                                         net65 (net)
                      0.097609    0.000106    0.660649 ^ output65/A (sky130_fd_sc_hd__buf_2)
     1    0.034181    0.271519    0.356219    1.016868 ^ output65/X (sky130_fd_sc_hd__buf_2)
                                                         z (net)
                      0.271519    0.000201    1.017070 ^ z (out)
                                              1.017070   data arrival time

                                  5.000000    5.000000   clock clk (rise edge)
                                  0.000000    5.000000   clock network delay (propagated)
                                 -0.250000    4.750000   clock uncertainty
                                  0.000000    4.750000   clock reconvergence pessimism
                                 -1.000000    3.750000   output external delay
                                              3.750000   data required time
---------------------------------------------------------------------------------------------
                                              3.750000   data required time
                                             -1.017070   data arrival time
---------------------------------------------------------------------------------------------
                                              2.732930   slack (MET)



%OL_END_REPORT
%OL_CREATE_REPORT checks.rpt

===========================================================================
report_checks -unconstrained
===========================================================================
======================= min_ss_100C_1v60 Corner ===================================

Startpoint: a[30] (input port clocked by clk)
Endpoint: _228_ (rising edge-triggered flip-flop clocked by clk)
Path Group: clk
Path Type: max

Fanout         Cap        Slew       Delay        Time   Description
---------------------------------------------------------------------------------------------
                                  0.000000    0.000000   clock clk (rise edge)
                                  0.000000    0.000000   clock network delay (propagated)
                                  1.000000    1.000000 ^ input external delay
     1    0.005618    0.051398    0.030629    1.030629 ^ a[30] (in)
                                                         a[30] (net)
                      0.051398    0.000000    1.030629 ^ input24/A (sky130_fd_sc_hd__buf_6)
     2    0.007134    0.047367    0.150175    1.180804 ^ input24/X (sky130_fd_sc_hd__buf_6)
                                                         net24 (net)
                      0.047367    0.000051    1.180856 ^ _133_/A_N (sky130_fd_sc_hd__and2b_1)
     2    0.005198    0.085551    0.367087    1.547943 v _133_/X (sky130_fd_sc_hd__and2b_1)
                                                         _099_ (net)
                      0.085551    0.000052    1.547995 v _137_/B1 (sky130_fd_sc_hd__a2111o_1)
     2    0.004773    0.133371    0.766014    2.314008 v _137_/X (sky130_fd_sc_hd__a2111o_1)
                                                         _103_ (net)
                      0.133371    0.000039    2.314048 v _141_/A (sky130_fd_sc_hd__or4b_4)
     3    0.009220    0.171550    1.106538    3.420585 v _141_/X (sky130_fd_sc_hd__or4b_4)
                                                         _107_ (net)
                      0.171550    0.000128    3.420713 v _152_/A (sky130_fd_sc_hd__or3_4)
     2    0.006172    0.124291    0.798973    4.219686 v _152_/X (sky130_fd_sc_hd__or3_4)
                                                         _005_ (net)
                      0.124291    0.000060    4.219747 v _163_/B (sky130_fd_sc_hd__or2_4)
     1    0.002930    0.076106    0.443657    4.663404 v _163_/X (sky130_fd_sc_hd__or2_4)
                                                         _016_ (net)
                      0.076106    0.000018    4.663422 v _227_/A1 (sky130_fd_sc_hd__o31a_1)
     1    0.002312    0.080866    0.544608    5.208030 v _227_/X (sky130_fd_sc_hd__o31a_1)
                                                         _000_ (net)
                      0.080866    0.000024    5.208053 v _228_/D (sky130_fd_sc_hd__dfxtp_1)
                                              5.208053   data arrival time

                                  5.000000    5.000000   clock clk (rise edge)
                                  0.000000    5.000000   clock source latency
     1    0.004361    0.042809    0.024030    5.024030 ^ clk (in)
                                                         clk (net)
                      0.042809    0.000000    5.024030 ^ _228_/CLK (sky130_fd_sc_hd__dfxtp_1)
                                 -0.250000    4.774030   clock uncertainty
                                  0.000000    4.774030   clock reconvergence pessimism
                                 -0.280823    4.493207   library setup time
                                              4.493207   data required time
---------------------------------------------------------------------------------------------
                                              4.493207   data required time
                                             -5.208053   data arrival time
---------------------------------------------------------------------------------------------
                                             -0.714846   slack (VIOLATED)




===========================================================================
report_checks --slack_max -0.01
============================================================================
======================= min_ss_100C_1v60 Corner ===================================

Startpoint: a[30] (input port clocked by clk)
Endpoint: _228_ (rising edge-triggered flip-flop clocked by clk)
Path Group: clk
Path Type: max

Fanout         Cap        Slew       Delay        Time   Description
---------------------------------------------------------------------------------------------
                                  0.000000    0.000000   clock clk (rise edge)
                                  0.000000    0.000000   clock network delay (propagated)
                                  1.000000    1.000000 ^ input external delay
     1    0.005618    0.051398    0.030629    1.030629 ^ a[30] (in)
                                                         a[30] (net)
                      0.051398    0.000000    1.030629 ^ input24/A (sky130_fd_sc_hd__buf_6)
     2    0.007134    0.047367    0.150175    1.180804 ^ input24/X (sky130_fd_sc_hd__buf_6)
                                                         net24 (net)
                      0.047367    0.000051    1.180856 ^ _133_/A_N (sky130_fd_sc_hd__and2b_1)
     2    0.005198    0.085551    0.367087    1.547943 v _133_/X (sky130_fd_sc_hd__and2b_1)
                                                         _099_ (net)
                      0.085551    0.000052    1.547995 v _137_/B1 (sky130_fd_sc_hd__a2111o_1)
     2    0.004773    0.133371    0.766014    2.314008 v _137_/X (sky130_fd_sc_hd__a2111o_1)
                                                         _103_ (net)
                      0.133371    0.000039    2.314048 v _141_/A (sky130_fd_sc_hd__or4b_4)
     3    0.009220    0.171550    1.106538    3.420585 v _141_/X (sky130_fd_sc_hd__or4b_4)
                                                         _107_ (net)
                      0.171550    0.000128    3.420713 v _152_/A (sky130_fd_sc_hd__or3_4)
     2    0.006172    0.124291    0.798973    4.219686 v _152_/X (sky130_fd_sc_hd__or3_4)
                                                         _005_ (net)
                      0.124291    0.000060    4.219747 v _163_/B (sky130_fd_sc_hd__or2_4)
     1    0.002930    0.076106    0.443657    4.663404 v _163_/X (sky130_fd_sc_hd__or2_4)
                                                         _016_ (net)
                      0.076106    0.000018    4.663422 v _227_/A1 (sky130_fd_sc_hd__o31a_1)
     1    0.002312    0.080866    0.544608    5.208030 v _227_/X (sky130_fd_sc_hd__o31a_1)
                                                         _000_ (net)
                      0.080866    0.000024    5.208053 v _228_/D (sky130_fd_sc_hd__dfxtp_1)
                                              5.208053   data arrival time

                                  5.000000    5.000000   clock clk (rise edge)
                                  0.000000    5.000000   clock source latency
     1    0.004361    0.042809    0.024030    5.024030 ^ clk (in)
                                                         clk (net)
                      0.042809    0.000000    5.024030 ^ _228_/CLK (sky130_fd_sc_hd__dfxtp_1)
                                 -0.250000    4.774030   clock uncertainty
                                  0.000000    4.774030   clock reconvergence pessimism
                                 -0.280823    4.493207   library setup time
                                              4.493207   data required time
---------------------------------------------------------------------------------------------
                                              4.493207   data required time
                                             -5.208053   data arrival time
---------------------------------------------------------------------------------------------
                                             -0.714846   slack (VIOLATED)




===========================================================================
 report_check_types -max_slew -max_cap -max_fanout -violators
============================================================================
======================= min_ss_100C_1v60 Corner ===================================



===========================================================================
report_parasitic_annotation -report_unannotated
============================================================================
Found 0 unannotated drivers.
Found 0 partially unannotated drivers.

===========================================================================
max slew violation count 0
%OL_METRIC_I design__max_slew_violation__count__corner:min_ss_100C_1v60 0
max fanout violation count 0
%OL_METRIC_I design__max_fanout_violation__count__corner:min_ss_100C_1v60 0
max cap violation count 0
%OL_METRIC_I design__max_cap_violation__count__corner:min_ss_100C_1v60 0
============================================================================

===========================================================================
check_setup -verbose -unconstrained_endpoints -multiple_clock -no_clock -no_input_delay -loops -generated_clocks
===========================================================================
%OL_END_REPORT
%OL_CREATE_REPORT power.rpt

===========================================================================
 report_power
============================================================================
======================= min_ss_100C_1v60 Corner ===================================

Group                    Internal    Switching      Leakage        Total
                            Power        Power        Power        Power (Watts)
------------------------------------------------------------------------
Sequential           6.607913e-06 8.700732e-08 1.351832e-08 6.708439e-06   9.0%
Combinational        3.910682e-05 2.764593e-05 8.308733e-07 6.758362e-05  91.0%
Clock                0.000000e+00 0.000000e+00 2.030039e-10 2.030039e-10   0.0%
Macro                0.000000e+00 0.000000e+00 0.000000e+00 0.000000e+00   0.0%
Pad                  0.000000e+00 0.000000e+00 0.000000e+00 0.000000e+00   0.0%
------------------------------------------------------------------------
Total                4.571475e-05 2.773293e-05 8.445946e-07 7.429227e-05 100.0%
                            61.5%        37.3%         1.1%
%OL_METRIC_F power__internal__total 4.571474710246548e-5
%OL_METRIC_F power__switching__total 2.7732930902857333e-5
%OL_METRIC_F power__leakage__total 8.445945809398836e-7
%OL_METRIC_F power__total 7.429227116517723e-5

%OL_END_REPORT
%OL_CREATE_REPORT skew.min.rpt

===========================================================================
Clock Skew (Hold)
============================================================================
%OL_METRIC_F clock__skew__worst_hold__corner:min_ss_100C_1v60 0.000000
======================= min_ss_100C_1v60 Corner ===================================

Clock clk
No launch/capture paths found.

%OL_END_REPORT
%OL_CREATE_REPORT skew.max.rpt

===========================================================================
Clock Skew (Setup)
============================================================================
%OL_METRIC_F clock__skew__worst_setup__corner:min_ss_100C_1v60 0.000000
======================= min_ss_100C_1v60 Corner ===================================

Clock clk
No launch/capture paths found.

%OL_END_REPORT
%OL_CREATE_REPORT ws.min.rpt

===========================================================================
Worst Slack (Hold)
============================================================================
%OL_METRIC_F timing__hold__ws__corner:min_ss_100C_1v60 1.665319
min_ss_100C_1v60: 1.665319
%OL_END_REPORT
%OL_CREATE_REPORT ws.max.rpt

===========================================================================
Worst Slack (Setup)
============================================================================
%OL_METRIC_F timing__setup__ws__corner:min_ss_100C_1v60 -0.714846
min_ss_100C_1v60: -0.714846
%OL_END_REPORT
%OL_CREATE_REPORT tns.min.rpt

===========================================================================
Total Negative Slack (Hold)
============================================================================
%OL_METRIC_F timing__hold__tns__corner:min_ss_100C_1v60 0.000000
min_ss_100C_1v60: 0.000000
%OL_END_REPORT
%OL_CREATE_REPORT tns.max.rpt

===========================================================================
Total Negative Slack (Setup)
============================================================================
%OL_METRIC_F timing__setup__tns__corner:min_ss_100C_1v60 -0.714846
min_ss_100C_1v60: -0.714846
%OL_END_REPORT
%OL_CREATE_REPORT wns.min.rpt

===========================================================================
Worst Negative Slack (Hold)
============================================================================
%OL_METRIC_F timing__hold__wns__corner:min_ss_100C_1v60 0
min_ss_100C_1v60: 0
%OL_END_REPORT
%OL_CREATE_REPORT wns.max.rpt

===========================================================================
Worst Negative Slack (Setup)
============================================================================
%OL_METRIC_F timing__setup__wns__corner:min_ss_100C_1v60 -0.714846
min_ss_100C_1v60: -0.714846
%OL_END_REPORT
%OL_CREATE_REPORT violator_list.rpt

===========================================================================
Violator List
============================================================================
[setup in-reg] a[30] -> _228_/D : -0.714846
%OL_METRIC_I timing__hold_vio__count__corner:min_ss_100C_1v60 0
%OL_METRIC_F timing__hold_r2r__ws__corner:min_ss_100C_1v60 inf
%OL_METRIC_I timing__hold_r2r_vio__count__corner:min_ss_100C_1v60 0
%OL_METRIC_I timing__setup_vio__count__corner:min_ss_100C_1v60 1
%OL_METRIC_F timing__setup_r2r__ws__corner:min_ss_100C_1v60 inf
%OL_METRIC_I timing__setup_r2r_vio__count__corner:min_ss_100C_1v60 0
%OL_END_REPORT
Writing SDF files for all corners…
Removing Clock latencies before writing libs…
Writing timing models for all corners…
Writing timing models for the min_ss_100C_1v60 corner to /home/erwann/design_workspace/sky130A/HelloWorld/digital/comp32/runs/RUN_2024-04-29_20-13-57/51-openroad-stapostpnr/min_ss_100C_1v60/comp32__min_ss_100C_1v60.lib…
