Reading OpenROAD database at '/home/erwann/design_workspace/sky130A/HelloWorld/digital/comp32/runs/RUN_2024-05-09_16-56-29/39-openroad-repairantennas/1-diodeinsertion/comp32.odb'…
Reading library file at '/home/erwann/.volare/volare/sky130/versions/bdc9412b3e468c102d01b7cf6337be06ec6e9c9a/sky130A/libs.ref/sky130_fd_sc_hd/lib/sky130_fd_sc_hd__tt_025C_1v80.lib'…
Reading design constraints file at '/nix/store/hwxq78ix5dm1zxacgmyfrlkgn2vq15hz-python3-3.11.6-env/lib/python3.11/site-packages/openlane/scripts/base.sdc'…
[INFO] Using clock clk…
[INFO] Setting output delay to: 5
[INFO] Setting input delay to: 5
[INFO] Setting load to: 0.033442
[INFO] Setting clock uncertainty to: 0.25
[INFO] Setting clock transition to: 0.1499999999999999944488848768742172978818416595458984375
[INFO] Setting timing derate to: 5%
[INFO ORD-0030] Using 8 thread(s).
[INFO DRT-0149] Reading tech and libs.
[WARNING DRT-0349] LEF58_ENCLOSURE with no CUTCLASS is not supported. Skipping for layer mcon
[WARNING DRT-0349] LEF58_ENCLOSURE with no CUTCLASS is not supported. Skipping for layer mcon
[WARNING DRT-0349] LEF58_ENCLOSURE with no CUTCLASS is not supported. Skipping for layer via
[WARNING DRT-0349] LEF58_ENCLOSURE with no CUTCLASS is not supported. Skipping for layer via
[WARNING DRT-0349] LEF58_ENCLOSURE with no CUTCLASS is not supported. Skipping for layer via2
[WARNING DRT-0349] LEF58_ENCLOSURE with no CUTCLASS is not supported. Skipping for layer via2
[WARNING DRT-0349] LEF58_ENCLOSURE with no CUTCLASS is not supported. Skipping for layer via3
[WARNING DRT-0349] LEF58_ENCLOSURE with no CUTCLASS is not supported. Skipping for layer via3
[WARNING DRT-0349] LEF58_ENCLOSURE with no CUTCLASS is not supported. Skipping for layer via4
[WARNING DRT-0349] LEF58_ENCLOSURE with no CUTCLASS is not supported. Skipping for layer via4

Units:                1000
Number of layers:     13
Number of macros:     441
Number of vias:       28
Number of viarulegen: 25

[INFO DRT-0150] Reading design.

Design:                   comp32
Die area:                 ( 0 0 ) ( 123935 106430 )
Number of track patterns: 12
Number of DEF vias:       0
Number of components:     374
Number of terminals:      68
Number of snets:          2
Number of nets:           245

[INFO DRT-0167] List of default vias:
  Layer via
    default via: M1M2_PR
  Layer via2
    default via: M2M3_PR
  Layer via3
    default via: M3M4_PR
  Layer via4
    default via: M4M5_PR
[INFO DRT-0162] Library cell analysis.
[INFO DRT-0163] Instance analysis.
[INFO DRT-0164] Number of unique instances = 81.
[INFO DRT-0168] Init region query.
[INFO DRT-0024]   Complete FR_MASTERSLICE.
[INFO DRT-0024]   Complete licon.
[INFO DRT-0024]   Complete li1.
[INFO DRT-0024]   Complete mcon.
[INFO DRT-0024]   Complete met1.
[INFO DRT-0024]   Complete via.
[INFO DRT-0024]   Complete met2.
[INFO DRT-0024]   Complete via2.
[INFO DRT-0024]   Complete met3.
[INFO DRT-0024]   Complete via3.
[INFO DRT-0024]   Complete met4.
[INFO DRT-0024]   Complete via4.
[INFO DRT-0024]   Complete met5.
[INFO DRT-0033] FR_MASTERSLICE shape region query size = 0.
[INFO DRT-0033] licon shape region query size = 0.
[INFO DRT-0033] li1 shape region query size = 4495.
[INFO DRT-0033] mcon shape region query size = 0.
[INFO DRT-0033] met1 shape region query size = 820.
[INFO DRT-0033] via shape region query size = 160.
[INFO DRT-0033] met2 shape region query size = 124.
[INFO DRT-0033] via2 shape region query size = 128.
[INFO DRT-0033] met3 shape region query size = 134.
[INFO DRT-0033] via3 shape region query size = 128.
[INFO DRT-0033] met4 shape region query size = 36.
[INFO DRT-0033] via4 shape region query size = 0.
[INFO DRT-0033] met5 shape region query size = 0.
[INFO DRT-0165] Start pin access.
[INFO DRT-0078]   Complete 289 pins.
[INFO DRT-0081]   Complete 75 unique inst patterns.
[INFO DRT-0084]   Complete 132 groups.
#scanned instances     = 374
#unique  instances     = 81
#stdCellGenAp          = 2084
#stdCellValidPlanarAp  = 0
#stdCellValidViaAp     = 1730
#stdCellPinNoAp        = 0
#stdCellPinCnt         = 545
#instTermValidViaApCnt = 0
#macroGenAp            = 0
#macroValidPlanarAp    = 0
#macroValidViaAp       = 0
#macroNoAp             = 0
[INFO DRT-0166] Complete pin access.
[INFO DRT-0267] cpu time = 00:00:11, elapsed time = 00:00:01, memory = 119.38 (MB), peak = 119.38 (MB)

Number of guides:     1229

[INFO DRT-0169] Post process guides.
[INFO DRT-0176] GCELLGRID X 0 DO 17 STEP 6900 ;
[INFO DRT-0177] GCELLGRID Y 0 DO 15 STEP 6900 ;
[INFO DRT-0028]   Complete FR_MASTERSLICE.
[INFO DRT-0028]   Complete licon.
[INFO DRT-0028]   Complete li1.
[INFO DRT-0028]   Complete mcon.
[INFO DRT-0028]   Complete met1.
[INFO DRT-0028]   Complete via.
[INFO DRT-0028]   Complete met2.
[INFO DRT-0028]   Complete via2.
[INFO DRT-0028]   Complete met3.
[INFO DRT-0028]   Complete via3.
[INFO DRT-0028]   Complete met4.
[INFO DRT-0028]   Complete via4.
[INFO DRT-0028]   Complete met5.
[INFO DRT-0178] Init guide query.
[INFO DRT-0035]   Complete FR_MASTERSLICE (guide).
[INFO DRT-0035]   Complete licon (guide).
[INFO DRT-0035]   Complete li1 (guide).
[INFO DRT-0035]   Complete mcon (guide).
[INFO DRT-0035]   Complete met1 (guide).
[INFO DRT-0035]   Complete via (guide).
[INFO DRT-0035]   Complete met2 (guide).
[INFO DRT-0035]   Complete via2 (guide).
[INFO DRT-0035]   Complete met3 (guide).
[INFO DRT-0035]   Complete via3 (guide).
[INFO DRT-0035]   Complete met4 (guide).
[INFO DRT-0035]   Complete via4 (guide).
[INFO DRT-0035]   Complete met5 (guide).
[INFO DRT-0036] FR_MASTERSLICE guide region query size = 0.
[INFO DRT-0036] licon guide region query size = 0.
[INFO DRT-0036] li1 guide region query size = 426.
[INFO DRT-0036] mcon guide region query size = 0.
[INFO DRT-0036] met1 guide region query size = 321.
[INFO DRT-0036] via guide region query size = 0.
[INFO DRT-0036] met2 guide region query size = 176.
[INFO DRT-0036] via2 guide region query size = 0.
[INFO DRT-0036] met3 guide region query size = 38.
[INFO DRT-0036] via3 guide region query size = 0.
[INFO DRT-0036] met4 guide region query size = 0.
[INFO DRT-0036] via4 guide region query size = 0.
[INFO DRT-0036] met5 guide region query size = 0.
[INFO DRT-0179] Init gr pin query.
[INFO DRT-0245] skipped writing guide updates to database.
[INFO DRT-0185] Post process initialize RPin region query.
[INFO DRT-0181] Start track assignment.
[INFO DRT-0184] Done with 602 vertical wires in 1 frboxes and 359 horizontal wires in 1 frboxes.
[INFO DRT-0186] Done with 25 vertical wires in 1 frboxes and 55 horizontal wires in 1 frboxes.
[INFO DRT-0182] Complete track assignment.
[INFO DRT-0267] cpu time = 00:00:00, elapsed time = 00:00:00, memory = 121.19 (MB), peak = 121.19 (MB)
[INFO DRT-0187] Start routing data preparation.
[INFO DRT-0267] cpu time = 00:00:00, elapsed time = 00:00:00, memory = 121.19 (MB), peak = 121.19 (MB)
[INFO DRT-0194] Start detail routing.
[INFO DRT-0195] Start 0th optimization iteration.
    Completing 10% with 0 violations.
    elapsed time = 00:00:00, memory = 121.45 (MB).
    Completing 20% with 0 violations.
    elapsed time = 00:00:00, memory = 132.82 (MB).
    Completing 30% with 0 violations.
    elapsed time = 00:00:00, memory = 131.80 (MB).
    Completing 40% with 0 violations.
    elapsed time = 00:00:00, memory = 127.14 (MB).
    Completing 50% with 5 violations.
    elapsed time = 00:00:00, memory = 139.89 (MB).
    Completing 60% with 5 violations.
    elapsed time = 00:00:00, memory = 134.49 (MB).
    Completing 70% with 13 violations.
    elapsed time = 00:00:00, memory = 137.32 (MB).
    Completing 80% with 13 violations.
    elapsed time = 00:00:00, memory = 137.32 (MB).
    Completing 90% with 15 violations.
    elapsed time = 00:00:00, memory = 137.32 (MB).
    Completing 100% with 19 violations.
    elapsed time = 00:00:00, memory = 137.32 (MB).
[INFO DRT-0199]   Number of violations = 19.
Viol/Layer        met1   met2   met3
Metal Spacing        3      1      9
Short                6      0      0
[INFO DRT-0267] cpu time = 00:00:05, elapsed time = 00:00:00, memory = 492.06 (MB), peak = 492.06 (MB)
Total wire length = 2635 um.
Total wire length on LAYER li1 = 0 um.
Total wire length on LAYER met1 = 1192 um.
Total wire length on LAYER met2 = 1279 um.
Total wire length on LAYER met3 = 163 um.
Total wire length on LAYER met4 = 0 um.
Total wire length on LAYER met5 = 0 um.
Total number of vias = 1064.
Up-via summary (total 1064):.

-----------------------
 FR_MASTERSLICE       0
            li1     545
           met1     481
           met2      38
           met3       0
           met4       0
-----------------------
                   1064


[INFO DRT-0195] Start 1st optimization iteration.
    Completing 10% with 19 violations.
    elapsed time = 00:00:00, memory = 495.15 (MB).
    Completing 20% with 19 violations.
    elapsed time = 00:00:00, memory = 495.41 (MB).
    Completing 30% with 19 violations.
    elapsed time = 00:00:00, memory = 500.30 (MB).
    Completing 40% with 19 violations.
    elapsed time = 00:00:00, memory = 500.56 (MB).
    Completing 50% with 21 violations.
    elapsed time = 00:00:00, memory = 515.32 (MB).
    Completing 60% with 21 violations.
    elapsed time = 00:00:00, memory = 515.32 (MB).
    Completing 70% with 14 violations.
    elapsed time = 00:00:00, memory = 515.32 (MB).
    Completing 80% with 14 violations.
    elapsed time = 00:00:00, memory = 515.32 (MB).
    Completing 90% with 8 violations.
    elapsed time = 00:00:00, memory = 519.63 (MB).
    Completing 100% with 8 violations.
    elapsed time = 00:00:00, memory = 519.63 (MB).
[INFO DRT-0199]   Number of violations = 8.
Viol/Layer        met1
Metal Spacing        4
Short                4
[INFO DRT-0267] cpu time = 00:00:05, elapsed time = 00:00:00, memory = 519.63 (MB), peak = 519.63 (MB)
Total wire length = 2611 um.
Total wire length on LAYER li1 = 0 um.
Total wire length on LAYER met1 = 1173 um.
Total wire length on LAYER met2 = 1271 um.
Total wire length on LAYER met3 = 165 um.
Total wire length on LAYER met4 = 0 um.
Total wire length on LAYER met5 = 0 um.
Total number of vias = 1060.
Up-via summary (total 1060):.

-----------------------
 FR_MASTERSLICE       0
            li1     545
           met1     477
           met2      38
           met3       0
           met4       0
-----------------------
                   1060


[INFO DRT-0195] Start 2nd optimization iteration.
    Completing 10% with 8 violations.
    elapsed time = 00:00:00, memory = 519.63 (MB).
    Completing 20% with 8 violations.
    elapsed time = 00:00:00, memory = 519.63 (MB).
    Completing 30% with 8 violations.
    elapsed time = 00:00:00, memory = 525.94 (MB).
    Completing 40% with 5 violations.
    elapsed time = 00:00:00, memory = 525.94 (MB).
    Completing 50% with 5 violations.
    elapsed time = 00:00:00, memory = 525.94 (MB).
    Completing 60% with 5 violations.
    elapsed time = 00:00:00, memory = 525.94 (MB).
    Completing 70% with 5 violations.
    elapsed time = 00:00:00, memory = 526.20 (MB).
    Completing 80% with 5 violations.
    elapsed time = 00:00:00, memory = 526.20 (MB).
    Completing 90% with 4 violations.
    elapsed time = 00:00:00, memory = 526.20 (MB).
    Completing 100% with 5 violations.
    elapsed time = 00:00:00, memory = 532.77 (MB).
[INFO DRT-0199]   Number of violations = 5.
Viol/Layer        met1
Metal Spacing        1
Short                4
[INFO DRT-0267] cpu time = 00:00:03, elapsed time = 00:00:00, memory = 532.77 (MB), peak = 532.77 (MB)
Total wire length = 2616 um.
Total wire length on LAYER li1 = 0 um.
Total wire length on LAYER met1 = 1182 um.
Total wire length on LAYER met2 = 1268 um.
Total wire length on LAYER met3 = 165 um.
Total wire length on LAYER met4 = 0 um.
Total wire length on LAYER met5 = 0 um.
Total number of vias = 1057.
Up-via summary (total 1057):.

-----------------------
 FR_MASTERSLICE       0
            li1     545
           met1     474
           met2      38
           met3       0
           met4       0
-----------------------
                   1057


[INFO DRT-0195] Start 3rd optimization iteration.
    Completing 10% with 5 violations.
    elapsed time = 00:00:00, memory = 532.77 (MB).
    Completing 20% with 5 violations.
    elapsed time = 00:00:00, memory = 532.77 (MB).
    Completing 30% with 5 violations.
    elapsed time = 00:00:00, memory = 532.77 (MB).
    Completing 40% with 5 violations.
    elapsed time = 00:00:00, memory = 532.77 (MB).
    Completing 50% with 0 violations.
    elapsed time = 00:00:00, memory = 532.77 (MB).
    Completing 60% with 0 violations.
    elapsed time = 00:00:00, memory = 532.77 (MB).
    Completing 70% with 0 violations.
    elapsed time = 00:00:00, memory = 532.77 (MB).
    Completing 80% with 0 violations.
    elapsed time = 00:00:00, memory = 532.77 (MB).
    Completing 90% with 0 violations.
    elapsed time = 00:00:00, memory = 532.77 (MB).
    Completing 100% with 0 violations.
    elapsed time = 00:00:00, memory = 532.77 (MB).
[INFO DRT-0199]   Number of violations = 0.
[INFO DRT-0267] cpu time = 00:00:02, elapsed time = 00:00:00, memory = 532.77 (MB), peak = 532.77 (MB)
Total wire length = 2616 um.
Total wire length on LAYER li1 = 0 um.
Total wire length on LAYER met1 = 1181 um.
Total wire length on LAYER met2 = 1269 um.
Total wire length on LAYER met3 = 165 um.
Total wire length on LAYER met4 = 0 um.
Total wire length on LAYER met5 = 0 um.
Total number of vias = 1059.
Up-via summary (total 1059):.

-----------------------
 FR_MASTERSLICE       0
            li1     545
           met1     476
           met2      38
           met3       0
           met4       0
-----------------------
                   1059


[INFO DRT-0198] Complete detail routing.
Total wire length = 2616 um.
Total wire length on LAYER li1 = 0 um.
Total wire length on LAYER met1 = 1181 um.
Total wire length on LAYER met2 = 1269 um.
Total wire length on LAYER met3 = 165 um.
Total wire length on LAYER met4 = 0 um.
Total wire length on LAYER met5 = 0 um.
Total number of vias = 1059.
Up-via summary (total 1059):.

-----------------------
 FR_MASTERSLICE       0
            li1     545
           met1     476
           met2      38
           met3       0
           met4       0
-----------------------
                   1059


[INFO DRT-0267] cpu time = 00:00:16, elapsed time = 00:00:02, memory = 532.77 (MB), peak = 532.77 (MB)

[INFO DRT-0180] Post processing.
Setting global connections for newly added cells…
[INFO] Setting global connections...
Writing OpenROAD database to '/home/erwann/design_workspace/sky130A/HelloWorld/digital/comp32/runs/RUN_2024-05-09_16-56-29/41-openroad-detailedrouting/comp32.odb'…
Writing netlist to '/home/erwann/design_workspace/sky130A/HelloWorld/digital/comp32/runs/RUN_2024-05-09_16-56-29/41-openroad-detailedrouting/comp32.nl.v'…
Writing powered netlist to '/home/erwann/design_workspace/sky130A/HelloWorld/digital/comp32/runs/RUN_2024-05-09_16-56-29/41-openroad-detailedrouting/comp32.pnl.v'…
Writing layout to '/home/erwann/design_workspace/sky130A/HelloWorld/digital/comp32/runs/RUN_2024-05-09_16-56-29/41-openroad-detailedrouting/comp32.def'…
Writing timing constraints to '/home/erwann/design_workspace/sky130A/HelloWorld/digital/comp32/runs/RUN_2024-05-09_16-56-29/41-openroad-detailedrouting/comp32.sdc'…
