
===========================================================================
report_checks -path_delay max (Setup)
============================================================================
======================= nom_ff_n40C_1v95 Corner ===================================

Startpoint: a[30] (input port clocked by clk)
Endpoint: _228_ (rising edge-triggered flip-flop clocked by clk)
Path Group: clk
Path Type: max

Fanout         Cap        Slew       Delay        Time   Description
---------------------------------------------------------------------------------------------
                      0.150000    0.000000    0.000000   clock clk (rise edge)
                                  0.000000    0.000000   clock network delay (ideal)
                                  1.000000    1.000000 ^ input external delay
     2    0.006373    0.027133    0.016248    1.016248 ^ a[30] (in)
                                                         a[30] (net)
                      0.027133    0.000000    1.016248 ^ _133_/A_N (sky130_fd_sc_hd__and2b_2)
     2    0.004517    0.030232    0.128270    1.144518 v _133_/X (sky130_fd_sc_hd__and2b_2)
                                                         _099_ (net)
                      0.030232    0.000000    1.144518 v _137_/B1 (sky130_fd_sc_hd__a2111o_2)
     2    0.003725    0.045656    0.204099    1.348617 v _137_/X (sky130_fd_sc_hd__a2111o_2)
                                                         _103_ (net)
                      0.045656    0.000000    1.348617 v _141_/A (sky130_fd_sc_hd__or4b_2)
     3    0.005246    0.073770    0.387211    1.735827 v _141_/X (sky130_fd_sc_hd__or4b_2)
                                                         _107_ (net)
                      0.073770    0.000000    1.735827 v _152_/A (sky130_fd_sc_hd__or3_2)
     2    0.003729    0.053210    0.280611    2.016439 v _152_/X (sky130_fd_sc_hd__or3_2)
                                                         _005_ (net)
                      0.053210    0.000000    2.016439 v _163_/A (sky130_fd_sc_hd__or2_2)
     1    0.002252    0.035214    0.172486    2.188924 v _163_/X (sky130_fd_sc_hd__or2_2)
                                                         _016_ (net)
                      0.035214    0.000000    2.188924 v _227_/A1 (sky130_fd_sc_hd__o31a_2)
     1    0.001783    0.033605    0.197776    2.386700 v _227_/X (sky130_fd_sc_hd__o31a_2)
                                                         _000_ (net)
                      0.033605    0.000000    2.386700 v _228_/D (sky130_fd_sc_hd__dfxtp_2)
                                              2.386700   data arrival time

                      0.150000    5.000000    5.000000   clock clk (rise edge)
                                  0.000000    5.000000   clock network delay (ideal)
                                 -0.250000    4.750000   clock uncertainty
                                  0.000000    4.750000   clock reconvergence pessimism
                                              4.750000 ^ _228_/CLK (sky130_fd_sc_hd__dfxtp_2)
                                 -0.060439    4.689561   library setup time
                                              4.689561   data required time
---------------------------------------------------------------------------------------------
                                              4.689561   data required time
                                             -2.386700   data arrival time
---------------------------------------------------------------------------------------------
                                              2.302860   slack (MET)


Startpoint: _228_ (rising edge-triggered flip-flop clocked by clk)
Endpoint: z (output port clocked by clk)
Path Group: clk
Path Type: max

Fanout         Cap        Slew       Delay        Time   Description
---------------------------------------------------------------------------------------------
                      0.150000    0.000000    0.000000   clock clk (rise edge)
                                  0.000000    0.000000   clock network delay (ideal)
                      0.150000    0.000000    0.000000 ^ _228_/CLK (sky130_fd_sc_hd__dfxtp_2)
     1    0.033442    0.132124    0.296108    0.296108 ^ _228_/Q (sky130_fd_sc_hd__dfxtp_2)
                                                         z (net)
                      0.132124    0.000000    0.296108 ^ z (out)
                                              0.296108   data arrival time

                      0.150000    5.000000    5.000000   clock clk (rise edge)
                                  0.000000    5.000000   clock network delay (ideal)
                                 -0.250000    4.750000   clock uncertainty
                                  0.000000    4.750000   clock reconvergence pessimism
                                 -1.000000    3.750000   output external delay
                                              3.750000   data required time
---------------------------------------------------------------------------------------------
                                              3.750000   data required time
                                             -0.296108   data arrival time
---------------------------------------------------------------------------------------------
                                              3.453892   slack (MET)



