
===========================================================================
report_checks -path_delay min (Hold)
============================================================================
======================= nom_ff_n40C_1v95 Corner ===================================

Startpoint: a[16] (input port clocked by clk)
Endpoint: _228_ (rising edge-triggered flip-flop clocked by clk)
Path Group: clk
Path Type: min

Fanout         Cap        Slew       Delay        Time   Description
---------------------------------------------------------------------------------------------
                      0.150000    0.000000    0.000000   clock clk (rise edge)
                                  0.000000    0.000000   clock network delay (ideal)
                                  1.000000    1.000000 ^ input external delay
     2    0.004188    0.019542    0.010844    1.010844 ^ a[16] (in)
                                                         a[16] (net)
                      0.019542    0.000000    1.010844 ^ _171_/B (sky130_fd_sc_hd__and2_2)
     1    0.001685    0.021559    0.071599    1.082442 ^ _171_/X (sky130_fd_sc_hd__and2_2)
                                                         _024_ (net)
                      0.021559    0.000000    1.082442 ^ _172_/C (sky130_fd_sc_hd__or4b_2)
     1    0.002520    0.022519    0.064572    1.147014 ^ _172_/X (sky130_fd_sc_hd__or4b_2)
                                                         _025_ (net)
                      0.022519    0.000000    1.147014 ^ _227_/A2 (sky130_fd_sc_hd__o31a_2)
     1    0.001748    0.017923    0.072607    1.219621 ^ _227_/X (sky130_fd_sc_hd__o31a_2)
                                                         _000_ (net)
                      0.017923    0.000000    1.219621 ^ _228_/D (sky130_fd_sc_hd__dfxtp_2)
                                              1.219621   data arrival time

                      0.150000    0.000000    0.000000   clock clk (rise edge)
                                  0.000000    0.000000   clock network delay (ideal)
                                  0.250000    0.250000   clock uncertainty
                                  0.000000    0.250000   clock reconvergence pessimism
                                              0.250000 ^ _228_/CLK (sky130_fd_sc_hd__dfxtp_2)
                                 -0.013551    0.236449   library hold time
                                              0.236449   data required time
---------------------------------------------------------------------------------------------
                                              0.236449   data required time
                                             -1.219621   data arrival time
---------------------------------------------------------------------------------------------
                                              0.983172   slack (MET)


Startpoint: _228_ (rising edge-triggered flip-flop clocked by clk)
Endpoint: z (output port clocked by clk)
Path Group: clk
Path Type: min

Fanout         Cap        Slew       Delay        Time   Description
---------------------------------------------------------------------------------------------
                      0.150000    0.000000    0.000000   clock clk (rise edge)
                                  0.000000    0.000000   clock network delay (ideal)
                      0.150000    0.000000    0.000000 ^ _228_/CLK (sky130_fd_sc_hd__dfxtp_2)
     1    0.033442    0.061636    0.264620    0.264620 v _228_/Q (sky130_fd_sc_hd__dfxtp_2)
                                                         z (net)
                      0.061636    0.000000    0.264620 v z (out)
                                              0.264620   data arrival time

                      0.150000    0.000000    0.000000   clock clk (rise edge)
                                  0.000000    0.000000   clock network delay (ideal)
                                  0.250000    0.250000   clock uncertainty
                                  0.000000    0.250000   clock reconvergence pessimism
                                 -1.000000   -0.750000   output external delay
                                             -0.750000   data required time
---------------------------------------------------------------------------------------------
                                             -0.750000   data required time
                                             -0.264620   data arrival time
---------------------------------------------------------------------------------------------
                                              1.014620   slack (MET)



