Reading timing models for corner max_tt_025C_1v80…
Reading cell library for the 'max_tt_025C_1v80' corner at '/home/erwann/.volare/volare/sky130/versions/bdc9412b3e468c102d01b7cf6337be06ec6e9c9a/sky130A/libs.ref/sky130_fd_sc_hd/lib/sky130_fd_sc_hd__tt_025C_1v80.lib'…
Reading top-level netlist at '/home/erwann/design_workspace/sky130A/HelloWorld/digital/comp32/runs/RUN_2024-05-09_16-54-40/49-openroad-fillinsertion/comp32.nl.v'…
Linking design 'comp32' from netlist…
Warning: /home/erwann/design_workspace/sky130A/HelloWorld/digital/comp32/runs/RUN_2024-05-09_16-54-40/49-openroad-fillinsertion/comp32.nl.v line 637, module sky130_fd_sc_hd__tapvpwrvgnd_1 not found. Creating black box for TAP_TAPCELL_ROW_0_32.
Warning: /home/erwann/design_workspace/sky130A/HelloWorld/digital/comp32/runs/RUN_2024-05-09_16-54-40/49-openroad-fillinsertion/comp32.nl.v line 794, module sky130_fd_sc_hd__fill_1 not found. Creating black box for FILLER_0_0_6.
Warning: /home/erwann/design_workspace/sky130A/HelloWorld/digital/comp32/runs/RUN_2024-05-09_16-54-40/49-openroad-fillinsertion/comp32.nl.v line 795, module sky130_fd_sc_hd__fill_2 not found. Creating black box for FILLER_0_0_20.
Warning: /home/erwann/design_workspace/sky130A/HelloWorld/digital/comp32/runs/RUN_2024-05-09_16-54-40/49-openroad-fillinsertion/comp32.nl.v line 808, module sky130_ef_sc_hd__decap_12 not found. Creating black box for FILLER_0_2_49.
Reading design constraints file at '/nix/store/hwxq78ix5dm1zxacgmyfrlkgn2vq15hz-python3-3.11.6-env/lib/python3.11/site-packages/openlane/scripts/base.sdc'…
[INFO] Using clock clk…
[INFO] Setting output delay to: 5
[INFO] Setting input delay to: 5
[INFO] Setting load to: 0.033442
[INFO] Setting clock uncertainty to: 0.25
[INFO] Setting clock transition to: 0.1499999999999999944488848768742172978818416595458984375
[INFO] Setting timing derate to: 5%
Reading top-level design parasitics for the 'max_tt_025C_1v80' corner at '/home/erwann/design_workspace/sky130A/HelloWorld/digital/comp32/runs/RUN_2024-05-09_16-54-40/50-openroad-rcx/max/comp32.max.spef'…
%OL_CREATE_REPORT min.rpt

===========================================================================
report_checks -path_delay min (Hold)
============================================================================
======================= max_tt_025C_1v80 Corner ===================================

Startpoint: b[16] (input port clocked by clk)
Endpoint: _228_ (rising edge-triggered flip-flop clocked by clk)
Path Group: clk
Path Type: min

Fanout         Cap        Slew       Delay        Time   Description
---------------------------------------------------------------------------------------------
                                  0.000000    0.000000   clock clk (rise edge)
                                  0.000000    0.000000   clock network delay (propagated)
                                  5.000000    5.000000 v input external delay
     1    0.003094    0.009300    0.004972    5.004972 v b[16] (in)
                                                         b[16] (net)
                      0.009307    0.000000    5.004972 v input40/A (sky130_fd_sc_hd__clkbuf_1)
     1    0.005608    0.041223    0.085507    5.090479 v input40/X (sky130_fd_sc_hd__clkbuf_1)
                                                         net40 (net)
                      0.041227    0.000405    5.090885 v _125_/A (sky130_fd_sc_hd__inv_2)
     2    0.004968    0.030333    0.045905    5.136789 ^ _125_/Y (sky130_fd_sc_hd__inv_2)
                                                         _091_ (net)
                      0.030334    0.000226    5.137015 ^ _171_/A (sky130_fd_sc_hd__and2_1)
     1    0.002798    0.046071    0.104676    5.241692 ^ _171_/X (sky130_fd_sc_hd__and2_1)
                                                         _024_ (net)
                      0.046071    0.000167    5.241858 ^ _172_/C (sky130_fd_sc_hd__or4b_1)
     1    0.003261    0.041693    0.098537    5.340395 ^ _172_/X (sky130_fd_sc_hd__or4b_1)
                                                         _025_ (net)
                      0.041694    0.000223    5.340618 ^ _227_/A2 (sky130_fd_sc_hd__o31a_1)
     1    0.002630    0.043216    0.118554    5.459172 ^ _227_/X (sky130_fd_sc_hd__o31a_1)
                                                         _000_ (net)
                      0.043216    0.000167    5.459339 ^ _228_/D (sky130_fd_sc_hd__dfxtp_1)
                                              5.459339   data arrival time

                                  0.000000    0.000000   clock clk (rise edge)
                                  0.000000    0.000000   clock source latency
     1    0.005141    0.029912    0.018397    0.018397 ^ clk (in)
                                                         clk (net)
                      0.029914    0.000000    0.018397 ^ _228_/CLK (sky130_fd_sc_hd__dfxtp_1)
                                  0.250000    0.268397   clock uncertainty
                                  0.000000    0.268397   clock reconvergence pessimism
                                 -0.032885    0.235512   library hold time
                                              0.235512   data required time
---------------------------------------------------------------------------------------------
                                              0.235512   data required time
                                             -5.459339   data arrival time
---------------------------------------------------------------------------------------------
                                              5.223827   slack (MET)


Startpoint: _228_ (rising edge-triggered flip-flop clocked by clk)
Endpoint: z (output port clocked by clk)
Path Group: clk
Path Type: min

Fanout         Cap        Slew       Delay        Time   Description
---------------------------------------------------------------------------------------------
                                  0.000000    0.000000   clock clk (rise edge)
                                  0.000000    0.000000   clock source latency
     1    0.005141    0.029912    0.018397    0.018397 ^ clk (in)
                                                         clk (net)
                      0.029914    0.000000    0.018397 ^ _228_/CLK (sky130_fd_sc_hd__dfxtp_1)
     1    0.005407    0.037353    0.296468    0.314865 v _228_/Q (sky130_fd_sc_hd__dfxtp_1)
                                                         net65 (net)
                      0.037353    0.000367    0.315231 v output65/A (sky130_fd_sc_hd__buf_2)
     1    0.034410    0.090297    0.176249    0.491481 v output65/X (sky130_fd_sc_hd__buf_2)
                                                         z (net)
                      0.090335    0.001694    0.493175 v z (out)
                                              0.493175   data arrival time

                                  0.000000    0.000000   clock clk (rise edge)
                                  0.000000    0.000000   clock network delay (propagated)
                                  0.250000    0.250000   clock uncertainty
                                  0.000000    0.250000   clock reconvergence pessimism
                                 -5.000000   -4.750000   output external delay
                                             -4.750000   data required time
---------------------------------------------------------------------------------------------
                                             -4.750000   data required time
                                             -0.493175   data arrival time
---------------------------------------------------------------------------------------------
                                              5.243175   slack (MET)



%OL_END_REPORT
%OL_CREATE_REPORT max.rpt

===========================================================================
report_checks -path_delay max (Setup)
============================================================================
======================= max_tt_025C_1v80 Corner ===================================

Startpoint: a[30] (input port clocked by clk)
Endpoint: _228_ (rising edge-triggered flip-flop clocked by clk)
Path Group: clk
Path Type: max

Fanout         Cap        Slew       Delay        Time   Description
---------------------------------------------------------------------------------------------
                                  0.000000    0.000000   clock clk (rise edge)
                                  0.000000    0.000000   clock network delay (propagated)
                                  5.000000    5.000000 ^ input external delay
     1    0.003100    0.021026    0.011417    5.011417 ^ a[30] (in)
                                                         a[30] (net)
                      0.021034    0.000000    5.011417 ^ input24/A (sky130_fd_sc_hd__buf_1)
     2    0.007221    0.093326    0.107341    5.118759 ^ input24/X (sky130_fd_sc_hd__buf_1)
                                                         net24 (net)
                      0.093328    0.000371    5.119129 ^ _133_/A_N (sky130_fd_sc_hd__and2b_1)
     2    0.006216    0.048187    0.198817    5.317947 v _133_/X (sky130_fd_sc_hd__and2b_1)
                                                         _099_ (net)
                      0.048189    0.000413    5.318360 v _137_/B1 (sky130_fd_sc_hd__a2111o_1)
     2    0.004806    0.069032    0.390423    5.708783 v _137_/X (sky130_fd_sc_hd__a2111o_1)
                                                         _103_ (net)
                      0.069032    0.000301    5.709084 v _141_/A (sky130_fd_sc_hd__or4b_1)
     3    0.008226    0.118184    0.569253    6.278337 v _141_/X (sky130_fd_sc_hd__or4b_1)
                                                         _107_ (net)
                      0.118184    0.000483    6.278820 v _152_/A (sky130_fd_sc_hd__or3_1)
     2    0.006262    0.084210    0.413669    6.692489 v _152_/X (sky130_fd_sc_hd__or3_1)
                                                         _005_ (net)
                      0.084211    0.000471    6.692960 v _163_/A (sky130_fd_sc_hd__or2_1)
     1    0.002837    0.048063    0.234699    6.927659 v _163_/X (sky130_fd_sc_hd__or2_1)
                                                         _016_ (net)
                      0.048063    0.000132    6.927791 v _227_/A1 (sky130_fd_sc_hd__o31a_1)
     1    0.002637    0.046036    0.286517    7.214308 v _227_/X (sky130_fd_sc_hd__o31a_1)
                                                         _000_ (net)
                      0.046036    0.000167    7.214475 v _228_/D (sky130_fd_sc_hd__dfxtp_1)
                                              7.214475   data arrival time

                                 25.000000   25.000000   clock clk (rise edge)
                                  0.000000   25.000000   clock source latency
     1    0.005141    0.029912    0.018396   25.018394 ^ clk (in)
                                                         clk (net)
                      0.029914    0.000000   25.018394 ^ _228_/CLK (sky130_fd_sc_hd__dfxtp_1)
                                 -0.250000   24.768396   clock uncertainty
                                  0.000000   24.768396   clock reconvergence pessimism
                                 -0.114510   24.653887   library setup time
                                             24.653887   data required time
---------------------------------------------------------------------------------------------
                                             24.653887   data required time
                                             -7.214475   data arrival time
---------------------------------------------------------------------------------------------
                                             17.439413   slack (MET)


Startpoint: _228_ (rising edge-triggered flip-flop clocked by clk)
Endpoint: z (output port clocked by clk)
Path Group: clk
Path Type: max

Fanout         Cap        Slew       Delay        Time   Description
---------------------------------------------------------------------------------------------
                                  0.000000    0.000000   clock clk (rise edge)
                                  0.000000    0.000000   clock source latency
     1    0.005141    0.029912    0.018397    0.018397 ^ clk (in)
                                                         clk (net)
                      0.029914    0.000000    0.018397 ^ _228_/CLK (sky130_fd_sc_hd__dfxtp_1)
     1    0.005567    0.064082    0.312395    0.330792 ^ _228_/Q (sky130_fd_sc_hd__dfxtp_1)
                                                         net65 (net)
                      0.064083    0.000383    0.331175 ^ output65/A (sky130_fd_sc_hd__buf_2)
     1    0.034410    0.171005    0.204859    0.536034 ^ output65/X (sky130_fd_sc_hd__buf_2)
                                                         z (net)
                      0.171080    0.001696    0.537731 ^ z (out)
                                              0.537731   data arrival time

                                 25.000000   25.000000   clock clk (rise edge)
                                  0.000000   25.000000   clock network delay (propagated)
                                 -0.250000   24.750000   clock uncertainty
                                  0.000000   24.750000   clock reconvergence pessimism
                                 -5.000000   19.750000   output external delay
                                             19.750000   data required time
---------------------------------------------------------------------------------------------
                                             19.750000   data required time
                                             -0.537731   data arrival time
---------------------------------------------------------------------------------------------
                                             19.212269   slack (MET)



%OL_END_REPORT
%OL_CREATE_REPORT checks.rpt

===========================================================================
report_checks -unconstrained
===========================================================================
======================= max_tt_025C_1v80 Corner ===================================

Startpoint: a[30] (input port clocked by clk)
Endpoint: _228_ (rising edge-triggered flip-flop clocked by clk)
Path Group: clk
Path Type: max

Fanout         Cap        Slew       Delay        Time   Description
---------------------------------------------------------------------------------------------
                                  0.000000    0.000000   clock clk (rise edge)
                                  0.000000    0.000000   clock network delay (propagated)
                                  5.000000    5.000000 ^ input external delay
     1    0.003100    0.021026    0.011417    5.011417 ^ a[30] (in)
                                                         a[30] (net)
                      0.021034    0.000000    5.011417 ^ input24/A (sky130_fd_sc_hd__buf_1)
     2    0.007221    0.093326    0.107341    5.118759 ^ input24/X (sky130_fd_sc_hd__buf_1)
                                                         net24 (net)
                      0.093328    0.000371    5.119129 ^ _133_/A_N (sky130_fd_sc_hd__and2b_1)
     2    0.006216    0.048187    0.198817    5.317947 v _133_/X (sky130_fd_sc_hd__and2b_1)
                                                         _099_ (net)
                      0.048189    0.000413    5.318360 v _137_/B1 (sky130_fd_sc_hd__a2111o_1)
     2    0.004806    0.069032    0.390423    5.708783 v _137_/X (sky130_fd_sc_hd__a2111o_1)
                                                         _103_ (net)
                      0.069032    0.000301    5.709084 v _141_/A (sky130_fd_sc_hd__or4b_1)
     3    0.008226    0.118184    0.569253    6.278337 v _141_/X (sky130_fd_sc_hd__or4b_1)
                                                         _107_ (net)
                      0.118184    0.000483    6.278820 v _152_/A (sky130_fd_sc_hd__or3_1)
     2    0.006262    0.084210    0.413669    6.692489 v _152_/X (sky130_fd_sc_hd__or3_1)
                                                         _005_ (net)
                      0.084211    0.000471    6.692960 v _163_/A (sky130_fd_sc_hd__or2_1)
     1    0.002837    0.048063    0.234699    6.927659 v _163_/X (sky130_fd_sc_hd__or2_1)
                                                         _016_ (net)
                      0.048063    0.000132    6.927791 v _227_/A1 (sky130_fd_sc_hd__o31a_1)
     1    0.002637    0.046036    0.286517    7.214308 v _227_/X (sky130_fd_sc_hd__o31a_1)
                                                         _000_ (net)
                      0.046036    0.000167    7.214475 v _228_/D (sky130_fd_sc_hd__dfxtp_1)
                                              7.214475   data arrival time

                                 25.000000   25.000000   clock clk (rise edge)
                                  0.000000   25.000000   clock source latency
     1    0.005141    0.029912    0.018396   25.018394 ^ clk (in)
                                                         clk (net)
                      0.029914    0.000000   25.018394 ^ _228_/CLK (sky130_fd_sc_hd__dfxtp_1)
                                 -0.250000   24.768396   clock uncertainty
                                  0.000000   24.768396   clock reconvergence pessimism
                                 -0.114510   24.653887   library setup time
                                             24.653887   data required time
---------------------------------------------------------------------------------------------
                                             24.653887   data required time
                                             -7.214475   data arrival time
---------------------------------------------------------------------------------------------
                                             17.439413   slack (MET)




===========================================================================
report_checks --slack_max -0.01
============================================================================
======================= max_tt_025C_1v80 Corner ===================================

No paths found.


===========================================================================
 report_check_types -max_slew -max_cap -max_fanout -violators
============================================================================
======================= max_tt_025C_1v80 Corner ===================================



===========================================================================
report_parasitic_annotation -report_unannotated
============================================================================
Found 0 unannotated drivers.
Found 0 partially unannotated drivers.

===========================================================================
max slew violation count 0
%OL_METRIC_I design__max_slew_violation__count__corner:max_tt_025C_1v80 0
max fanout violation count 0
%OL_METRIC_I design__max_fanout_violation__count__corner:max_tt_025C_1v80 0
max cap violation count 0
%OL_METRIC_I design__max_cap_violation__count__corner:max_tt_025C_1v80 0
============================================================================

===========================================================================
check_setup -verbose -unconstrained_endpoints -multiple_clock -no_clock -no_input_delay -loops -generated_clocks
===========================================================================
%OL_END_REPORT
%OL_CREATE_REPORT power.rpt

===========================================================================
 report_power
============================================================================
======================= max_tt_025C_1v80 Corner ===================================

Group                    Internal    Switching      Leakage        Total
                            Power        Power        Power        Power (Watts)
------------------------------------------------------------------------
Sequential           1.671732e-06 2.441908e-08 8.111877e-12 1.696159e-06   9.4%
Combinational        9.055027e-06 7.257173e-06 4.664922e-10 1.631267e-05  90.6%
Clock                0.000000e+00 0.000000e+00 2.268031e-10 2.268031e-10   0.0%
Macro                0.000000e+00 0.000000e+00 0.000000e+00 0.000000e+00   0.0%
Pad                  0.000000e+00 0.000000e+00 0.000000e+00 0.000000e+00   0.0%
------------------------------------------------------------------------
Total                1.072676e-05 7.281592e-06 7.014075e-10 1.800905e-05 100.0%
                            59.6%        40.4%         0.0%
%OL_METRIC_F power__internal__total 1.0726759683166165e-5
%OL_METRIC_F power__switching__total 7.281591933860909e-6
%OL_METRIC_F power__leakage__total 7.014075431577282e-10
%OL_METRIC_F power__total 1.8009053746936843e-5

%OL_END_REPORT
%OL_CREATE_REPORT skew.min.rpt

===========================================================================
Clock Skew (Hold)
============================================================================
%OL_METRIC_F clock__skew__worst_hold__corner:max_tt_025C_1v80 0.000000
======================= max_tt_025C_1v80 Corner ===================================

Clock clk
No launch/capture paths found.

%OL_END_REPORT
%OL_CREATE_REPORT skew.max.rpt

===========================================================================
Clock Skew (Setup)
============================================================================
%OL_METRIC_F clock__skew__worst_setup__corner:max_tt_025C_1v80 0.000000
======================= max_tt_025C_1v80 Corner ===================================

Clock clk
No launch/capture paths found.

%OL_END_REPORT
%OL_CREATE_REPORT ws.min.rpt

===========================================================================
Worst Slack (Hold)
============================================================================
%OL_METRIC_F timing__hold__ws__corner:max_tt_025C_1v80 5.223827
max_tt_025C_1v80: 5.223827
%OL_END_REPORT
%OL_CREATE_REPORT ws.max.rpt

===========================================================================
Worst Slack (Setup)
============================================================================
%OL_METRIC_F timing__setup__ws__corner:max_tt_025C_1v80 17.439413
max_tt_025C_1v80: 17.439413
%OL_END_REPORT
%OL_CREATE_REPORT tns.min.rpt

===========================================================================
Total Negative Slack (Hold)
============================================================================
%OL_METRIC_F timing__hold__tns__corner:max_tt_025C_1v80 0.000000
max_tt_025C_1v80: 0.000000
%OL_END_REPORT
%OL_CREATE_REPORT tns.max.rpt

===========================================================================
Total Negative Slack (Setup)
============================================================================
%OL_METRIC_F timing__setup__tns__corner:max_tt_025C_1v80 0.000000
max_tt_025C_1v80: 0.000000
%OL_END_REPORT
%OL_CREATE_REPORT wns.min.rpt

===========================================================================
Worst Negative Slack (Hold)
============================================================================
%OL_METRIC_F timing__hold__wns__corner:max_tt_025C_1v80 0
max_tt_025C_1v80: 0
%OL_END_REPORT
%OL_CREATE_REPORT wns.max.rpt

===========================================================================
Worst Negative Slack (Setup)
============================================================================
%OL_METRIC_F timing__setup__wns__corner:max_tt_025C_1v80 0.0
max_tt_025C_1v80: 0.0
%OL_END_REPORT
%OL_CREATE_REPORT violator_list.rpt

===========================================================================
Violator List
============================================================================
%OL_METRIC_I timing__hold_vio__count__corner:max_tt_025C_1v80 0
%OL_METRIC_F timing__hold_r2r__ws__corner:max_tt_025C_1v80 inf
%OL_METRIC_I timing__hold_r2r_vio__count__corner:max_tt_025C_1v80 0
%OL_METRIC_I timing__setup_vio__count__corner:max_tt_025C_1v80 0
%OL_METRIC_F timing__setup_r2r__ws__corner:max_tt_025C_1v80 inf
%OL_METRIC_I timing__setup_r2r_vio__count__corner:max_tt_025C_1v80 0
%OL_END_REPORT
Writing SDF files for all corners…
Removing Clock latencies before writing libs…
Writing timing models for all corners…
Writing timing models for the max_tt_025C_1v80 corner to /home/erwann/design_workspace/sky130A/HelloWorld/digital/comp32/runs/RUN_2024-05-09_16-54-40/51-openroad-stapostpnr/max_tt_025C_1v80/comp32__max_tt_025C_1v80.lib…
