Reading OpenROAD database at '/home/erwann/design_workspace/sky130A/HelloWorld/digital/comp32/runs/RUN_2024-04-29_20-15-20/23-openroad-ioplacement/comp32.odb'…
Reading library file at '/home/erwann/.volare/volare/sky130/versions/bdc9412b3e468c102d01b7cf6337be06ec6e9c9a/sky130A/libs.ref/sky130_fd_sc_hd/lib/sky130_fd_sc_hd__tt_025C_1v80.lib'…
Reading design constraints file at '/nix/store/6kwxhhp4vfqxi9qpnqnwc7xg02y8ymv6-python3-3.11.6-env/lib/python3.11/site-packages/openlane/scripts/base.sdc'…
[INFO] Using clock clk…
[INFO] Setting output delay to: 5
[INFO] Setting input delay to: 5
[INFO] Setting load to: 0.033442
[INFO] Setting clock uncertainty to: 0.25
[INFO] Setting clock transition to: 0.1499999999999999944488848768742172978818416595458984375
[INFO] Setting timing derate to: 5%
[INFO] Setting RC values…
[INFO] Setting signal min routing layer to: met1 and clock min routing layer to met1. 
[INFO] Setting signal max routing layer to: met5 and clock max routing layer to met5. 
{*}-density 0.6203949999999999 -timing_driven -routability_driven -pad_right 0 -pad_left 0 -init_wirelength_coef 0.25
[INFO GPL-0002] DBU: 1000
[INFO GPL-0003] SiteSize: 460 2720
[INFO GPL-0004] CoreAreaLxLy: 5520 10880
[INFO GPL-0005] CoreAreaUxUy: 49220 54400
[INFO GPL-0006] NumInstances: 174
[INFO GPL-0007] NumPlaceInstances: 115
[INFO GPL-0008] NumFixedInstances: 59
[INFO GPL-0009] NumDummyInstances: 0
[INFO GPL-0010] NumNets: 180
[INFO GPL-0011] NumPins: 481
[INFO GPL-0012] DieAreaLxLy: 0 0
[INFO GPL-0013] DieAreaUxUy: 54765 65485
[INFO GPL-0014] CoreAreaLxLy: 5520 10880
[INFO GPL-0015] CoreAreaUxUy: 49220 54400
[INFO GPL-0016] CoreArea: 1901824000
[INFO GPL-0017] NonPlaceInstsArea: 153897600
[INFO GPL-0018] PlaceInstsArea: 955916800
[INFO GPL-0019] Util(%): 54.69
[INFO GPL-0020] StdInstsArea: 955916800
[INFO GPL-0021] MacroInstsArea: 0
[InitialPlace]  Iter: 1 CG residual: 0.00000012 HPWL: 3027543
[InitialPlace]  Iter: 2 CG residual: 0.00000005 HPWL: 3093897
[InitialPlace]  Iter: 3 CG residual: 0.00000009 HPWL: 2676503
[InitialPlace]  Iter: 4 CG residual: 0.00000005 HPWL: 2476899
[InitialPlace]  Iter: 5 CG residual: 0.00000007 HPWL: 2396223
[INFO GPL-0031] FillerInit: NumGCells: 130
[INFO GPL-0032] FillerInit: NumGNets: 180
[INFO GPL-0033] FillerInit: NumGPins: 481
[INFO GPL-0023] TargetDensity: 0.62
[INFO GPL-0024] AveragePlaceInstArea: 8312320
[INFO GPL-0025] IdealBinArea: 13398432
[INFO GPL-0026] IdealBinCnt: 141
[INFO GPL-0027] TotalBinArea: 1901824000
[INFO GPL-0028] BinCnt: 8 8
[INFO GPL-0029] BinSize: 5463 5440
[INFO GPL-0030] NumBins: 64
[NesterovSolve] Iter: 1 overflow: 0.334688 HPWL: 1779646
[INFO GPL-0100] worst slack 1.76e-08
[INFO GPL-0103] Weighted 17 nets.
[NesterovSolve] Snapshot saved at iter = 0
[INFO GPL-0100] worst slack 1.76e-08
[INFO GPL-0103] Weighted 17 nets.
[NesterovSolve] Iter: 10 overflow: 0.281653 HPWL: 1768279
[NesterovSolve] Iter: 20 overflow: 0.280163 HPWL: 1764467
[NesterovSolve] Iter: 30 overflow: 0.280814 HPWL: 1765023
[NesterovSolve] Iter: 40 overflow: 0.280632 HPWL: 1764834
[NesterovSolve] Iter: 50 overflow: 0.280683 HPWL: 1764923
[NesterovSolve] Iter: 60 overflow: 0.280504 HPWL: 1764851
[NesterovSolve] Iter: 70 overflow: 0.280488 HPWL: 1764958
[NesterovSolve] Iter: 80 overflow: 0.280308 HPWL: 1765029
[NesterovSolve] Iter: 90 overflow: 0.280108 HPWL: 1765119
[NesterovSolve] Iter: 100 overflow: 0.279797 HPWL: 1765270
[NesterovSolve] Iter: 110 overflow: 0.279374 HPWL: 1765491
[NesterovSolve] Iter: 120 overflow: 0.278764 HPWL: 1765729
[NesterovSolve] Iter: 130 overflow: 0.277918 HPWL: 1765855
[NesterovSolve] Iter: 140 overflow: 0.276789 HPWL: 1765796
[NesterovSolve] Iter: 150 overflow: 0.275141 HPWL: 1765402
[NesterovSolve] Iter: 160 overflow: 0.272722 HPWL: 1764827
[NesterovSolve] Iter: 170 overflow: 0.269005 HPWL: 1764373
[NesterovSolve] Iter: 180 overflow: 0.263926 HPWL: 1763544
[NesterovSolve] Iter: 190 overflow: 0.257231 HPWL: 1763114
[NesterovSolve] Iter: 200 overflow: 0.248162 HPWL: 1762823
[NesterovSolve] Iter: 210 overflow: 0.2367 HPWL: 1762735
[NesterovSolve] Iter: 220 overflow: 0.224509 HPWL: 1764814
[NesterovSolve] Iter: 230 overflow: 0.212217 HPWL: 1770418
[INFO GPL-0100] worst slack 1.76e-08
[INFO GPL-0103] Weighted 17 nets.
[INFO GPL-0075] Routability numCall: 1 inflationIterCnt: 1 bloatIterCnt: 0
[INFO GPL-0036] TileLxLy: 0 0
[INFO GPL-0037] TileSize: 6900 6900
[INFO GPL-0038] TileCnt: 7 9
[INFO GPL-0039] numRoutingLayers: 6
[INFO GPL-0040] NumTiles: 63
[INFO GPL-0063] TotalRouteOverflowH2: 0
[INFO GPL-0064] TotalRouteOverflowV2: 0
[INFO GPL-0065] OverflowTileCnt2: 0
[INFO GPL-0066] 0.5%RC: 1
[INFO GPL-0067] 1.0%RC: 0.9749999940395355
[INFO GPL-0068] 2.0%RC: 0.949999988079071
[INFO GPL-0069] 5.0%RC: 0.8399999976158142
[INFO GPL-0070] 0.5rcK: 1
[INFO GPL-0071] 1.0rcK: 1
[INFO GPL-0072] 2.0rcK: 0
[INFO GPL-0073] 5.0rcK: 0
[INFO GPL-0074] FinalRC: 0.9875
[NesterovSolve] Iter: 240 overflow: 0.198953 HPWL: 1779048
[NesterovSolve] Iter: 250 overflow: 0.185952 HPWL: 1791775
[NesterovSolve] Iter: 260 overflow: 0.171843 HPWL: 1804976
[NesterovSolve] Iter: 270 overflow: 0.157454 HPWL: 1816459
[INFO GPL-0100] worst slack 1.76e-08
[INFO GPL-0103] Weighted 17 nets.
[NesterovSolve] Iter: 280 overflow: 0.141924 HPWL: 1832330
[NesterovSolve] Iter: 290 overflow: 0.124379 HPWL: 1841591
[NesterovSolve] Iter: 300 overflow: 0.104054 HPWL: 1849275
[NesterovSolve] Finished with Overflow: 0.098686
[INFO] Setting RC values…
Setting global connections for newly added cells…
[INFO] Setting global connections...
Writing OpenROAD database to '/home/erwann/design_workspace/sky130A/HelloWorld/digital/comp32/runs/RUN_2024-04-29_20-15-20/26-openroad-globalplacement/comp32.odb'…
Writing netlist to '/home/erwann/design_workspace/sky130A/HelloWorld/digital/comp32/runs/RUN_2024-04-29_20-15-20/26-openroad-globalplacement/comp32.nl.v'…
Writing powered netlist to '/home/erwann/design_workspace/sky130A/HelloWorld/digital/comp32/runs/RUN_2024-04-29_20-15-20/26-openroad-globalplacement/comp32.pnl.v'…
Writing layout to '/home/erwann/design_workspace/sky130A/HelloWorld/digital/comp32/runs/RUN_2024-04-29_20-15-20/26-openroad-globalplacement/comp32.def'…
Writing timing constraints to '/home/erwann/design_workspace/sky130A/HelloWorld/digital/comp32/runs/RUN_2024-04-29_20-15-20/26-openroad-globalplacement/comp32.sdc'…
