
===========================================================================
report_checks -unconstrained
===========================================================================
======================= nom_ss_100C_1v60 Corner ===================================

Startpoint: a[30] (input port clocked by clk)
Endpoint: _228_ (rising edge-triggered flip-flop clocked by clk)
Path Group: clk
Path Type: max

Fanout         Cap        Slew       Delay        Time   Description
---------------------------------------------------------------------------------------------
                                  0.000000    0.000000   clock clk (rise edge)
                                  0.000000    0.000000   clock network delay (propagated)
                                  5.000000    5.000000 ^ input external delay
     1    0.003395    0.036216    0.018940    5.018940 ^ a[30] (in)
                                                         a[30] (net)
                      0.036216    0.000000    5.018940 ^ input24/A (sky130_fd_sc_hd__buf_1)
     2    0.007491    0.155684    0.196633    5.215573 ^ input24/X (sky130_fd_sc_hd__buf_1)
                                                         net24 (net)
                      0.155684    0.000145    5.215718 ^ _133_/A_N (sky130_fd_sc_hd__and2b_1)
     2    0.005842    0.090431    0.419547    5.635265 v _133_/X (sky130_fd_sc_hd__and2b_1)
                                                         _099_ (net)
                      0.090431    0.000140    5.635405 v _137_/B1 (sky130_fd_sc_hd__a2111o_1)
     2    0.005090    0.131989    0.771557    6.406962 v _137_/X (sky130_fd_sc_hd__a2111o_1)
                                                         _103_ (net)
                      0.131989    0.000121    6.407083 v _141_/A (sky130_fd_sc_hd__or4b_1)
     3    0.007379    0.231053    1.310879    7.717962 v _141_/X (sky130_fd_sc_hd__or4b_1)
                                                         _107_ (net)
                      0.231053    0.000186    7.718148 v _152_/A (sky130_fd_sc_hd__or3_1)
     2    0.007433    0.182703    0.972390    8.690538 v _152_/X (sky130_fd_sc_hd__or3_1)
                                                         _005_ (net)
                      0.182703    0.000264    8.690803 v _163_/A (sky130_fd_sc_hd__or2_1)
     1    0.002753    0.096461    0.538440    9.229242 v _163_/X (sky130_fd_sc_hd__or2_1)
                                                         _016_ (net)
                      0.096461    0.000057    9.229300 v _227_/A1 (sky130_fd_sc_hd__o31a_1)
     1    0.002159    0.079613    0.550850    9.780149 v _227_/X (sky130_fd_sc_hd__o31a_1)
                                                         _000_ (net)
                      0.079613    0.000061    9.780210 v _228_/D (sky130_fd_sc_hd__dfxtp_1)
                                              9.780210   data arrival time

                                 25.000000   25.000000   clock clk (rise edge)
                                  0.000000   25.000000   clock source latency
     2    0.008238    0.069105    0.043679   25.043678 ^ clk (in)
                                                         clk (net)
                      0.069105    0.000000   25.043678 ^ _228_/CLK (sky130_fd_sc_hd__dfxtp_1)
                                 -0.250000   24.793678   clock uncertainty
                                  0.000000   24.793678   clock reconvergence pessimism
                                 -0.273216   24.520462   library setup time
                                             24.520462   data required time
---------------------------------------------------------------------------------------------
                                             24.520462   data required time
                                             -9.780210   data arrival time
---------------------------------------------------------------------------------------------
                                             14.740252   slack (MET)




===========================================================================
report_checks --slack_max -0.01
============================================================================
======================= nom_ss_100C_1v60 Corner ===================================

No paths found.


===========================================================================
 report_check_types -max_slew -max_cap -max_fanout -violators
============================================================================
======================= nom_ss_100C_1v60 Corner ===================================



===========================================================================
report_parasitic_annotation -report_unannotated
============================================================================
Found 0 unannotated drivers.
Found 0 partially unannotated drivers.

===========================================================================
max slew violation count 0
max fanout violation count 0
max cap violation count 0
============================================================================

===========================================================================
check_setup -verbose -unconstrained_endpoints -multiple_clock -no_clock -no_input_delay -loops -generated_clocks
===========================================================================
