Reading timing models for corner nom_ss_100C_1v60…
Reading cell library for the 'nom_ss_100C_1v60' corner at '/home/erwann/.volare/volare/sky130/versions/bdc9412b3e468c102d01b7cf6337be06ec6e9c9a/sky130A/libs.ref/sky130_fd_sc_hd/lib/sky130_fd_sc_hd__ss_100C_1v60.lib'…
Reading top-level netlist at '/home/erwann/design_workspace/sky130A/HelloWorld/digital/comp32/runs/RUN_2024-05-09_16-58-12/49-openroad-fillinsertion/comp32.nl.v'…
Linking design 'comp32' from netlist…
Warning: /home/erwann/design_workspace/sky130A/HelloWorld/digital/comp32/runs/RUN_2024-05-09_16-58-12/49-openroad-fillinsertion/comp32.nl.v line 649, module sky130_fd_sc_hd__tapvpwrvgnd_1 not found. Creating black box for TAP_TAPCELL_ROW_0_44.
Warning: /home/erwann/design_workspace/sky130A/HelloWorld/digital/comp32/runs/RUN_2024-05-09_16-58-12/49-openroad-fillinsertion/comp32.nl.v line 853, module sky130_fd_sc_hd__fill_2 not found. Creating black box for FILLER_0_0_12.
Warning: /home/erwann/design_workspace/sky130A/HelloWorld/digital/comp32/runs/RUN_2024-05-09_16-58-12/49-openroad-fillinsertion/comp32.nl.v line 856, module sky130_fd_sc_hd__fill_1 not found. Creating black box for FILLER_0_0_27.
Warning: /home/erwann/design_workspace/sky130A/HelloWorld/digital/comp32/runs/RUN_2024-05-09_16-58-12/49-openroad-fillinsertion/comp32.nl.v line 880, module sky130_ef_sc_hd__decap_12 not found. Creating black box for FILLER_0_1_3.
Reading design constraints file at '/nix/store/hwxq78ix5dm1zxacgmyfrlkgn2vq15hz-python3-3.11.6-env/lib/python3.11/site-packages/openlane/scripts/base.sdc'…
[INFO] Using clock clk…
[INFO] Setting output delay to: 5
[INFO] Setting input delay to: 5
[INFO] Setting load to: 0.033442
[INFO] Setting clock uncertainty to: 0.25
[INFO] Setting clock transition to: 0.1499999999999999944488848768742172978818416595458984375
[INFO] Setting timing derate to: 5%
Reading top-level design parasitics for the 'nom_ss_100C_1v60' corner at '/home/erwann/design_workspace/sky130A/HelloWorld/digital/comp32/runs/RUN_2024-05-09_16-58-12/50-openroad-rcx/nom/comp32.nom.spef'…
%OL_CREATE_REPORT min.rpt

===========================================================================
report_checks -path_delay min (Hold)
============================================================================
======================= nom_ss_100C_1v60 Corner ===================================

Startpoint: b[16] (input port clocked by clk)
Endpoint: _228_ (rising edge-triggered flip-flop clocked by clk)
Path Group: clk
Path Type: min

Fanout         Cap        Slew       Delay        Time   Description
---------------------------------------------------------------------------------------------
                                  0.000000    0.000000   clock clk (rise edge)
                                  0.000000    0.000000   clock network delay (propagated)
                                  5.000000    5.000000 v input external delay
     1    0.002905    0.018861    0.009569    5.009569 v b[16] (in)
                                                         b[16] (net)
                      0.018861    0.000000    5.009569 v input40/A (sky130_fd_sc_hd__clkbuf_1)
     1    0.004995    0.072484    0.157079    5.166648 v input40/X (sky130_fd_sc_hd__clkbuf_1)
                                                         net40 (net)
                      0.072484    0.000155    5.166802 v _125_/A (sky130_fd_sc_hd__inv_2)
     2    0.007176    0.062612    0.090176    5.256979 ^ _125_/Y (sky130_fd_sc_hd__inv_2)
                                                         _091_ (net)
                      0.062612    0.000226    5.257205 ^ _171_/A (sky130_fd_sc_hd__and2_1)
     1    0.002127    0.070898    0.203044    5.460249 ^ _171_/X (sky130_fd_sc_hd__and2_1)
                                                         _024_ (net)
                      0.070898    0.000060    5.460309 ^ _172_/C (sky130_fd_sc_hd__or4b_1)
     1    0.003288    0.069126    0.176248    5.636557 ^ _172_/X (sky130_fd_sc_hd__or4b_1)
                                                         _025_ (net)
                      0.069126    0.000101    5.636658 ^ _227_/A2 (sky130_fd_sc_hd__o31a_1)
     1    0.002075    0.067081    0.233070    5.869728 ^ _227_/X (sky130_fd_sc_hd__o31a_1)
                                                         _000_ (net)
                      0.067081    0.000059    5.869787 ^ _228_/D (sky130_fd_sc_hd__dfxtp_1)
                                              5.869787   data arrival time

                                  0.000000    0.000000   clock clk (rise edge)
                                  0.000000    0.000000   clock source latency
     2    0.008238    0.069105    0.043678    0.043678 ^ clk (in)
                                                         clk (net)
                      0.069105    0.000000    0.043678 ^ _228_/CLK (sky130_fd_sc_hd__dfxtp_1)
                                  0.250000    0.293678   clock uncertainty
                                  0.000000    0.293678   clock reconvergence pessimism
                                 -0.071483    0.222195   library hold time
                                              0.222195   data required time
---------------------------------------------------------------------------------------------
                                              0.222195   data required time
                                             -5.869787   data arrival time
---------------------------------------------------------------------------------------------
                                              5.647592   slack (MET)


Startpoint: _228_ (rising edge-triggered flip-flop clocked by clk)
Endpoint: z (output port clocked by clk)
Path Group: clk
Path Type: min

Fanout         Cap        Slew       Delay        Time   Description
---------------------------------------------------------------------------------------------
                                  0.000000    0.000000   clock clk (rise edge)
                                  0.000000    0.000000   clock source latency
     2    0.008238    0.069105    0.043678    0.043678 ^ clk (in)
                                                         clk (net)
                      0.069105    0.000000    0.043678 ^ _228_/CLK (sky130_fd_sc_hd__dfxtp_1)
     1    0.008213    0.090712    0.613309    0.656987 v _228_/Q (sky130_fd_sc_hd__dfxtp_1)
                                                         net65 (net)
                      0.090712    0.000404    0.657391 v output65/A (sky130_fd_sc_hd__buf_2)
     1    0.034101    0.165207    0.353829    1.011220 v output65/X (sky130_fd_sc_hd__buf_2)
                                                         z (net)
                      0.165207    0.000622    1.011842 v z (out)
                                              1.011842   data arrival time

                                  0.000000    0.000000   clock clk (rise edge)
                                  0.000000    0.000000   clock network delay (propagated)
                                  0.250000    0.250000   clock uncertainty
                                  0.000000    0.250000   clock reconvergence pessimism
                                 -5.000000   -4.750000   output external delay
                                             -4.750000   data required time
---------------------------------------------------------------------------------------------
                                             -4.750000   data required time
                                             -1.011842   data arrival time
---------------------------------------------------------------------------------------------
                                              5.761842   slack (MET)



%OL_END_REPORT
%OL_CREATE_REPORT max.rpt

===========================================================================
report_checks -path_delay max (Setup)
============================================================================
======================= nom_ss_100C_1v60 Corner ===================================

Startpoint: a[30] (input port clocked by clk)
Endpoint: _228_ (rising edge-triggered flip-flop clocked by clk)
Path Group: clk
Path Type: max

Fanout         Cap        Slew       Delay        Time   Description
---------------------------------------------------------------------------------------------
                                  0.000000    0.000000   clock clk (rise edge)
                                  0.000000    0.000000   clock network delay (propagated)
                                  5.000000    5.000000 ^ input external delay
     1    0.003395    0.036216    0.018940    5.018940 ^ a[30] (in)
                                                         a[30] (net)
                      0.036216    0.000000    5.018940 ^ input24/A (sky130_fd_sc_hd__buf_1)
     2    0.007491    0.155684    0.196633    5.215573 ^ input24/X (sky130_fd_sc_hd__buf_1)
                                                         net24 (net)
                      0.155684    0.000145    5.215718 ^ _133_/A_N (sky130_fd_sc_hd__and2b_1)
     2    0.005842    0.090431    0.419547    5.635265 v _133_/X (sky130_fd_sc_hd__and2b_1)
                                                         _099_ (net)
                      0.090431    0.000140    5.635405 v _137_/B1 (sky130_fd_sc_hd__a2111o_1)
     2    0.005090    0.131989    0.771557    6.406962 v _137_/X (sky130_fd_sc_hd__a2111o_1)
                                                         _103_ (net)
                      0.131989    0.000121    6.407083 v _141_/A (sky130_fd_sc_hd__or4b_1)
     3    0.007379    0.231053    1.310879    7.717962 v _141_/X (sky130_fd_sc_hd__or4b_1)
                                                         _107_ (net)
                      0.231053    0.000186    7.718148 v _152_/A (sky130_fd_sc_hd__or3_1)
     2    0.007433    0.182703    0.972390    8.690538 v _152_/X (sky130_fd_sc_hd__or3_1)
                                                         _005_ (net)
                      0.182703    0.000264    8.690803 v _163_/A (sky130_fd_sc_hd__or2_1)
     1    0.002753    0.096461    0.538440    9.229242 v _163_/X (sky130_fd_sc_hd__or2_1)
                                                         _016_ (net)
                      0.096461    0.000057    9.229300 v _227_/A1 (sky130_fd_sc_hd__o31a_1)
     1    0.002159    0.079613    0.550850    9.780149 v _227_/X (sky130_fd_sc_hd__o31a_1)
                                                         _000_ (net)
                      0.079613    0.000061    9.780210 v _228_/D (sky130_fd_sc_hd__dfxtp_1)
                                              9.780210   data arrival time

                                 25.000000   25.000000   clock clk (rise edge)
                                  0.000000   25.000000   clock source latency
     2    0.008238    0.069105    0.043679   25.043678 ^ clk (in)
                                                         clk (net)
                      0.069105    0.000000   25.043678 ^ _228_/CLK (sky130_fd_sc_hd__dfxtp_1)
                                 -0.250000   24.793678   clock uncertainty
                                  0.000000   24.793678   clock reconvergence pessimism
                                 -0.273216   24.520462   library setup time
                                             24.520462   data required time
---------------------------------------------------------------------------------------------
                                             24.520462   data required time
                                             -9.780210   data arrival time
---------------------------------------------------------------------------------------------
                                             14.740252   slack (MET)


Startpoint: _228_ (rising edge-triggered flip-flop clocked by clk)
Endpoint: z (output port clocked by clk)
Path Group: clk
Path Type: max

Fanout         Cap        Slew       Delay        Time   Description
---------------------------------------------------------------------------------------------
                                  0.000000    0.000000   clock clk (rise edge)
                                  0.000000    0.000000   clock source latency
     2    0.008238    0.069105    0.043678    0.043678 ^ clk (in)
                                                         clk (net)
                      0.069105    0.000000    0.043678 ^ _228_/CLK (sky130_fd_sc_hd__dfxtp_1)
     1    0.008341    0.143189    0.683306    0.726984 ^ _228_/Q (sky130_fd_sc_hd__dfxtp_1)
                                                         net65 (net)
                      0.143189    0.000414    0.727398 ^ output65/A (sky130_fd_sc_hd__buf_2)
     1    0.034101    0.271028    0.376875    1.104273 ^ output65/X (sky130_fd_sc_hd__buf_2)
                                                         z (net)
                      0.271028    0.000622    1.104895 ^ z (out)
                                              1.104895   data arrival time

                                 25.000000   25.000000   clock clk (rise edge)
                                  0.000000   25.000000   clock network delay (propagated)
                                 -0.250000   24.750000   clock uncertainty
                                  0.000000   24.750000   clock reconvergence pessimism
                                 -5.000000   19.750000   output external delay
                                             19.750000   data required time
---------------------------------------------------------------------------------------------
                                             19.750000   data required time
                                             -1.104895   data arrival time
---------------------------------------------------------------------------------------------
                                             18.645105   slack (MET)



%OL_END_REPORT
%OL_CREATE_REPORT checks.rpt

===========================================================================
report_checks -unconstrained
===========================================================================
======================= nom_ss_100C_1v60 Corner ===================================

Startpoint: a[30] (input port clocked by clk)
Endpoint: _228_ (rising edge-triggered flip-flop clocked by clk)
Path Group: clk
Path Type: max

Fanout         Cap        Slew       Delay        Time   Description
---------------------------------------------------------------------------------------------
                                  0.000000    0.000000   clock clk (rise edge)
                                  0.000000    0.000000   clock network delay (propagated)
                                  5.000000    5.000000 ^ input external delay
     1    0.003395    0.036216    0.018940    5.018940 ^ a[30] (in)
                                                         a[30] (net)
                      0.036216    0.000000    5.018940 ^ input24/A (sky130_fd_sc_hd__buf_1)
     2    0.007491    0.155684    0.196633    5.215573 ^ input24/X (sky130_fd_sc_hd__buf_1)
                                                         net24 (net)
                      0.155684    0.000145    5.215718 ^ _133_/A_N (sky130_fd_sc_hd__and2b_1)
     2    0.005842    0.090431    0.419547    5.635265 v _133_/X (sky130_fd_sc_hd__and2b_1)
                                                         _099_ (net)
                      0.090431    0.000140    5.635405 v _137_/B1 (sky130_fd_sc_hd__a2111o_1)
     2    0.005090    0.131989    0.771557    6.406962 v _137_/X (sky130_fd_sc_hd__a2111o_1)
                                                         _103_ (net)
                      0.131989    0.000121    6.407083 v _141_/A (sky130_fd_sc_hd__or4b_1)
     3    0.007379    0.231053    1.310879    7.717962 v _141_/X (sky130_fd_sc_hd__or4b_1)
                                                         _107_ (net)
                      0.231053    0.000186    7.718148 v _152_/A (sky130_fd_sc_hd__or3_1)
     2    0.007433    0.182703    0.972390    8.690538 v _152_/X (sky130_fd_sc_hd__or3_1)
                                                         _005_ (net)
                      0.182703    0.000264    8.690803 v _163_/A (sky130_fd_sc_hd__or2_1)
     1    0.002753    0.096461    0.538440    9.229242 v _163_/X (sky130_fd_sc_hd__or2_1)
                                                         _016_ (net)
                      0.096461    0.000057    9.229300 v _227_/A1 (sky130_fd_sc_hd__o31a_1)
     1    0.002159    0.079613    0.550850    9.780149 v _227_/X (sky130_fd_sc_hd__o31a_1)
                                                         _000_ (net)
                      0.079613    0.000061    9.780210 v _228_/D (sky130_fd_sc_hd__dfxtp_1)
                                              9.780210   data arrival time

                                 25.000000   25.000000   clock clk (rise edge)
                                  0.000000   25.000000   clock source latency
     2    0.008238    0.069105    0.043679   25.043678 ^ clk (in)
                                                         clk (net)
                      0.069105    0.000000   25.043678 ^ _228_/CLK (sky130_fd_sc_hd__dfxtp_1)
                                 -0.250000   24.793678   clock uncertainty
                                  0.000000   24.793678   clock reconvergence pessimism
                                 -0.273216   24.520462   library setup time
                                             24.520462   data required time
---------------------------------------------------------------------------------------------
                                             24.520462   data required time
                                             -9.780210   data arrival time
---------------------------------------------------------------------------------------------
                                             14.740252   slack (MET)




===========================================================================
report_checks --slack_max -0.01
============================================================================
======================= nom_ss_100C_1v60 Corner ===================================

No paths found.


===========================================================================
 report_check_types -max_slew -max_cap -max_fanout -violators
============================================================================
======================= nom_ss_100C_1v60 Corner ===================================



===========================================================================
report_parasitic_annotation -report_unannotated
============================================================================
Found 0 unannotated drivers.
Found 0 partially unannotated drivers.

===========================================================================
max slew violation count 0
%OL_METRIC_I design__max_slew_violation__count__corner:nom_ss_100C_1v60 0
max fanout violation count 0
%OL_METRIC_I design__max_fanout_violation__count__corner:nom_ss_100C_1v60 0
max cap violation count 0
%OL_METRIC_I design__max_cap_violation__count__corner:nom_ss_100C_1v60 0
============================================================================

===========================================================================
check_setup -verbose -unconstrained_endpoints -multiple_clock -no_clock -no_input_delay -loops -generated_clocks
===========================================================================
%OL_END_REPORT
%OL_CREATE_REPORT power.rpt

===========================================================================
 report_power
============================================================================
======================= nom_ss_100C_1v60 Corner ===================================

Group                    Internal    Switching      Leakage        Total
                            Power        Power        Power        Power (Watts)
------------------------------------------------------------------------
Sequential           1.301538e-06 2.890650e-08 1.351832e-08 1.343962e-06   8.3%
Combinational        7.471145e-06 6.534824e-06 7.976118e-07 1.480358e-05  91.7%
Clock                -1.399523e-09 0.000000e+00 4.733260e-10 -9.261970e-10  -0.0%
Macro                0.000000e+00 0.000000e+00 0.000000e+00 0.000000e+00   0.0%
Pad                  0.000000e+00 0.000000e+00 0.000000e+00 0.000000e+00   0.0%
------------------------------------------------------------------------
Total                8.771281e-06 6.563730e-06 8.116035e-07 1.614662e-05 100.0%
                            54.3%        40.7%         5.0%
%OL_METRIC_F power__internal__total 8.771280590735842e-6
%OL_METRIC_F power__switching__total 6.563730494235642e-6
%OL_METRIC_F power__leakage__total 8.116034564409347e-7
%OL_METRIC_F power__total 1.614661596249789e-5

%OL_END_REPORT
%OL_CREATE_REPORT skew.min.rpt

===========================================================================
Clock Skew (Hold)
============================================================================
%OL_METRIC_F clock__skew__worst_hold__corner:nom_ss_100C_1v60 0.000000
======================= nom_ss_100C_1v60 Corner ===================================

Clock clk
No launch/capture paths found.

%OL_END_REPORT
%OL_CREATE_REPORT skew.max.rpt

===========================================================================
Clock Skew (Setup)
============================================================================
%OL_METRIC_F clock__skew__worst_setup__corner:nom_ss_100C_1v60 0.000000
======================= nom_ss_100C_1v60 Corner ===================================

Clock clk
No launch/capture paths found.

%OL_END_REPORT
%OL_CREATE_REPORT ws.min.rpt

===========================================================================
Worst Slack (Hold)
============================================================================
%OL_METRIC_F timing__hold__ws__corner:nom_ss_100C_1v60 5.647592
nom_ss_100C_1v60: 5.647592
%OL_END_REPORT
%OL_CREATE_REPORT ws.max.rpt

===========================================================================
Worst Slack (Setup)
============================================================================
%OL_METRIC_F timing__setup__ws__corner:nom_ss_100C_1v60 14.740252
nom_ss_100C_1v60: 14.740252
%OL_END_REPORT
%OL_CREATE_REPORT tns.min.rpt

===========================================================================
Total Negative Slack (Hold)
============================================================================
%OL_METRIC_F timing__hold__tns__corner:nom_ss_100C_1v60 0.000000
nom_ss_100C_1v60: 0.000000
%OL_END_REPORT
%OL_CREATE_REPORT tns.max.rpt

===========================================================================
Total Negative Slack (Setup)
============================================================================
%OL_METRIC_F timing__setup__tns__corner:nom_ss_100C_1v60 0.000000
nom_ss_100C_1v60: 0.000000
%OL_END_REPORT
%OL_CREATE_REPORT wns.min.rpt

===========================================================================
Worst Negative Slack (Hold)
============================================================================
%OL_METRIC_F timing__hold__wns__corner:nom_ss_100C_1v60 0
nom_ss_100C_1v60: 0
%OL_END_REPORT
%OL_CREATE_REPORT wns.max.rpt

===========================================================================
Worst Negative Slack (Setup)
============================================================================
%OL_METRIC_F timing__setup__wns__corner:nom_ss_100C_1v60 0.0
nom_ss_100C_1v60: 0.0
%OL_END_REPORT
%OL_CREATE_REPORT violator_list.rpt

===========================================================================
Violator List
============================================================================
%OL_METRIC_I timing__hold_vio__count__corner:nom_ss_100C_1v60 0
%OL_METRIC_F timing__hold_r2r__ws__corner:nom_ss_100C_1v60 inf
%OL_METRIC_I timing__hold_r2r_vio__count__corner:nom_ss_100C_1v60 0
%OL_METRIC_I timing__setup_vio__count__corner:nom_ss_100C_1v60 0
%OL_METRIC_F timing__setup_r2r__ws__corner:nom_ss_100C_1v60 inf
%OL_METRIC_I timing__setup_r2r_vio__count__corner:nom_ss_100C_1v60 0
%OL_END_REPORT
Writing SDF files for all corners…
Removing Clock latencies before writing libs…
Writing timing models for all corners…
Writing timing models for the nom_ss_100C_1v60 corner to /home/erwann/design_workspace/sky130A/HelloWorld/digital/comp32/runs/RUN_2024-05-09_16-58-12/51-openroad-stapostpnr/nom_ss_100C_1v60/comp32__nom_ss_100C_1v60.lib…
