Reading timing models for corner nom_tt_025C_1v80…
Reading cell library for the 'nom_tt_025C_1v80' corner at '/home/erwann/.volare/volare/sky130/versions/bdc9412b3e468c102d01b7cf6337be06ec6e9c9a/sky130A/libs.ref/sky130_fd_sc_hd/lib/sky130_fd_sc_hd__tt_025C_1v80.lib'…
Reading top-level netlist at '/home/erwann/design_workspace/sky130A/HelloWorld/digital/comp32/runs/RUN_2024-05-09_16-54-40/49-openroad-fillinsertion/comp32.nl.v'…
Linking design 'comp32' from netlist…
Warning: /home/erwann/design_workspace/sky130A/HelloWorld/digital/comp32/runs/RUN_2024-05-09_16-54-40/49-openroad-fillinsertion/comp32.nl.v line 637, module sky130_fd_sc_hd__tapvpwrvgnd_1 not found. Creating black box for TAP_TAPCELL_ROW_0_32.
Warning: /home/erwann/design_workspace/sky130A/HelloWorld/digital/comp32/runs/RUN_2024-05-09_16-54-40/49-openroad-fillinsertion/comp32.nl.v line 794, module sky130_fd_sc_hd__fill_1 not found. Creating black box for FILLER_0_0_6.
Warning: /home/erwann/design_workspace/sky130A/HelloWorld/digital/comp32/runs/RUN_2024-05-09_16-54-40/49-openroad-fillinsertion/comp32.nl.v line 795, module sky130_fd_sc_hd__fill_2 not found. Creating black box for FILLER_0_0_20.
Warning: /home/erwann/design_workspace/sky130A/HelloWorld/digital/comp32/runs/RUN_2024-05-09_16-54-40/49-openroad-fillinsertion/comp32.nl.v line 808, module sky130_ef_sc_hd__decap_12 not found. Creating black box for FILLER_0_2_49.
Reading design constraints file at '/nix/store/hwxq78ix5dm1zxacgmyfrlkgn2vq15hz-python3-3.11.6-env/lib/python3.11/site-packages/openlane/scripts/base.sdc'…
[INFO] Using clock clk…
[INFO] Setting output delay to: 5
[INFO] Setting input delay to: 5
[INFO] Setting load to: 0.033442
[INFO] Setting clock uncertainty to: 0.25
[INFO] Setting clock transition to: 0.1499999999999999944488848768742172978818416595458984375
[INFO] Setting timing derate to: 5%
Reading top-level design parasitics for the 'nom_tt_025C_1v80' corner at '/home/erwann/design_workspace/sky130A/HelloWorld/digital/comp32/runs/RUN_2024-05-09_16-54-40/50-openroad-rcx/nom/comp32.nom.spef'…
%OL_CREATE_REPORT min.rpt

===========================================================================
report_checks -path_delay min (Hold)
============================================================================
======================= nom_tt_025C_1v80 Corner ===================================

Startpoint: b[16] (input port clocked by clk)
Endpoint: _228_ (rising edge-triggered flip-flop clocked by clk)
Path Group: clk
Path Type: min

Fanout         Cap        Slew       Delay        Time   Description
---------------------------------------------------------------------------------------------
                                  0.000000    0.000000   clock clk (rise edge)
                                  0.000000    0.000000   clock network delay (propagated)
                                  5.000000    5.000000 v input external delay
     1    0.003015    0.009132    0.004799    5.004799 v b[16] (in)
                                                         b[16] (net)
                      0.009132    0.000000    5.004799 v input40/A (sky130_fd_sc_hd__clkbuf_1)
     1    0.005514    0.040670    0.085124    5.089923 v input40/X (sky130_fd_sc_hd__clkbuf_1)
                                                         net40 (net)
                      0.040670    0.000180    5.090103 v _125_/A (sky130_fd_sc_hd__inv_2)
     2    0.004877    0.029931    0.045422    5.135525 ^ _125_/Y (sky130_fd_sc_hd__inv_2)
                                                         _091_ (net)
                      0.029931    0.000099    5.135624 ^ _171_/A (sky130_fd_sc_hd__and2_1)
     1    0.002661    0.044934    0.103496    5.239120 ^ _171_/X (sky130_fd_sc_hd__and2_1)
                                                         _024_ (net)
                      0.044934    0.000076    5.239196 ^ _172_/C (sky130_fd_sc_hd__or4b_1)
     1    0.003168    0.040961    0.097508    5.336705 ^ _172_/X (sky130_fd_sc_hd__or4b_1)
                                                         _025_ (net)
                      0.040961    0.000093    5.336797 ^ _227_/A2 (sky130_fd_sc_hd__o31a_1)
     1    0.002560    0.042604    0.117794    5.454592 ^ _227_/X (sky130_fd_sc_hd__o31a_1)
                                                         _000_ (net)
                      0.042604    0.000075    5.454666 ^ _228_/D (sky130_fd_sc_hd__dfxtp_1)
                                              5.454666   data arrival time

                                  0.000000    0.000000   clock clk (rise edge)
                                  0.000000    0.000000   clock source latency
     1    0.004806    0.028449    0.017265    0.017265 ^ clk (in)
                                                         clk (net)
                      0.028450    0.000000    0.017265 ^ _228_/CLK (sky130_fd_sc_hd__dfxtp_1)
                                  0.250000    0.267265   clock uncertainty
                                  0.000000    0.267265   clock reconvergence pessimism
                                 -0.032949    0.234316   library hold time
                                              0.234316   data required time
---------------------------------------------------------------------------------------------
                                              0.234316   data required time
                                             -5.454666   data arrival time
---------------------------------------------------------------------------------------------
                                              5.220350   slack (MET)


Startpoint: _228_ (rising edge-triggered flip-flop clocked by clk)
Endpoint: z (output port clocked by clk)
Path Group: clk
Path Type: min

Fanout         Cap        Slew       Delay        Time   Description
---------------------------------------------------------------------------------------------
                                  0.000000    0.000000   clock clk (rise edge)
                                  0.000000    0.000000   clock source latency
     1    0.004806    0.028449    0.017265    0.017265 ^ clk (in)
                                                         clk (net)
                      0.028450    0.000000    0.017265 ^ _228_/CLK (sky130_fd_sc_hd__dfxtp_1)
     1    0.005218    0.036526    0.295242    0.312507 v _228_/Q (sky130_fd_sc_hd__dfxtp_1)
                                                         net65 (net)
                      0.036526    0.000185    0.312693 v output65/A (sky130_fd_sc_hd__buf_2)
     1    0.034339    0.089748    0.176549    0.489242 v output65/X (sky130_fd_sc_hd__buf_2)
                                                         z (net)
                      0.089753    0.000698    0.489940 v z (out)
                                              0.489940   data arrival time

                                  0.000000    0.000000   clock clk (rise edge)
                                  0.000000    0.000000   clock network delay (propagated)
                                  0.250000    0.250000   clock uncertainty
                                  0.000000    0.250000   clock reconvergence pessimism
                                 -5.000000   -4.750000   output external delay
                                             -4.750000   data required time
---------------------------------------------------------------------------------------------
                                             -4.750000   data required time
                                             -0.489940   data arrival time
---------------------------------------------------------------------------------------------
                                              5.239940   slack (MET)



%OL_END_REPORT
%OL_CREATE_REPORT max.rpt

===========================================================================
report_checks -path_delay max (Setup)
============================================================================
======================= nom_tt_025C_1v80 Corner ===================================

Startpoint: a[30] (input port clocked by clk)
Endpoint: _228_ (rising edge-triggered flip-flop clocked by clk)
Path Group: clk
Path Type: max

Fanout         Cap        Slew       Delay        Time   Description
---------------------------------------------------------------------------------------------
                                  0.000000    0.000000   clock clk (rise edge)
                                  0.000000    0.000000   clock network delay (propagated)
                                  5.000000    5.000000 ^ input external delay
     1    0.003037    0.020753    0.011153    5.011153 ^ a[30] (in)
                                                         a[30] (net)
                      0.020753    0.000000    5.011153 ^ input24/A (sky130_fd_sc_hd__buf_1)
     2    0.007112    0.092072    0.106536    5.117689 ^ input24/X (sky130_fd_sc_hd__buf_1)
                                                         net24 (net)
                      0.092102    0.000147    5.117835 ^ _133_/A_N (sky130_fd_sc_hd__and2b_1)
     2    0.006023    0.047271    0.197690    5.315525 v _133_/X (sky130_fd_sc_hd__and2b_1)
                                                         _099_ (net)
                      0.047271    0.000171    5.315696 v _137_/B1 (sky130_fd_sc_hd__a2111o_1)
     2    0.004678    0.068432    0.389328    5.705024 v _137_/X (sky130_fd_sc_hd__a2111o_1)
                                                         _103_ (net)
                      0.068432    0.000118    5.705142 v _141_/A (sky130_fd_sc_hd__or4b_1)
     3    0.007969    0.116558    0.566857    6.271999 v _141_/X (sky130_fd_sc_hd__or4b_1)
                                                         _107_ (net)
                      0.116558    0.000218    6.272217 v _152_/A (sky130_fd_sc_hd__or3_1)
     2    0.006070    0.082992    0.411780    6.683998 v _152_/X (sky130_fd_sc_hd__or3_1)
                                                         _005_ (net)
                      0.082992    0.000195    6.684193 v _163_/A (sky130_fd_sc_hd__or2_1)
     1    0.002798    0.047827    0.233969    6.918162 v _163_/X (sky130_fd_sc_hd__or2_1)
                                                         _016_ (net)
                      0.047827    0.000058    6.918220 v _227_/A1 (sky130_fd_sc_hd__o31a_1)
     1    0.002567    0.045646    0.285899    7.204119 v _227_/X (sky130_fd_sc_hd__o31a_1)
                                                         _000_ (net)
                      0.045646    0.000075    7.204194 v _228_/D (sky130_fd_sc_hd__dfxtp_1)
                                              7.204194   data arrival time

                                 25.000000   25.000000   clock clk (rise edge)
                                  0.000000   25.000000   clock source latency
     1    0.004806    0.028449    0.017264   25.017263 ^ clk (in)
                                                         clk (net)
                      0.028450    0.000000   25.017263 ^ _228_/CLK (sky130_fd_sc_hd__dfxtp_1)
                                 -0.250000   24.767265   clock uncertainty
                                  0.000000   24.767265   clock reconvergence pessimism
                                 -0.114681   24.652584   library setup time
                                             24.652584   data required time
---------------------------------------------------------------------------------------------
                                             24.652584   data required time
                                             -7.204194   data arrival time
---------------------------------------------------------------------------------------------
                                             17.448389   slack (MET)


Startpoint: _228_ (rising edge-triggered flip-flop clocked by clk)
Endpoint: z (output port clocked by clk)
Path Group: clk
Path Type: max

Fanout         Cap        Slew       Delay        Time   Description
---------------------------------------------------------------------------------------------
                                  0.000000    0.000000   clock clk (rise edge)
                                  0.000000    0.000000   clock source latency
     1    0.004806    0.028449    0.017265    0.017265 ^ clk (in)
                                                         clk (net)
                      0.028450    0.000000    0.017265 ^ _228_/CLK (sky130_fd_sc_hd__dfxtp_1)
     1    0.005378    0.062427    0.310690    0.327955 ^ _228_/Q (sky130_fd_sc_hd__dfxtp_1)
                                                         net65 (net)
                      0.062427    0.000193    0.328149 ^ output65/A (sky130_fd_sc_hd__buf_2)
     1    0.034339    0.170591    0.204716    0.532865 ^ output65/X (sky130_fd_sc_hd__buf_2)
                                                         z (net)
                      0.170592    0.000698    0.533563 ^ z (out)
                                              0.533563   data arrival time

                                 25.000000   25.000000   clock clk (rise edge)
                                  0.000000   25.000000   clock network delay (propagated)
                                 -0.250000   24.750000   clock uncertainty
                                  0.000000   24.750000   clock reconvergence pessimism
                                 -5.000000   19.750000   output external delay
                                             19.750000   data required time
---------------------------------------------------------------------------------------------
                                             19.750000   data required time
                                             -0.533563   data arrival time
---------------------------------------------------------------------------------------------
                                             19.216436   slack (MET)



%OL_END_REPORT
%OL_CREATE_REPORT checks.rpt

===========================================================================
report_checks -unconstrained
===========================================================================
======================= nom_tt_025C_1v80 Corner ===================================

Startpoint: a[30] (input port clocked by clk)
Endpoint: _228_ (rising edge-triggered flip-flop clocked by clk)
Path Group: clk
Path Type: max

Fanout         Cap        Slew       Delay        Time   Description
---------------------------------------------------------------------------------------------
                                  0.000000    0.000000   clock clk (rise edge)
                                  0.000000    0.000000   clock network delay (propagated)
                                  5.000000    5.000000 ^ input external delay
     1    0.003037    0.020753    0.011153    5.011153 ^ a[30] (in)
                                                         a[30] (net)
                      0.020753    0.000000    5.011153 ^ input24/A (sky130_fd_sc_hd__buf_1)
     2    0.007112    0.092072    0.106536    5.117689 ^ input24/X (sky130_fd_sc_hd__buf_1)
                                                         net24 (net)
                      0.092102    0.000147    5.117835 ^ _133_/A_N (sky130_fd_sc_hd__and2b_1)
     2    0.006023    0.047271    0.197690    5.315525 v _133_/X (sky130_fd_sc_hd__and2b_1)
                                                         _099_ (net)
                      0.047271    0.000171    5.315696 v _137_/B1 (sky130_fd_sc_hd__a2111o_1)
     2    0.004678    0.068432    0.389328    5.705024 v _137_/X (sky130_fd_sc_hd__a2111o_1)
                                                         _103_ (net)
                      0.068432    0.000118    5.705142 v _141_/A (sky130_fd_sc_hd__or4b_1)
     3    0.007969    0.116558    0.566857    6.271999 v _141_/X (sky130_fd_sc_hd__or4b_1)
                                                         _107_ (net)
                      0.116558    0.000218    6.272217 v _152_/A (sky130_fd_sc_hd__or3_1)
     2    0.006070    0.082992    0.411780    6.683998 v _152_/X (sky130_fd_sc_hd__or3_1)
                                                         _005_ (net)
                      0.082992    0.000195    6.684193 v _163_/A (sky130_fd_sc_hd__or2_1)
     1    0.002798    0.047827    0.233969    6.918162 v _163_/X (sky130_fd_sc_hd__or2_1)
                                                         _016_ (net)
                      0.047827    0.000058    6.918220 v _227_/A1 (sky130_fd_sc_hd__o31a_1)
     1    0.002567    0.045646    0.285899    7.204119 v _227_/X (sky130_fd_sc_hd__o31a_1)
                                                         _000_ (net)
                      0.045646    0.000075    7.204194 v _228_/D (sky130_fd_sc_hd__dfxtp_1)
                                              7.204194   data arrival time

                                 25.000000   25.000000   clock clk (rise edge)
                                  0.000000   25.000000   clock source latency
     1    0.004806    0.028449    0.017264   25.017263 ^ clk (in)
                                                         clk (net)
                      0.028450    0.000000   25.017263 ^ _228_/CLK (sky130_fd_sc_hd__dfxtp_1)
                                 -0.250000   24.767265   clock uncertainty
                                  0.000000   24.767265   clock reconvergence pessimism
                                 -0.114681   24.652584   library setup time
                                             24.652584   data required time
---------------------------------------------------------------------------------------------
                                             24.652584   data required time
                                             -7.204194   data arrival time
---------------------------------------------------------------------------------------------
                                             17.448389   slack (MET)




===========================================================================
report_checks --slack_max -0.01
============================================================================
======================= nom_tt_025C_1v80 Corner ===================================

No paths found.


===========================================================================
 report_check_types -max_slew -max_cap -max_fanout -violators
============================================================================
======================= nom_tt_025C_1v80 Corner ===================================



===========================================================================
report_parasitic_annotation -report_unannotated
============================================================================
Found 0 unannotated drivers.
Found 0 partially unannotated drivers.

===========================================================================
max slew violation count 0
%OL_METRIC_I design__max_slew_violation__count__corner:nom_tt_025C_1v80 0
max fanout violation count 0
%OL_METRIC_I design__max_fanout_violation__count__corner:nom_tt_025C_1v80 0
max cap violation count 0
%OL_METRIC_I design__max_cap_violation__count__corner:nom_tt_025C_1v80 0
============================================================================

===========================================================================
check_setup -verbose -unconstrained_endpoints -multiple_clock -no_clock -no_input_delay -loops -generated_clocks
===========================================================================
%OL_END_REPORT
%OL_CREATE_REPORT power.rpt

===========================================================================
 report_power
============================================================================
======================= nom_tt_025C_1v80 Corner ===================================

Group                    Internal    Switching      Leakage        Total
                            Power        Power        Power        Power (Watts)
------------------------------------------------------------------------
Sequential           1.672493e-06 2.358867e-08 8.111877e-12 1.696090e-06   9.5%
Combinational        9.051928e-06 7.078349e-06 4.664922e-10 1.613074e-05  90.5%
Clock                0.000000e+00 0.000000e+00 2.268031e-10 2.268031e-10   0.0%
Macro                0.000000e+00 0.000000e+00 0.000000e+00 0.000000e+00   0.0%
Pad                  0.000000e+00 0.000000e+00 0.000000e+00 0.000000e+00   0.0%
------------------------------------------------------------------------
Total                1.072442e-05 7.101938e-06 7.014075e-10 1.782706e-05 100.0%
                            60.2%        39.8%         0.0%
%OL_METRIC_F power__internal__total 1.0724421372287907e-5
%OL_METRIC_F power__switching__total 7.101937626430299e-6
%OL_METRIC_F power__leakage__total 7.014075431577282e-10
%OL_METRIC_F power__total 1.7827060219133273e-5

%OL_END_REPORT
%OL_CREATE_REPORT skew.min.rpt

===========================================================================
Clock Skew (Hold)
============================================================================
%OL_METRIC_F clock__skew__worst_hold__corner:nom_tt_025C_1v80 0.000000
======================= nom_tt_025C_1v80 Corner ===================================

Clock clk
No launch/capture paths found.

%OL_END_REPORT
%OL_CREATE_REPORT skew.max.rpt

===========================================================================
Clock Skew (Setup)
============================================================================
%OL_METRIC_F clock__skew__worst_setup__corner:nom_tt_025C_1v80 0.000000
======================= nom_tt_025C_1v80 Corner ===================================

Clock clk
No launch/capture paths found.

%OL_END_REPORT
%OL_CREATE_REPORT ws.min.rpt

===========================================================================
Worst Slack (Hold)
============================================================================
%OL_METRIC_F timing__hold__ws__corner:nom_tt_025C_1v80 5.220350
nom_tt_025C_1v80: 5.220350
%OL_END_REPORT
%OL_CREATE_REPORT ws.max.rpt

===========================================================================
Worst Slack (Setup)
============================================================================
%OL_METRIC_F timing__setup__ws__corner:nom_tt_025C_1v80 17.448389
nom_tt_025C_1v80: 17.448389
%OL_END_REPORT
%OL_CREATE_REPORT tns.min.rpt

===========================================================================
Total Negative Slack (Hold)
============================================================================
%OL_METRIC_F timing__hold__tns__corner:nom_tt_025C_1v80 0.000000
nom_tt_025C_1v80: 0.000000
%OL_END_REPORT
%OL_CREATE_REPORT tns.max.rpt

===========================================================================
Total Negative Slack (Setup)
============================================================================
%OL_METRIC_F timing__setup__tns__corner:nom_tt_025C_1v80 0.000000
nom_tt_025C_1v80: 0.000000
%OL_END_REPORT
%OL_CREATE_REPORT wns.min.rpt

===========================================================================
Worst Negative Slack (Hold)
============================================================================
%OL_METRIC_F timing__hold__wns__corner:nom_tt_025C_1v80 0
nom_tt_025C_1v80: 0
%OL_END_REPORT
%OL_CREATE_REPORT wns.max.rpt

===========================================================================
Worst Negative Slack (Setup)
============================================================================
%OL_METRIC_F timing__setup__wns__corner:nom_tt_025C_1v80 0.0
nom_tt_025C_1v80: 0.0
%OL_END_REPORT
%OL_CREATE_REPORT violator_list.rpt

===========================================================================
Violator List
============================================================================
%OL_METRIC_I timing__hold_vio__count__corner:nom_tt_025C_1v80 0
%OL_METRIC_F timing__hold_r2r__ws__corner:nom_tt_025C_1v80 inf
%OL_METRIC_I timing__hold_r2r_vio__count__corner:nom_tt_025C_1v80 0
%OL_METRIC_I timing__setup_vio__count__corner:nom_tt_025C_1v80 0
%OL_METRIC_F timing__setup_r2r__ws__corner:nom_tt_025C_1v80 inf
%OL_METRIC_I timing__setup_r2r_vio__count__corner:nom_tt_025C_1v80 0
%OL_END_REPORT
Writing SDF files for all corners…
Removing Clock latencies before writing libs…
Writing timing models for all corners…
Writing timing models for the nom_tt_025C_1v80 corner to /home/erwann/design_workspace/sky130A/HelloWorld/digital/comp32/runs/RUN_2024-05-09_16-54-40/51-openroad-stapostpnr/nom_tt_025C_1v80/comp32__nom_tt_025C_1v80.lib…
