
===========================================================================
report_checks -path_delay max (Setup)
============================================================================
======================= nom_tt_025C_1v80 Corner ===================================

Startpoint: a[30] (input port clocked by clk)
Endpoint: _228_ (rising edge-triggered flip-flop clocked by clk)
Path Group: clk
Path Type: max

Fanout         Cap        Slew       Delay        Time   Description
---------------------------------------------------------------------------------------------
                                  0.000000    0.000000   clock clk (rise edge)
                                  0.000000    0.000000   clock network delay (propagated)
                                  5.000000    5.000000 ^ input external delay
     1    0.003408    0.022374    0.012459    5.012459 ^ a[30] (in)
                                                         a[30] (net)
                      0.022375    0.000000    5.012459 ^ input24/A (sky130_fd_sc_hd__buf_1)
     2    0.007492    0.096321    0.110137    5.122596 ^ input24/X (sky130_fd_sc_hd__buf_1)
                                                         net24 (net)
                      0.096322    0.000141    5.122737 ^ _133_/A_N (sky130_fd_sc_hd__and2b_1)
     2    0.006415    0.049003    0.200758    5.323495 v _133_/X (sky130_fd_sc_hd__and2b_1)
                                                         _099_ (net)
                      0.049004    0.000121    5.323616 v _137_/B1 (sky130_fd_sc_hd__a2111o_1)
     2    0.005696    0.073479    0.396956    5.720572 v _137_/X (sky130_fd_sc_hd__a2111o_1)
                                                         _103_ (net)
                      0.073479    0.000179    5.720751 v _141_/A (sky130_fd_sc_hd__or4b_1)
     3    0.007806    0.115401    0.566990    6.287741 v _141_/X (sky130_fd_sc_hd__or4b_1)
                                                         _107_ (net)
                      0.115401    0.000214    6.287956 v _152_/A (sky130_fd_sc_hd__or3_1)
     2    0.005662    0.080636    0.408293    6.696249 v _152_/X (sky130_fd_sc_hd__or3_1)
                                                         _005_ (net)
                      0.080637    0.000117    6.696366 v _163_/A (sky130_fd_sc_hd__or2_1)
     1    0.003516    0.052040    0.238633    6.934999 v _163_/X (sky130_fd_sc_hd__or2_1)
                                                         _016_ (net)
                      0.052040    0.000091    6.935090 v _227_/A1 (sky130_fd_sc_hd__o31a_1)
     1    0.002925    0.047659    0.290364    7.225453 v _227_/X (sky130_fd_sc_hd__o31a_1)
                                                         _000_ (net)
                      0.047660    0.000073    7.225527 v _228_/D (sky130_fd_sc_hd__dfxtp_1)
                                              7.225527   data arrival time

                                 25.000000   25.000000   clock clk (rise edge)
                                  0.000000   25.000000   clock source latency
     1    0.001877    0.016287    0.007061   25.007061 ^ clk (in)
                                                         clk (net)
                      0.016287    0.000000   25.007061 ^ _228_/CLK (sky130_fd_sc_hd__dfxtp_1)
                                 -0.250000   24.757061   clock uncertainty
                                  0.000000   24.757061   clock reconvergence pessimism
                                 -0.118408   24.638653   library setup time
                                             24.638653   data required time
---------------------------------------------------------------------------------------------
                                             24.638653   data required time
                                             -7.225527   data arrival time
---------------------------------------------------------------------------------------------
                                             17.413126   slack (MET)


Startpoint: _228_ (rising edge-triggered flip-flop clocked by clk)
Endpoint: z (output port clocked by clk)
Path Group: clk
Path Type: max

Fanout         Cap        Slew       Delay        Time   Description
---------------------------------------------------------------------------------------------
                                  0.000000    0.000000   clock clk (rise edge)
                                  0.000000    0.000000   clock source latency
     1    0.001877    0.016287    0.007062    0.007062 ^ clk (in)
                                                         clk (net)
                      0.016287    0.000000    0.007062 ^ _228_/CLK (sky130_fd_sc_hd__dfxtp_1)
     1    0.004183    0.052159    0.298409    0.305471 ^ _228_/Q (sky130_fd_sc_hd__dfxtp_1)
                                                         net65 (net)
                      0.052160    0.000165    0.305636 ^ output65/A (sky130_fd_sc_hd__buf_2)
     1    0.034737    0.172417    0.202064    0.507700 ^ output65/X (sky130_fd_sc_hd__buf_2)
                                                         z (net)
                      0.172425    0.000961    0.508661 ^ z (out)
                                              0.508661   data arrival time

                                 25.000000   25.000000   clock clk (rise edge)
                                  0.000000   25.000000   clock network delay (propagated)
                                 -0.250000   24.750000   clock uncertainty
                                  0.000000   24.750000   clock reconvergence pessimism
                                 -5.000000   19.750000   output external delay
                                             19.750000   data required time
---------------------------------------------------------------------------------------------
                                             19.750000   data required time
                                             -0.508661   data arrival time
---------------------------------------------------------------------------------------------
                                             19.241339   slack (MET)



