
===========================================================================
report_checks -path_delay max (Setup)
============================================================================
======================= min_tt_025C_1v80 Corner ===================================

Startpoint: a[30] (input port clocked by clk)
Endpoint: _228_ (rising edge-triggered flip-flop clocked by clk)
Path Group: clk
Path Type: max

Fanout         Cap        Slew       Delay        Time   Description
---------------------------------------------------------------------------------------------
                                  0.000000    0.000000   clock clk (rise edge)
                                  0.000000    0.000000   clock network delay (propagated)
                                  5.000000    5.000000 ^ input external delay
     1    0.002972    0.020476    0.010899    5.010900 ^ a[30] (in)
                                                         a[30] (net)
                      0.020476    0.000000    5.010900 ^ input24/A (sky130_fd_sc_hd__buf_1)
     2    0.007233    0.093421    0.107466    5.118365 ^ input24/X (sky130_fd_sc_hd__buf_1)
                                                         net24 (net)
                      0.093421    0.000051    5.118416 ^ _133_/A_N (sky130_fd_sc_hd__and2b_1)
     2    0.005891    0.046682    0.197516    5.315933 v _133_/X (sky130_fd_sc_hd__and2b_1)
                                                         _099_ (net)
                      0.046682    0.000069    5.316001 v _137_/B1 (sky130_fd_sc_hd__a2111o_1)
     2    0.005072    0.070329    0.391932    5.707933 v _137_/X (sky130_fd_sc_hd__a2111o_1)
                                                         _103_ (net)
                      0.070329    0.000056    5.707990 v _141_/A (sky130_fd_sc_hd__or4b_1)
     3    0.007987    0.116656    0.567697    6.275687 v _141_/X (sky130_fd_sc_hd__or4b_1)
                                                         _107_ (net)
                      0.116656    0.000103    6.275791 v _152_/A (sky130_fd_sc_hd__or3_1)
     2    0.005665    0.080630    0.408764    6.684555 v _152_/X (sky130_fd_sc_hd__or3_1)
                                                         _005_ (net)
                      0.080630    0.000092    6.684646 v _163_/A (sky130_fd_sc_hd__or2_1)
     1    0.002837    0.048053    0.233419    6.918066 v _163_/X (sky130_fd_sc_hd__or2_1)
                                                         _016_ (net)
                      0.048053    0.000017    6.918082 v _227_/A1 (sky130_fd_sc_hd__o31a_1)
     1    0.002448    0.044990    0.285054    7.203136 v _227_/X (sky130_fd_sc_hd__o31a_1)
                                                         _000_ (net)
                      0.044990    0.000026    7.203162 v _228_/D (sky130_fd_sc_hd__dfxtp_1)
                                              7.203162   data arrival time

                                 25.000000   25.000000   clock clk (rise edge)
                                  0.000000   25.000000   clock source latency
     1    0.004576    0.027448    0.016490   25.016489 ^ clk (in)
                                                         clk (net)
                      0.027449    0.000000   25.016489 ^ _228_/CLK (sky130_fd_sc_hd__dfxtp_1)
                                 -0.250000   24.766491   clock uncertainty
                                  0.000000   24.766491   clock reconvergence pessimism
                                 -0.114626   24.651863   library setup time
                                             24.651863   data required time
---------------------------------------------------------------------------------------------
                                             24.651863   data required time
                                             -7.203162   data arrival time
---------------------------------------------------------------------------------------------
                                             17.448702   slack (MET)


Startpoint: _228_ (rising edge-triggered flip-flop clocked by clk)
Endpoint: z (output port clocked by clk)
Path Group: clk
Path Type: max

Fanout         Cap        Slew       Delay        Time   Description
---------------------------------------------------------------------------------------------
                                  0.000000    0.000000   clock clk (rise edge)
                                  0.000000    0.000000   clock source latency
     1    0.004576    0.027448    0.016490    0.016490 ^ clk (in)
                                                         clk (net)
                      0.027449    0.000000    0.016490 ^ _228_/CLK (sky130_fd_sc_hd__dfxtp_1)
     1    0.005693    0.065158    0.312421    0.328911 ^ _228_/Q (sky130_fd_sc_hd__dfxtp_1)
                                                         net65 (net)
                      0.065158    0.000137    0.329049 ^ output65/A (sky130_fd_sc_hd__buf_2)
     1    0.034181    0.169811    0.205549    0.534597 ^ output65/X (sky130_fd_sc_hd__buf_2)
                                                         z (net)
                      0.169811    0.000201    0.534798 ^ z (out)
                                              0.534798   data arrival time

                                 25.000000   25.000000   clock clk (rise edge)
                                  0.000000   25.000000   clock network delay (propagated)
                                 -0.250000   24.750000   clock uncertainty
                                  0.000000   24.750000   clock reconvergence pessimism
                                 -5.000000   19.750000   output external delay
                                             19.750000   data required time
---------------------------------------------------------------------------------------------
                                             19.750000   data required time
                                             -0.534798   data arrival time
---------------------------------------------------------------------------------------------
                                             19.215200   slack (MET)



