Reading timing models for corner min_ss_100C_1v60…
Reading cell library for the 'min_ss_100C_1v60' corner at '/home/erwann/.volare/volare/sky130/versions/bdc9412b3e468c102d01b7cf6337be06ec6e9c9a/sky130A/libs.ref/sky130_fd_sc_hd/lib/sky130_fd_sc_hd__ss_100C_1v60.lib'…
Reading top-level netlist at '/home/erwann/design_workspace/sky130A/HelloWorld/digital/comp32/runs/RUN_2024-04-30_09-54-31/49-openroad-fillinsertion/comp32.nl.v'…
Linking design 'comp32' from netlist…
Warning: /home/erwann/design_workspace/sky130A/HelloWorld/digital/comp32/runs/RUN_2024-04-30_09-54-31/49-openroad-fillinsertion/comp32.nl.v line 637, module sky130_fd_sc_hd__tapvpwrvgnd_1 not found. Creating black box for TAP_TAPCELL_ROW_0_32.
Warning: /home/erwann/design_workspace/sky130A/HelloWorld/digital/comp32/runs/RUN_2024-04-30_09-54-31/49-openroad-fillinsertion/comp32.nl.v line 794, module sky130_fd_sc_hd__fill_1 not found. Creating black box for FILLER_0_0_6.
Warning: /home/erwann/design_workspace/sky130A/HelloWorld/digital/comp32/runs/RUN_2024-04-30_09-54-31/49-openroad-fillinsertion/comp32.nl.v line 795, module sky130_fd_sc_hd__fill_2 not found. Creating black box for FILLER_0_0_20.
Warning: /home/erwann/design_workspace/sky130A/HelloWorld/digital/comp32/runs/RUN_2024-04-30_09-54-31/49-openroad-fillinsertion/comp32.nl.v line 808, module sky130_ef_sc_hd__decap_12 not found. Creating black box for FILLER_0_2_49.
Reading design constraints file at '/nix/store/6kwxhhp4vfqxi9qpnqnwc7xg02y8ymv6-python3-3.11.6-env/lib/python3.11/site-packages/openlane/scripts/base.sdc'…
[INFO] Using clock clk…
[INFO] Setting output delay to: 5
[INFO] Setting input delay to: 5
[INFO] Setting load to: 0.033442
[INFO] Setting clock uncertainty to: 0.25
[INFO] Setting clock transition to: 0.1499999999999999944488848768742172978818416595458984375
[INFO] Setting timing derate to: 5%
Reading top-level design parasitics for the 'min_ss_100C_1v60' corner at '/home/erwann/design_workspace/sky130A/HelloWorld/digital/comp32/runs/RUN_2024-04-30_09-54-31/50-openroad-rcx/min/comp32.min.spef'…
%OL_CREATE_REPORT min.rpt

===========================================================================
report_checks -path_delay min (Hold)
============================================================================
======================= min_ss_100C_1v60 Corner ===================================

Startpoint: a[16] (input port clocked by clk)
Endpoint: _228_ (rising edge-triggered flip-flop clocked by clk)
Path Group: clk
Path Type: min

Fanout         Cap        Slew       Delay        Time   Description
---------------------------------------------------------------------------------------------
                                  0.000000    0.000000   clock clk (rise edge)
                                  0.000000    0.000000   clock network delay (propagated)
                                  5.000000    5.000000 ^ input external delay
     1    0.002844    0.032545    0.016002    5.016003 ^ a[16] (in)
                                                         a[16] (net)
                      0.032545    0.000000    5.016003 ^ input8/A (sky130_fd_sc_hd__clkbuf_1)
     2    0.006125    0.131117    0.177199    5.193201 ^ input8/X (sky130_fd_sc_hd__clkbuf_1)
                                                         net8 (net)
                      0.131117    0.000092    5.193294 ^ _171_/B (sky130_fd_sc_hd__and2_1)
     1    0.002465    0.075169    0.244845    5.438138 ^ _171_/X (sky130_fd_sc_hd__and2_1)
                                                         _024_ (net)
                      0.075169    0.000026    5.438164 ^ _172_/C (sky130_fd_sc_hd__or4b_1)
     1    0.003392    0.070465    0.179454    5.617618 ^ _172_/X (sky130_fd_sc_hd__or4b_1)
                                                         _025_ (net)
                      0.070465    0.000038    5.617656 ^ _227_/A2 (sky130_fd_sc_hd__o31a_1)
     1    0.002303    0.069874    0.236706    5.854362 ^ _227_/X (sky130_fd_sc_hd__o31a_1)
                                                         _000_ (net)
                      0.069874    0.000024    5.854386 ^ _228_/D (sky130_fd_sc_hd__dfxtp_1)
                                              5.854386   data arrival time

                                  0.000000    0.000000   clock clk (rise edge)
                                  0.000000    0.000000   clock source latency
     1    0.004417    0.043195    0.024328    0.024328 ^ clk (in)
                                                         clk (net)
                      0.043195    0.000000    0.024328 ^ _228_/CLK (sky130_fd_sc_hd__dfxtp_1)
                                  0.250000    0.274328   clock uncertainty
                                  0.000000    0.274328   clock reconvergence pessimism
                                 -0.076252    0.198077   library hold time
                                              0.198077   data required time
---------------------------------------------------------------------------------------------
                                              0.198077   data required time
                                             -5.854386   data arrival time
---------------------------------------------------------------------------------------------
                                              5.656309   slack (MET)


Startpoint: _228_ (rising edge-triggered flip-flop clocked by clk)
Endpoint: z (output port clocked by clk)
Path Group: clk
Path Type: min

Fanout         Cap        Slew       Delay        Time   Description
---------------------------------------------------------------------------------------------
                                  0.000000    0.000000   clock clk (rise edge)
                                  0.000000    0.000000   clock source latency
     1    0.004417    0.043195    0.024328    0.024328 ^ clk (in)
                                                         clk (net)
                      0.043195    0.000000    0.024328 ^ _228_/CLK (sky130_fd_sc_hd__dfxtp_1)
     1    0.005511    0.069393    0.582798    0.607126 v _228_/Q (sky130_fd_sc_hd__dfxtp_1)
                                                         net65 (net)
                      0.069393    0.000132    0.607258 v output65/A (sky130_fd_sc_hd__buf_2)
     1    0.034181    0.165359    0.344335    0.951593 v output65/X (sky130_fd_sc_hd__buf_2)
                                                         z (net)
                      0.165359    0.000201    0.951794 v z (out)
                                              0.951794   data arrival time

                                  0.000000    0.000000   clock clk (rise edge)
                                  0.000000    0.000000   clock network delay (propagated)
                                  0.250000    0.250000   clock uncertainty
                                  0.000000    0.250000   clock reconvergence pessimism
                                 -5.000000   -4.750000   output external delay
                                             -4.750000   data required time
---------------------------------------------------------------------------------------------
                                             -4.750000   data required time
                                             -0.951794   data arrival time
---------------------------------------------------------------------------------------------
                                              5.701795   slack (MET)



%OL_END_REPORT
%OL_CREATE_REPORT max.rpt

===========================================================================
report_checks -path_delay max (Setup)
============================================================================
======================= min_ss_100C_1v60 Corner ===================================

Startpoint: a[30] (input port clocked by clk)
Endpoint: _228_ (rising edge-triggered flip-flop clocked by clk)
Path Group: clk
Path Type: max

Fanout         Cap        Slew       Delay        Time   Description
---------------------------------------------------------------------------------------------
                                  0.000000    0.000000   clock clk (rise edge)
                                  0.000000    0.000000   clock network delay (propagated)
                                  5.000000    5.000000 ^ input external delay
     1    0.002906    0.032956    0.016328    5.016328 ^ a[30] (in)
                                                         a[30] (net)
                      0.032956    0.000000    5.016328 ^ input24/A (sky130_fd_sc_hd__buf_1)
     2    0.007104    0.152792    0.190225    5.206553 ^ input24/X (sky130_fd_sc_hd__buf_1)
                                                         net24 (net)
                      0.152792    0.000050    5.206604 ^ _133_/A_N (sky130_fd_sc_hd__and2b_1)
     2    0.005999    0.091588    0.419613    5.626216 v _133_/X (sky130_fd_sc_hd__and2b_1)
                                                         _099_ (net)
                      0.091588    0.000070    5.626286 v _137_/B1 (sky130_fd_sc_hd__a2111o_1)
     2    0.005058    0.131759    0.771638    6.397924 v _137_/X (sky130_fd_sc_hd__a2111o_1)
                                                         _103_ (net)
                      0.131759    0.000056    6.397980 v _141_/A (sky130_fd_sc_hd__or4b_1)
     3    0.007919    0.237163    1.319807    7.717788 v _141_/X (sky130_fd_sc_hd__or4b_1)
                                                         _107_ (net)
                      0.237163    0.000102    7.717890 v _152_/A (sky130_fd_sc_hd__or3_1)
     2    0.005658    0.165884    0.950745    8.668635 v _152_/X (sky130_fd_sc_hd__or3_1)
                                                         _005_ (net)
                      0.165884    0.000091    8.668726 v _163_/A (sky130_fd_sc_hd__or2_1)
     1    0.002877    0.100554    0.533301    9.202028 v _163_/X (sky130_fd_sc_hd__or2_1)
                                                         _016_ (net)
                      0.100554    0.000017    9.202044 v _227_/A1 (sky130_fd_sc_hd__o31a_1)
     1    0.002387    0.081489    0.555648    9.757692 v _227_/X (sky130_fd_sc_hd__o31a_1)
                                                         _000_ (net)
                      0.081489    0.000025    9.757717 v _228_/D (sky130_fd_sc_hd__dfxtp_1)
                                              9.757717   data arrival time

                                 25.000000   25.000000   clock clk (rise edge)
                                  0.000000   25.000000   clock source latency
     1    0.004417    0.043195    0.024329   25.024328 ^ clk (in)
                                                         clk (net)
                      0.043195    0.000000   25.024328 ^ _228_/CLK (sky130_fd_sc_hd__dfxtp_1)
                                 -0.250000   24.774328   clock uncertainty
                                  0.000000   24.774328   clock reconvergence pessimism
                                 -0.280978   24.493353   library setup time
                                             24.493353   data required time
---------------------------------------------------------------------------------------------
                                             24.493353   data required time
                                             -9.757717   data arrival time
---------------------------------------------------------------------------------------------
                                             14.735635   slack (MET)


Startpoint: _228_ (rising edge-triggered flip-flop clocked by clk)
Endpoint: z (output port clocked by clk)
Path Group: clk
Path Type: max

Fanout         Cap        Slew       Delay        Time   Description
---------------------------------------------------------------------------------------------
                                  0.000000    0.000000   clock clk (rise edge)
                                  0.000000    0.000000   clock source latency
     1    0.004417    0.043195    0.024328    0.024328 ^ clk (in)
                                                         clk (net)
                      0.043195    0.000000    0.024328 ^ _228_/CLK (sky130_fd_sc_hd__dfxtp_1)
     1    0.005639    0.105997    0.643194    0.667522 ^ _228_/Q (sky130_fd_sc_hd__dfxtp_1)
                                                         net65 (net)
                      0.105997    0.000136    0.667658 ^ output65/A (sky130_fd_sc_hd__buf_2)
     1    0.034181    0.271535    0.360154    1.027812 ^ output65/X (sky130_fd_sc_hd__buf_2)
                                                         z (net)
                      0.271535    0.000201    1.028013 ^ z (out)
                                              1.028013   data arrival time

                                 25.000000   25.000000   clock clk (rise edge)
                                  0.000000   25.000000   clock network delay (propagated)
                                 -0.250000   24.750000   clock uncertainty
                                  0.000000   24.750000   clock reconvergence pessimism
                                 -5.000000   19.750000   output external delay
                                             19.750000   data required time
---------------------------------------------------------------------------------------------
                                             19.750000   data required time
                                             -1.028013   data arrival time
---------------------------------------------------------------------------------------------
                                             18.721987   slack (MET)



%OL_END_REPORT
%OL_CREATE_REPORT checks.rpt

===========================================================================
report_checks -unconstrained
===========================================================================
======================= min_ss_100C_1v60 Corner ===================================

Startpoint: a[30] (input port clocked by clk)
Endpoint: _228_ (rising edge-triggered flip-flop clocked by clk)
Path Group: clk
Path Type: max

Fanout         Cap        Slew       Delay        Time   Description
---------------------------------------------------------------------------------------------
                                  0.000000    0.000000   clock clk (rise edge)
                                  0.000000    0.000000   clock network delay (propagated)
                                  5.000000    5.000000 ^ input external delay
     1    0.002906    0.032956    0.016328    5.016328 ^ a[30] (in)
                                                         a[30] (net)
                      0.032956    0.000000    5.016328 ^ input24/A (sky130_fd_sc_hd__buf_1)
     2    0.007104    0.152792    0.190225    5.206553 ^ input24/X (sky130_fd_sc_hd__buf_1)
                                                         net24 (net)
                      0.152792    0.000050    5.206604 ^ _133_/A_N (sky130_fd_sc_hd__and2b_1)
     2    0.005999    0.091588    0.419613    5.626216 v _133_/X (sky130_fd_sc_hd__and2b_1)
                                                         _099_ (net)
                      0.091588    0.000070    5.626286 v _137_/B1 (sky130_fd_sc_hd__a2111o_1)
     2    0.005058    0.131759    0.771638    6.397924 v _137_/X (sky130_fd_sc_hd__a2111o_1)
                                                         _103_ (net)
                      0.131759    0.000056    6.397980 v _141_/A (sky130_fd_sc_hd__or4b_1)
     3    0.007919    0.237163    1.319807    7.717788 v _141_/X (sky130_fd_sc_hd__or4b_1)
                                                         _107_ (net)
                      0.237163    0.000102    7.717890 v _152_/A (sky130_fd_sc_hd__or3_1)
     2    0.005658    0.165884    0.950745    8.668635 v _152_/X (sky130_fd_sc_hd__or3_1)
                                                         _005_ (net)
                      0.165884    0.000091    8.668726 v _163_/A (sky130_fd_sc_hd__or2_1)
     1    0.002877    0.100554    0.533301    9.202028 v _163_/X (sky130_fd_sc_hd__or2_1)
                                                         _016_ (net)
                      0.100554    0.000017    9.202044 v _227_/A1 (sky130_fd_sc_hd__o31a_1)
     1    0.002387    0.081489    0.555648    9.757692 v _227_/X (sky130_fd_sc_hd__o31a_1)
                                                         _000_ (net)
                      0.081489    0.000025    9.757717 v _228_/D (sky130_fd_sc_hd__dfxtp_1)
                                              9.757717   data arrival time

                                 25.000000   25.000000   clock clk (rise edge)
                                  0.000000   25.000000   clock source latency
     1    0.004417    0.043195    0.024329   25.024328 ^ clk (in)
                                                         clk (net)
                      0.043195    0.000000   25.024328 ^ _228_/CLK (sky130_fd_sc_hd__dfxtp_1)
                                 -0.250000   24.774328   clock uncertainty
                                  0.000000   24.774328   clock reconvergence pessimism
                                 -0.280978   24.493353   library setup time
                                             24.493353   data required time
---------------------------------------------------------------------------------------------
                                             24.493353   data required time
                                             -9.757717   data arrival time
---------------------------------------------------------------------------------------------
                                             14.735635   slack (MET)




===========================================================================
report_checks --slack_max -0.01
============================================================================
======================= min_ss_100C_1v60 Corner ===================================

No paths found.


===========================================================================
 report_check_types -max_slew -max_cap -max_fanout -violators
============================================================================
======================= min_ss_100C_1v60 Corner ===================================



===========================================================================
report_parasitic_annotation -report_unannotated
============================================================================
Found 0 unannotated drivers.
Found 0 partially unannotated drivers.

===========================================================================
max slew violation count 0
%OL_METRIC_I design__max_slew_violation__count__corner:min_ss_100C_1v60 0
max fanout violation count 0
%OL_METRIC_I design__max_fanout_violation__count__corner:min_ss_100C_1v60 0
max cap violation count 0
%OL_METRIC_I design__max_cap_violation__count__corner:min_ss_100C_1v60 0
============================================================================

===========================================================================
check_setup -verbose -unconstrained_endpoints -multiple_clock -no_clock -no_input_delay -loops -generated_clocks
===========================================================================
%OL_END_REPORT
%OL_CREATE_REPORT power.rpt

===========================================================================
 report_power
============================================================================
======================= min_ss_100C_1v60 Corner ===================================

Group                    Internal    Switching      Leakage        Total
                            Power        Power        Power        Power (Watts)
------------------------------------------------------------------------
Sequential           1.321320e-06 1.954488e-08 1.351832e-08 1.354383e-06   9.0%
Combinational        7.462606e-06 5.417466e-06 7.976118e-07 1.367769e-05  91.0%
Clock                0.000000e+00 0.000000e+00 2.193723e-10 2.193723e-10   0.0%
Macro                0.000000e+00 0.000000e+00 0.000000e+00 0.000000e+00   0.0%
Pad                  0.000000e+00 0.000000e+00 0.000000e+00 0.000000e+00   0.0%
------------------------------------------------------------------------
Total                8.783924e-06 5.437011e-06 8.113495e-07 1.503228e-05 100.0%
                            58.4%        36.2%         5.4%
%OL_METRIC_F power__internal__total 8.783924386079889e-6
%OL_METRIC_F power__switching__total 5.437011168396566e-6
%OL_METRIC_F power__leakage__total 8.113495368888834e-7
%OL_METRIC_F power__total 1.5032284863991663e-5

%OL_END_REPORT
%OL_CREATE_REPORT skew.min.rpt

===========================================================================
Clock Skew (Hold)
============================================================================
%OL_METRIC_F clock__skew__worst_hold__corner:min_ss_100C_1v60 0.000000
======================= min_ss_100C_1v60 Corner ===================================

Clock clk
No launch/capture paths found.

%OL_END_REPORT
%OL_CREATE_REPORT skew.max.rpt

===========================================================================
Clock Skew (Setup)
============================================================================
%OL_METRIC_F clock__skew__worst_setup__corner:min_ss_100C_1v60 0.000000
======================= min_ss_100C_1v60 Corner ===================================

Clock clk
No launch/capture paths found.

%OL_END_REPORT
%OL_CREATE_REPORT ws.min.rpt

===========================================================================
Worst Slack (Hold)
============================================================================
%OL_METRIC_F timing__hold__ws__corner:min_ss_100C_1v60 5.656309
min_ss_100C_1v60: 5.656309
%OL_END_REPORT
%OL_CREATE_REPORT ws.max.rpt

===========================================================================
Worst Slack (Setup)
============================================================================
%OL_METRIC_F timing__setup__ws__corner:min_ss_100C_1v60 14.735635
min_ss_100C_1v60: 14.735635
%OL_END_REPORT
%OL_CREATE_REPORT tns.min.rpt

===========================================================================
Total Negative Slack (Hold)
============================================================================
%OL_METRIC_F timing__hold__tns__corner:min_ss_100C_1v60 0.000000
min_ss_100C_1v60: 0.000000
%OL_END_REPORT
%OL_CREATE_REPORT tns.max.rpt

===========================================================================
Total Negative Slack (Setup)
============================================================================
%OL_METRIC_F timing__setup__tns__corner:min_ss_100C_1v60 0.000000
min_ss_100C_1v60: 0.000000
%OL_END_REPORT
%OL_CREATE_REPORT wns.min.rpt

===========================================================================
Worst Negative Slack (Hold)
============================================================================
%OL_METRIC_F timing__hold__wns__corner:min_ss_100C_1v60 0
min_ss_100C_1v60: 0
%OL_END_REPORT
%OL_CREATE_REPORT wns.max.rpt

===========================================================================
Worst Negative Slack (Setup)
============================================================================
%OL_METRIC_F timing__setup__wns__corner:min_ss_100C_1v60 0.0
min_ss_100C_1v60: 0.0
%OL_END_REPORT
%OL_CREATE_REPORT violator_list.rpt

===========================================================================
Violator List
============================================================================
%OL_METRIC_I timing__hold_vio__count__corner:min_ss_100C_1v60 0
%OL_METRIC_F timing__hold_r2r__ws__corner:min_ss_100C_1v60 inf
%OL_METRIC_I timing__hold_r2r_vio__count__corner:min_ss_100C_1v60 0
%OL_METRIC_I timing__setup_vio__count__corner:min_ss_100C_1v60 0
%OL_METRIC_F timing__setup_r2r__ws__corner:min_ss_100C_1v60 inf
%OL_METRIC_I timing__setup_r2r_vio__count__corner:min_ss_100C_1v60 0
%OL_END_REPORT
Writing SDF files for all corners…
Removing Clock latencies before writing libs…
Writing timing models for all corners…
Writing timing models for the min_ss_100C_1v60 corner to /home/erwann/design_workspace/sky130A/HelloWorld/digital/comp32/runs/RUN_2024-04-30_09-54-31/51-openroad-stapostpnr/min_ss_100C_1v60/comp32__min_ss_100C_1v60.lib…
